[2016.01.12-12.11.17:772][  0]Log file open, 01/12/16 13:11:17
[2016.01.12-12.11.17:772][  0]LogInit:Display: Running engine for game: Cialon
[2016.01.12-12.11.17:772][  0]LogPlatformFile: Not using cached read wrapper
[2016.01.12-12.11.17:772][  0]LogInit:Display: RandInit(856940787) SRandInit(856940788).
[2016.01.12-12.11.17:772][  0]LogTaskGraph: Started task graph with 4 named threads and 7 total threads.
[2016.01.12-12.11.17:772][  0]LogStats: Stats thread started at 0.074016
[2016.01.12-12.11.17:772][  0]LogInit: Version: 4.10.1-2791327+++depot+UE4-Releases+4.10
[2016.01.12-12.11.17:772][  0]LogInit: API Version: 2758231
[2016.01.12-12.11.17:772][  0]LogInit: Compiled (64-bit): Dec  4 2015 19:44:40
[2016.01.12-12.11.17:772][  0]LogInit: Compiled with Visual C++: 19.00.23026.00
[2016.01.12-12.11.17:772][  0]LogInit: Build Configuration: Development
[2016.01.12-12.11.17:772][  0]LogInit: Branch Name: ++depot+UE4-Releases+4.10
[2016.01.12-12.11.17:772][  0]LogInit: Command line:  
[2016.01.12-12.11.17:772][  0]LogInit: Base directory: D:/unreal engine/Epic Games/4.10/Engine/Binaries/Win64/
[2016.01.12-12.11.17:772][  0]LogInit: Rocket: 1
[2016.01.12-12.11.17:782][  0]LogInit: Using libcurl 7.41.0
[2016.01.12-12.11.17:782][  0]LogInit:  - built for x86_64-pc-win32
[2016.01.12-12.11.17:782][  0]LogInit:  - supports SSL with WinSSL
[2016.01.12-12.11.17:782][  0]LogInit:  - other features:
[2016.01.12-12.11.17:782][  0]LogInit:      CURL_VERSION_SSL
[2016.01.12-12.11.17:782][  0]LogInit:      CURL_VERSION_IPV6
[2016.01.12-12.11.17:782][  0]LogInit:      CURL_VERSION_ASYNCHDNS
[2016.01.12-12.11.17:782][  0]LogInit:      CURL_VERSION_LARGEFILE
[2016.01.12-12.11.17:782][  0]LogInit:      CURL_VERSION_IDN
[2016.01.12-12.11.17:782][  0]LogInit:  CurlRequestOptions (configurable via config and command line):
[2016.01.12-12.11.17:782][  0]LogInit:  - bVerifyPeer = true  - Libcurl will verify peer certificate
[2016.01.12-12.11.17:782][  0]LogInit:  - bUseHttpProxy = false  - Libcurl will NOT use HTTP proxy
[2016.01.12-12.11.17:782][  0]LogInit:  - bDontReuseConnections = false  - Libcurl will reuse connections
[2016.01.12-12.11.17:782][  0]LogInit:  - CertBundlePath = nullptr  - Libcurl will use whatever was configured at build time.
[2016.01.12-12.11.17:782][  0]LogInit: Presizing for 0 objects not considered by GC, pre-allocating 0 bytes.
[2016.01.12-12.11.17:792][  0]LogInit: Object subsystem initialized
[2016.01.12-12.11.17:792][  0]LogInit: Selected Device Profile: [Windows]
[2016.01.12-12.11.17:792][  0]LogInit: Applying CVar settings loaded from the selected device profile: [Windows]
[2016.01.12-12.11.17:802][  0]LogInit: Computer: PC-KOMPUTER
[2016.01.12-12.11.17:802][  0]LogInit: User: PC
[2016.01.12-12.11.17:802][  0]LogInit: CPU Page size=4096, Cores=4
[2016.01.12-12.11.17:802][  0]LogInit: High frequency timer resolution =3.123222 MHz
[2016.01.12-12.11.17:802][  0]LogMemory: Memory total: Physical=7.9GB (8GB approx)
[2016.01.12-12.11.17:802][  0]LogMemory: Platform Memory Stats for Windows
[2016.01.12-12.11.17:802][  0]LogMemory: Process Physical Memory: 58.04 MB used, 58.04 MB peak
[2016.01.12-12.11.17:802][  0]LogMemory: Process Virtual Memory: 61.03 MB used, 61.03 MB peak
[2016.01.12-12.11.17:802][  0]LogMemory: Physical Memory: 3703.61 MB used, 8061.93 MB total
[2016.01.12-12.11.17:802][  0]LogMemory: Virtual Memory: 355.17 MB used, 8388608.00 MB total
[2016.01.12-12.11.17:837][  0]LogTextLocalizationManager: No translations for ('pl-PL') exist, falling back to 'en' for localization and internationalization data.
[2016.01.12-12.11.18:235][  0]LogD3D11RHI: Found D3D11 adapter 0: Intel(R) HD Graphics 4600 (Feature Level 11_0)
[2016.01.12-12.11.18:235][  0]LogD3D11RHI: Adapter has 192MB of dedicated video memory, 0MB of dedicated system memory, and 1632MB of shared system memory, 1 output[s]
[2016.01.12-12.11.18:235][  0]LogD3D11RHI: Chosen D3D11 Adapter Id = 0
[2016.01.12-12.11.18:240][  0]LogD3D11RHI: !Direct3DDevice
[2016.01.12-12.11.18:240][  0]LogRHI: Texture pool is 705 MB (70% of 1008 MB)
[2016.01.12-12.11.18:248][  0]LogD3D11RHI: Async texture creation enabled
[2016.01.12-12.11.18:252][  0]LogShaderCompilers: Guid format shader working directory is -12 characters bigger than the processId version (C:/Users/PC/Desktop/UE ProjektyPC/Cialon/Projekt/Cialon/Intermediate/Shaders/WorkingDirectory/3368/).
[2016.01.12-12.11.18:252][  0]LogShaderCompilers: Cleaned the shader compiler working directory 'C:/Users/PC/AppData/Local/Temp/UnrealShaderWorkingDir/48DE8599408567C06E1700930D189204/'.
[2016.01.12-12.11.18:252][  0]LogShaderCompilers:Display: Using Local Shader Compiler.
[2016.01.12-12.11.19:040][  0]LogTemp:Display: Loaded TP AllDesktopTargetPlatform
[2016.01.12-12.11.19:046][  0]LogTemp:Display: Loaded TP WindowsClientTargetPlatform
[2016.01.12-12.11.19:052][  0]LogTemp:Display: Loaded TP WindowsNoEditorTargetPlatform
[2016.01.12-12.11.19:057][  0]LogTemp:Display: Loaded TP WindowsServerTargetPlatform
[2016.01.12-12.11.19:064][  0]LogTemp:Display: Loaded TP WindowsTargetPlatform
[2016.01.12-12.11.19:069][  0]LogTemp:Display: Loaded TP AndroidTargetPlatform
[2016.01.12-12.11.19:072][  0]LogTemp:Display: Loaded TP Android_ASTCTargetPlatform
[2016.01.12-12.11.19:075][  0]LogTemp:Display: Loaded TP Android_ATCTargetPlatform
[2016.01.12-12.11.19:079][  0]LogTemp:Display: Loaded TP Android_DXTTargetPlatform
[2016.01.12-12.11.19:083][  0]LogTemp:Display: Loaded TP Android_ETC1TargetPlatform
[2016.01.12-12.11.19:087][  0]LogTemp:Display: Loaded TP Android_ETC2TargetPlatform
[2016.01.12-12.11.19:094][  0]LogTemp:Display: Loaded TP Android_MultiTargetPlatform
[2016.01.12-12.11.19:094][  0]LogTemp:Display: Loaded TP Android_PVRTCTargetPlatform
[2016.01.12-12.11.19:095][  0]LogTemp:Display: Loaded TP HTML5TargetPlatform
[2016.01.12-12.11.19:112][  0]LogTemp:Display: Loaded TP IOSTargetPlatform
[2016.01.12-12.11.19:116][  0]LogTemp:Display: Loaded TP LinuxNoEditorTargetPlatform
[2016.01.12-12.11.19:119][  0]LogTemp:Display: Loaded TP LinuxServerTargetPlatform
[2016.01.12-12.11.19:122][  0]LogTemp:Display: Loaded TP LinuxTargetPlatform
[2016.01.12-12.11.19:122][  0]LogTargetPlatformManager:Display: Building Assets For Windows
[2016.01.12-12.11.19:210][  0]LogDerivedDataCache:Display: Max Cache Size: 512 MB
[2016.01.12-12.11.19:270][  0]LogDerivedDataCache: Loaded boot cache 0.06s 41MB C:/Users/PC/AppData/Local/UnrealEngine/4.10/DerivedDataCache/Boot.ddc.
[2016.01.12-12.11.19:270][  0]LogDerivedDataCache:Display: Loaded Boot cache: C:/Users/PC/AppData/Local/UnrealEngine/4.10/DerivedDataCache/Boot.ddc
[2016.01.12-12.11.19:270][  0]LogDerivedDataCache: FDerivedDataBackendGraph:  Pak pak cache file C:/Users/PC/Desktop/UE ProjektyPC/Cialon/Projekt/Cialon/DerivedDataCache/DDC.ddp not found, will not use a pak cache.
[2016.01.12-12.11.19:270][  0]LogDerivedDataCache: Unable to find inner node Pak for hierarchical cache Hierarchy.
[2016.01.12-12.11.19:270][  0]LogDerivedDataCache: FDerivedDataBackendGraph:  CompressedPak pak cache file C:/Users/PC/Desktop/UE ProjektyPC/Cialon/Projekt/Cialon/DerivedDataCache/Compressed.ddp not found, will not use a pak cache.
[2016.01.12-12.11.19:270][  0]LogDerivedDataCache: Unable to find inner node CompressedPak for hierarchical cache Hierarchy.
[2016.01.12-12.11.19:328][  0]LogDerivedDataCache:Display: Pak cache opened for reading ../../../Engine/DerivedDataCache/Compressed.ddp.
[2016.01.12-12.11.19:341][  0]LogDerivedDataCache: Using Local data cache path C:/Users/PC/AppData/Local/UnrealEngine/Common/DerivedDataCache: Writable
[2016.01.12-12.11.19:494][  0]LogInit: Selected Device Profile: [Windows]
[2016.01.12-12.11.19:494][  0]LogContentStreaming: Texture pool size is 0.000000MB
[2016.01.12-12.11.19:533][  0]LogMeshUtilities: No automatic mesh reduction module available
[2016.01.12-12.11.19:533][  0]LogMeshUtilities: No automatic mesh merging module available
[2016.01.12-12.11.19:943][  0]LogInit: WinSock: version 1.1 (2.2), MaxSocks=32767, MaxUdp=65467
[2016.01.12-12.11.20:848][  0]UdpMessaging: Initializing bridge on interface 0.0.0.0:0 to multicast group 230.0.0.1:6666.
[2016.01.12-12.11.20:948][  0]LogAssetRegistry: FAssetRegistry took 0.0097 seconds to start up
[2016.01.12-12.11.21:171][  0]SourceControl: Info Source control is disabled
[2016.01.12-12.11.21:172][  0]SourceControl: Info Source control is disabled
[2016.01.12-12.11.21:186][  0]SourceControl: Info Source control is disabled
[2016.01.12-12.11.21:199][  0]SourceControl: Info Source control is disabled
[2016.01.12-12.11.21:501][  0]LogObj: 28633 objects as part of root set at end of initial load.
[2016.01.12-12.11.21:501][  0]LogUObjectAllocator: 6099752 out of 0 bytes used by permanent object pool.
[2016.01.12-12.11.21:558][  0]LogEngine: Initializing Engine...
[2016.01.12-12.11.21:564][  0]LogHMD: Can't find Oculus library dev build: is proper Runtime installed? Version: 0.8.0.0
[2016.01.12-12.11.21:565][  0]LogHMD: SteamVR failed to initialize.  Err: 110
[2016.01.12-12.11.21:714][  0]LogAIModule: Creating AISystem for world NewWorld
[2016.01.12-12.11.21:718][  0]LogInit: XAudio2 using 'Głośniki (Realtek High Definition Audio)' : 2 channels at 48 kHz using 32 bits per sample (channel mask 0x3)
[2016.01.12-12.11.21:729][  0]LogInit: FAudioDevice initialized.
[2016.01.12-12.11.21:762][  0]LogDerivedDataCache: Saved boot cache 0.03s 41MB C:/Users/PC/AppData/Local/UnrealEngine/4.10/DerivedDataCache/Boot.ddc.
[2016.01.12-12.11.21:767][  0]LogInit: Texture streaming: Enabled
[2016.01.12-12.11.21:772][  0]LogAnalytics: Creating configured Analytics provider AnalyticsET
[2016.01.12-12.11.21:772][  0]LogAnalytics: [UEEditor.Rocket.Release] APIServer = http://et2.epicgames.com/ET2/. AppVersion = 4.10.1-2791327+++depot+UE4-Releases+4.10
[2016.01.12-12.11.21:772][  0]LogAnalytics: [UEEditor.Rocket.Release] SetUserId 3e902ef34de1d01805c761aa164aa81f|3ee82303610d449197caf22d95a42cfa|6e9e3f8f-8e21-4a82-aaa4-45712a297632
[2016.01.12-12.11.21:772][  0]LogAnalytics: [UEEditor.Rocket.Release] AnalyticsET::StartSession
[2016.01.12-12.11.21:799][  0]LogInit: Transaction tracking system initialized
[2016.01.12-12.11.21:833][  0]BlueprintLog: New page: Editor Load
[2016.01.12-12.11.21:939][  0]LocalizationService: Info Localization service is disabled
[2016.01.12-12.11.22:260][  0]LogConsoleResponse:Display: 
[2016.01.12-12.11.22:391][  0]LogCook:Display: Done creating registry. It took  0.00s.
[2016.01.12-12.11.22:464][  0]LogFileCache: Scanning file cache for directory 'C:/Users/PC/Desktop/UE ProjektyPC/Cialon/Projekt/Cialon/Content/' took 0.02s
[2016.01.12-12.11.22:464][  0]SourceControl: Info Source control is disabled
[2016.01.12-12.11.22:464][  0]Cmd: MAP LOAD FILE="C:/Users/PC/Desktop/UE ProjektyPC/Cialon/Projekt/Cialon/Content/LevelStartowy.umap" TEMPLATE=0 SHOWPROGRESS=1 FEATURELEVEL=3
[2016.01.12-12.11.22:467][  0]LightingResults: New page: Lighting Build
[2016.01.12-12.11.22:469][  0]MapCheck: New page: Map Check
[2016.01.12-12.11.22:469][  0]LightingResults: New page: Lighting Build
[2016.01.12-12.11.22:484][  0]LogParticles: Destroying 0 GPU particle simulations for FXSystem 0x00000000205E2AC0
[2016.01.12-12.11.29:928][  0]LogAIModule: Creating AISystem for world LevelStartowy
[2016.01.12-12.11.30:087][  0]LogEditorServer: Finished looking for orphan Actors (0.000 secs)
[2016.01.12-12.11.30:087][  0]Cmd: MAP CHECKDEP NOCLEARLOG
[2016.01.12-12.11.30:166][  0]MapCheck: Info Map check complete: 0 Error(s), 0 Warning(s), took 78.674ms to complete.
[2016.01.12-12.11.30:166][  0]LogFileHelpers: Loading map 'LevelStartowy' took 7.702
[2016.01.12-12.11.30:266][  0]LogCollectionManager: Loaded 0 collections in 0.002181 seconds
[2016.01.12-12.11.30:308][  0]LogFileCache: Scanning file cache for directory 'C:/Users/PC/Desktop/UE ProjektyPC/Cialon/Projekt/Cialon/Saved/Collections/' took 0.01s
[2016.01.12-12.11.30:308][  0]LogFileCache: Scanning file cache for directory 'C:/Users/PC/Desktop/UE ProjektyPC/Cialon/Projekt/Cialon/Content/Developers/PC/Collections/' took 0.01s
[2016.01.12-12.11.30:308][  0]LogFileCache: Scanning file cache for directory 'C:/Users/PC/Desktop/UE ProjektyPC/Cialon/Projekt/Cialon/Content/Collections/' took 0.01s
[2016.01.12-12.11.30:308][  0]LogCollectionManager: Rebuilt the GUID cache for 0 collections in 0.000002 seconds
[2016.01.12-12.11.30:318][  0]LogContentBrowser: Native class hierarchy populated in 0.0090 seconds. Added 1893 classes and 338 folders.
[2016.01.12-12.11.30:326][  0]LogContentBrowser: Native class hierarchy updated for 'WidgetCarousel' in 0.0006 seconds. Added 0 classes and 0 folders.
[2016.01.12-12.11.30:380][  0]LogContentBrowser: Native class hierarchy updated for 'AddContentDialog' in 0.0005 seconds. Added 0 classes and 0 folders.
[2016.01.12-12.11.30:383][  0]LogContentBrowser: Native class hierarchy updated for 'SceneOutliner' in 0.0004 seconds. Added 1 classes and 2 folders.
[2016.01.12-12.11.30:412][  0]LogCrashTracker: Crashtracker disabled due to settings.
[2016.01.12-12.11.30:414][  0]LogUObjectGlobals:Warning: Failed to find object 'Class None.'
[2016.01.12-12.11.30:436][  0]LogLoad: Full Startup: 13.07 seconds (BP compile: 0.52 seconds)
[2016.01.12-12.11.30:779][  0]LogOcInput: Can't find Oculus library dev build: is proper Runtime installed? Version: 0.8.0.0
[2016.01.12-12.11.30:780][  0]LoadErrors:Error: Error /Game/LevelStartowy : Failed import for Function /Game/Blueprints/Lamp_Button.Lamp_Button_C:Button_Is_On__DelegateSignature
[2016.01.12-12.11.30:780][  0]LoadErrors:Error: Error /Game/LevelStartowy : Failed import for MulticastDelegateProperty /Game/Blueprints/Lamp_Button.Lamp_Button_C:Button_Is_On
[2016.01.12-12.11.30:864][  0]LogContentStreaming: Texture pool size now 400 MB
[2016.01.12-12.11.31:011][  0]LogRenderer: Reallocating scene render targets to support 752x536 (Frame:2).
[2016.01.12-12.11.31:468][  1]Cmd: UpdateLandscapeEditorData -warnings
[2016.01.12-12.11.33:527][  7]LogAssetRegistry: Asset discovery search completed in 12.5896 seconds
[2016.01.12-12.11.33:527][  7]LogCollectionManager: Rebuilt the object cache for 0 collections in 0.000001 seconds (found 0 objects)
[2016.01.12-12.11.33:527][  7]LogCollectionManager: Fixed up redirectors for 0 collections in 0.000017 seconds (updated 0 objects)
[2016.01.12-12.15.17:359][ 33]LogLinker:Warning: Asset '../../../Engine/Content/ArtTools/RenderToTexture/Macros/RenderToTextureMacros.uasset' has been saved with empty engine version. The asset will be loaded but may be incompatible.
[2016.01.12-12.15.17:963][ 33]LogContentBrowser: Native class hierarchy updated for 'BlueprintGraph' in 0.0009 seconds. Added 107 classes and 0 folders.
[2016.01.12-12.15.26:109][329]LogBlueprintUserMessages: Early PlayInEditor Detection: Level '/Game/LevelStartowy.LevelStartowy:PersistentLevel' has LevelScriptBlueprint '/Game/LevelStartowy.LevelStartowy:PersistentLevel.LevelStartowy' with GeneratedClass '/Game/LevelStartowy.LevelStartowy_C' with ClassGeneratedBy '/Game/LevelStartowy.LevelStartowy:PersistentLevel.LevelStartowy'
[2016.01.12-12.15.26:109][329]LogPlayLevel: PlayLevel: No blueprints needed recompiling
[2016.01.12-12.15.26:124][329]PIE: New page: PIE session: LevelStartowy (Jan 12, 2016, 2:15:26 PM)
[2016.01.12-12.15.26:124][329]LogPlayLevel: Creating play world package: /Game/UEDPIE_0_LevelStartowy
[2016.01.12-12.15.26:160][329]LogPlayLevel: PIE: StaticDuplicateObject took: (0.036056s)
[2016.01.12-12.15.26:161][329]LogAIModule: Creating AISystem for world LevelStartowy
[2016.01.12-12.15.26:161][329]LogPlayLevel: PIE: World Init took: (0.001382s)
[2016.01.12-12.15.26:162][329]LogPlayLevel: PIE: Created PIE world by copying editor world from /Game/LevelStartowy.LevelStartowy to /Game/UEDPIE_0_LevelStartowy.LevelStartowy (0.037957s)
[2016.01.12-12.15.26:200][329]LogParticles: Destroying 0 GPU particle simulations for FXSystem 0x000000002FED6F20
[2016.01.12-12.15.26:216][329]LogInit: XAudio2 using 'Głośniki (Realtek High Definition Audio)' : 2 channels at 48 kHz using 32 bits per sample (channel mask 0x3)
[2016.01.12-12.15.26:223][329]LogInit: FAudioDevice initialized.
[2016.01.12-12.15.26:311][329]LogWorld: Game class is 'ThirdPersonGameMode_C'
[2016.01.12-12.15.26:357][329]LogWorld: Bringing World /Game/UEDPIE_0_LevelStartowy.LevelStartowy up for play (max tick rate 0) at 2016.01.12-13.15.26
[2016.01.12-12.15.26:357][329]LogActor:Warning: GameSession /Game/UEDPIE_0_LevelStartowy.LevelStartowy:PersistentLevel.GameSession_0 has natively added scene component(s), but none of them were set as the actor's RootComponent - picking one arbitrarily
[2016.01.12-12.15.26:358][329]LogActor:Warning: GameNetworkManager /Game/UEDPIE_0_LevelStartowy.LevelStartowy:PersistentLevel.GameNetworkManager_0 has natively added scene component(s), but none of them were set as the actor's RootComponent - picking one arbitrarily
[2016.01.12-12.15.26:363][329]LogWorld: Bringing up level for play took: 0.037609
[2016.01.12-12.15.26:462][329]PIE:Warning: Warning The widget 'GameHUD_C' was already added to the screen.
[2016.01.12-12.15.26:462][329]PIE: Info Play in editor start time for /Game/UEDPIE_0_LevelStartowy -0.361
[2016.01.12-12.15.26:462][329]LogBlueprintUserMessages: Late PlayInEditor Detection: Level '/Game/LevelStartowy.LevelStartowy:PersistentLevel' has LevelScriptBlueprint '/Game/LevelStartowy.LevelStartowy:PersistentLevel.LevelStartowy' with GeneratedClass '/Game/LevelStartowy.LevelStartowy_C' with ClassGeneratedBy '/Game/LevelStartowy.LevelStartowy:PersistentLevel.LevelStartowy'
[2016.01.12-12.15.37:060][788]LogBlueprintUserMessages: [Button_C_0] Hello
[2016.01.12-12.15.37:972][827]LogBlueprintUserMessages: [Button_C_0] Hello
[2016.01.12-12.15.38:730][860]LogBlueprintUserMessages: Early EndPlayMap Detection: Level '/Game/LevelStartowy.LevelStartowy:PersistentLevel' has LevelScriptBlueprint '/Game/LevelStartowy.LevelStartowy:PersistentLevel.LevelStartowy' with GeneratedClass '/Game/LevelStartowy.LevelStartowy_C' with ClassGeneratedBy '/Game/LevelStartowy.LevelStartowy:PersistentLevel.LevelStartowy'
[2016.01.12-12.15.38:804][860]LogBlueprintUserMessages: Late EndPlayMap Detection: Level '/Game/LevelStartowy.LevelStartowy:PersistentLevel' has LevelScriptBlueprint '/Game/LevelStartowy.LevelStartowy:PersistentLevel.LevelStartowy' with GeneratedClass '/Game/LevelStartowy.LevelStartowy_C' with ClassGeneratedBy '/Game/LevelStartowy.LevelStartowy:PersistentLevel.LevelStartowy'
[2016.01.12-12.15.38:833][860]LogParticles: Destroying 0 GPU particle simulations for FXSystem 0x000000003A329620
[2016.01.12-12.16.21:019][502]BlueprintLog: New page: Compile Button
[2016.01.12-12.16.21:480][502]Cmd: OBJ SAVEPACKAGE PACKAGE="/Game/Blueprints/Button" FILE="C:/Users/PC/Desktop/UE ProjektyPC/Cialon/Projekt/Cialon/Content/Blueprints/Button.uasset" SILENT=true
[2016.01.12-12.16.21:589][502]LogSavePackage: Save=76.167175ms
[2016.01.12-12.16.21:589][502]LogSavePackage: Moving 'C:/Users/PC/Desktop/UE ProjektyPC/Cialon/Projekt/Cialon/Saved/ButtonD5C7421940567814D52230B23994C70F.tmp' to 'C:/Users/PC/Desktop/UE ProjektyPC/Cialon/Projekt/Cialon/Content/Blueprints/Button.uasset'
[2016.01.12-12.16.21:592][502]LogSavePackage: Total save time: 109.822806ms
[2016.01.12-12.16.21:592][502]LogSavePackage:Display: Finished SavePackage C:/Users/PC/Desktop/UE ProjektyPC/Cialon/Projekt/Cialon/Content/Blueprints/Button.uasset
[2016.01.12-12.16.21:596][502]BlueprintEditorCompileResults: Info [0304.23] Compile of Button successful! [in 577 ms]
[2016.01.12-12.16.23:946][614]LogBlueprintUserMessages: Early PlayInEditor Detection: Level '/Game/LevelStartowy.LevelStartowy:PersistentLevel' has LevelScriptBlueprint '/Game/LevelStartowy.LevelStartowy:PersistentLevel.LevelStartowy' with GeneratedClass '/Game/LevelStartowy.LevelStartowy_C' with ClassGeneratedBy '/Game/LevelStartowy.LevelStartowy:PersistentLevel.LevelStartowy'
[2016.01.12-12.16.23:946][614]LogPlayLevel: PlayLevel: No blueprints needed recompiling
[2016.01.12-12.16.23:946][614]PIE: New page: PIE session: LevelStartowy (Jan 12, 2016, 2:16:23 PM)
[2016.01.12-12.16.23:947][614]LogPlayLevel: Creating play world package: /Game/UEDPIE_0_LevelStartowy
[2016.01.12-12.16.23:993][614]LogPlayLevel: PIE: StaticDuplicateObject took: (0.046694s)
[2016.01.12-12.16.23:995][614]LogAIModule: Creating AISystem for world LevelStartowy
[2016.01.12-12.16.23:995][614]LogPlayLevel: PIE: World Init took: (0.001324s)
[2016.01.12-12.16.23:995][614]LogPlayLevel: PIE: Created PIE world by copying editor world from /Game/LevelStartowy.LevelStartowy to /Game/UEDPIE_0_LevelStartowy.LevelStartowy (0.048372s)
[2016.01.12-12.16.24:029][614]LogInit: XAudio2 using 'Głośniki (Realtek High Definition Audio)' : 2 channels at 48 kHz using 32 bits per sample (channel mask 0x3)
[2016.01.12-12.16.24:036][614]LogInit: FAudioDevice initialized.
[2016.01.12-12.16.24:068][614]LogWorld: Game class is 'ThirdPersonGameMode_C'
[2016.01.12-12.16.24:093][614]LogWorld: Bringing World /Game/UEDPIE_0_LevelStartowy.LevelStartowy up for play (max tick rate 0) at 2016.01.12-13.16.24
[2016.01.12-12.16.24:094][614]LogActor:Warning: GameSession /Game/UEDPIE_0_LevelStartowy.LevelStartowy:PersistentLevel.GameSession_1 has natively added scene component(s), but none of them were set as the actor's RootComponent - picking one arbitrarily
[2016.01.12-12.16.24:094][614]LogActor:Warning: GameNetworkManager /Game/UEDPIE_0_LevelStartowy.LevelStartowy:PersistentLevel.GameNetworkManager_1 has natively added scene component(s), but none of them were set as the actor's RootComponent - picking one arbitrarily
[2016.01.12-12.16.24:095][614]LogWorld: Bringing up level for play took: 0.025512
[2016.01.12-12.16.24:099][614]PIE:Warning: Warning The widget 'GameHUD_C' was already added to the screen.
[2016.01.12-12.16.24:100][614]PIE: Info Play in editor start time for /Game/UEDPIE_0_LevelStartowy -0.724
[2016.01.12-12.16.24:100][614]LogBlueprintUserMessages: Late PlayInEditor Detection: Level '/Game/LevelStartowy.LevelStartowy:PersistentLevel' has LevelScriptBlueprint '/Game/LevelStartowy.LevelStartowy:PersistentLevel.LevelStartowy' with GeneratedClass '/Game/LevelStartowy.LevelStartowy_C' with ClassGeneratedBy '/Game/LevelStartowy.LevelStartowy:PersistentLevel.LevelStartowy'
[2016.01.12-12.16.27:834][774]LogBlueprintUserMessages: [Button_C_1] Hello
[2016.01.12-12.16.31:442][929]LogBlueprintUserMessages: Early EndPlayMap Detection: Level '/Game/LevelStartowy.LevelStartowy:PersistentLevel' has LevelScriptBlueprint '/Game/LevelStartowy.LevelStartowy:PersistentLevel.LevelStartowy' with GeneratedClass '/Game/LevelStartowy.LevelStartowy_C' with ClassGeneratedBy '/Game/LevelStartowy.LevelStartowy:PersistentLevel.LevelStartowy'
[2016.01.12-12.16.31:495][929]LogBlueprintUserMessages: Late EndPlayMap Detection: Level '/Game/LevelStartowy.LevelStartowy:PersistentLevel' has LevelScriptBlueprint '/Game/LevelStartowy.LevelStartowy:PersistentLevel.LevelStartowy' with GeneratedClass '/Game/LevelStartowy.LevelStartowy_C' with ClassGeneratedBy '/Game/LevelStartowy.LevelStartowy:PersistentLevel.LevelStartowy'
[2016.01.12-12.16.31:536][929]LogParticles: Destroying 0 GPU particle simulations for FXSystem 0x000000003A32B920
[2016.01.12-12.16.42:277][340]Cmd: OBJ SAVEPACKAGE PACKAGE="/Game/LevelStartowy" FILE="C:/Users/PC/Desktop/UE ProjektyPC/Cialon/Projekt/Cialon/Content/LevelStartowy.umap" SILENT=true AUTOSAVING=false KEEPDIRTY=false
[2016.01.12-12.16.43:023][340]LogSavePackage: Save=695.026489ms
[2016.01.12-12.16.43:023][340]LogSavePackage: Moving 'C:/Users/PC/Desktop/UE ProjektyPC/Cialon/Projekt/Cialon/Saved/LevelStartowy6128FFCC4894A8B65E6448A9961AE993.tmp' to 'C:/Users/PC/Desktop/UE ProjektyPC/Cialon/Projekt/Cialon/Content/LevelStartowy.umap'
[2016.01.12-12.16.43:027][340]LogSavePackage: Total save time: 720.300701ms
[2016.01.12-12.16.43:027][340]LogSavePackage:Display: Finished SavePackage C:/Users/PC/Desktop/UE ProjektyPC/Cialon/Projekt/Cialon/Content/LevelStartowy.umap
[2016.01.12-12.16.43:051][340]LogFileHelpers: Saving map 'LevelStartowy' took 0.859
[2016.01.12-12.16.43:060][340]Cmd: OBJ SAVEPACKAGE PACKAGE="/Game/Blueprints/Button" FILE="C:/Users/PC/Desktop/UE ProjektyPC/Cialon/Projekt/Cialon/Content/Blueprints/Button.uasset" SILENT=true
[2016.01.12-12.16.43:125][340]LogSavePackage: Save=47.238396ms
[2016.01.12-12.16.43:125][340]LogSavePackage: Moving 'C:/Users/PC/Desktop/UE ProjektyPC/Cialon/Projekt/Cialon/Saved/Button265FFFEF409243C5C97C59BD4AABE8CB.tmp' to 'C:/Users/PC/Desktop/UE ProjektyPC/Cialon/Projekt/Cialon/Content/Blueprints/Button.uasset'
[2016.01.12-12.16.43:130][340]LogSavePackage: Total save time: 68.777371ms
[2016.01.12-12.16.43:130][340]LogSavePackage:Display: Finished SavePackage C:/Users/PC/Desktop/UE ProjektyPC/Cialon/Projekt/Cialon/Content/Blueprints/Button.uasset
[2016.01.12-12.16.44:597][415]LogBlueprintUserMessages: Early PlayInEditor Detection: Level '/Game/LevelStartowy.LevelStartowy:PersistentLevel' has LevelScriptBlueprint '/Game/LevelStartowy.LevelStartowy:PersistentLevel.LevelStartowy' with GeneratedClass '/Game/LevelStartowy.LevelStartowy_C' with ClassGeneratedBy '/Game/LevelStartowy.LevelStartowy:PersistentLevel.LevelStartowy'
[2016.01.12-12.16.44:598][415]LogPlayLevel: PlayLevel: No blueprints needed recompiling
[2016.01.12-12.16.44:598][415]PIE: New page: PIE session: LevelStartowy (Jan 12, 2016, 2:16:44 PM)
[2016.01.12-12.16.44:598][415]LogPlayLevel: Creating play world package: /Game/UEDPIE_0_LevelStartowy
[2016.01.12-12.16.44:645][415]LogPlayLevel: PIE: StaticDuplicateObject took: (0.046782s)
[2016.01.12-12.16.44:647][415]LogAIModule: Creating AISystem for world LevelStartowy
[2016.01.12-12.16.44:647][415]LogPlayLevel: PIE: World Init took: (0.002428s)
[2016.01.12-12.16.44:647][415]LogPlayLevel: PIE: Created PIE world by copying editor world from /Game/LevelStartowy.LevelStartowy to /Game/UEDPIE_0_LevelStartowy.LevelStartowy (0.049476s)
[2016.01.12-12.16.44:681][415]LogInit: XAudio2 using 'Głośniki (Realtek High Definition Audio)' : 2 channels at 48 kHz using 32 bits per sample (channel mask 0x3)
[2016.01.12-12.16.44:688][415]LogInit: FAudioDevice initialized.
[2016.01.12-12.16.44:719][415]LogWorld: Game class is 'ThirdPersonGameMode_C'
[2016.01.12-12.16.44:744][415]LogWorld: Bringing World /Game/UEDPIE_0_LevelStartowy.LevelStartowy up for play (max tick rate 0) at 2016.01.12-13.16.44
[2016.01.12-12.16.44:744][415]LogActor:Warning: GameSession /Game/UEDPIE_0_LevelStartowy.LevelStartowy:PersistentLevel.GameSession_2 has natively added scene component(s), but none of them were set as the actor's RootComponent - picking one arbitrarily
[2016.01.12-12.16.44:745][415]LogActor:Warning: GameNetworkManager /Game/UEDPIE_0_LevelStartowy.LevelStartowy:PersistentLevel.GameNetworkManager_2 has natively added scene component(s), but none of them were set as the actor's RootComponent - picking one arbitrarily
[2016.01.12-12.16.44:746][415]LogWorld: Bringing up level for play took: 0.026271
[2016.01.12-12.16.44:751][415]PIE:Warning: Warning The widget 'GameHUD_C' was already added to the screen.
[2016.01.12-12.16.44:751][415]PIE: Info Play in editor start time for /Game/UEDPIE_0_LevelStartowy -0.073
[2016.01.12-12.16.44:751][415]LogBlueprintUserMessages: Late PlayInEditor Detection: Level '/Game/LevelStartowy.LevelStartowy:PersistentLevel' has LevelScriptBlueprint '/Game/LevelStartowy.LevelStartowy:PersistentLevel.LevelStartowy' with GeneratedClass '/Game/LevelStartowy.LevelStartowy_C' with ClassGeneratedBy '/Game/LevelStartowy.LevelStartowy:PersistentLevel.LevelStartowy'
[2016.01.12-12.16.48:126][561]LogBlueprintUserMessages: [Button_C_1] Hello
[2016.01.12-12.17.03:765][248]LogBlueprintUserMessages: Early EndPlayMap Detection: Level '/Game/LevelStartowy.LevelStartowy:PersistentLevel' has LevelScriptBlueprint '/Game/LevelStartowy.LevelStartowy:PersistentLevel.LevelStartowy' with GeneratedClass '/Game/LevelStartowy.LevelStartowy_C' with ClassGeneratedBy '/Game/LevelStartowy.LevelStartowy:PersistentLevel.LevelStartowy'
[2016.01.12-12.17.03:816][248]LogBlueprintUserMessages: Late EndPlayMap Detection: Level '/Game/LevelStartowy.LevelStartowy:PersistentLevel' has LevelScriptBlueprint '/Game/LevelStartowy.LevelStartowy:PersistentLevel.LevelStartowy' with GeneratedClass '/Game/LevelStartowy.LevelStartowy_C' with ClassGeneratedBy '/Game/LevelStartowy.LevelStartowy:PersistentLevel.LevelStartowy'
[2016.01.12-12.17.03:849][248]LogParticles: Destroying 0 GPU particle simulations for FXSystem 0x00000000225E3920
[2016.01.12-12.17.25:371][108]BlueprintLog: New page: Compile Button
[2016.01.12-12.17.25:564][108]Cmd: OBJ SAVEPACKAGE PACKAGE="/Game/Blueprints/Button" FILE="C:/Users/PC/Desktop/UE ProjektyPC/Cialon/Projekt/Cialon/Content/Blueprints/Button.uasset" SILENT=true
[2016.01.12-12.17.25:636][108]LogSavePackage: Save=55.972004ms
[2016.01.12-12.17.25:636][108]LogSavePackage: Moving 'C:/Users/PC/Desktop/UE ProjektyPC/Cialon/Projekt/Cialon/Saved/Button9ED5A7AC439D2F302C83E5AD82CA8BE9.tmp' to 'C:/Users/PC/Desktop/UE ProjektyPC/Cialon/Projekt/Cialon/Content/Blueprints/Button.uasset'
[2016.01.12-12.17.25:652][108]LogSavePackage: Total save time: 85.849486ms
[2016.01.12-12.17.25:652][108]LogSavePackage:Display: Finished SavePackage C:/Users/PC/Desktop/UE ProjektyPC/Cialon/Projekt/Cialon/Content/Blueprints/Button.uasset
[2016.01.12-12.17.25:655][108]BlueprintEditorCompileResults: Info [0368.28] Compile of Button successful! [in 283 ms]
[2016.01.12-12.17.25:915][118]Cmd: OBJ SAVEPACKAGE PACKAGE="/Game/Blueprints/Button" FILE="C:/Users/PC/Desktop/UE ProjektyPC/Cialon/Projekt/Cialon/Content/Blueprints/Button.uasset" SILENT=true
[2016.01.12-12.17.25:976][118]LogSavePackage: Save=47.547691ms
[2016.01.12-12.17.25:976][118]LogSavePackage: Moving 'C:/Users/PC/Desktop/UE ProjektyPC/Cialon/Projekt/Cialon/Saved/ButtonD2D6904442323818A29F11A2BADFE060.tmp' to 'C:/Users/PC/Desktop/UE ProjektyPC/Cialon/Projekt/Cialon/Content/Blueprints/Button.uasset'
[2016.01.12-12.17.25:979][118]LogSavePackage: Total save time: 62.568720ms
[2016.01.12-12.17.25:979][118]LogSavePackage:Display: Finished SavePackage C:/Users/PC/Desktop/UE ProjektyPC/Cialon/Projekt/Cialon/Content/Blueprints/Button.uasset
[2016.01.12-12.17.27:843][213]LogBlueprintUserMessages: Early PlayInEditor Detection: Level '/Game/LevelStartowy.LevelStartowy:PersistentLevel' has LevelScriptBlueprint '/Game/LevelStartowy.LevelStartowy:PersistentLevel.LevelStartowy' with GeneratedClass '/Game/LevelStartowy.LevelStartowy_C' with ClassGeneratedBy '/Game/LevelStartowy.LevelStartowy:PersistentLevel.LevelStartowy'
[2016.01.12-12.17.27:843][213]LogPlayLevel: PlayLevel: No blueprints needed recompiling
[2016.01.12-12.17.27:843][213]PIE: New page: PIE session: LevelStartowy (Jan 12, 2016, 2:17:27 PM)
[2016.01.12-12.17.27:844][213]LogPlayLevel: Creating play world package: /Game/UEDPIE_0_LevelStartowy
[2016.01.12-12.17.27:890][213]LogPlayLevel: PIE: StaticDuplicateObject took: (0.046223s)
[2016.01.12-12.17.27:890][213]LogAIModule: Creating AISystem for world LevelStartowy
[2016.01.12-12.17.27:891][213]LogPlayLevel: PIE: World Init took: (0.000628s)
[2016.01.12-12.17.27:891][213]LogPlayLevel: PIE: Created PIE world by copying editor world from /Game/LevelStartowy.LevelStartowy to /Game/UEDPIE_0_LevelStartowy.LevelStartowy (0.047090s)
[2016.01.12-12.17.27:922][213]LogInit: XAudio2 using 'Głośniki (Realtek High Definition Audio)' : 2 channels at 48 kHz using 32 bits per sample (channel mask 0x3)
[2016.01.12-12.17.27:928][213]LogInit: FAudioDevice initialized.
[2016.01.12-12.17.27:962][213]LogWorld: Game class is 'ThirdPersonGameMode_C'
[2016.01.12-12.17.27:989][213]LogWorld: Bringing World /Game/UEDPIE_0_LevelStartowy.LevelStartowy up for play (max tick rate 0) at 2016.01.12-13.17.27
[2016.01.12-12.17.27:989][213]LogActor:Warning: GameSession /Game/UEDPIE_0_LevelStartowy.LevelStartowy:PersistentLevel.GameSession_3 has natively added scene component(s), but none of them were set as the actor's RootComponent - picking one arbitrarily
[2016.01.12-12.17.27:989][213]LogActor:Warning: GameNetworkManager /Game/UEDPIE_0_LevelStartowy.LevelStartowy:PersistentLevel.GameNetworkManager_3 has natively added scene component(s), but none of them were set as the actor's RootComponent - picking one arbitrarily
[2016.01.12-12.17.27:990][213]LogWorld: Bringing up level for play took: 0.026189
[2016.01.12-12.17.27:994][213]PIE:Warning: Warning The widget 'GameHUD_C' was already added to the screen.
[2016.01.12-12.17.27:994][213]PIE: Info Play in editor start time for /Game/UEDPIE_0_LevelStartowy -0.83
[2016.01.12-12.17.27:994][213]LogBlueprintUserMessages: Late PlayInEditor Detection: Level '/Game/LevelStartowy.LevelStartowy:PersistentLevel' has LevelScriptBlueprint '/Game/LevelStartowy.LevelStartowy:PersistentLevel.LevelStartowy' with GeneratedClass '/Game/LevelStartowy.LevelStartowy_C' with ClassGeneratedBy '/Game/LevelStartowy.LevelStartowy:PersistentLevel.LevelStartowy'
[2016.01.12-12.17.31:386][359]LogBlueprintUserMessages: [Button_C_0] Hello
[2016.01.12-12.17.32:467][405]LogBlueprintUserMessages: [Button_C_0] Hello
[2016.01.12-12.17.33:459][449]LogBlueprintUserMessages: [Button_C_0] Hello
[2016.01.12-12.17.34:502][496]LogBlueprintUserMessages: [Button_C_0] Hello
[2016.01.12-12.17.35:466][538]LogBlueprintUserMessages: [Button_C_0] Hello
[2016.01.12-12.17.36:366][577]LogBlueprintUserMessages: [Button_C_0] Hello
[2016.01.12-12.17.36:635][589]LogBlueprintUserMessages: Early EndPlayMap Detection: Level '/Game/LevelStartowy.LevelStartowy:PersistentLevel' has LevelScriptBlueprint '/Game/LevelStartowy.LevelStartowy:PersistentLevel.LevelStartowy' with GeneratedClass '/Game/LevelStartowy.LevelStartowy_C' with ClassGeneratedBy '/Game/LevelStartowy.LevelStartowy:PersistentLevel.LevelStartowy'
[2016.01.12-12.17.36:691][589]LogBlueprintUserMessages: Late EndPlayMap Detection: Level '/Game/LevelStartowy.LevelStartowy:PersistentLevel' has LevelScriptBlueprint '/Game/LevelStartowy.LevelStartowy:PersistentLevel.LevelStartowy' with GeneratedClass '/Game/LevelStartowy.LevelStartowy_C' with ClassGeneratedBy '/Game/LevelStartowy.LevelStartowy:PersistentLevel.LevelStartowy'
[2016.01.12-12.17.36:723][589]LogParticles: Destroying 0 GPU particle simulations for FXSystem 0x00000000229FAF20
[2016.01.12-12.17.48:486][  1]Cmd: OBJ SAVEPACKAGE PACKAGE="/Game/LevelStartowy" FILE="C:/Users/PC/Desktop/UE ProjektyPC/Cialon/Projekt/Cialon/Content/LevelStartowy.umap" SILENT=true AUTOSAVING=false KEEPDIRTY=false
[2016.01.12-12.17.49:213][  1]LogSavePackage: Save=681.644775ms
[2016.01.12-12.17.49:213][  1]LogSavePackage: Moving 'C:/Users/PC/Desktop/UE ProjektyPC/Cialon/Projekt/Cialon/Saved/LevelStartowy298389D24C14A67485EFC79718AC8C4E.tmp' to 'C:/Users/PC/Desktop/UE ProjektyPC/Cialon/Projekt/Cialon/Content/LevelStartowy.umap'
[2016.01.12-12.17.49:218][  1]LogSavePackage: Total save time: 699.436352ms
[2016.01.12-12.17.49:218][  1]LogSavePackage:Display: Finished SavePackage C:/Users/PC/Desktop/UE ProjektyPC/Cialon/Projekt/Cialon/Content/LevelStartowy.umap
[2016.01.12-12.17.49:249][  1]LogFileHelpers: Saving map 'LevelStartowy' took 0.843
[2016.01.12-12.17.49:306][  1]Cmd: OBJ SAVEPACKAGE PACKAGE="/Game/Blueprints/Button" FILE="C:/Users/PC/Desktop/UE ProjektyPC/Cialon/Projekt/Cialon/Content/Blueprints/Button.uasset" SILENT=true
[2016.01.12-12.17.49:370][  1]LogSavePackage: Save=50.293255ms
[2016.01.12-12.17.49:370][  1]LogSavePackage: Moving 'C:/Users/PC/Desktop/UE ProjektyPC/Cialon/Projekt/Cialon/Saved/Button13A65A87426550FD063E3AA610FA2E1A.tmp' to 'C:/Users/PC/Desktop/UE ProjektyPC/Cialon/Projekt/Cialon/Content/Blueprints/Button.uasset'
[2016.01.12-12.17.49:374][  1]LogSavePackage: Total save time: 66.445485ms
[2016.01.12-12.17.49:374][  1]LogSavePackage:Display: Finished SavePackage C:/Users/PC/Desktop/UE ProjektyPC/Cialon/Projekt/Cialon/Content/Blueprints/Button.uasset
[2016.01.12-12.17.50:733][ 76]LogBlueprintUserMessages: Early PlayInEditor Detection: Level '/Game/LevelStartowy.LevelStartowy:PersistentLevel' has LevelScriptBlueprint '/Game/LevelStartowy.LevelStartowy:PersistentLevel.LevelStartowy' with GeneratedClass '/Game/LevelStartowy.LevelStartowy_C' with ClassGeneratedBy '/Game/LevelStartowy.LevelStartowy:PersistentLevel.LevelStartowy'
[2016.01.12-12.17.50:733][ 76]LogPlayLevel: PlayLevel: No blueprints needed recompiling
[2016.01.12-12.17.50:733][ 76]PIE: New page: PIE session: LevelStartowy (Jan 12, 2016, 2:17:50 PM)
[2016.01.12-12.17.50:733][ 76]LogPlayLevel: Creating play world package: /Game/UEDPIE_0_LevelStartowy
[2016.01.12-12.17.50:780][ 76]LogPlayLevel: PIE: StaticDuplicateObject took: (0.046582s)
[2016.01.12-12.17.50:781][ 76]LogAIModule: Creating AISystem for world LevelStartowy
[2016.01.12-12.17.50:781][ 76]LogPlayLevel: PIE: World Init took: (0.000794s)
[2016.01.12-12.17.50:781][ 76]LogPlayLevel: PIE: Created PIE world by copying editor world from /Game/LevelStartowy.LevelStartowy to /Game/UEDPIE_0_LevelStartowy.LevelStartowy (0.047699s)
[2016.01.12-12.17.50:815][ 76]LogInit: XAudio2 using 'Głośniki (Realtek High Definition Audio)' : 2 channels at 48 kHz using 32 bits per sample (channel mask 0x3)
[2016.01.12-12.17.50:822][ 76]LogInit: FAudioDevice initialized.
[2016.01.12-12.17.50:855][ 76]LogWorld: Game class is 'ThirdPersonGameMode_C'
[2016.01.12-12.17.50:880][ 76]LogWorld: Bringing World /Game/UEDPIE_0_LevelStartowy.LevelStartowy up for play (max tick rate 0) at 2016.01.12-13.17.50
[2016.01.12-12.17.50:880][ 76]LogActor:Warning: GameSession /Game/UEDPIE_0_LevelStartowy.LevelStartowy:PersistentLevel.GameSession_4 has natively added scene component(s), but none of them were set as the actor's RootComponent - picking one arbitrarily
[2016.01.12-12.17.50:880][ 76]LogActor:Warning: GameNetworkManager /Game/UEDPIE_0_LevelStartowy.LevelStartowy:PersistentLevel.GameNetworkManager_4 has natively added scene component(s), but none of them were set as the actor's RootComponent - picking one arbitrarily
[2016.01.12-12.17.50:881][ 76]LogWorld: Bringing up level for play took: 0.024862
[2016.01.12-12.17.50:885][ 76]PIE:Warning: Warning The widget 'GameHUD_C' was already added to the screen.
[2016.01.12-12.17.50:885][ 76]PIE: Info Play in editor start time for /Game/UEDPIE_0_LevelStartowy 0.061
[2016.01.12-12.17.50:886][ 76]LogBlueprintUserMessages: Late PlayInEditor Detection: Level '/Game/LevelStartowy.LevelStartowy:PersistentLevel' has LevelScriptBlueprint '/Game/LevelStartowy.LevelStartowy:PersistentLevel.LevelStartowy' with GeneratedClass '/Game/LevelStartowy.LevelStartowy_C' with ClassGeneratedBy '/Game/LevelStartowy.LevelStartowy:PersistentLevel.LevelStartowy'
[2016.01.12-12.17.54:321][224]LogBlueprintUserMessages: [Button_C_0] Hello
[2016.01.12-12.17.55:436][273]LogBlueprintUserMessages: [Button_C_0] Hello
[2016.01.12-12.17.56:494][320]LogBlueprintUserMessages: [Button_C_0] Hello
[2016.01.12-12.17.57:166][351]LogBlueprintUserMessages: [Button_C_0] Hello
[2016.01.12-12.17.57:969][387]LogBlueprintUserMessages: [Button_C_0] Hello
[2016.01.12-12.17.58:626][416]LogBlueprintUserMessages: [Button_C_0] Hello
[2016.01.12-12.17.58:977][431]LogBlueprintUserMessages: Early EndPlayMap Detection: Level '/Game/LevelStartowy.LevelStartowy:PersistentLevel' has LevelScriptBlueprint '/Game/LevelStartowy.LevelStartowy:PersistentLevel.LevelStartowy' with GeneratedClass '/Game/LevelStartowy.LevelStartowy_C' with ClassGeneratedBy '/Game/LevelStartowy.LevelStartowy:PersistentLevel.LevelStartowy'
[2016.01.12-12.17.59:028][431]LogBlueprintUserMessages: Late EndPlayMap Detection: Level '/Game/LevelStartowy.LevelStartowy:PersistentLevel' has LevelScriptBlueprint '/Game/LevelStartowy.LevelStartowy:PersistentLevel.LevelStartowy' with GeneratedClass '/Game/LevelStartowy.LevelStartowy_C' with ClassGeneratedBy '/Game/LevelStartowy.LevelStartowy:PersistentLevel.LevelStartowy'
[2016.01.12-12.17.59:062][431]LogParticles: Destroying 0 GPU particle simulations for FXSystem 0x00000000339F2C00
[2016.01.12-12.18.04:916][638]Cmd: OBJ SAVEPACKAGE PACKAGE="/Game/Blueprints/Button" FILE="C:/Users/PC/Desktop/UE ProjektyPC/Cialon/Projekt/Cialon/Content/Blueprints/Button.uasset" SILENT=true
[2016.01.12-12.18.04:977][638]LogSavePackage: Save=48.404179ms
[2016.01.12-12.18.04:977][638]LogSavePackage: Moving 'C:/Users/PC/Desktop/UE ProjektyPC/Cialon/Projekt/Cialon/Saved/ButtonD7D45AA14F4A5606E6DB82A0502A0322.tmp' to 'C:/Users/PC/Desktop/UE ProjektyPC/Cialon/Projekt/Cialon/Content/Blueprints/Button.uasset'
[2016.01.12-12.18.04:980][638]LogSavePackage: Total save time: 63.434489ms
[2016.01.12-12.18.04:980][638]LogSavePackage:Display: Finished SavePackage C:/Users/PC/Desktop/UE ProjektyPC/Cialon/Projekt/Cialon/Content/Blueprints/Button.uasset
[2016.01.12-12.18.05:663][666]BlueprintLog: New page: Compile Button
[2016.01.12-12.18.05:797][666]BlueprintEditorCompileResults: Info [0408.43] Compile of Button successful! [in 133 ms]
[2016.01.12-12.18.06:088][675]Cmd: OBJ SAVEPACKAGE PACKAGE="/Game/Blueprints/Button" FILE="C:/Users/PC/Desktop/UE ProjektyPC/Cialon/Projekt/Cialon/Content/Blueprints/Button.uasset" SILENT=true
[2016.01.12-12.18.06:157][675]LogSavePackage: Save=54.771004ms
[2016.01.12-12.18.06:157][675]LogSavePackage: Moving 'C:/Users/PC/Desktop/UE ProjektyPC/Cialon/Projekt/Cialon/Saved/Button94023AE0472D0E2496C4DF9CF9C777BF.tmp' to 'C:/Users/PC/Desktop/UE ProjektyPC/Cialon/Projekt/Cialon/Content/Blueprints/Button.uasset'
[2016.01.12-12.18.06:160][675]LogSavePackage: Total save time: 70.510838ms
[2016.01.12-12.18.06:161][675]LogSavePackage:Display: Finished SavePackage C:/Users/PC/Desktop/UE ProjektyPC/Cialon/Projekt/Cialon/Content/Blueprints/Button.uasset
[2016.01.12-12.18.07:817][761]LogBlueprintUserMessages: Early PlayInEditor Detection: Level '/Game/LevelStartowy.LevelStartowy:PersistentLevel' has LevelScriptBlueprint '/Game/LevelStartowy.LevelStartowy:PersistentLevel.LevelStartowy' with GeneratedClass '/Game/LevelStartowy.LevelStartowy_C' with ClassGeneratedBy '/Game/LevelStartowy.LevelStartowy:PersistentLevel.LevelStartowy'
[2016.01.12-12.18.07:817][761]LogPlayLevel: PlayLevel: No blueprints needed recompiling
[2016.01.12-12.18.07:817][761]PIE: New page: PIE session: LevelStartowy (Jan 12, 2016, 2:18:07 PM)
[2016.01.12-12.18.07:817][761]LogPlayLevel: Creating play world package: /Game/UEDPIE_0_LevelStartowy
[2016.01.12-12.18.07:865][761]LogPlayLevel: PIE: StaticDuplicateObject took: (0.047661s)
[2016.01.12-12.18.07:866][761]LogAIModule: Creating AISystem for world LevelStartowy
[2016.01.12-12.18.07:866][761]LogPlayLevel: PIE: World Init took: (0.001083s)
[2016.01.12-12.18.07:866][761]LogPlayLevel: PIE: Created PIE world by copying editor world from /Game/LevelStartowy.LevelStartowy to /Game/UEDPIE_0_LevelStartowy.LevelStartowy (0.048980s)
[2016.01.12-12.18.07:900][761]LogInit: XAudio2 using 'Głośniki (Realtek High Definition Audio)' : 2 channels at 48 kHz using 32 bits per sample (channel mask 0x3)
[2016.01.12-12.18.07:906][761]LogInit: FAudioDevice initialized.
[2016.01.12-12.18.07:942][761]LogWorld: Game class is 'ThirdPersonGameMode_C'
[2016.01.12-12.18.07:968][761]LogWorld: Bringing World /Game/UEDPIE_0_LevelStartowy.LevelStartowy up for play (max tick rate 0) at 2016.01.12-13.18.07
[2016.01.12-12.18.07:968][761]LogActor:Warning: GameSession /Game/UEDPIE_0_LevelStartowy.LevelStartowy:PersistentLevel.GameSession_5 has natively added scene component(s), but none of them were set as the actor's RootComponent - picking one arbitrarily
[2016.01.12-12.18.07:968][761]LogActor:Warning: GameNetworkManager /Game/UEDPIE_0_LevelStartowy.LevelStartowy:PersistentLevel.GameNetworkManager_5 has natively added scene component(s), but none of them were set as the actor's RootComponent - picking one arbitrarily
[2016.01.12-12.18.07:969][761]LogWorld: Bringing up level for play took: 0.026485
[2016.01.12-12.18.07:974][761]PIE:Warning: Warning The widget 'GameHUD_C' was already added to the screen.
[2016.01.12-12.18.07:974][761]PIE: Info Play in editor start time for /Game/UEDPIE_0_LevelStartowy 1.15
[2016.01.12-12.18.07:974][761]LogBlueprintUserMessages: Late PlayInEditor Detection: Level '/Game/LevelStartowy.LevelStartowy:PersistentLevel' has LevelScriptBlueprint '/Game/LevelStartowy.LevelStartowy:PersistentLevel.LevelStartowy' with GeneratedClass '/Game/LevelStartowy.LevelStartowy_C' with ClassGeneratedBy '/Game/LevelStartowy.LevelStartowy:PersistentLevel.LevelStartowy'
[2016.01.12-12.18.10:815][882]LogBlueprintUserMessages: [Button_C_1] Hello
[2016.01.12-12.18.11:626][917]LogBlueprintUserMessages: [Button_C_1] Hello
[2016.01.12-12.18.12:592][962]LogBlueprintUserMessages: [Button_C_1] Hello
[2016.01.12-12.18.13:333][998]LogBlueprintUserMessages: [Button_C_1] Hello
[2016.01.12-12.18.13:671][ 13]LogBlueprintUserMessages: Early EndPlayMap Detection: Level '/Game/LevelStartowy.LevelStartowy:PersistentLevel' has LevelScriptBlueprint '/Game/LevelStartowy.LevelStartowy:PersistentLevel.LevelStartowy' with GeneratedClass '/Game/LevelStartowy.LevelStartowy_C' with ClassGeneratedBy '/Game/LevelStartowy.LevelStartowy:PersistentLevel.LevelStartowy'
[2016.01.12-12.18.13:719][ 13]LogBlueprintUserMessages: Late EndPlayMap Detection: Level '/Game/LevelStartowy.LevelStartowy:PersistentLevel' has LevelScriptBlueprint '/Game/LevelStartowy.LevelStartowy:PersistentLevel.LevelStartowy' with GeneratedClass '/Game/LevelStartowy.LevelStartowy_C' with ClassGeneratedBy '/Game/LevelStartowy.LevelStartowy:PersistentLevel.LevelStartowy'
[2016.01.12-12.18.13:752][ 13]LogParticles: Destroying 0 GPU particle simulations for FXSystem 0x0000000022977BA0
[2016.01.12-12.18.20:808][299]Cmd: OBJ SAVEPACKAGE PACKAGE="/Game/LevelStartowy" FILE="C:/Users/PC/Desktop/UE ProjektyPC/Cialon/Projekt/Cialon/Content/LevelStartowy.umap" SILENT=true AUTOSAVING=false KEEPDIRTY=false
[2016.01.12-12.18.21:526][299]LogSavePackage: Save=676.694153ms
[2016.01.12-12.18.21:526][299]LogSavePackage: Moving 'C:/Users/PC/Desktop/UE ProjektyPC/Cialon/Projekt/Cialon/Saved/LevelStartowyAD6CC9784FF01EB694B2CF94EF978ABB.tmp' to 'C:/Users/PC/Desktop/UE ProjektyPC/Cialon/Projekt/Cialon/Content/LevelStartowy.umap'
[2016.01.12-12.18.21:530][299]LogSavePackage: Total save time: 692.390740ms
[2016.01.12-12.18.21:530][299]LogSavePackage:Display: Finished SavePackage C:/Users/PC/Desktop/UE ProjektyPC/Cialon/Projekt/Cialon/Content/LevelStartowy.umap
[2016.01.12-12.18.21:555][299]LogFileHelpers: Saving map 'LevelStartowy' took 0.828
[2016.01.12-12.18.21:596][299]Cmd: OBJ SAVEPACKAGE PACKAGE="/Game/Blueprints/Button" FILE="C:/Users/PC/Desktop/UE ProjektyPC/Cialon/Projekt/Cialon/Content/Blueprints/Button.uasset" SILENT=true
[2016.01.12-12.18.21:656][299]LogSavePackage: Save=46.921738ms
[2016.01.12-12.18.21:656][299]LogSavePackage: Moving 'C:/Users/PC/Desktop/UE ProjektyPC/Cialon/Projekt/Cialon/Saved/ButtonBB28CE1F43FC2DC3694D9990967A3187.tmp' to 'C:/Users/PC/Desktop/UE ProjektyPC/Cialon/Projekt/Cialon/Content/Blueprints/Button.uasset'
[2016.01.12-12.18.21:660][299]LogSavePackage: Total save time: 62.744178ms
[2016.01.12-12.18.21:660][299]LogSavePackage:Display: Finished SavePackage C:/Users/PC/Desktop/UE ProjektyPC/Cialon/Projekt/Cialon/Content/Blueprints/Button.uasset
[2016.01.12-12.18.22:166][323]BlueprintLog: New page: Compile Button
[2016.01.12-12.18.22:297][323]BlueprintEditorCompileResults: Info [0424.92] Compile of Button successful! [in 129 ms]
[2016.01.12-12.18.23:923][402]LogBlueprintUserMessages: Early PlayInEditor Detection: Level '/Game/LevelStartowy.LevelStartowy:PersistentLevel' has LevelScriptBlueprint '/Game/LevelStartowy.LevelStartowy:PersistentLevel.LevelStartowy' with GeneratedClass '/Game/LevelStartowy.LevelStartowy_C' with ClassGeneratedBy '/Game/LevelStartowy.LevelStartowy:PersistentLevel.LevelStartowy'
[2016.01.12-12.18.23:923][402]LogPlayLevel: PlayLevel: No blueprints needed recompiling
[2016.01.12-12.18.23:924][402]PIE: New page: PIE session: LevelStartowy (Jan 12, 2016, 2:18:23 PM)
[2016.01.12-12.18.23:924][402]LogPlayLevel: Creating play world package: /Game/UEDPIE_0_LevelStartowy
[2016.01.12-12.18.23:971][402]LogPlayLevel: PIE: StaticDuplicateObject took: (0.047335s)
[2016.01.12-12.18.23:972][402]LogAIModule: Creating AISystem for world LevelStartowy
[2016.01.12-12.18.23:972][402]LogPlayLevel: PIE: World Init took: (0.000986s)
[2016.01.12-12.18.23:972][402]LogPlayLevel: PIE: Created PIE world by copying editor world from /Game/LevelStartowy.LevelStartowy to /Game/UEDPIE_0_LevelStartowy.LevelStartowy (0.048598s)
[2016.01.12-12.18.24:004][402]LogInit: XAudio2 using 'Głośniki (Realtek High Definition Audio)' : 2 channels at 48 kHz using 32 bits per sample (channel mask 0x3)
[2016.01.12-12.18.24:010][402]LogInit: FAudioDevice initialized.
[2016.01.12-12.18.24:042][402]LogWorld: Game class is 'ThirdPersonGameMode_C'
[2016.01.12-12.18.24:067][402]LogWorld: Bringing World /Game/UEDPIE_0_LevelStartowy.LevelStartowy up for play (max tick rate 0) at 2016.01.12-13.18.24
[2016.01.12-12.18.24:067][402]LogActor:Warning: GameSession /Game/UEDPIE_0_LevelStartowy.LevelStartowy:PersistentLevel.GameSession_6 has natively added scene component(s), but none of them were set as the actor's RootComponent - picking one arbitrarily
[2016.01.12-12.18.24:067][402]LogActor:Warning: GameNetworkManager /Game/UEDPIE_0_LevelStartowy.LevelStartowy:PersistentLevel.GameNetworkManager_6 has natively added scene component(s), but none of them were set as the actor's RootComponent - picking one arbitrarily
[2016.01.12-12.18.24:068][402]LogWorld: Bringing up level for play took: 0.024868
[2016.01.12-12.18.24:073][402]PIE:Warning: Warning The widget 'GameHUD_C' was already added to the screen.
[2016.01.12-12.18.24:073][402]PIE: Info Play in editor start time for /Game/UEDPIE_0_LevelStartowy -0.752
[2016.01.12-12.18.24:073][402]LogBlueprintUserMessages: Late PlayInEditor Detection: Level '/Game/LevelStartowy.LevelStartowy:PersistentLevel' has LevelScriptBlueprint '/Game/LevelStartowy.LevelStartowy:PersistentLevel.LevelStartowy' with GeneratedClass '/Game/LevelStartowy.LevelStartowy_C' with ClassGeneratedBy '/Game/LevelStartowy.LevelStartowy:PersistentLevel.LevelStartowy'
[2016.01.12-12.18.27:698][567]LogBlueprintUserMessages: [Button_C_0] Hello
[2016.01.12-12.18.28:793][616]LogBlueprintUserMessages: [Button_C_0] Hello
[2016.01.12-12.18.29:640][658]LogBlueprintUserMessages: [Button_C_0] Hello
[2016.01.12-12.18.30:427][694]LogBlueprintUserMessages: [Button_C_0] Hello
[2016.01.12-12.18.32:548][788]LogBlueprintUserMessages: [Button_C_0] Hello
[2016.01.12-12.18.33:453][827]LogBlueprintUserMessages: Early EndPlayMap Detection: Level '/Game/LevelStartowy.LevelStartowy:PersistentLevel' has LevelScriptBlueprint '/Game/LevelStartowy.LevelStartowy:PersistentLevel.LevelStartowy' with GeneratedClass '/Game/LevelStartowy.LevelStartowy_C' with ClassGeneratedBy '/Game/LevelStartowy.LevelStartowy:PersistentLevel.LevelStartowy'
[2016.01.12-12.18.33:501][827]LogBlueprintUserMessages: Late EndPlayMap Detection: Level '/Game/LevelStartowy.LevelStartowy:PersistentLevel' has LevelScriptBlueprint '/Game/LevelStartowy.LevelStartowy:PersistentLevel.LevelStartowy' with GeneratedClass '/Game/LevelStartowy.LevelStartowy_C' with ClassGeneratedBy '/Game/LevelStartowy.LevelStartowy:PersistentLevel.LevelStartowy'
[2016.01.12-12.18.33:536][827]LogParticles: Destroying 0 GPU particle simulations for FXSystem 0x0000000022A7C540
[2016.01.12-12.18.40:176][ 81]BlueprintLog: New page: Compile Button
[2016.01.12-12.18.40:372][ 81]Cmd: OBJ SAVEPACKAGE PACKAGE="/Game/Blueprints/Button" FILE="C:/Users/PC/Desktop/UE ProjektyPC/Cialon/Projekt/Cialon/Content/Blueprints/Button.uasset" SILENT=true
[2016.01.12-12.18.40:442][ 81]LogSavePackage: Save=55.561211ms
[2016.01.12-12.18.40:442][ 81]LogSavePackage: Moving 'C:/Users/PC/Desktop/UE ProjektyPC/Cialon/Projekt/Cialon/Saved/Button517B73A14E5F9FB4171CB8A284E73FC2.tmp' to 'C:/Users/PC/Desktop/UE ProjektyPC/Cialon/Projekt/Cialon/Content/Blueprints/Button.uasset'
[2016.01.12-12.18.40:447][ 81]LogSavePackage: Total save time: 72.852653ms
[2016.01.12-12.18.40:447][ 81]LogSavePackage:Display: Finished SavePackage C:/Users/PC/Desktop/UE ProjektyPC/Cialon/Projekt/Cialon/Content/Blueprints/Button.uasset
[2016.01.12-12.18.40:450][ 81]BlueprintEditorCompileResults: Info [0443.08] Compile of Button successful! [in 273 ms]
[2016.01.12-12.18.40:768][ 87]Cmd: OBJ SAVEPACKAGE PACKAGE="/Game/LevelStartowy" FILE="C:/Users/PC/Desktop/UE ProjektyPC/Cialon/Projekt/Cialon/Content/LevelStartowy.umap" SILENT=true AUTOSAVING=false KEEPDIRTY=false
[2016.01.12-12.18.41:498][ 87]LogSavePackage: Save=687.308167ms
[2016.01.12-12.18.41:498][ 87]LogSavePackage: Moving 'C:/Users/PC/Desktop/UE ProjektyPC/Cialon/Projekt/Cialon/Saved/LevelStartowyF6803D3E479A1613D1FF83BD8396838B.tmp' to 'C:/Users/PC/Desktop/UE ProjektyPC/Cialon/Projekt/Cialon/Content/LevelStartowy.umap'
[2016.01.12-12.18.41:503][ 87]LogSavePackage: Total save time: 703.942273ms
[2016.01.12-12.18.41:503][ 87]LogSavePackage:Display: Finished SavePackage C:/Users/PC/Desktop/UE ProjektyPC/Cialon/Projekt/Cialon/Content/LevelStartowy.umap
[2016.01.12-12.18.41:523][ 87]LogFileHelpers: Saving map 'LevelStartowy' took 0.835
[2016.01.12-12.18.42:728][150]LogBlueprintUserMessages: Early PlayInEditor Detection: Level '/Game/LevelStartowy.LevelStartowy:PersistentLevel' has LevelScriptBlueprint '/Game/LevelStartowy.LevelStartowy:PersistentLevel.LevelStartowy' with GeneratedClass '/Game/LevelStartowy.LevelStartowy_C' with ClassGeneratedBy '/Game/LevelStartowy.LevelStartowy:PersistentLevel.LevelStartowy'
[2016.01.12-12.18.42:728][150]LogPlayLevel: PlayLevel: No blueprints needed recompiling
[2016.01.12-12.18.42:729][150]PIE: New page: PIE session: LevelStartowy (Jan 12, 2016, 2:18:42 PM)
[2016.01.12-12.18.42:729][150]LogPlayLevel: Creating play world package: /Game/UEDPIE_0_LevelStartowy
[2016.01.12-12.18.42:785][150]LogPlayLevel: PIE: StaticDuplicateObject took: (0.055519s)
[2016.01.12-12.18.42:785][150]LogAIModule: Creating AISystem for world LevelStartowy
[2016.01.12-12.18.42:786][150]LogPlayLevel: PIE: World Init took: (0.000902s)
[2016.01.12-12.18.42:786][150]LogPlayLevel: PIE: Created PIE world by copying editor world from /Game/LevelStartowy.LevelStartowy to /Game/UEDPIE_0_LevelStartowy.LevelStartowy (0.056695s)
[2016.01.12-12.18.42:820][150]LogInit: XAudio2 using 'Głośniki (Realtek High Definition Audio)' : 2 channels at 48 kHz using 32 bits per sample (channel mask 0x3)
[2016.01.12-12.18.42:829][150]LogInit: FAudioDevice initialized.
[2016.01.12-12.18.42:858][150]LogWorld: Game class is 'ThirdPersonGameMode_C'
[2016.01.12-12.18.42:882][150]LogWorld: Bringing World /Game/UEDPIE_0_LevelStartowy.LevelStartowy up for play (max tick rate 0) at 2016.01.12-13.18.42
[2016.01.12-12.18.42:882][150]LogActor:Warning: GameSession /Game/UEDPIE_0_LevelStartowy.LevelStartowy:PersistentLevel.GameSession_7 has natively added scene component(s), but none of them were set as the actor's RootComponent - picking one arbitrarily
[2016.01.12-12.18.42:882][150]LogActor:Warning: GameNetworkManager /Game/UEDPIE_0_LevelStartowy.LevelStartowy:PersistentLevel.GameNetworkManager_7 has natively added scene component(s), but none of them were set as the actor's RootComponent - picking one arbitrarily
[2016.01.12-12.18.42:883][150]LogWorld: Bringing up level for play took: 0.024732
[2016.01.12-12.18.42:889][150]PIE:Warning: Warning The widget 'GameHUD_C' was already added to the screen.
[2016.01.12-12.18.42:889][150]PIE: Info Play in editor start time for /Game/UEDPIE_0_LevelStartowy 0.064
[2016.01.12-12.18.42:889][150]LogBlueprintUserMessages: Late PlayInEditor Detection: Level '/Game/LevelStartowy.LevelStartowy:PersistentLevel' has LevelScriptBlueprint '/Game/LevelStartowy.LevelStartowy:PersistentLevel.LevelStartowy' with GeneratedClass '/Game/LevelStartowy.LevelStartowy_C' with ClassGeneratedBy '/Game/LevelStartowy.LevelStartowy:PersistentLevel.LevelStartowy'
[2016.01.12-12.18.45:993][282]LogBlueprintUserMessages: [Button_C_1] Hello
[2016.01.12-12.18.48:044][371]LogBlueprintUserMessages: [Button_C_1] Hello
[2016.01.12-12.18.48:842][406]LogBlueprintUserMessages: [Button_C_1] Hello
[2016.01.12-12.18.49:589][439]LogBlueprintUserMessages: [Button_C_1] Hello
[2016.01.12-12.18.50:045][459]LogBlueprintUserMessages: Early EndPlayMap Detection: Level '/Game/LevelStartowy.LevelStartowy:PersistentLevel' has LevelScriptBlueprint '/Game/LevelStartowy.LevelStartowy:PersistentLevel.LevelStartowy' with GeneratedClass '/Game/LevelStartowy.LevelStartowy_C' with ClassGeneratedBy '/Game/LevelStartowy.LevelStartowy:PersistentLevel.LevelStartowy'
[2016.01.12-12.18.50:097][459]LogBlueprintUserMessages: Late EndPlayMap Detection: Level '/Game/LevelStartowy.LevelStartowy:PersistentLevel' has LevelScriptBlueprint '/Game/LevelStartowy.LevelStartowy:PersistentLevel.LevelStartowy' with GeneratedClass '/Game/LevelStartowy.LevelStartowy_C' with ClassGeneratedBy '/Game/LevelStartowy.LevelStartowy:PersistentLevel.LevelStartowy'
[2016.01.12-12.18.50:128][459]LogParticles: Destroying 0 GPU particle simulations for FXSystem 0x0000000022873380
[2016.01.12-12.18.51:431][533]LogEditorViewport: Clicking on Actor (LMB): Button_C (Button)
[2016.01.12-12.18.55:987][748]LogEditorViewport: Clicking on Actor (LMB): StaticMeshActor (Floor15)
[2016.01.12-12.19.04:202][992]LogParticles: Destroying 0 GPU particle simulations for FXSystem 0x000000001CC1F920
[2016.01.12-12.19.04:324][992]Cmd: OBJ SAVEPACKAGE PACKAGE="/Game/LevelStartowy" FILE="C:/Users/PC/Desktop/UE ProjektyPC/Cialon/Projekt/Cialon/Content/LevelStartowy.umap" SILENT=true AUTOSAVING=false KEEPDIRTY=false
[2016.01.12-12.19.05:051][992]LogSavePackage: Save=681.138245ms
[2016.01.12-12.19.05:051][992]LogSavePackage: Moving 'C:/Users/PC/Desktop/UE ProjektyPC/Cialon/Projekt/Cialon/Saved/LevelStartowy1183D04246D5134E62252E9FC8306D90.tmp' to 'C:/Users/PC/Desktop/UE ProjektyPC/Cialon/Projekt/Cialon/Content/LevelStartowy.umap'
[2016.01.12-12.19.05:057][992]LogSavePackage: Total save time: 699.738603ms
[2016.01.12-12.19.05:057][992]LogSavePackage:Display: Finished SavePackage C:/Users/PC/Desktop/UE ProjektyPC/Cialon/Projekt/Cialon/Content/LevelStartowy.umap
[2016.01.12-12.19.05:079][992]LogFileHelpers: Saving map 'LevelStartowy' took 0.835
[2016.01.12-12.20.48:184][965]LogActorComponent: UnregisterComponent: (/Engine/Transient.CharMoveComp) Not registered. Aborting.
[2016.01.12-12.20.52:301][130]LogActorComponent: UnregisterComponent: (/Engine/Transient.CharacterMovementComponent_0) Not registered. Aborting.
[2016.01.12-12.21.25:933][477]LogActorComponent: UnregisterComponent: (/Engine/Transient.CharacterMovementComponent_1) Not registered. Aborting.
[2016.01.12-12.21.30:392][647]LogActorComponent: UnregisterComponent: (/Engine/Transient.CharacterMovementComponent_2) Not registered. Aborting.
[2016.01.12-12.22.28:481][269]LogRenderer: Reallocating scene render targets to support 760x844 (Frame:4602).
[2016.01.12-12.22.35:171][403]LogActorComponent: UnregisterComponent: (/Engine/Transient.CharacterMovementComponent_3) Not registered. Aborting.
[2016.01.12-12.22.39:717][497]LogActorComponent: UnregisterComponent: (/Engine/Transient.CharacterMovementComponent_4) Not registered. Aborting.
[2016.01.12-12.23.19:105][808]LogActorComponent: UnregisterComponent: (/Engine/Transient.CharacterMovementComponent_5) Not registered. Aborting.
[2016.01.12-12.23.23:912][896]LogActorComponent: UnregisterComponent: (/Engine/Transient.CharacterMovementComponent_6) Not registered. Aborting.
[2016.01.12-12.24.02:069][137]BlueprintLog: New page: Compile ThirdPersonCharacter
[2016.01.12-12.24.02:267][137]LogActorComponent: UnregisterComponent: (/Engine/Transient.CharacterMovementComponent_7) Not registered. Aborting.
[2016.01.12-12.24.02:480][137]LogSavePackage: Save=79.755135ms
[2016.01.12-12.24.02:480][137]LogSavePackage: Moving 'C:/Users/PC/Desktop/UE ProjektyPC/Cialon/Projekt/Cialon/Saved/ThirdPersonCharacter346DEC7D42E7E0CE1348988C2D81BBC0.tmp' to 'C:/Users/PC/Desktop/UE ProjektyPC/Cialon/Projekt/Cialon/Content/ThirdPersonBP/Blueprints/ThirdPersonCharacter.uasset'
[2016.01.12-12.24.02:485][137]LogSavePackage: Total save time: 110.550899ms
[2016.01.12-12.24.02:485][137]LogSavePackage:Display: Finished SavePackage C:/Users/PC/Desktop/UE ProjektyPC/Cialon/Projekt/Cialon/Content/ThirdPersonBP/Blueprints/ThirdPersonCharacter.uasset
[2016.01.12-12.24.02:489][137]BlueprintEditorCompileResults: Info [0765.11] Compile of ThirdPersonCharacter successful! [in 419 ms]
[2016.01.12-12.26.28:266][300]LogActorComponent: UnregisterComponent: (/Engine/Transient.CharMoveComp) Not registered. Aborting.
[2016.01.12-12.29.55:085][990]BlueprintLog: New page: Compile GameHUD
[2016.01.12-12.29.55:190][990]LogActorComponent: UnregisterComponent: (/Engine/Transient.CharacterMovementComponent_8) Not registered. Aborting.
[2016.01.12-12.29.55:222][990]LogParticles: Destroying 0 GPU particle simulations for FXSystem 0x0000000032FFB880
[2016.01.12-12.29.55:224][990]LogParticles: Destroying 0 GPU particle simulations for FXSystem 0x0000000032FFB740
[2016.01.12-12.29.55:224][990]LogParticles: Destroying 0 GPU particle simulations for FXSystem 0x00000000331C4720
[2016.01.12-12.29.55:225][990]LogParticles: Destroying 0 GPU particle simulations for FXSystem 0x00000000331C5E40
[2016.01.12-12.29.55:632][990]LogSavePackage: Save=84.611664ms
[2016.01.12-12.29.55:632][990]LogSavePackage: Moving 'C:/Users/PC/Desktop/UE ProjektyPC/Cialon/Projekt/Cialon/Saved/ThirdPersonCharacter0CCDCE8146D1CAE9F853C3ABC881EE75.tmp' to 'C:/Users/PC/Desktop/UE ProjektyPC/Cialon/Projekt/Cialon/Content/ThirdPersonBP/Blueprints/ThirdPersonCharacter.uasset'
[2016.01.12-12.29.55:635][990]LogSavePackage: Total save time: 112.277322ms
[2016.01.12-12.29.55:635][990]LogSavePackage:Display: Finished SavePackage C:/Users/PC/Desktop/UE ProjektyPC/Cialon/Projekt/Cialon/Content/ThirdPersonBP/Blueprints/ThirdPersonCharacter.uasset
[2016.01.12-12.29.55:646][990]Cmd: OBJ SAVEPACKAGE PACKAGE="/Game/UMG/GameHUD" FILE="C:/Users/PC/Desktop/UE ProjektyPC/Cialon/Projekt/Cialon/Content/UMG/GameHUD.uasset" SILENT=true
[2016.01.12-12.29.55:769][990]LogSavePackage: Save=107.757950ms
[2016.01.12-12.29.55:769][990]LogSavePackage: Moving 'C:/Users/PC/Desktop/UE ProjektyPC/Cialon/Projekt/Cialon/Saved/GameHUD25B7706540AB5D79E8D1D3B84689C39F.tmp' to 'C:/Users/PC/Desktop/UE ProjektyPC/Cialon/Projekt/Cialon/Content/UMG/GameHUD.uasset'
[2016.01.12-12.29.55:772][990]LogSavePackage: Total save time: 125.195071ms
[2016.01.12-12.29.55:772][990]LogSavePackage:Display: Finished SavePackage C:/Users/PC/Desktop/UE ProjektyPC/Cialon/Projekt/Cialon/Content/UMG/GameHUD.uasset
[2016.01.12-12.29.55:775][990]BlueprintEditorCompileResults: Info [1118.40] Compile of GameHUD successful! [in 690 ms]
[2016.01.12-12.29.56:265][  3]Cmd: OBJ SAVEPACKAGE PACKAGE="/Game/UMG/GameHUD" FILE="C:/Users/PC/Desktop/UE ProjektyPC/Cialon/Projekt/Cialon/Content/UMG/GameHUD.uasset" SILENT=true
[2016.01.12-12.29.56:386][  3]LogSavePackage: Save=108.207809ms
[2016.01.12-12.29.56:386][  3]LogSavePackage: Moving 'C:/Users/PC/Desktop/UE ProjektyPC/Cialon/Projekt/Cialon/Saved/GameHUD0AFA739F4DE784AF42C8F78B29BFDAD7.tmp' to 'C:/Users/PC/Desktop/UE ProjektyPC/Cialon/Projekt/Cialon/Content/UMG/GameHUD.uasset'
[2016.01.12-12.29.56:388][  3]LogSavePackage: Total save time: 122.229867ms
[2016.01.12-12.29.56:388][  3]LogSavePackage:Display: Finished SavePackage C:/Users/PC/Desktop/UE ProjektyPC/Cialon/Projekt/Cialon/Content/UMG/GameHUD.uasset
[2016.01.12-12.30.49:050][613]LogActorComponent: UnregisterComponent: (/Engine/Transient.CharMoveComp) Not registered. Aborting.
[2016.01.12-12.30.49:277][613]LogSavePackage: Save=93.926399ms
[2016.01.12-12.30.49:277][613]LogSavePackage: Moving 'C:/Users/PC/Desktop/UE ProjektyPC/Cialon/Projekt/Cialon/Saved/ThirdPersonCharacter971A14EB403D708C9A576EB44AC62F2D.tmp' to 'C:/Users/PC/Desktop/UE ProjektyPC/Cialon/Projekt/Cialon/Content/ThirdPersonBP/Blueprints/ThirdPersonCharacter.uasset'
[2016.01.12-12.30.49:284][613]LogSavePackage: Total save time: 113.138933ms
[2016.01.12-12.30.49:284][613]LogSavePackage:Display: Finished SavePackage C:/Users/PC/Desktop/UE ProjektyPC/Cialon/Projekt/Cialon/Content/ThirdPersonBP/Blueprints/ThirdPersonCharacter.uasset
[2016.01.12-12.31.25:617][880]LogActorComponent: UnregisterComponent: (/Engine/Transient.CharMoveComp) Not registered. Aborting.
[2016.01.12-12.31.26:993][936]LogEditorTransaction: Undo Duplicate Variable
[2016.01.12-12.31.42:895][554]LogSavePackage: Save=98.021530ms
[2016.01.12-12.31.42:895][554]LogSavePackage: Moving 'C:/Users/PC/Desktop/UE ProjektyPC/Cialon/Projekt/Cialon/Saved/ThirdPersonCharacter4312FD1F4550B2F66EBAC1A8B64459C0.tmp' to 'C:/Users/PC/Desktop/UE ProjektyPC/Cialon/Projekt/Cialon/Content/ThirdPersonBP/Blueprints/ThirdPersonCharacter.uasset'
[2016.01.12-12.31.42:898][554]LogSavePackage: Total save time: 113.531474ms
[2016.01.12-12.31.42:898][554]LogSavePackage:Display: Finished SavePackage C:/Users/PC/Desktop/UE ProjektyPC/Cialon/Projekt/Cialon/Content/ThirdPersonBP/Blueprints/ThirdPersonCharacter.uasset
[2016.01.12-12.32.11:014][714]LogActorComponent: UnregisterComponent: (/Engine/Transient.CharMoveComp) Not registered. Aborting.
[2016.01.12-12.34.16:889][710]LogFileHelpers: Editor autosave (incl. sublevels) for '/Game/LevelStartowy' took 0.036
[2016.01.12-12.34.16:895][710]OBJ SavePackage: Generating thumbnails for [1] asset(s) in package [/Game/ThirdPersonBP/Blueprints/ThirdPersonCharacter] ([1] browsable assets)...
[2016.01.12-12.34.16:912][710]OBJ SavePackage:     Rendered thumbnail for [Blueprint /Game/ThirdPersonBP/Blueprints/ThirdPersonCharacter.ThirdPersonCharacter]
[2016.01.12-12.34.16:912][710]OBJ SavePackage: Finished generating thumbnails for package [/Game/ThirdPersonBP/Blueprints/ThirdPersonCharacter]
[2016.01.12-12.34.17:038][710]LogSavePackage: Save=102.014839ms
[2016.01.12-12.34.17:038][710]LogSavePackage: Moving 'C:/Users/PC/Desktop/UE ProjektyPC/Cialon/Projekt/Cialon/Saved/ThirdPersonCharacter_Auto1E2CC2D5044C5F370C69DEA8744B4F292.tmp' to 'C:/Users/PC/Desktop/UE ProjektyPC/Cialon/Projekt/Cialon/Saved/Autosaves/Game/ThirdPersonBP/Blueprints/ThirdPersonCharacter_Auto1.uasset'
[2016.01.12-12.34.17:043][710]LogSavePackage: Total save time: 129.880939ms
[2016.01.12-12.34.17:043][710]LogSavePackage:Display: Finished SavePackage C:/Users/PC/Desktop/UE ProjektyPC/Cialon/Projekt/Cialon/Saved/Autosaves/Game/ThirdPersonBP/Blueprints/ThirdPersonCharacter_Auto1.uasset
[2016.01.12-12.34.17:043][710]LogFileHelpers: Auto-saving content packages took 0.153
[2016.01.12-12.37.02:845][902]BlueprintLog: New page: Compile ThirdPersonCharacter
[2016.01.12-12.37.03:071][902]LogActorComponent: UnregisterComponent: (/Engine/Transient.CharMoveComp) Not registered. Aborting.
[2016.01.12-12.37.03:312][902]LogSavePackage: Save=105.111641ms
[2016.01.12-12.37.03:312][902]LogSavePackage: Moving 'C:/Users/PC/Desktop/UE ProjektyPC/Cialon/Projekt/Cialon/Saved/ThirdPersonCharacter0C17742842EFFCB75B067DA665EBE070.tmp' to 'C:/Users/PC/Desktop/UE ProjektyPC/Cialon/Projekt/Cialon/Content/ThirdPersonBP/Blueprints/ThirdPersonCharacter.uasset'
[2016.01.12-12.37.03:315][902]LogSavePackage: Total save time: 135.171309ms
[2016.01.12-12.37.03:315][902]LogSavePackage:Display: Finished SavePackage C:/Users/PC/Desktop/UE ProjektyPC/Cialon/Projekt/Cialon/Content/ThirdPersonBP/Blueprints/ThirdPersonCharacter.uasset
[2016.01.12-12.37.03:317][902]BlueprintEditorCompileResults: Info [1545.93] Compile of ThirdPersonCharacter successful! [in 472 ms]
[2016.01.12-12.42.44:776][926]BlueprintLog: New page: Compile ThirdPersonCharacter
[2016.01.12-12.42.45:016][926]LogActorComponent: UnregisterComponent: (/Engine/Transient.CharMoveComp) Not registered. Aborting.
[2016.01.12-12.42.45:250][926]LogSavePackage: Save=104.830521ms
[2016.01.12-12.42.45:250][926]LogSavePackage: Moving 'C:/Users/PC/Desktop/UE ProjektyPC/Cialon/Projekt/Cialon/Saved/ThirdPersonCharacter667BE2AA43AE1B91ACBD358F6151011B.tmp' to 'C:/Users/PC/Desktop/UE ProjektyPC/Cialon/Projekt/Cialon/Content/ThirdPersonBP/Blueprints/ThirdPersonCharacter.uasset'
[2016.01.12-12.42.45:256][926]LogSavePackage: Total save time: 135.753077ms
[2016.01.12-12.42.45:256][926]LogSavePackage:Display: Finished SavePackage C:/Users/PC/Desktop/UE ProjektyPC/Cialon/Projekt/Cialon/Content/ThirdPersonBP/Blueprints/ThirdPersonCharacter.uasset
[2016.01.12-12.42.45:259][926]BlueprintEditorCompileResults: Info [1887.87] Compile of ThirdPersonCharacter successful! [in 482 ms]
[2016.01.12-12.43.53:554][236]LogActorComponent: UnregisterComponent: (/Engine/Transient.CharMoveComp) Not registered. Aborting.
[2016.01.12-12.43.53:593][236]Cmd: OBJ SAVEPACKAGE PACKAGE="/Game/UMG/MyHUD" FILE="C:/Users/PC/Desktop/UE ProjektyPC/Cialon/Projekt/Cialon/Content/UMG/MyHUD.uasset" SILENT=true
[2016.01.12-12.43.53:601][236]LogSavePackage: Save=6.191683ms
[2016.01.12-12.43.53:601][236]LogSavePackage: Moving 'C:/Users/PC/Desktop/UE ProjektyPC/Cialon/Projekt/Cialon/Saved/MyHUDA6D972C4442083F355FD04B24BE843F0.tmp' to 'C:/Users/PC/Desktop/UE ProjektyPC/Cialon/Projekt/Cialon/Content/UMG/MyHUD.uasset'
[2016.01.12-12.43.53:604][236]LogSavePackage: Total save time: 9.703763ms
[2016.01.12-12.43.53:604][236]LogSavePackage:Display: Finished SavePackage C:/Users/PC/Desktop/UE ProjektyPC/Cialon/Projekt/Cialon/Content/UMG/MyHUD.uasset
[2016.01.12-12.43.53:605][236]LogMetaData: Removing '/Game/UMG/MyHUD.SKEL_MyHUD_C' ref from Metadata '/Game/UMG/NewWidgetBlueprint.PackageMetaData'
[2016.01.12-12.43.53:606][236]LogMetaData: Removing '/Game/UMG/MyHUD.MyHUD_C' ref from Metadata '/Game/UMG/NewWidgetBlueprint.PackageMetaData'
[2016.01.12-12.43.53:606][236]LogMetaData: Removing '/Game/UMG/MyHUD.MyHUD:EventGraph.K2Node_Event_522' ref from Metadata '/Game/UMG/NewWidgetBlueprint.PackageMetaData'
[2016.01.12-12.43.53:606][236]LogMetaData: Removing '/Game/UMG/MyHUD.MyHUD:EventGraph.K2Node_Event_523' ref from Metadata '/Game/UMG/NewWidgetBlueprint.PackageMetaData'
[2016.01.12-12.43.53:659][236]Cmd: OBJ SAVEPACKAGE PACKAGE="/Game/UMG/MyHUD" FILE="C:/Users/PC/Desktop/UE ProjektyPC/Cialon/Projekt/Cialon/Content/UMG/MyHUD.uasset" SILENT=true
[2016.01.12-12.43.53:682][236]LogSavePackage: Save=7.637626ms
[2016.01.12-12.43.53:682][236]LogSavePackage: Moving 'C:/Users/PC/Desktop/UE ProjektyPC/Cialon/Projekt/Cialon/Saved/MyHUD4304699E4D1A3739B7B112A8380D3453.tmp' to 'C:/Users/PC/Desktop/UE ProjektyPC/Cialon/Projekt/Cialon/Content/UMG/MyHUD.uasset'
[2016.01.12-12.43.53:686][236]LogSavePackage: Total save time: 25.587678ms
[2016.01.12-12.43.53:686][236]LogSavePackage:Display: Finished SavePackage C:/Users/PC/Desktop/UE ProjektyPC/Cialon/Projekt/Cialon/Content/UMG/MyHUD.uasset
[2016.01.12-12.43.58:741][521]Cmd: OBJ SAVEPACKAGE PACKAGE="/Game/ThirdPersonBP/Blueprints/MyHUD" FILE="C:/Users/PC/Desktop/UE ProjektyPC/Cialon/Projekt/Cialon/Content/ThirdPersonBP/Blueprints/MyHUD.uasset" SILENT=true
[2016.01.12-12.43.58:749][521]LogSavePackage: Save=6.851258ms
[2016.01.12-12.43.58:750][521]LogSavePackage: Moving 'C:/Users/PC/Desktop/UE ProjektyPC/Cialon/Projekt/Cialon/Saved/MyHUD1AD8E4B547054714903AD19607D3608D.tmp' to 'C:/Users/PC/Desktop/UE ProjektyPC/Cialon/Projekt/Cialon/Content/ThirdPersonBP/Blueprints/MyHUD.uasset'
[2016.01.12-12.43.58:753][521]LogSavePackage: Total save time: 10.233983ms
[2016.01.12-12.43.58:753][521]LogSavePackage:Display: Finished SavePackage C:/Users/PC/Desktop/UE ProjektyPC/Cialon/Projekt/Cialon/Content/ThirdPersonBP/Blueprints/MyHUD.uasset
[2016.01.12-12.43.58:754][521]LogMetaData: Removing '/Game/ThirdPersonBP/Blueprints/MyHUD.MyHUD_C' ref from Metadata '/Game/UMG/MyHUD.PackageMetaData'
[2016.01.12-12.43.58:754][521]LogMetaData: Removing '/Game/ThirdPersonBP/Blueprints/MyHUD.SKEL_MyHUD_C' ref from Metadata '/Game/UMG/MyHUD.PackageMetaData'
[2016.01.12-12.43.58:754][521]LogMetaData: Removing '/Game/ThirdPersonBP/Blueprints/MyHUD.MyHUD:EventGraph.K2Node_Event_522' ref from Metadata '/Game/UMG/MyHUD.PackageMetaData'
[2016.01.12-12.43.58:754][521]LogMetaData: Removing '/Game/ThirdPersonBP/Blueprints/MyHUD.MyHUD:EventGraph.K2Node_Event_523' ref from Metadata '/Game/UMG/MyHUD.PackageMetaData'
[2016.01.12-12.43.58:790][521]Cmd: OBJ SAVEPACKAGE PACKAGE="/Game/ThirdPersonBP/Blueprints/MyHUD" FILE="C:/Users/PC/Desktop/UE ProjektyPC/Cialon/Projekt/Cialon/Content/ThirdPersonBP/Blueprints/MyHUD.uasset" SILENT=true
[2016.01.12-12.43.58:810][521]LogSavePackage: Save=5.380661ms
[2016.01.12-12.43.58:810][521]LogSavePackage: Moving 'C:/Users/PC/Desktop/UE ProjektyPC/Cialon/Projekt/Cialon/Saved/MyHUD71BF04D9462B93B1481171AB6483D1F1.tmp' to 'C:/Users/PC/Desktop/UE ProjektyPC/Cialon/Projekt/Cialon/Content/ThirdPersonBP/Blueprints/MyHUD.uasset'
[2016.01.12-12.43.58:813][521]LogSavePackage: Total save time: 21.696825ms
[2016.01.12-12.43.58:813][521]LogSavePackage:Display: Finished SavePackage C:/Users/PC/Desktop/UE ProjektyPC/Cialon/Projekt/Cialon/Content/ThirdPersonBP/Blueprints/MyHUD.uasset
[2016.01.12-13.17.55:858][292]LogActorComponent: UnregisterComponent: (/Engine/Transient.CharMoveComp) Not registered. Aborting.
[2016.01.12-13.17.55:911][292]LogParticles: Destroying 0 GPU particle simulations for FXSystem 0x00000000331DD300
[2016.01.12-13.17.55:912][292]LogParticles: Destroying 0 GPU particle simulations for FXSystem 0x000000004F8E59E0
[2016.01.12-13.24.16:138][873]LogActorComponent: UnregisterComponent: (/Engine/Transient.CharMoveComp) Not registered. Aborting.
[2016.01.12-13.24.16:566][874]Cmd: QUIT_EDITOR
[2016.01.12-13.24.16:699][874]LogExit: Preparing to exit.
[2016.01.12-13.24.17:289][874]LogExit: Editor shut down
[2016.01.12-13.24.17:289][874]LogExit: Transaction tracking system shut down
[2016.01.12-13.24.17:295][874]LogParticles: Destroying 0 GPU particle simulations for FXSystem 0x000000005611A980
[2016.01.12-13.24.17:296][874]LogParticles: Destroying 0 GPU particle simulations for FXSystem 0x000000005611A3E0
[2016.01.12-13.24.17:297][874]LogParticles: Destroying 0 GPU particle simulations for FXSystem 0x0000000024F444A0
[2016.01.12-13.24.17:299][874]LogParticles: Destroying 0 GPU particle simulations for FXSystem 0x000000002A7B67A0
[2016.01.12-13.24.17:300][874]LogParticles: Destroying 0 GPU particle simulations for FXSystem 0x00000000237367A0
[2016.01.12-13.24.17:300][874]LogParticles: Destroying 0 GPU particle simulations for FXSystem 0x000000002FFEEC00
[2016.01.12-13.24.17:303][874]LogParticles: Destroying 0 GPU particle simulations for FXSystem 0x0000000033140E00
[2016.01.12-13.24.17:304][874]LogParticles: Destroying 0 GPU particle simulations for FXSystem 0x000000002289D120
[2016.01.12-13.24.17:304][874]LogParticles: Destroying 0 GPU particle simulations for FXSystem 0x00000000539B22A0
[2016.01.12-13.24.17:304][874]LogParticles: Destroying 0 GPU particle simulations for FXSystem 0x000000004F8E7560
[2016.01.12-13.24.17:304][874]LogParticles: Destroying 0 GPU particle simulations for FXSystem 0x00000000455414E0
[2016.01.12-13.24.18:054][874]LogExit: Object subsystem successfully closed.
[2016.01.12-13.24.18:318][874]LogD3D11RHI: Shutdown
[2016.01.12-13.24.18:318][874]LogD3D11RHI: CleanupD3DDevice
[2016.01.12-13.24.18:524][874]LogD3D11RHI: ~FD3D11DynamicRHI
[2016.01.12-13.24.19:046][874]LogModuleManager: Shutting down and abandoning module SequencerWidgets (201)
[2016.01.12-13.24.19:046][874]LogModuleManager: Shutting down and abandoning module CookingStats (200)
[2016.01.12-13.24.19:046][874]LogModuleManager: Shutting down and abandoning module BlueprintGraph (199)
[2016.01.12-13.24.19:046][874]LogModuleManager: Shutting down and abandoning module CrashTracker (198)
[2016.01.12-13.24.19:046][874]LogModuleManager: Shutting down and abandoning module SceneOutliner (197)
[2016.01.12-13.24.19:046][874]LogModuleManager: Shutting down and abandoning module SuperSearch (196)
[2016.01.12-13.24.19:046][874]LogModuleManager: Shutting down and abandoning module WidgetCarousel (195)
[2016.01.12-13.24.19:053][874]LogModuleManager: Shutting down and abandoning module AddContentDialog (194)
[2016.01.12-13.24.19:063][874]LogModuleManager: Shutting down and abandoning module EditorWidgets (193)
[2016.01.12-13.24.19:063][874]LogModuleManager: Shutting down and abandoning module CollectionManager (192)
[2016.01.12-13.24.19:072][874]LogModuleManager: Shutting down and abandoning module StatsViewer (191)
[2016.01.12-13.24.19:078][874]LogModuleManager: Shutting down and abandoning module FoliageEdit (190)
[2016.01.12-13.24.19:085][874]LogModuleManager: Shutting down and abandoning module LandscapeEditor (189)
[2016.01.12-13.24.19:100][874]LogModuleManager: Shutting down and abandoning module ActorPickerMode (188)
[2016.01.12-13.24.19:100][874]LogModuleManager: Shutting down and abandoning module GeometryMode (187)
[2016.01.12-13.24.19:100][874]LogModuleManager: Shutting down and abandoning module TextureAlignMode (186)
[2016.01.12-13.24.19:100][874]LogModuleManager: Shutting down and abandoning module BspMode (185)
[2016.01.12-13.24.19:100][874]LogModuleManager: Shutting down and abandoning module PlacementMode (184)
[2016.01.12-13.24.19:100][874]LogModuleManager: Shutting down and abandoning module AutomationWorker (183)
[2016.01.12-13.24.19:100][874]LogModuleManager: Shutting down and abandoning module CharacterAI (182)
[2016.01.12-13.24.19:100][874]LogModuleManager: Shutting down and abandoning module SmartSnapping (181)
[2016.01.12-13.24.19:100][874]LogModuleManager: Shutting down and abandoning module ViewportSnapping (180)
[2016.01.12-13.24.19:100][874]LogModuleManager: Shutting down and abandoning module LogVisualizer (179)
[2016.01.12-13.24.19:116][874]LogModuleManager: Shutting down and abandoning module GameProjectGeneration (178)
[2016.01.12-13.24.19:132][874]LogModuleManager: Shutting down and abandoning module IntroTutorials (177)
[2016.01.12-13.24.19:160][874]LogModuleManager: Shutting down and abandoning module EditorLiveStreaming (176)
[2016.01.12-13.24.19:160][874]LogModuleManager: Shutting down and abandoning module IOSPlatformEditor (175)
[2016.01.12-13.24.19:165][874]LogModuleManager: Shutting down and abandoning module HTML5PlatformEditor (174)
[2016.01.12-13.24.19:165][874]LogModuleManager: Shutting down and abandoning module AndroidDeviceDetection (173)
[2016.01.12-13.24.19:278][874]LogModuleManager: Shutting down and abandoning module AndroidPlatformEditor (172)
[2016.01.12-13.24.19:278][874]LogModuleManager: Shutting down and abandoning module IOSRuntimeSettings (171)
[2016.01.12-13.24.19:278][874]LogModuleManager: Shutting down and abandoning module AndroidRuntimeSettings (170)
[2016.01.12-13.24.19:278][874]LogModuleManager: Shutting down and abandoning module MergeActors (169)
[2016.01.12-13.24.19:284][874]LogModuleManager: Shutting down and abandoning module SizeMap (168)
[2016.01.12-13.24.19:285][874]LogModuleManager: Shutting down and abandoning module TreeMap (167)
[2016.01.12-13.24.19:291][874]LogModuleManager: Shutting down and abandoning module ReferenceViewer (166)
[2016.01.12-13.24.19:298][874]LogModuleManager: Shutting down and abandoning module LocalizationService (165)
[2016.01.12-13.24.19:302][874]LogModuleManager: Shutting down and abandoning module LocalizationDashboard (164)
[2016.01.12-13.24.19:307][874]LogModuleManager: Shutting down and abandoning module HardwareTargeting (163)
[2016.01.12-13.24.19:318][874]LogModuleManager: Shutting down and abandoning module DeviceProfileEditor (162)
[2016.01.12-13.24.19:329][874]LogModuleManager: Shutting down and abandoning module UndoHistory (161)
[2016.01.12-13.24.19:335][874]LogModuleManager: Shutting down and abandoning module GameplayTagsEditor (160)
[2016.01.12-13.24.19:335][874]LogModuleManager: Shutting down and abandoning module UserFeedback (159)
[2016.01.12-13.24.19:335][874]LogModuleManager: Shutting down and abandoning module XmlParser (158)
[2016.01.12-13.24.19:335][874]LogModuleManager: Shutting down and abandoning module Blutility (157)
[2016.01.12-13.24.19:335][874]LogModuleManager: Shutting down and abandoning module ProjectTargetPlatformEditor (156)
[2016.01.12-13.24.19:340][874]LogModuleManager: Shutting down and abandoning module ProjectSettingsViewer (155)
[2016.01.12-13.24.19:340][874]LogModuleManager: Shutting down and abandoning module InputBindingEditor (154)
[2016.01.12-13.24.19:373][874]LogModuleManager: Shutting down and abandoning module EditorSettingsViewer (153)
[2016.01.12-13.24.19:373][874]LogModuleManager: Shutting down and abandoning module SettingsEditor (152)
[2016.01.12-13.24.19:383][874]LogModuleManager: Shutting down and abandoning module ProjectLauncher (151)
[2016.01.12-13.24.19:396][874]LogModuleManager: Shutting down and abandoning module SessionFrontend (150)
[2016.01.12-13.24.19:411][874]LogModuleManager: Shutting down and abandoning module ProfilerClient (149)
[2016.01.12-13.24.19:419][874]LogModuleManager: Shutting down and abandoning module TargetDeviceServices (148)
[2016.01.12-13.24.19:419][874]LogModuleManager: Shutting down and abandoning module DeviceManager (147)
[2016.01.12-13.24.19:439][874]LogModuleManager: Shutting down and abandoning module AutomationController (146)
[2016.01.12-13.24.19:447][874]LogModuleManager: Shutting down and abandoning module AutomationWindow (145)
[2016.01.12-13.24.19:459][874]LogModuleManager: Shutting down and abandoning module Layers (144)
[2016.01.12-13.24.19:493][874]LogModuleManager: Shutting down and abandoning module ComponentVisualizers (143)
[2016.01.12-13.24.19:493][874]LogModuleManager: Shutting down and abandoning module DetailCustomizations (142)
[2016.01.12-13.24.19:493][874]LogModuleManager: Shutting down and abandoning module PackagesDialog (141)
[2016.01.12-13.24.19:494][874]LogModuleManager: Shutting down and abandoning module Persona (140)
[2016.01.12-13.24.19:540][874]LogModuleManager: Shutting down and abandoning module Kismet (139)
[2016.01.12-13.24.19:540][874]LogModuleManager: Shutting down and abandoning module GraphEditor (138)
[2016.01.12-13.24.19:540][874]LogModuleManager: Shutting down and abandoning module ClassViewer (137)
[2016.01.12-13.24.19:546][874]LogModuleManager: Shutting down and abandoning module Toolbox (136)
[2016.01.12-13.24.19:546][874]LogModuleManager: Shutting down and abandoning module ModuleUI (135)
[2016.01.12-13.24.19:557][874]LogModuleManager: Shutting down and abandoning module MovieSceneTools (134)
[2016.01.12-13.24.19:561][874]LogModuleManager: Shutting down and abandoning module OutputLog (133)
[2016.01.12-13.24.19:561][874]LogModuleManager: Shutting down and abandoning module GammaUI (132)
[2016.01.12-13.24.19:567][874]LogModuleManager: Shutting down and abandoning module Documentation (131)
[2016.01.12-13.24.19:567][874]LogModuleManager: Shutting down and abandoning module GameLiveStreaming (130)
[2016.01.12-13.24.19:570][874]LogModuleManager: Shutting down and abandoning module StreamingPauseRendering (129)
[2016.01.12-13.24.19:570][874]LogModuleManager: Shutting down and abandoning module AnalyticsET (128)
[2016.01.12-13.24.19:570][874]LogModuleManager: Shutting down and abandoning module Analytics (127)
[2016.01.12-13.24.19:570][874]LogModuleManager: Shutting down and abandoning module AITestSuite (126)
[2016.01.12-13.24.19:582][874]LogModuleManager: Shutting down and abandoning module GameplayDebugger (125)
[2016.01.12-13.24.19:590][874]LogModuleManager: Shutting down and abandoning module AIModule (124)
[2016.01.12-13.24.19:590][874]LogModuleManager: Shutting down and abandoning module ProfilerService (123)
[2016.01.12-13.24.19:744][874]LogModuleManager: Shutting down and abandoning module TaskGraph (122)
[2016.01.12-13.24.19:744][874]LogModuleManager: Shutting down and abandoning module SlateRemote (121)
[2016.01.12-13.24.19:744][874]LogModuleManager: Shutting down and abandoning module SteamVRController (120)
[2016.01.12-13.24.19:744][874]LogModuleManager: Shutting down and abandoning module SteamVR (119)
[2016.01.12-13.24.19:744][874]LogModuleManager: Shutting down and abandoning module ProceduralMeshComponent (118)
[2016.01.12-13.24.19:744][874]LogModuleManager: Shutting down and abandoning module OculusLibrary (117)
[2016.01.12-13.24.19:744][874]LogModuleManager: Shutting down and abandoning module OculusInput (116)
[2016.01.12-13.24.19:744][874]LogModuleManager: Shutting down and abandoning module LeapMotionController (115)
[2016.01.12-13.24.19:756][874]LogModuleManager: Shutting down and abandoning module CustomMeshComponent (114)
[2016.01.12-13.24.19:756][874]LogModuleManager: Shutting down and abandoning module CableComponent (113)
[2016.01.12-13.24.19:767][874]LogModuleManager: Shutting down and abandoning module ArchVisCharacter (112)
[2016.01.12-13.24.19:767][874]LogModuleManager: Shutting down and abandoning module MessagingDebugger (111)
[2016.01.12-13.24.19:783][874]LogModuleManager: Shutting down and abandoning module MediaPlayerEditor (110)
[2016.01.12-13.24.19:791][874]LogModuleManager: Shutting down and abandoning module HTML5Networking (109)
[2016.01.12-13.24.19:791][874]LogModuleManager: Shutting down and abandoning module SpeedTreeImporter (108)
[2016.01.12-13.24.19:791][874]LogModuleManager: Shutting down and abandoning module PluginBrowser (107)
[2016.01.12-13.24.19:802][874]LogModuleManager: Shutting down and abandoning module EpicSurvey (106)
[2016.01.12-13.24.19:818][874]LogModuleManager: Shutting down and abandoning module DesktopPlatform (105)
[2016.01.12-13.24.19:824][874]LogModuleManager: Shutting down and abandoning module VisualStudioSourceCodeAccess (104)
[2016.01.12-13.24.19:824][874]LogModuleManager: Shutting down and abandoning module UObjectPlugin (103)
[2016.01.12-13.24.19:824][874]LogModuleManager: Shutting down and abandoning module SubversionSourceControl (102)
[2016.01.12-13.24.19:836][874]LogModuleManager: Shutting down and abandoning module PerforceSourceControl (101)
[2016.01.12-13.24.19:846][874]LogModuleManager: Shutting down and abandoning module SourceControl (100)
[2016.01.12-13.24.19:857][874]LogModuleManager: Shutting down and abandoning module GitSourceControl (99)
[2016.01.12-13.24.19:868][874]LogModuleManager: Shutting down and abandoning module LightPropagationVolumeEditor (98)
[2016.01.12-13.24.19:868][874]LogModuleManager: Shutting down and abandoning module PaperTiledImporter (97)
[2016.01.12-13.24.19:872][874]LogModuleManager: Shutting down and abandoning module PaperSpriteSheetImporter (96)
[2016.01.12-13.24.19:872][874]LogModuleManager: Shutting down and abandoning module MeshPaint (95)
[2016.01.12-13.24.19:872][874]LogModuleManager: Shutting down and abandoning module SlateReflector (94)
[2016.01.12-13.24.19:895][874]LogModuleManager: Shutting down and abandoning module HotReload (93)
[2016.01.12-13.24.19:900][874]LogModuleManager: Shutting down and abandoning module MainFrame (92)
[2016.01.12-13.24.19:900][874]LogModuleManager: Shutting down and abandoning module LevelEditor (91)
[2016.01.12-13.24.19:908][874]LogModuleManager: Shutting down and abandoning module DirectoryWatcher (90)
[2016.01.12-13.24.19:909][874]LogModuleManager: Shutting down and abandoning module AssetRegistry (89)
[2016.01.12-13.24.20:040][874]LogModuleManager: Shutting down and abandoning module ContentBrowser (88)
[2016.01.12-13.24.20:040][874]LogModuleManager: Shutting down and abandoning module Paper2DEditor (87)
[2016.01.12-13.24.20:041][874]LogModuleManager: Shutting down and abandoning module UdpMessaging (86)
[2016.01.12-13.24.20:141][874]LogModuleManager: Shutting down and abandoning module LightPropagationVolumeRuntime (85)
[2016.01.12-13.24.20:141][874]LogModuleManager: Shutting down and abandoning module Paper2D (84)
[2016.01.12-13.24.20:141][874]LogModuleManager: Shutting down and abandoning module WindowsMoviePlayer (83)
[2016.01.12-13.24.20:145][874]LogModuleManager: Shutting down and abandoning module Media (82)
[2016.01.12-13.24.20:146][874]LogModuleManager: Shutting down and abandoning module WmfMedia (81)
[2016.01.12-13.24.20:146][874]LogModuleManager: Shutting down and abandoning module OnlineBlueprintSupport (80)
[2016.01.12-13.24.20:146][874]LogModuleManager: Shutting down and abandoning module GameplayTasksEditor (79)
[2016.01.12-13.24.20:146][874]LogModuleManager: Shutting down and abandoning module PropertyEditor (78)
[2016.01.12-13.24.20:171][874]LogModuleManager: Shutting down and abandoning module BehaviorTreeEditor (77)
[2016.01.12-13.24.20:180][874]LogModuleManager: Shutting down and abandoning module FunctionalTesting (76)
[2016.01.12-13.24.20:180][874]LogModuleManager: Shutting down and abandoning module CollisionAnalyzer (75)
[2016.01.12-13.24.20:189][874]LogModuleManager: Shutting down and abandoning module WorkspaceMenuStructure (74)
[2016.01.12-13.24.20:189][874]LogModuleManager: Shutting down and abandoning module MessageLog (73)
[2016.01.12-13.24.20:189][874]LogModuleManager: Shutting down and abandoning module Sequencer (72)
[2016.01.12-13.24.20:189][874]LogModuleManager: Shutting down and abandoning module AssetTools (71)
[2016.01.12-13.24.20:198][874]LogModuleManager: Shutting down and abandoning module UMGEditor (70)
[2016.01.12-13.24.20:198][874]LogModuleManager: Shutting down and abandoning module UMG (69)
[2016.01.12-13.24.20:198][874]LogModuleManager: Shutting down and abandoning module Slate (68)
[2016.01.12-13.24.20:198][874]LogModuleManager: Shutting down and abandoning module EditorStyle (67)
[2016.01.12-13.24.20:200][874]LogModuleManager: Shutting down and abandoning module SessionServices (66)
[2016.01.12-13.24.20:200][874]LogModuleManager: Shutting down and abandoning module SourceCodeAccess (65)
[2016.01.12-13.24.20:200][874]LogModuleManager: Shutting down and abandoning module HeadMountedDisplay (64)
[2016.01.12-13.24.20:200][874]LogModuleManager: Shutting down and abandoning module XAudio2 (63)
[2016.01.12-13.24.20:200][874]LogModuleManager: Shutting down and abandoning module Networking (61)
[2016.01.12-13.24.20:200][874]LogModuleManager: Shutting down and abandoning module Core (60)
[2016.01.12-13.24.20:200][874]LogModuleManager: Shutting down and abandoning module KismetCompiler (59)
[2016.01.12-13.24.20:200][874]LogModuleManager: Shutting down and abandoning module PhysXFormats (58)
[2016.01.12-13.24.20:200][874]LogModuleManager: Shutting down and abandoning module MeshUtilities (57)
[2016.01.12-13.24.20:208][874]LogModuleManager: Shutting down and abandoning module DerivedDataCache (56)
[2016.01.12-13.24.20:307][874]LogDerivedDataCache: Shutdown
[2016.01.12-13.24.20:307][874]LogModuleManager: Shutting down and abandoning module ShaderFormatOpenGL (55)
[2016.01.12-13.24.20:310][874]LogModuleManager: Shutting down and abandoning module ShaderFormatD3D (54)
[2016.01.12-13.24.20:310][874]LogModuleManager: Shutting down and abandoning module MetalShaderFormat (53)
[2016.01.12-13.24.20:321][874]LogModuleManager: Shutting down and abandoning module TextureFormatUncompressed (52)
[2016.01.12-13.24.20:321][874]LogModuleManager: Shutting down and abandoning module TextureFormatPVR (51)
[2016.01.12-13.24.20:321][874]LogModuleManager: Shutting down and abandoning module TextureFormatIntelISPCTexComp (50)
[2016.01.12-13.24.20:321][874]LogModuleManager: Shutting down and abandoning module TextureFormatDXT (49)
[2016.01.12-13.24.20:321][874]LogModuleManager: Shutting down and abandoning module ImageWrapper (48)
[2016.01.12-13.24.20:321][874]LogModuleManager: Shutting down and abandoning module TextureFormatASTC (47)
[2016.01.12-13.24.20:321][874]LogModuleManager: Shutting down and abandoning module TextureFormatAndroid (46)
[2016.01.12-13.24.20:321][874]LogModuleManager: Shutting down and abandoning module AudioFormatOpus (45)
[2016.01.12-13.24.20:328][874]LogModuleManager: Shutting down and abandoning module AudioFormatOgg (44)
[2016.01.12-13.24.20:328][874]LogModuleManager: Shutting down and abandoning module AudioFormatADPCM (43)
[2016.01.12-13.24.20:328][874]LogModuleManager: Shutting down and abandoning module LinuxTargetPlatform (42)
[2016.01.12-13.24.20:328][874]LogModuleManager: Shutting down and abandoning module LinuxServerTargetPlatform (41)
[2016.01.12-13.24.20:328][874]LogModuleManager: Shutting down and abandoning module LinuxNoEditorTargetPlatform (40)
[2016.01.12-13.24.20:328][874]LogModuleManager: Shutting down and abandoning module Messaging (39)
[2016.01.12-13.24.20:328][874]LogModuleManager: Shutting down and abandoning module IOSTargetPlatform (38)
[2016.01.12-13.24.20:329][874]LogModuleManager: Shutting down and abandoning module HTML5TargetPlatform (37)
[2016.01.12-13.24.20:329][874]LogModuleManager: Shutting down and abandoning module Android_PVRTCTargetPlatform (36)
[2016.01.12-13.24.20:329][874]LogModuleManager: Shutting down and abandoning module Android_MultiTargetPlatform (35)
[2016.01.12-13.24.20:329][874]LogModuleManager: Shutting down and abandoning module Android_ETC2TargetPlatform (34)
[2016.01.12-13.24.20:329][874]LogModuleManager: Shutting down and abandoning module Android_ETC1TargetPlatform (33)
[2016.01.12-13.24.20:329][874]LogModuleManager: Shutting down and abandoning module Android_DXTTargetPlatform (32)
[2016.01.12-13.24.20:329][874]LogModuleManager: Shutting down and abandoning module Android_ATCTargetPlatform (31)
[2016.01.12-13.24.20:329][874]LogModuleManager: Shutting down and abandoning module Android_ASTCTargetPlatform (30)
[2016.01.12-13.24.20:329][874]LogModuleManager: Shutting down and abandoning module AndroidTargetPlatform (29)
[2016.01.12-13.24.20:329][874]LogModuleManager: Shutting down and abandoning module WindowsTargetPlatform (28)
[2016.01.12-13.24.20:329][874]LogModuleManager: Shutting down and abandoning module WindowsServerTargetPlatform (27)
[2016.01.12-13.24.20:329][874]LogModuleManager: Shutting down and abandoning module WindowsNoEditorTargetPlatform (26)
[2016.01.12-13.24.20:329][874]LogModuleManager: Shutting down and abandoning module WindowsClientTargetPlatform (25)
[2016.01.12-13.24.20:329][874]LogModuleManager: Shutting down and abandoning module AllDesktopTargetPlatform (24)
[2016.01.12-13.24.20:329][874]LogModuleManager: Shutting down and abandoning module TargetPlatform (23)
[2016.01.12-13.24.20:329][874]LogModuleManager: Shutting down and abandoning module InputCore (22)
[2016.01.12-13.24.20:329][874]LogModuleManager: Shutting down and abandoning module Settings (21)
[2016.01.12-13.24.20:329][874]LogModuleManager: Shutting down and abandoning module OnlineSubsystem (19)
[2016.01.12-13.24.20:329][874]LogModuleManager: Shutting down and abandoning module HTTP (18)
[2016.01.12-13.24.22:329][874]LogModuleManager: Shutting down and abandoning module XMPP (17)
[2016.01.12-13.24.22:329][874]LogModuleManager: Shutting down and abandoning module OculusRift (16)
[2016.01.12-13.24.22:329][874]LogModuleManager: Shutting down and abandoning module ExampleDeviceProfileSelector (15)
[2016.01.12-13.24.22:329][874]LogModuleManager: Shutting down and abandoning module TextureCompressor (14)
[2016.01.12-13.24.22:329][874]LogModuleManager: Shutting down and abandoning module ShaderCore (13)
[2016.01.12-13.24.22:329][874]LogModuleManager: Shutting down and abandoning module Landscape (12)
[2016.01.12-13.24.22:329][874]LogModuleManager: Shutting down and abandoning module SlateRHIRenderer (11)
[2016.01.12-13.24.22:330][874]LogModuleManager: Shutting down and abandoning module OpenGLDrv (10)
[2016.01.12-13.24.22:330][874]LogModuleManager: Shutting down and abandoning module D3D11RHI (9)
[2016.01.12-13.24.22:330][874]LogModuleManager: Shutting down and abandoning module AnimGraphRuntime (8)
[2016.01.12-13.24.22:330][874]LogModuleManager: Shutting down and abandoning module Renderer (7)
[2016.01.12-13.24.22:330][874]LogModuleManager: Shutting down and abandoning module Engine (6)
[2016.01.12-13.24.22:330][874]LogModuleManager: Shutting down and abandoning module CoreUObject (5)
[2016.01.12-13.24.22:330][874]LogModuleManager: Shutting down and abandoning module NetworkFile (4)
[2016.01.12-13.24.22:330][874]LogModuleManager: Shutting down and abandoning module StreamingFile (3)
[2016.01.12-13.24.22:330][874]LogModuleManager: Shutting down and abandoning module SandboxFile (2)
[2016.01.12-13.24.22:330][874]LogModuleManager: Shutting down and abandoning module PakFile (1)
[2016.01.12-13.24.22:332][874]LogExit: Exiting.
[2016.01.12-13.24.22:342][874]Log file closed, 01/12/16 14:24:22
