[2016.01.12-10.02.23:073][  0]Log file open, 01/12/16 11:02:23
[2016.01.12-10.02.23:073][  0]LogInit:Display: Running engine for game: Cialon
[2016.01.12-10.02.23:073][  0]LogPlatformFile: Not using cached read wrapper
[2016.01.12-10.02.23:073][  0]LogInit:Display: RandInit(1879785786) SRandInit(1879785789).
[2016.01.12-10.02.23:073][  0]LogTaskGraph: Started task graph with 4 named threads and 7 total threads.
[2016.01.12-10.02.23:073][  0]LogStats: Stats thread started at 2.333110
[2016.01.12-10.02.23:073][  0]LogInit: Version: 4.10.1-2791327+++depot+UE4-Releases+4.10
[2016.01.12-10.02.23:073][  0]LogInit: API Version: 2758231
[2016.01.12-10.02.23:073][  0]LogInit: Compiled (64-bit): Dec  4 2015 19:44:40
[2016.01.12-10.02.23:073][  0]LogInit: Compiled with Visual C++: 19.00.23026.00
[2016.01.12-10.02.23:073][  0]LogInit: Build Configuration: Development
[2016.01.12-10.02.23:073][  0]LogInit: Branch Name: ++depot+UE4-Releases+4.10
[2016.01.12-10.02.23:073][  0]LogInit: Command line:  
[2016.01.12-10.02.23:073][  0]LogInit: Base directory: C:/Program Files/unreal/Epic Games/4.10/Engine/Binaries/Win64/
[2016.01.12-10.02.23:073][  0]LogInit: Rocket: 1
[2016.01.12-10.02.23:193][  0]LogInit: Using libcurl 7.41.0
[2016.01.12-10.02.23:193][  0]LogInit:  - built for x86_64-pc-win32
[2016.01.12-10.02.23:193][  0]LogInit:  - supports SSL with WinSSL
[2016.01.12-10.02.23:193][  0]LogInit:  - other features:
[2016.01.12-10.02.23:193][  0]LogInit:      CURL_VERSION_SSL
[2016.01.12-10.02.23:193][  0]LogInit:      CURL_VERSION_IPV6
[2016.01.12-10.02.23:193][  0]LogInit:      CURL_VERSION_ASYNCHDNS
[2016.01.12-10.02.23:193][  0]LogInit:      CURL_VERSION_LARGEFILE
[2016.01.12-10.02.23:193][  0]LogInit:      CURL_VERSION_IDN
[2016.01.12-10.02.23:193][  0]LogInit:  CurlRequestOptions (configurable via config and command line):
[2016.01.12-10.02.23:193][  0]LogInit:  - bVerifyPeer = true  - Libcurl will verify peer certificate
[2016.01.12-10.02.23:193][  0]LogInit:  - bUseHttpProxy = false  - Libcurl will NOT use HTTP proxy
[2016.01.12-10.02.23:193][  0]LogInit:  - bDontReuseConnections = false  - Libcurl will reuse connections
[2016.01.12-10.02.23:193][  0]LogInit:  - CertBundlePath = nullptr  - Libcurl will use whatever was configured at build time.
[2016.01.12-10.02.23:380][  0]LogInit: Presizing for 0 objects not considered by GC, pre-allocating 0 bytes.
[2016.01.12-10.02.23:587][  0]LogInit: Object subsystem initialized
[2016.01.12-10.02.23:954][  0]LogInit: Selected Device Profile: [Windows]
[2016.01.12-10.02.23:954][  0]LogInit: Applying CVar settings loaded from the selected device profile: [Windows]
[2016.01.12-10.02.24:053][  0]LogInit: Computer: HP02-201
[2016.01.12-10.02.24:053][  0]LogInit: User: student
[2016.01.12-10.02.24:053][  0]LogInit: CPU Page size=4096, Cores=4
[2016.01.12-10.02.24:053][  0]LogInit: High frequency timer resolution =3.215350 MHz
[2016.01.12-10.02.24:053][  0]LogMemory: Memory total: Physical=7.9GB (8GB approx)
[2016.01.12-10.02.24:053][  0]LogMemory: Platform Memory Stats for Windows
[2016.01.12-10.02.24:053][  0]LogMemory: Process Physical Memory: 58.17 MB used, 58.17 MB peak
[2016.01.12-10.02.24:053][  0]LogMemory: Process Virtual Memory: 57.07 MB used, 57.07 MB peak
[2016.01.12-10.02.24:053][  0]LogMemory: Physical Memory: 2702.07 MB used, 8115.91 MB total
[2016.01.12-10.02.24:053][  0]LogMemory: Virtual Memory: 370.67 MB used, 134217728.00 MB total
[2016.01.12-10.02.25:274][  0]LogTextLocalizationManager: No translations for ('pl-PL') exist, falling back to 'en' for localization and internationalization data.
[2016.01.12-10.02.26:172][  0]LogD3D11RHI: Found D3D11 adapter 0: NVIDIA Quadro 1000M (Feature Level 11_0)
[2016.01.12-10.02.26:172][  0]LogD3D11RHI: Adapter has 1984MB of dedicated video memory, 0MB of dedicated system memory, and 4057MB of shared system memory, 1 output[s]
[2016.01.12-10.02.26:174][  0]LogD3D11RHI: Found D3D11 adapter 1: Microsoft Basic Render Driver (Feature Level 11_0)
[2016.01.12-10.02.26:174][  0]LogD3D11RHI: Adapter has 0MB of dedicated video memory, 0MB of dedicated system memory, and 4057MB of shared system memory, 0 output[s]
[2016.01.12-10.02.26:174][  0]LogD3D11RHI: Chosen D3D11 Adapter Id = 0
[2016.01.12-10.02.26:179][  0]LogD3D11RHI: !Direct3DDevice
[2016.01.12-10.02.26:179][  0]LogRHI: Texture pool is 1361 MB (70% of 1945 MB)
[2016.01.12-10.02.26:190][  0]LogD3D11RHI: Async texture creation enabled
[2016.01.12-10.02.26:356][  0]LogShaderCompilers: Guid format shader working directory is 10 characters bigger than the processId version (F:/UE ProjektyPC/Cialon/Projekt/Cialon/Intermediate/Shaders/WorkingDirectory/8716/).
[2016.01.12-10.02.26:357][  0]LogShaderCompilers: Cleaned the shader compiler working directory 'C:/Users/student/AppData/Local/Temp/UnrealShaderWorkingDir/FE8442C54DEB4CF49A584D97F6372EC0/'.
[2016.01.12-10.02.26:357][  0]LogShaderCompilers:Display: Using Local Shader Compiler.
[2016.01.12-10.02.31:550][  0]LogTemp:Display: Loaded TP AllDesktopTargetPlatform
[2016.01.12-10.02.31:556][  0]LogTemp:Display: Loaded TP WindowsClientTargetPlatform
[2016.01.12-10.02.31:562][  0]LogTemp:Display: Loaded TP WindowsNoEditorTargetPlatform
[2016.01.12-10.02.31:592][  0]LogTemp:Display: Loaded TP WindowsServerTargetPlatform
[2016.01.12-10.02.31:625][  0]LogTemp:Display: Loaded TP WindowsTargetPlatform
[2016.01.12-10.02.31:644][  0]LogTemp:Display: Loaded TP AndroidTargetPlatform
[2016.01.12-10.02.31:681][  0]LogTemp:Display: Loaded TP Android_ASTCTargetPlatform
[2016.01.12-10.02.31:698][  0]LogTemp:Display: Loaded TP Android_ATCTargetPlatform
[2016.01.12-10.02.31:715][  0]LogTemp:Display: Loaded TP Android_DXTTargetPlatform
[2016.01.12-10.02.31:733][  0]LogTemp:Display: Loaded TP Android_ETC1TargetPlatform
[2016.01.12-10.02.31:750][  0]LogTemp:Display: Loaded TP Android_ETC2TargetPlatform
[2016.01.12-10.02.31:820][  0]LogTemp:Display: Loaded TP Android_MultiTargetPlatform
[2016.01.12-10.02.31:820][  0]LogTemp:Display: Loaded TP Android_PVRTCTargetPlatform
[2016.01.12-10.02.31:848][  0]LogTemp:Display: Loaded TP HTML5TargetPlatform
[2016.01.12-10.02.31:945][  0]LogTemp:Display: Loaded TP IOSTargetPlatform
[2016.01.12-10.02.31:969][  0]LogTemp:Display: Loaded TP LinuxNoEditorTargetPlatform
[2016.01.12-10.02.31:986][  0]LogTemp:Display: Loaded TP LinuxServerTargetPlatform
[2016.01.12-10.02.32:147][  0]LogTemp:Display: Loaded TP LinuxTargetPlatform
[2016.01.12-10.02.32:147][  0]LogTargetPlatformManager:Display: Building Assets For Windows
[2016.01.12-10.02.32:839][  0]LogDerivedDataCache:Display: Max Cache Size: 512 MB
[2016.01.12-10.02.32:839][  0]LogDerivedDataCache:Display: Starting with empty Boot cache
[2016.01.12-10.02.32:839][  0]LogDerivedDataCache: FDerivedDataBackendGraph:  Pak pak cache file F:/UE ProjektyPC/Cialon/Projekt/Cialon/DerivedDataCache/DDC.ddp not found, will not use a pak cache.
[2016.01.12-10.02.32:839][  0]LogDerivedDataCache: Unable to find inner node Pak for hierarchical cache Hierarchy.
[2016.01.12-10.02.32:839][  0]LogDerivedDataCache: FDerivedDataBackendGraph:  CompressedPak pak cache file F:/UE ProjektyPC/Cialon/Projekt/Cialon/DerivedDataCache/Compressed.ddp not found, will not use a pak cache.
[2016.01.12-10.02.32:839][  0]LogDerivedDataCache: Unable to find inner node CompressedPak for hierarchical cache Hierarchy.
[2016.01.12-10.02.32:982][  0]LogDerivedDataCache:Display: Pak cache opened for reading ../../../Engine/DerivedDataCache/Compressed.ddp.
[2016.01.12-10.02.32:994][  0]LogDerivedDataCache: Using Local data cache path C:/Users/student/AppData/Local/UnrealEngine/Common/DerivedDataCache: Writable
[2016.01.12-10.02.37:871][  0]LogInit: Selected Device Profile: [Windows]
[2016.01.12-10.02.37:924][  0]LogContentStreaming: Texture pool size is 0.000000MB
[2016.01.12-10.02.38:730][  0]LogMeshUtilities: No automatic mesh reduction module available
[2016.01.12-10.02.38:730][  0]LogMeshUtilities: No automatic mesh merging module available
[2016.01.12-10.02.42:030][  0]LogInit: WinSock: version 1.1 (2.2), MaxSocks=32767, MaxUdp=65467
[2016.01.12-10.02.59:826][  0]UdpMessaging: Initializing bridge on interface 0.0.0.0:0 to multicast group 230.0.0.1:6666.
[2016.01.12-10.03.00:457][  0]LogAssetRegistry: FAssetRegistry took 0.0107 seconds to start up
[2016.01.12-10.03.02:968][  0]SourceControl: Info Source control is disabled
[2016.01.12-10.03.02:970][  0]SourceControl: Info Source control is disabled
[2016.01.12-10.03.03:090][  0]SourceControl: Info Source control is disabled
[2016.01.12-10.03.03:228][  0]SourceControl: Info Source control is disabled
[2016.01.12-10.03.05:516][  0]LogObj: 28633 objects as part of root set at end of initial load.
[2016.01.12-10.03.05:516][  0]LogUObjectAllocator: 6099744 out of 0 bytes used by permanent object pool.
[2016.01.12-10.03.06:286][  0]LogEngine: Initializing Engine...
[2016.01.12-10.03.06:312][  0]LogHMD: Can't find Oculus library dev build: is proper Runtime installed? Version: 0.8.0.0
[2016.01.12-10.03.06:480][  0]LogHMD: SteamVR failed to initialize.  Err: 110
[2016.01.12-10.03.08:034][  0]LogAIModule: Creating AISystem for world NewWorld
[2016.01.12-10.03.08:232][  0]LogInit: XAudio2 using 'Głośniki / Słuchawki (IDT High Definition Audio CODEC)' : 2 channels at 48 kHz using 32 bits per sample (channel mask 0x3)
[2016.01.12-10.03.08:304][  0]LogInit: FAudioDevice initialized.
[2016.01.12-10.03.08:325][  0]LogDerivedDataCache: Saved boot cache 0.02s 41MB C:/Users/student/AppData/Local/UnrealEngine/4.10/DerivedDataCache/Boot.ddc.
[2016.01.12-10.03.08:331][  0]LogInit: Texture streaming: Enabled
[2016.01.12-10.03.08:479][  0]LogAnalytics: Creating configured Analytics provider AnalyticsET
[2016.01.12-10.03.08:479][  0]LogAnalytics: [UEEditor.Rocket.Release] APIServer = http://et2.epicgames.com/ET2/. AppVersion = 4.10.1-2791327+++depot+UE4-Releases+4.10
[2016.01.12-10.03.08:479][  0]LogAnalytics: [UEEditor.Rocket.Release] SetUserId 7fc624b74d2869ad42650687e41d6443|3ee82303610d449197caf22d95a42cfa|f4818922-f3f6-432f-a7ea-214803ef4625
[2016.01.12-10.03.08:633][  0]LogAnalytics: [UEEditor.Rocket.Release] AnalyticsET::StartSession
[2016.01.12-10.03.09:295][  0]LogInit: Transaction tracking system initialized
[2016.01.12-10.03.11:619][  0]BlueprintLog: New page: Editor Load
[2016.01.12-10.03.24:304][  0]LocalizationService: Info Localization service is disabled
[2016.01.12-10.03.25:603][  0]LogConsoleResponse:Display: 
[2016.01.12-10.03.28:957][  0]LogFileCache: Scanning file cache for directory 'F:/UE ProjektyPC/Cialon/Projekt/Cialon/Content/' took 0.02s
[2016.01.12-10.03.28:957][  0]LogCook:Display: Done creating registry. It took  0.00s.
[2016.01.12-10.03.31:627][  0]SourceControl: Info Source control is disabled
[2016.01.12-10.03.31:689][  0]Cmd: MAP LOAD FILE="F:/UE ProjektyPC/Cialon/Projekt/Cialon/Content/LevelStartowy.umap" TEMPLATE=0 SHOWPROGRESS=1 FEATURELEVEL=3
[2016.01.12-10.03.31:829][  0]LightingResults: New page: Lighting Build
[2016.01.12-10.03.32:026][  0]MapCheck: New page: Map Check
[2016.01.12-10.03.32:026][  0]LightingResults: New page: Lighting Build
[2016.01.12-10.03.32:539][  0]LogParticles: Destroying 0 GPU particle simulations for FXSystem 0x000001CF0FF836A0
[2016.01.12-10.03.38:928][  0]LogMaterial: Missing cached shader map for material T_Wood_Walnut_Mat, compiling. 
[2016.01.12-10.03.39:453][  0]LogTexture:Display: Building textures: Texture2D_3 (BGRA8)
[2016.01.12-10.03.39:499][  0]LogTexture:Display: Building textures: HQ_Lightmap0_1 (AutoDXT)
[2016.01.12-10.03.40:055][  0]LogTexture:Display: Building textures: HQ_Lightmap0_10 (AutoDXT)
[2016.01.12-10.03.40:073][  0]LogTexture:Display: Building textures: HQ_Lightmap0_11 (AutoDXT)
[2016.01.12-10.03.40:098][  0]LogTexture:Display: Building textures: HQ_Lightmap0_12 (AutoDXT)
[2016.01.12-10.03.40:109][  0]LogTexture:Display: Building textures: HQ_Lightmap0_13 (AutoDXT)
[2016.01.12-10.03.40:112][  0]LogTexture:Display: Building textures: HQ_Lightmap0_14 (AutoDXT)
[2016.01.12-10.03.40:117][  0]LogTexture:Display: Building textures: HQ_Lightmap0_15 (AutoDXT)
[2016.01.12-10.03.40:120][  0]LogTexture:Display: Building textures: HQ_Lightmap0_16 (AutoDXT)
[2016.01.12-10.03.40:122][  0]LogTexture:Display: Building textures: HQ_Lightmap0_17 (AutoDXT)
[2016.01.12-10.03.40:124][  0]LogTexture:Display: Building textures: HQ_Lightmap0_18 (AutoDXT)
[2016.01.12-10.03.40:127][  0]LogTexture:Display: Building textures: HQ_Lightmap0_19 (AutoDXT)
[2016.01.12-10.03.40:129][  0]LogTexture:Display: Building textures: HQ_Lightmap0_20 (AutoDXT)
[2016.01.12-10.03.40:131][  0]LogTexture:Display: Building textures: HQ_Lightmap0_21 (AutoDXT)
[2016.01.12-10.03.40:134][  0]LogTexture:Display: Building textures: HQ_Lightmap0_22 (AutoDXT)
[2016.01.12-10.03.40:136][  0]LogTexture:Display: Building textures: HQ_Lightmap0_23 (AutoDXT)
[2016.01.12-10.03.40:140][  0]LogTexture:Display: Building textures: HQ_Lightmap0_24 (AutoDXT)
[2016.01.12-10.03.40:143][  0]LogTexture:Display: Building textures: HQ_Lightmap0_25 (AutoDXT)
[2016.01.12-10.03.40:145][  0]LogTexture:Display: Building textures: HQ_Lightmap0_26 (AutoDXT)
[2016.01.12-10.03.40:147][  0]LogTexture:Display: Building textures: HQ_Lightmap0_27 (AutoDXT)
[2016.01.12-10.03.40:150][  0]LogTexture:Display: Building textures: HQ_Lightmap0_28 (AutoDXT)
[2016.01.12-10.03.40:153][  0]LogTexture:Display: Building textures: HQ_Lightmap0_29 (AutoDXT)
[2016.01.12-10.03.40:160][  0]LogTexture:Display: Building textures: HQ_Lightmap0_3 (AutoDXT)
[2016.01.12-10.03.40:324][  0]LogTexture:Display: Building textures: HQ_Lightmap0_30 (AutoDXT)
[2016.01.12-10.03.40:327][  0]LogTexture:Display: Building textures: HQ_Lightmap0_31 (AutoDXT)
[2016.01.12-10.03.40:329][  0]LogTexture:Display: Building textures: HQ_Lightmap0_32 (AutoDXT)
[2016.01.12-10.03.40:332][  0]LogTexture:Display: Building textures: HQ_Lightmap0_33 (AutoDXT)
[2016.01.12-10.03.40:334][  0]LogTexture:Display: Building textures: HQ_Lightmap0_34 (AutoDXT)
[2016.01.12-10.03.40:336][  0]LogTexture:Display: Building textures: HQ_Lightmap0_35 (AutoDXT)
[2016.01.12-10.03.40:339][  0]LogTexture:Display: Building textures: HQ_Lightmap0_36 (AutoDXT)
[2016.01.12-10.03.40:341][  0]LogTexture:Display: Building textures: HQ_Lightmap0_37 (AutoDXT)
[2016.01.12-10.03.40:344][  0]LogTexture:Display: Building textures: HQ_Lightmap0_38 (AutoDXT)
[2016.01.12-10.03.40:355][  0]LogTexture:Display: Building textures: HQ_Lightmap0_39 (AutoDXT)
[2016.01.12-10.03.40:409][  0]LogTexture:Display: Building textures: HQ_Lightmap0_4 (AutoDXT)
[2016.01.12-10.03.40:716][  0]LogTexture:Display: Building textures: HQ_Lightmap0_40 (AutoDXT)
[2016.01.12-10.03.40:745][  0]LogTexture:Display: Building textures: HQ_Lightmap0_41 (AutoDXT)
[2016.01.12-10.03.40:771][  0]LogTexture:Display: Building textures: HQ_Lightmap0_42 (AutoDXT)
[2016.01.12-10.03.40:773][  0]LogTexture:Display: Building textures: HQ_Lightmap0_43 (AutoDXT)
[2016.01.12-10.03.40:775][  0]LogTexture:Display: Building textures: HQ_Lightmap0_44 (AutoDXT)
[2016.01.12-10.03.40:778][  0]LogTexture:Display: Building textures: HQ_Lightmap0_45 (AutoDXT)
[2016.01.12-10.03.40:781][  0]LogTexture:Display: Building textures: HQ_Lightmap0_46 (AutoDXT)
[2016.01.12-10.03.40:783][  0]LogTexture:Display: Building textures: HQ_Lightmap0_47 (AutoDXT)
[2016.01.12-10.03.40:800][  0]LogTexture:Display: Building textures: HQ_Lightmap0_48 (AutoDXT)
[2016.01.12-10.03.40:826][  0]LogTexture:Display: Building textures: HQ_Lightmap0_49 (AutoDXT)
[2016.01.12-10.03.40:849][  0]LogTexture:Display: Building textures: HQ_Lightmap0_5 (AutoDXT)
[2016.01.12-10.03.40:898][  0]LogTexture:Display: Building textures: HQ_Lightmap0_50 (AutoDXT)
[2016.01.12-10.03.40:917][  0]LogTexture:Display: Building textures: HQ_Lightmap0_51 (AutoDXT)
[2016.01.12-10.03.40:919][  0]LogTexture:Display: Building textures: HQ_Lightmap0_52 (AutoDXT)
[2016.01.12-10.03.40:920][  0]LogTexture:Display: Building textures: HQ_Lightmap0_53 (AutoDXT)
[2016.01.12-10.03.40:922][  0]LogTexture:Display: Building textures: HQ_Lightmap0_54 (AutoDXT)
[2016.01.12-10.03.40:924][  0]LogTexture:Display: Building textures: HQ_Lightmap0_55 (AutoDXT)
[2016.01.12-10.03.40:936][  0]LogTexture:Display: Building textures: HQ_Lightmap0_56 (AutoDXT)
[2016.01.12-10.03.40:960][  0]LogTexture:Display: Building textures: HQ_Lightmap0_57 (AutoDXT)
[2016.01.12-10.03.40:963][  0]LogTexture:Display: Building textures: HQ_Lightmap0_58 (AutoDXT)
[2016.01.12-10.03.40:982][  0]LogTexture:Display: Building textures: HQ_Lightmap0_59 (AutoDXT)
[2016.01.12-10.03.41:000][  0]LogTexture:Display: Building textures: HQ_Lightmap0_6 (AutoDXT)
[2016.01.12-10.03.41:050][  0]LogTexture:Display: Building textures: HQ_Lightmap0_60 (AutoDXT)
[2016.01.12-10.03.41:051][  0]LogTexture:Display: Building textures: HQ_Lightmap0_61 (AutoDXT)
[2016.01.12-10.03.41:053][  0]LogTexture:Display: Building textures: HQ_Lightmap0_62 (AutoDXT)
[2016.01.12-10.03.41:055][  0]LogTexture:Display: Building textures: HQ_Lightmap0_63 (AutoDXT)
[2016.01.12-10.03.41:058][  0]LogTexture:Display: Building textures: HQ_Lightmap0_64 (AutoDXT)
[2016.01.12-10.03.41:059][  0]LogTexture:Display: Building textures: HQ_Lightmap0_65 (AutoDXT)
[2016.01.12-10.03.41:062][  0]LogTexture:Display: Building textures: HQ_Lightmap0_66 (AutoDXT)
[2016.01.12-10.03.41:063][  0]LogTexture:Display: Building textures: HQ_Lightmap0_67 (AutoDXT)
[2016.01.12-10.03.41:065][  0]LogTexture:Display: Building textures: HQ_Lightmap0_68 (AutoDXT)
[2016.01.12-10.03.41:067][  0]LogTexture:Display: Building textures: HQ_Lightmap0_69 (AutoDXT)
[2016.01.12-10.03.41:069][  0]LogTexture:Display: Building textures: HQ_Lightmap0_7 (AutoDXT)
[2016.01.12-10.03.41:117][  0]LogTexture:Display: Building textures: HQ_Lightmap0_70 (AutoDXT)
[2016.01.12-10.03.41:119][  0]LogTexture:Display: Building textures: HQ_Lightmap0_71 (AutoDXT)
[2016.01.12-10.03.41:122][  0]LogTexture:Display: Building textures: HQ_Lightmap0_72 (AutoDXT)
[2016.01.12-10.03.41:123][  0]LogTexture:Display: Building textures: HQ_Lightmap0_8 (AutoDXT)
[2016.01.12-10.03.41:125][  0]LogTexture:Display: Building textures: HQ_Lightmap0_9 (AutoDXT)
[2016.01.12-10.03.41:140][  0]LogTexture:Display: Building textures: HQ_Lightmap1_2 (AutoDXT)
[2016.01.12-10.03.41:586][  0]LogTexture:Display: Building textures: LQ_Lightmap_0_1 (DXT1)
[2016.01.12-10.03.41:752][  0]LogTexture:Display: Building textures: LQ_Lightmap_0_10 (DXT1)
[2016.01.12-10.03.41:769][  0]LogTexture:Display: Building textures: LQ_Lightmap_0_11 (DXT1)
[2016.01.12-10.03.41:786][  0]LogTexture:Display: Building textures: LQ_Lightmap_0_12 (DXT1)
[2016.01.12-10.03.41:797][  0]LogTexture:Display: Building textures: LQ_Lightmap_0_13 (DXT1)
[2016.01.12-10.03.41:807][  0]LogTexture:Display: Building textures: LQ_Lightmap_0_14 (DXT1)
[2016.01.12-10.03.41:814][  0]LogTexture:Display: Building textures: LQ_Lightmap_0_15 (DXT1)
[2016.01.12-10.03.41:825][  0]LogTexture:Display: Building textures: LQ_Lightmap_0_16 (DXT1)
[2016.01.12-10.03.41:835][  0]LogTexture:Display: Building textures: LQ_Lightmap_0_17 (DXT1)
[2016.01.12-10.03.41:845][  0]LogTexture:Display: Building textures: LQ_Lightmap_0_18 (DXT1)
[2016.01.12-10.03.41:856][  0]LogTexture:Display: Building textures: LQ_Lightmap_0_19 (DXT1)
[2016.01.12-10.03.41:865][  0]LogTexture:Display: Building textures: LQ_Lightmap_0_20 (DXT1)
[2016.01.12-10.03.41:875][  0]LogTexture:Display: Building textures: LQ_Lightmap_0_21 (DXT1)
[2016.01.12-10.03.41:886][  0]LogTexture:Display: Building textures: LQ_Lightmap_0_22 (DXT1)
[2016.01.12-10.03.41:896][  0]LogTexture:Display: Building textures: LQ_Lightmap_0_23 (DXT1)
[2016.01.12-10.03.41:906][  0]LogTexture:Display: Building textures: LQ_Lightmap_0_24 (DXT1)
[2016.01.12-10.03.41:917][  0]LogTexture:Display: Building textures: LQ_Lightmap_0_25 (DXT1)
[2016.01.12-10.03.41:927][  0]LogTexture:Display: Building textures: LQ_Lightmap_0_26 (DXT1)
[2016.01.12-10.03.41:938][  0]LogTexture:Display: Building textures: LQ_Lightmap_0_27 (DXT1)
[2016.01.12-10.03.41:948][  0]LogTexture:Display: Building textures: LQ_Lightmap_0_28 (DXT1)
[2016.01.12-10.03.41:959][  0]LogTexture:Display: Building textures: LQ_Lightmap_0_29 (DXT1)
[2016.01.12-10.03.41:971][  0]LogTexture:Display: Building textures: LQ_Lightmap_0_3 (DXT1)
[2016.01.12-10.03.42:011][  0]LogTexture:Display: Building textures: LQ_Lightmap_0_30 (DXT1)
[2016.01.12-10.03.42:021][  0]LogTexture:Display: Building textures: LQ_Lightmap_0_31 (DXT1)
[2016.01.12-10.03.42:030][  0]LogTexture:Display: Building textures: LQ_Lightmap_0_32 (DXT1)
[2016.01.12-10.03.42:039][  0]LogTexture:Display: Building textures: LQ_Lightmap_0_33 (DXT1)
[2016.01.12-10.03.42:049][  0]LogTexture:Display: Building textures: LQ_Lightmap_0_34 (DXT1)
[2016.01.12-10.03.42:059][  0]LogTexture:Display: Building textures: LQ_Lightmap_0_35 (DXT1)
[2016.01.12-10.03.42:068][  0]LogTexture:Display: Building textures: LQ_Lightmap_0_36 (DXT1)
[2016.01.12-10.03.42:078][  0]LogTexture:Display: Building textures: LQ_Lightmap_0_37 (DXT1)
[2016.01.12-10.03.42:088][  0]LogTexture:Display: Building textures: LQ_Lightmap_0_38 (DXT1)
[2016.01.12-10.03.42:099][  0]LogTexture:Display: Building textures: LQ_Lightmap_0_39 (DXT1)
[2016.01.12-10.03.42:115][  0]LogTexture:Display: Building textures: LQ_Lightmap_0_4 (DXT1)
[2016.01.12-10.03.42:235][  0]LogTexture:Display: Building textures: LQ_Lightmap_0_40 (DXT1)
[2016.01.12-10.03.42:248][  0]LogTexture:Display: Building textures: LQ_Lightmap_0_41 (DXT1)
[2016.01.12-10.03.42:265][  0]LogTexture:Display: Building textures: LQ_Lightmap_0_42 (DXT1)
[2016.01.12-10.03.42:275][  0]LogTexture:Display: Building textures: LQ_Lightmap_0_43 (DXT1)
[2016.01.12-10.03.42:284][  0]LogTexture:Display: Building textures: LQ_Lightmap_0_44 (DXT1)
[2016.01.12-10.03.42:293][  0]LogTexture:Display: Building textures: LQ_Lightmap_0_45 (DXT1)
[2016.01.12-10.03.42:302][  0]LogTexture:Display: Building textures: LQ_Lightmap_0_46 (DXT1)
[2016.01.12-10.03.42:311][  0]LogTexture:Display: Building textures: LQ_Lightmap_0_47 (DXT1)
[2016.01.12-10.03.42:329][  0]LogTexture:Display: Building textures: LQ_Lightmap_0_48 (DXT1)
[2016.01.12-10.03.42:338][  0]LogTexture:Display: Building textures: LQ_Lightmap_0_49 (DXT1)
[2016.01.12-10.03.42:346][  0]LogTexture:Display: Building textures: LQ_Lightmap_0_5 (DXT1)
[2016.01.12-10.03.42:365][  0]LogTexture:Display: Building textures: LQ_Lightmap_0_50 (DXT1)
[2016.01.12-10.03.42:383][  0]LogTexture:Display: Building textures: LQ_Lightmap_0_51 (DXT1)
[2016.01.12-10.03.42:391][  0]LogTexture:Display: Building textures: LQ_Lightmap_0_52 (DXT1)
[2016.01.12-10.03.42:400][  0]LogTexture:Display: Building textures: LQ_Lightmap_0_53 (DXT1)
[2016.01.12-10.03.42:410][  0]LogTexture:Display: Building textures: LQ_Lightmap_0_54 (DXT1)
[2016.01.12-10.03.42:420][  0]LogTexture:Display: Building textures: LQ_Lightmap_0_55 (DXT1)
[2016.01.12-10.03.42:437][  0]LogTexture:Display: Building textures: LQ_Lightmap_0_56 (DXT1)
[2016.01.12-10.03.42:456][  0]LogTexture:Display: Building textures: LQ_Lightmap_0_57 (DXT1)
[2016.01.12-10.03.42:466][  0]LogTexture:Display: Building textures: LQ_Lightmap_0_58 (DXT1)
[2016.01.12-10.03.42:485][  0]LogTexture:Display: Building textures: LQ_Lightmap_0_59 (DXT1)
[2016.01.12-10.03.42:503][  0]LogTexture:Display: Building textures: LQ_Lightmap_0_6 (DXT1)
[2016.01.12-10.03.42:518][  0]LogTexture:Display: Building textures: LQ_Lightmap_0_60 (DXT1)
[2016.01.12-10.03.42:527][  0]LogTexture:Display: Building textures: LQ_Lightmap_0_61 (DXT1)
[2016.01.12-10.03.42:537][  0]LogTexture:Display: Building textures: LQ_Lightmap_0_62 (DXT1)
[2016.01.12-10.03.42:546][  0]LogTexture:Display: Building textures: LQ_Lightmap_0_63 (DXT1)
[2016.01.12-10.03.42:555][  0]LogTexture:Display: Building textures: LQ_Lightmap_0_64 (DXT1)
[2016.01.12-10.03.42:564][  0]LogTexture:Display: Building textures: LQ_Lightmap_0_65 (DXT1)
[2016.01.12-10.03.42:573][  0]LogTexture:Display: Building textures: LQ_Lightmap_0_66 (DXT1)
[2016.01.12-10.03.42:582][  0]LogTexture:Display: Building textures: LQ_Lightmap_0_67 (DXT1)
[2016.01.12-10.03.42:592][  0]LogTexture:Display: Building textures: LQ_Lightmap_0_68 (DXT1)
[2016.01.12-10.03.42:601][  0]LogTexture:Display: Building textures: LQ_Lightmap_0_69 (DXT1)
[2016.01.12-10.03.42:611][  0]LogTexture:Display: Building textures: LQ_Lightmap_0_7 (DXT1)
[2016.01.12-10.03.42:625][  0]LogTexture:Display: Building textures: LQ_Lightmap_0_70 (DXT1)
[2016.01.12-10.03.42:634][  0]LogTexture:Display: Building textures: LQ_Lightmap_0_71 (DXT1)
[2016.01.12-10.03.42:643][  0]LogTexture:Display: Building textures: LQ_Lightmap_0_72 (DXT1)
[2016.01.12-10.03.42:647][  0]LogTexture:Display: Building textures: LQ_Lightmap_0_8 (DXT1)
[2016.01.12-10.03.42:656][  0]LogTexture:Display: Building textures: LQ_Lightmap_0_9 (DXT1)
[2016.01.12-10.03.42:684][  0]LogTexture:Display: Building textures: LQ_Lightmap_1_2 (DXT1)
[2016.01.12-10.03.42:818][  0]LogTexture:Display: Building textures: SkyOcclusion1_1 (AutoDXT)
[2016.01.12-10.03.42:982][  0]LogTexture:Display: Building textures: SkyOcclusion1_10 (AutoDXT)
[2016.01.12-10.03.42:989][  0]LogTexture:Display: Building textures: SkyOcclusion1_11 (AutoDXT)
[2016.01.12-10.03.42:995][  0]LogTexture:Display: Building textures: SkyOcclusion1_12 (AutoDXT)
[2016.01.12-10.03.43:001][  0]LogTexture:Display: Building textures: SkyOcclusion1_13 (AutoDXT)
[2016.01.12-10.03.43:001][  0]LogTexture:Display: Building textures: SkyOcclusion1_14 (AutoDXT)
[2016.01.12-10.03.43:005][  0]LogTexture:Display: Building textures: SkyOcclusion1_15 (AutoDXT)
[2016.01.12-10.03.43:005][  0]LogTexture:Display: Building textures: SkyOcclusion1_16 (AutoDXT)
[2016.01.12-10.03.43:006][  0]LogTexture:Display: Building textures: SkyOcclusion1_17 (AutoDXT)
[2016.01.12-10.03.43:007][  0]LogTexture:Display: Building textures: SkyOcclusion1_18 (AutoDXT)
[2016.01.12-10.03.43:007][  0]LogTexture:Display: Building textures: SkyOcclusion1_19 (AutoDXT)
[2016.01.12-10.03.43:013][  0]LogTexture:Display: Building textures: SkyOcclusion1_2 (AutoDXT)
[2016.01.12-10.03.43:142][  0]LogTexture:Display: Building textures: SkyOcclusion1_20 (AutoDXT)
[2016.01.12-10.03.43:143][  0]LogTexture:Display: Building textures: SkyOcclusion1_21 (AutoDXT)
[2016.01.12-10.03.43:144][  0]LogTexture:Display: Building textures: SkyOcclusion1_22 (AutoDXT)
[2016.01.12-10.03.43:144][  0]LogTexture:Display: Building textures: SkyOcclusion1_23 (AutoDXT)
[2016.01.12-10.03.43:146][  0]LogTexture:Display: Building textures: SkyOcclusion1_24 (AutoDXT)
[2016.01.12-10.03.43:147][  0]LogTexture:Display: Building textures: SkyOcclusion1_25 (AutoDXT)
[2016.01.12-10.03.43:147][  0]LogTexture:Display: Building textures: SkyOcclusion1_26 (AutoDXT)
[2016.01.12-10.03.43:148][  0]LogTexture:Display: Building textures: SkyOcclusion1_27 (AutoDXT)
[2016.01.12-10.03.43:149][  0]LogTexture:Display: Building textures: SkyOcclusion1_28 (AutoDXT)
[2016.01.12-10.03.43:149][  0]LogTexture:Display: Building textures: SkyOcclusion1_29 (AutoDXT)
[2016.01.12-10.03.43:151][  0]LogTexture:Display: Building textures: SkyOcclusion1_3 (AutoDXT)
[2016.01.12-10.03.43:188][  0]LogTexture:Display: Building textures: SkyOcclusion1_30 (AutoDXT)
[2016.01.12-10.03.43:188][  0]LogTexture:Display: Building textures: SkyOcclusion1_31 (AutoDXT)
[2016.01.12-10.03.43:189][  0]LogTexture:Display: Building textures: SkyOcclusion1_32 (AutoDXT)
[2016.01.12-10.03.43:190][  0]LogTexture:Display: Building textures: SkyOcclusion1_33 (AutoDXT)
[2016.01.12-10.03.43:191][  0]LogTexture:Display: Building textures: SkyOcclusion1_34 (AutoDXT)
[2016.01.12-10.03.43:192][  0]LogTexture:Display: Building textures: SkyOcclusion1_35 (AutoDXT)
[2016.01.12-10.03.43:193][  0]LogTexture:Display: Building textures: SkyOcclusion1_36 (AutoDXT)
[2016.01.12-10.03.43:193][  0]LogTexture:Display: Building textures: SkyOcclusion1_37 (AutoDXT)
[2016.01.12-10.03.43:195][  0]LogTexture:Display: Building textures: SkyOcclusion1_38 (AutoDXT)
[2016.01.12-10.03.43:201][  0]LogTexture:Display: Building textures: SkyOcclusion1_39 (AutoDXT)
[2016.01.12-10.03.43:213][  0]LogTexture:Display: Building textures: SkyOcclusion1_4 (AutoDXT)
[2016.01.12-10.03.43:292][  0]LogTexture:Display: Building textures: SkyOcclusion1_40 (AutoDXT)
[2016.01.12-10.03.43:301][  0]LogTexture:Display: Building textures: SkyOcclusion1_41 (AutoDXT)
[2016.01.12-10.03.43:308][  0]LogTexture:Display: Building textures: SkyOcclusion1_42 (AutoDXT)
[2016.01.12-10.03.43:309][  0]LogTexture:Display: Building textures: SkyOcclusion1_43 (AutoDXT)
[2016.01.12-10.03.43:309][  0]LogTexture:Display: Building textures: SkyOcclusion1_44 (AutoDXT)
[2016.01.12-10.03.43:310][  0]LogTexture:Display: Building textures: SkyOcclusion1_45 (AutoDXT)
[2016.01.12-10.03.43:311][  0]LogTexture:Display: Building textures: SkyOcclusion1_46 (AutoDXT)
[2016.01.12-10.03.43:311][  0]LogTexture:Display: Building textures: SkyOcclusion1_47 (AutoDXT)
[2016.01.12-10.03.43:319][  0]LogTexture:Display: Building textures: SkyOcclusion1_48 (AutoDXT)
[2016.01.12-10.03.43:330][  0]LogTexture:Display: Building textures: SkyOcclusion1_49 (AutoDXT)
[2016.01.12-10.03.43:340][  0]LogTexture:Display: Building textures: SkyOcclusion1_5 (AutoDXT)
[2016.01.12-10.03.43:359][  0]LogTexture:Display: Building textures: SkyOcclusion1_50 (AutoDXT)
[2016.01.12-10.03.43:366][  0]LogTexture:Display: Building textures: SkyOcclusion1_51 (AutoDXT)
[2016.01.12-10.03.43:367][  0]LogTexture:Display: Building textures: SkyOcclusion1_52 (AutoDXT)
[2016.01.12-10.03.43:367][  0]LogTexture:Display: Building textures: SkyOcclusion1_53 (AutoDXT)
[2016.01.12-10.03.43:368][  0]LogTexture:Display: Building textures: SkyOcclusion1_54 (AutoDXT)
[2016.01.12-10.03.43:369][  0]LogTexture:Display: Building textures: SkyOcclusion1_55 (AutoDXT)
[2016.01.12-10.03.43:376][  0]LogTexture:Display: Building textures: SkyOcclusion1_56 (AutoDXT)
[2016.01.12-10.03.43:382][  0]LogTexture:Display: Building textures: SkyOcclusion1_57 (AutoDXT)
[2016.01.12-10.03.43:383][  0]LogTexture:Display: Building textures: SkyOcclusion1_58 (AutoDXT)
[2016.01.12-10.03.43:390][  0]LogTexture:Display: Building textures: SkyOcclusion1_59 (AutoDXT)
[2016.01.12-10.03.43:398][  0]LogTexture:Display: Building textures: SkyOcclusion1_6 (AutoDXT)
[2016.01.12-10.03.43:416][  0]LogTexture:Display: Building textures: SkyOcclusion1_60 (AutoDXT)
[2016.01.12-10.03.43:417][  0]LogTexture:Display: Building textures: SkyOcclusion1_61 (AutoDXT)
[2016.01.12-10.03.43:417][  0]LogTexture:Display: Building textures: SkyOcclusion1_62 (AutoDXT)
[2016.01.12-10.03.43:418][  0]LogTexture:Display: Building textures: SkyOcclusion1_63 (AutoDXT)
[2016.01.12-10.03.43:418][  0]LogTexture:Display: Building textures: SkyOcclusion1_64 (AutoDXT)
[2016.01.12-10.03.43:419][  0]LogTexture:Display: Building textures: SkyOcclusion1_65 (AutoDXT)
[2016.01.12-10.03.43:420][  0]LogTexture:Display: Building textures: SkyOcclusion1_66 (AutoDXT)
[2016.01.12-10.03.43:420][  0]LogTexture:Display: Building textures: SkyOcclusion1_67 (AutoDXT)
[2016.01.12-10.03.43:421][  0]LogTexture:Display: Building textures: SkyOcclusion1_68 (AutoDXT)
[2016.01.12-10.03.43:422][  0]LogTexture:Display: Building textures: SkyOcclusion1_69 (AutoDXT)
[2016.01.12-10.03.43:422][  0]LogTexture:Display: Building textures: SkyOcclusion1_7 (AutoDXT)
[2016.01.12-10.03.43:443][  0]LogTexture:Display: Building textures: SkyOcclusion1_70 (AutoDXT)
[2016.01.12-10.03.43:444][  0]LogTexture:Display: Building textures: SkyOcclusion1_71 (AutoDXT)
[2016.01.12-10.03.43:444][  0]LogTexture:Display: Building textures: SkyOcclusion1_72 (AutoDXT)
[2016.01.12-10.03.43:447][  0]LogTexture:Display: Building textures: SkyOcclusion1_8 (AutoDXT)
[2016.01.12-10.03.43:448][  0]LogTexture:Display: Building textures: SkyOcclusion1_9 (AutoDXT)
[2016.01.12-10.03.43:458][  0]LogTexture:Display: Building textures: ShadowMapTexture2D_0 (BGRA8)
[2016.01.12-10.03.43:492][  0]LogTexture:Display: Building textures: ShadowMapTexture2D_1 (BGRA8)
[2016.01.12-10.03.43:521][  0]LogTexture:Display: Building textures: ShadowMapTexture2D_10 (G8)
[2016.01.12-10.03.43:521][  0]LogTexture:Display: Building textures: ShadowMapTexture2D_11 (G8)
[2016.01.12-10.03.43:522][  0]LogTexture:Display: Building textures: ShadowMapTexture2D_12 (G8)
[2016.01.12-10.03.43:522][  0]LogTexture:Display: Building textures: ShadowMapTexture2D_13 (G8)
[2016.01.12-10.03.43:523][  0]LogTexture:Display: Building textures: ShadowMapTexture2D_14 (G8)
[2016.01.12-10.03.43:523][  0]LogTexture:Display: Building textures: ShadowMapTexture2D_15 (G8)
[2016.01.12-10.03.43:524][  0]LogTexture:Display: Building textures: ShadowMapTexture2D_16 (G8)
[2016.01.12-10.03.43:524][  0]LogTexture:Display: Building textures: ShadowMapTexture2D_17 (G8)
[2016.01.12-10.03.43:525][  0]LogTexture:Display: Building textures: ShadowMapTexture2D_18 (G8)
[2016.01.12-10.03.43:525][  0]LogTexture:Display: Building textures: ShadowMapTexture2D_19 (G8)
[2016.01.12-10.03.43:527][  0]LogTexture:Display: Building textures: ShadowMapTexture2D_2 (BGRA8)
[2016.01.12-10.03.43:533][  0]LogTexture:Display: Building textures: ShadowMapTexture2D_20 (G8)
[2016.01.12-10.03.43:533][  0]LogTexture:Display: Building textures: ShadowMapTexture2D_21 (G8)
[2016.01.12-10.03.43:534][  0]LogTexture:Display: Building textures: ShadowMapTexture2D_22 (G8)
[2016.01.12-10.03.43:534][  0]LogTexture:Display: Building textures: ShadowMapTexture2D_23 (G8)
[2016.01.12-10.03.43:535][  0]LogTexture:Display: Building textures: ShadowMapTexture2D_24 (G8)
[2016.01.12-10.03.43:536][  0]LogTexture:Display: Building textures: ShadowMapTexture2D_25 (G8)
[2016.01.12-10.03.43:537][  0]LogTexture:Display: Building textures: ShadowMapTexture2D_26 (G8)
[2016.01.12-10.03.43:537][  0]LogTexture:Display: Building textures: ShadowMapTexture2D_27 (G8)
[2016.01.12-10.03.43:538][  0]LogTexture:Display: Building textures: ShadowMapTexture2D_28 (G8)
[2016.01.12-10.03.43:539][  0]LogTexture:Display: Building textures: ShadowMapTexture2D_29 (G8)
[2016.01.12-10.03.43:540][  0]LogTexture:Display: Building textures: ShadowMapTexture2D_3 (BGRA8)
[2016.01.12-10.03.43:546][  0]LogTexture:Display: Building textures: ShadowMapTexture2D_30 (G8)
[2016.01.12-10.03.43:547][  0]LogTexture:Display: Building textures: ShadowMapTexture2D_31 (G8)
[2016.01.12-10.03.43:547][  0]LogTexture:Display: Building textures: ShadowMapTexture2D_32 (G8)
[2016.01.12-10.03.43:548][  0]LogTexture:Display: Building textures: ShadowMapTexture2D_33 (G8)
[2016.01.12-10.03.43:548][  0]LogTexture:Display: Building textures: ShadowMapTexture2D_34 (G8)
[2016.01.12-10.03.43:549][  0]LogTexture:Display: Building textures: ShadowMapTexture2D_35 (G8)
[2016.01.12-10.03.43:549][  0]LogTexture:Display: Building textures: ShadowMapTexture2D_36 (G8)
[2016.01.12-10.03.43:550][  0]LogTexture:Display: Building textures: ShadowMapTexture2D_37 (G8)
[2016.01.12-10.03.43:550][  0]LogTexture:Display: Building textures: ShadowMapTexture2D_38 (G8)
[2016.01.12-10.03.43:551][  0]LogTexture:Display: Building textures: ShadowMapTexture2D_39 (G8)
[2016.01.12-10.03.43:552][  0]LogTexture:Display: Building textures: ShadowMapTexture2D_4 (BGRA8)
[2016.01.12-10.03.43:553][  0]LogTexture:Display: Building textures: ShadowMapTexture2D_40 (G8)
[2016.01.12-10.03.43:554][  0]LogTexture:Display: Building textures: ShadowMapTexture2D_41 (G8)
[2016.01.12-10.03.43:554][  0]LogTexture:Display: Building textures: ShadowMapTexture2D_42 (G8)
[2016.01.12-10.03.43:554][  0]LogTexture:Display: Building textures: ShadowMapTexture2D_43 (G8)
[2016.01.12-10.03.43:555][  0]LogTexture:Display: Building textures: ShadowMapTexture2D_44 (G8)
[2016.01.12-10.03.43:555][  0]LogTexture:Display: Building textures: ShadowMapTexture2D_45 (G8)
[2016.01.12-10.03.43:556][  0]LogTexture:Display: Building textures: ShadowMapTexture2D_46 (G8)
[2016.01.12-10.03.43:556][  0]LogTexture:Display: Building textures: ShadowMapTexture2D_47 (G8)
[2016.01.12-10.03.43:557][  0]LogTexture:Display: Building textures: ShadowMapTexture2D_48 (G8)
[2016.01.12-10.03.43:557][  0]LogTexture:Display: Building textures: ShadowMapTexture2D_49 (G8)
[2016.01.12-10.03.43:558][  0]LogTexture:Display: Building textures: ShadowMapTexture2D_5 (BGRA8)
[2016.01.12-10.03.43:560][  0]LogTexture:Display: Building textures: ShadowMapTexture2D_50 (G8)
[2016.01.12-10.03.43:560][  0]LogTexture:Display: Building textures: ShadowMapTexture2D_51 (G8)
[2016.01.12-10.03.43:560][  0]LogTexture:Display: Building textures: ShadowMapTexture2D_52 (G8)
[2016.01.12-10.03.43:561][  0]LogTexture:Display: Building textures: ShadowMapTexture2D_53 (G8)
[2016.01.12-10.03.43:561][  0]LogTexture:Display: Building textures: ShadowMapTexture2D_54 (G8)
[2016.01.12-10.03.43:562][  0]LogTexture:Display: Building textures: ShadowMapTexture2D_55 (G8)
[2016.01.12-10.03.43:562][  0]LogTexture:Display: Building textures: ShadowMapTexture2D_56 (G8)
[2016.01.12-10.03.43:563][  0]LogTexture:Display: Building textures: ShadowMapTexture2D_57 (G8)
[2016.01.12-10.03.43:563][  0]LogTexture:Display: Building textures: ShadowMapTexture2D_58 (G8)
[2016.01.12-10.03.43:564][  0]LogTexture:Display: Building textures: ShadowMapTexture2D_59 (G8)
[2016.01.12-10.03.43:564][  0]LogTexture:Display: Building textures: ShadowMapTexture2D_6 (G8)
[2016.01.12-10.03.43:566][  0]LogTexture:Display: Building textures: ShadowMapTexture2D_60 (G8)
[2016.01.12-10.03.43:566][  0]LogTexture:Display: Building textures: ShadowMapTexture2D_61 (G8)
[2016.01.12-10.03.43:567][  0]LogTexture:Display: Building textures: ShadowMapTexture2D_62 (G8)
[2016.01.12-10.03.43:567][  0]LogTexture:Display: Building textures: ShadowMapTexture2D_63 (G8)
[2016.01.12-10.03.43:567][  0]LogTexture:Display: Building textures: ShadowMapTexture2D_64 (G8)
[2016.01.12-10.03.43:568][  0]LogTexture:Display: Building textures: ShadowMapTexture2D_65 (G8)
[2016.01.12-10.03.43:569][  0]LogTexture:Display: Building textures: ShadowMapTexture2D_66 (G8)
[2016.01.12-10.03.43:569][  0]LogTexture:Display: Building textures: ShadowMapTexture2D_67 (G8)
[2016.01.12-10.03.43:570][  0]LogTexture:Display: Building textures: ShadowMapTexture2D_68 (G8)
[2016.01.12-10.03.43:570][  0]LogTexture:Display: Building textures: ShadowMapTexture2D_69 (G8)
[2016.01.12-10.03.43:571][  0]LogTexture:Display: Building textures: ShadowMapTexture2D_7 (G8)
[2016.01.12-10.03.43:571][  0]LogTexture:Display: Building textures: ShadowMapTexture2D_70 (G8)
[2016.01.12-10.03.43:572][  0]LogTexture:Display: Building textures: ShadowMapTexture2D_71 (G8)
[2016.01.12-10.03.43:572][  0]LogTexture:Display: Building textures: ShadowMapTexture2D_8 (G8)
[2016.01.12-10.03.43:572][  0]LogTexture:Display: Building textures: ShadowMapTexture2D_9 (G8)
[2016.01.12-10.03.43:739][  0]LogAIModule: Creating AISystem for world LevelStartowy
[2016.01.12-10.03.46:264][  0]LogEditorServer: Finished looking for orphan Actors (0.000 secs)
[2016.01.12-10.03.46:265][  0]Cmd: MAP CHECKDEP NOCLEARLOG
[2016.01.12-10.03.46:343][  0]MapCheck: Info Map check complete: 0 Error(s), 0 Warning(s), took 78.503ms to complete.
[2016.01.12-10.03.46:343][  0]LogFileHelpers: Loading map 'LevelStartowy' took 14.683
[2016.01.12-10.03.46:495][  0]LogCollectionManager: Loaded 0 collections in 0.002791 seconds
[2016.01.12-10.03.46:537][  0]LogFileCache: Scanning file cache for directory 'F:/UE ProjektyPC/Cialon/Projekt/Cialon/Saved/Collections/' took 0.01s
[2016.01.12-10.03.46:537][  0]LogFileCache: Scanning file cache for directory 'F:/UE ProjektyPC/Cialon/Projekt/Cialon/Content/Developers/student/Collections/' took 0.01s
[2016.01.12-10.03.46:537][  0]LogFileCache: Scanning file cache for directory 'F:/UE ProjektyPC/Cialon/Projekt/Cialon/Content/Collections/' took 0.01s
[2016.01.12-10.03.46:537][  0]LogCollectionManager: Rebuilt the GUID cache for 0 collections in 0.000002 seconds
[2016.01.12-10.03.46:545][  0]LogContentBrowser: Native class hierarchy populated in 0.0078 seconds. Added 1893 classes and 338 folders.
[2016.01.12-10.03.46:553][  0]LogContentBrowser: Native class hierarchy updated for 'WidgetCarousel' in 0.0003 seconds. Added 0 classes and 0 folders.
[2016.01.12-10.03.52:931][  0]LogContentBrowser: Native class hierarchy updated for 'AddContentDialog' in 0.0007 seconds. Added 0 classes and 0 folders.
[2016.01.12-10.03.53:051][  0]LogContentBrowser: Native class hierarchy updated for 'SceneOutliner' in 0.0004 seconds. Added 1 classes and 2 folders.
[2016.01.12-10.03.53:720][  0]LogCrashTracker: Crashtracker disabled due to settings.
[2016.01.12-10.03.53:794][  0]LogUObjectGlobals:Warning: Failed to find object 'Class None.'
[2016.01.12-10.03.53:816][  0]LogLoad: Full Startup: 96.32 seconds (BP compile: 0.47 seconds)
[2016.01.12-10.03.54:182][  0]LogOcInput: Can't find Oculus library dev build: is proper Runtime installed? Version: 0.8.0.0
[2016.01.12-10.03.54:205][  0]LoadErrors:Error: Error /Game/LevelStartowy : Failed import for Function /Game/Blueprints/Lamp_Button.Lamp_Button_C:Button_Is_On__DelegateSignature
[2016.01.12-10.03.54:205][  0]LoadErrors:Error: Error /Game/LevelStartowy : Failed import for MulticastDelegateProperty /Game/Blueprints/Lamp_Button.Lamp_Button_C:Button_Is_On
[2016.01.12-10.03.54:697][  0]LogContentStreaming: Texture pool size now 1000 MB
[2016.01.12-10.03.55:331][  0]LogRenderer: Reallocating scene render targets to support 1400x808 (Frame:2).
[2016.01.12-10.03.55:591][  1]Cmd: UpdateLandscapeEditorData -warnings
[2016.01.12-10.03.57:362][  6]LogAssetRegistry: Asset discovery search completed in 56.9157 seconds
[2016.01.12-10.03.57:362][  6]LogCollectionManager: Rebuilt the object cache for 0 collections in 0.000001 seconds (found 0 objects)
[2016.01.12-10.03.57:362][  6]LogCollectionManager: Fixed up redirectors for 0 collections in 0.000025 seconds (updated 0 objects)
[2016.01.12-10.04.13:882][129]LogBlueprintUserMessages: Early PlayInEditor Detection: Level '/Game/LevelStartowy.LevelStartowy:PersistentLevel' has LevelScriptBlueprint '/Game/LevelStartowy.LevelStartowy:PersistentLevel.LevelStartowy' with GeneratedClass '/Game/LevelStartowy.LevelStartowy_C' with ClassGeneratedBy '/Game/LevelStartowy.LevelStartowy:PersistentLevel.LevelStartowy'
[2016.01.12-10.04.13:882][129]LogPlayLevel: PlayLevel: No blueprints needed recompiling
[2016.01.12-10.04.13:890][129]PIE: New page: PIE session: LevelStartowy (Jan 12, 2016, 12:04:13 PM)
[2016.01.12-10.04.13:890][129]LogPlayLevel: Creating play world package: /Game/UEDPIE_0_LevelStartowy
[2016.01.12-10.04.13:925][129]LogPlayLevel: PIE: StaticDuplicateObject took: (0.035091s)
[2016.01.12-10.04.13:926][129]LogAIModule: Creating AISystem for world LevelStartowy
[2016.01.12-10.04.13:926][129]LogPlayLevel: PIE: World Init took: (0.000768s)
[2016.01.12-10.04.13:926][129]LogPlayLevel: PIE: Created PIE world by copying editor world from /Game/LevelStartowy.LevelStartowy to /Game/UEDPIE_0_LevelStartowy.LevelStartowy (0.036079s)
[2016.01.12-10.04.13:958][129]LogInit: XAudio2 using 'Głośniki / Słuchawki (IDT High Definition Audio CODEC)' : 2 channels at 48 kHz using 32 bits per sample (channel mask 0x3)
[2016.01.12-10.04.13:975][129]LogInit: FAudioDevice initialized.
[2016.01.12-10.04.14:897][129]LogTexture:Display: Building textures: white (AutoDXT)
[2016.01.12-10.04.14:918][129]LogWorld: Game class is 'ThirdPersonGameMode_C'
[2016.01.12-10.04.14:935][129]LogWorld: Bringing World /Game/UEDPIE_0_LevelStartowy.LevelStartowy up for play (max tick rate 0) at 2016.01.12-11.04.14
[2016.01.12-10.04.14:935][129]LogActor:Warning: GameSession /Game/UEDPIE_0_LevelStartowy.LevelStartowy:PersistentLevel.GameSession_0 has natively added scene component(s), but none of them were set as the actor's RootComponent - picking one arbitrarily
[2016.01.12-10.04.14:936][129]LogActor:Warning: GameNetworkManager /Game/UEDPIE_0_LevelStartowy.LevelStartowy:PersistentLevel.GameNetworkManager_0 has natively added scene component(s), but none of them were set as the actor's RootComponent - picking one arbitrarily
[2016.01.12-10.04.14:936][129]LogWorld: Bringing up level for play took: 0.016283
[2016.01.12-10.04.15:001][129]PIE:Warning: Warning The widget 'GameHUD_C' was already added to the screen.
[2016.01.12-10.04.15:015][129]PIE: Info Play in editor start time for /Game/UEDPIE_0_LevelStartowy 1.873
[2016.01.12-10.04.15:016][129]LogBlueprintUserMessages: Late PlayInEditor Detection: Level '/Game/LevelStartowy.LevelStartowy:PersistentLevel' has LevelScriptBlueprint '/Game/LevelStartowy.LevelStartowy:PersistentLevel.LevelStartowy' with GeneratedClass '/Game/LevelStartowy.LevelStartowy_C' with ClassGeneratedBy '/Game/LevelStartowy.LevelStartowy:PersistentLevel.LevelStartowy'
[2016.01.12-10.04.29:579][313]LogBlueprintUserMessages: [Button_C_1] Hello
[2016.01.12-10.04.31:654][338]LogBlueprintUserMessages: [Button_C_1] Hello
[2016.01.12-10.04.32:594][351]LogBlueprintUserMessages: [Button_C_1] Hello
[2016.01.12-10.04.33:241][359]LogBlueprintUserMessages: [Button_C_1] Hello
[2016.01.12-10.04.33:739][366]LogBlueprintUserMessages: [Button_C_1] Hello
[2016.01.12-10.04.34:229][372]LogBlueprintUserMessages: [Button_C_1] Hello
[2016.01.12-10.04.34:665][378]LogBlueprintUserMessages: [Button_C_1] Hello
[2016.01.12-10.04.35:318][386]LogBlueprintUserMessages: [Button_C_1] Hello
[2016.01.12-10.04.49:561][583]LogBlueprintUserMessages: Early EndPlayMap Detection: Level '/Game/LevelStartowy.LevelStartowy:PersistentLevel' has LevelScriptBlueprint '/Game/LevelStartowy.LevelStartowy:PersistentLevel.LevelStartowy' with GeneratedClass '/Game/LevelStartowy.LevelStartowy_C' with ClassGeneratedBy '/Game/LevelStartowy.LevelStartowy:PersistentLevel.LevelStartowy'
[2016.01.12-10.04.49:680][583]LogBlueprintUserMessages: Late EndPlayMap Detection: Level '/Game/LevelStartowy.LevelStartowy:PersistentLevel' has LevelScriptBlueprint '/Game/LevelStartowy.LevelStartowy:PersistentLevel.LevelStartowy' with GeneratedClass '/Game/LevelStartowy.LevelStartowy_C' with ClassGeneratedBy '/Game/LevelStartowy.LevelStartowy:PersistentLevel.LevelStartowy'
[2016.01.12-10.04.49:680][583]LogActorComponent: UnregisterComponent: (/Engine/Transient.CharMoveComp) Not registered. Aborting.
[2016.01.12-10.04.49:707][583]LogParticles: Destroying 0 GPU particle simulations for FXSystem 0x000001CF1BAF5A80
[2016.01.12-10.05.16:383][900]LogBlueprintUserMessages: Early PlayInEditor Detection: Level '/Game/LevelStartowy.LevelStartowy:PersistentLevel' has LevelScriptBlueprint '/Game/LevelStartowy.LevelStartowy:PersistentLevel.LevelStartowy' with GeneratedClass '/Game/LevelStartowy.LevelStartowy_C' with ClassGeneratedBy '/Game/LevelStartowy.LevelStartowy:PersistentLevel.LevelStartowy'
[2016.01.12-10.05.16:383][900]LogPlayLevel: PlayLevel: No blueprints needed recompiling
[2016.01.12-10.05.16:383][900]PIE: New page: PIE session: LevelStartowy (Jan 12, 2016, 12:05:16 PM)
[2016.01.12-10.05.16:383][900]LogPlayLevel: Creating play world package: /Game/UEDPIE_0_LevelStartowy
[2016.01.12-10.05.16:416][900]LogPlayLevel: PIE: StaticDuplicateObject took: (0.033414s)
[2016.01.12-10.05.16:417][900]LogAIModule: Creating AISystem for world LevelStartowy
[2016.01.12-10.05.16:417][900]LogPlayLevel: PIE: World Init took: (0.000860s)
[2016.01.12-10.05.16:417][900]LogPlayLevel: PIE: Created PIE world by copying editor world from /Game/LevelStartowy.LevelStartowy to /Game/UEDPIE_0_LevelStartowy.LevelStartowy (0.034492s)
[2016.01.12-10.05.16:449][900]LogInit: XAudio2 using 'Głośniki / Słuchawki (IDT High Definition Audio CODEC)' : 2 channels at 48 kHz using 32 bits per sample (channel mask 0x3)
[2016.01.12-10.05.16:466][900]LogInit: FAudioDevice initialized.
[2016.01.12-10.05.16:504][900]LogWorld: Game class is 'ThirdPersonGameMode_C'
[2016.01.12-10.05.16:533][900]LogWorld: Bringing World /Game/UEDPIE_0_LevelStartowy.LevelStartowy up for play (max tick rate 0) at 2016.01.12-11.05.16
[2016.01.12-10.05.16:533][900]LogActor:Warning: GameSession /Game/UEDPIE_0_LevelStartowy.LevelStartowy:PersistentLevel.GameSession_1 has natively added scene component(s), but none of them were set as the actor's RootComponent - picking one arbitrarily
[2016.01.12-10.05.16:533][900]LogActor:Warning: GameNetworkManager /Game/UEDPIE_0_LevelStartowy.LevelStartowy:PersistentLevel.GameNetworkManager_1 has natively added scene component(s), but none of them were set as the actor's RootComponent - picking one arbitrarily
[2016.01.12-10.05.16:534][900]LogWorld: Bringing up level for play took: 0.027997
[2016.01.12-10.05.16:539][900]PIE:Warning: Warning The widget 'GameHUD_C' was already added to the screen.
[2016.01.12-10.05.16:539][900]PIE: Info Play in editor start time for /Game/UEDPIE_0_LevelStartowy -0.604
[2016.01.12-10.05.16:539][900]LogBlueprintUserMessages: Late PlayInEditor Detection: Level '/Game/LevelStartowy.LevelStartowy:PersistentLevel' has LevelScriptBlueprint '/Game/LevelStartowy.LevelStartowy:PersistentLevel.LevelStartowy' with GeneratedClass '/Game/LevelStartowy.LevelStartowy_C' with ClassGeneratedBy '/Game/LevelStartowy.LevelStartowy:PersistentLevel.LevelStartowy'
[2016.01.12-10.05.35:901][159]LogBlueprintUserMessages: Early EndPlayMap Detection: Level '/Game/LevelStartowy.LevelStartowy:PersistentLevel' has LevelScriptBlueprint '/Game/LevelStartowy.LevelStartowy:PersistentLevel.LevelStartowy' with GeneratedClass '/Game/LevelStartowy.LevelStartowy_C' with ClassGeneratedBy '/Game/LevelStartowy.LevelStartowy:PersistentLevel.LevelStartowy'
[2016.01.12-10.05.36:012][159]LogBlueprintUserMessages: Late EndPlayMap Detection: Level '/Game/LevelStartowy.LevelStartowy:PersistentLevel' has LevelScriptBlueprint '/Game/LevelStartowy.LevelStartowy:PersistentLevel.LevelStartowy' with GeneratedClass '/Game/LevelStartowy.LevelStartowy_C' with ClassGeneratedBy '/Game/LevelStartowy.LevelStartowy:PersistentLevel.LevelStartowy'
[2016.01.12-10.05.36:052][159]LogParticles: Destroying 0 GPU particle simulations for FXSystem 0x000001CF107B9F80
[2016.01.12-10.06.21:932][623]LogLinker:Warning: Asset '../../../Engine/Content/ArtTools/RenderToTexture/Macros/RenderToTextureMacros.uasset' has been saved with empty engine version. The asset will be loaded but may be incompatible.
[2016.01.12-10.06.22:538][623]LogContentBrowser: Native class hierarchy updated for 'BlueprintGraph' in 0.0008 seconds. Added 107 classes and 0 folders.
[2016.01.12-10.16.31:767][457]LogSlate:Warning: Prevented a slow task dialog from being summoned while a context menu was open
[2016.01.12-10.16.31:801][457]LogSynthBenchmark:Display: FSynthBenchmark (V0.95):  requested WorkScale=1.00
[2016.01.12-10.16.31:801][457]LogSynthBenchmark:Display: ===============
[2016.01.12-10.16.31:801][457]LogSynthBenchmark:Display: Main Processor:
[2016.01.12-10.16.31:861][457]LogSynthBenchmark:Display:          ... 0.037132 s/Run 'RayIntersect'
[2016.01.12-10.16.31:861][457]LogSynthBenchmark:Display:          ... 0.023282 s/Run 'Fractal'
[2016.01.12-10.16.31:861][457]LogSynthBenchmark:Display: 
[2016.01.12-10.16.31:861][457]LogSynthBenchmark:Display:   CompiledTarget_x_Bits: 64
[2016.01.12-10.16.31:861][457]LogSynthBenchmark:Display:   UE_BUILD_SHIPPING: 0
[2016.01.12-10.16.31:861][457]LogSynthBenchmark:Display:   UE_BUILD_TEST: 0
[2016.01.12-10.16.31:861][457]LogSynthBenchmark:Display:   UE_BUILD_DEBUG: 0
[2016.01.12-10.16.31:861][457]LogSynthBenchmark:Display:   TotalPhysicalGBRam: 8
[2016.01.12-10.16.31:861][457]LogSynthBenchmark:Display:   NumberOfCores (physical): 4
[2016.01.12-10.16.31:862][457]LogSynthBenchmark:Display:   NumberOfCores (logical): 8
[2016.01.12-10.16.31:862][457]LogSynthBenchmark:Display:   CPU Perf Index 0: 69.0
[2016.01.12-10.16.31:862][457]LogSynthBenchmark:Display:   CPU Perf Index 1: 122.8
[2016.01.12-10.16.31:862][457]LogSynthBenchmark:Display:  
[2016.01.12-10.16.31:862][457]LogSynthBenchmark:Display: Graphics:
[2016.01.12-10.16.31:862][457]LogSynthBenchmark:Display:   Adapter Name: 'NVIDIA Quadro 1000M'
[2016.01.12-10.16.31:862][457]LogSynthBenchmark:Display:   (On Optimus the name might be wrong, memory should be ok)
[2016.01.12-10.16.31:862][457]LogSynthBenchmark:Display:   Vendor Id: 0x10de
[2016.01.12-10.16.31:862][457]LogSynthBenchmark:Display:   GPU Memory: 1985/0/4058 MB
[2016.01.12-10.16.31:979][457]LogSynthBenchmark:Display:   GPU first test: 0.02s
[2016.01.12-10.16.31:979][457]LogSynthBenchmark:Display:          ... 0.475 GigaPix/s, Confidence=100% 'ALUHeavyNoise' (likely to be very inaccurate)
[2016.01.12-10.16.31:979][457]LogSynthBenchmark:Display:          ... 0.532 GigaPix/s, Confidence=89% 'TexHeavy' (likely to be very inaccurate)
[2016.01.12-10.16.31:979][457]LogSynthBenchmark:Display:          ... 0.372 GigaPix/s, Confidence=100% 'DepTexHeavy' (likely to be very inaccurate)
[2016.01.12-10.16.31:979][457]LogSynthBenchmark:Display:          ... 1.482 GigaPix/s, Confidence=100% 'FillOnly' (likely to be very inaccurate)
[2016.01.12-10.16.31:979][457]LogSynthBenchmark:Display:          ... 0.086 GigaPix/s, Confidence=100% 'Bandwidth' (likely to be very inaccurate)
[2016.01.12-10.16.32:138][457]LogSynthBenchmark:Display:   GPU second test: 0.15s
[2016.01.12-10.16.32:138][457]LogSynthBenchmark:Display:          ... 0.579 GigaPix/s, Confidence=100% 'ALUHeavyNoise' (likely to be inaccurate)
[2016.01.12-10.16.32:138][457]LogSynthBenchmark:Display:          ... 0.672 GigaPix/s, Confidence=100% 'TexHeavy' (likely to be inaccurate)
[2016.01.12-10.16.32:138][457]LogSynthBenchmark:Display:          ... 0.411 GigaPix/s, Confidence=100% 'DepTexHeavy' (likely to be inaccurate)
[2016.01.12-10.16.32:138][457]LogSynthBenchmark:Display:          ... 2.537 GigaPix/s, Confidence=100% 'FillOnly' (likely to be inaccurate)
[2016.01.12-10.16.32:138][457]LogSynthBenchmark:Display:          ... 0.083 GigaPix/s, Confidence=89% 'Bandwidth' (likely to be inaccurate)
[2016.01.12-10.16.32:138][457]LogSynthBenchmark:Display:          ... 0.579 GigaPix/s, Confidence=100% 'ALUHeavyNoise'
[2016.01.12-10.16.32:138][457]LogSynthBenchmark:Display:          ... 0.672 GigaPix/s, Confidence=100% 'TexHeavy'
[2016.01.12-10.16.32:138][457]LogSynthBenchmark:Display:          ... 0.411 GigaPix/s, Confidence=100% 'DepTexHeavy'
[2016.01.12-10.16.32:138][457]LogSynthBenchmark:Display:          ... 2.537 GigaPix/s, Confidence=100% 'FillOnly'
[2016.01.12-10.16.32:138][457]LogSynthBenchmark:Display:          ... 0.083 GigaPix/s, Confidence=89% 'Bandwidth'
[2016.01.12-10.16.32:138][457]LogSynthBenchmark:Display: 
[2016.01.12-10.16.32:138][457]LogSynthBenchmark:Display:   GPU Perf Index 0: 12.6
[2016.01.12-10.16.32:138][457]LogSynthBenchmark:Display:   GPU Perf Index 1: 9.0
[2016.01.12-10.16.32:138][457]LogSynthBenchmark:Display:   GPU Perf Index 2: 10.7
[2016.01.12-10.16.32:138][457]LogSynthBenchmark:Display:   GPU Perf Index 3: 10.0
[2016.01.12-10.16.32:138][457]LogSynthBenchmark:Display:   GPU Perf Index 4: 7.7
[2016.01.12-10.16.32:138][457]LogSynthBenchmark:Display:   CPUIndex: 69.0
[2016.01.12-10.16.32:138][457]LogSynthBenchmark:Display:   GPUIndex: 12.6
[2016.01.12-10.16.32:138][457]LogSynthBenchmark:Display: 
[2016.01.12-10.16.32:138][457]LogSynthBenchmark:Display:          ... Total Time: 0.337480 sec
[2016.01.12-10.16.32:424][458]LogRenderer: Reallocating scene render targets to support 1400x808 (Frame:8804).
[2016.01.12-10.16.32:574][460]LogContentStreaming: Texture pool size now 200 MB
[2016.01.12-10.17.28:047][804]LogActorComponent: UnregisterComponent: (/Engine/Transient.CharMoveComp) Not registered. Aborting.
[2016.01.12-10.17.28:097][804]LogParticles: Destroying 0 GPU particle simulations for FXSystem 0x000001CF4CE47D80
[2016.01.12-10.17.28:098][804]LogParticles: Destroying 0 GPU particle simulations for FXSystem 0x000001CF4CE47B00
[2016.01.12-10.17.28:100][804]LogParticles: Destroying 0 GPU particle simulations for FXSystem 0x000001CF2E4196C0
[2016.01.12-10.17.28:101][804]LogParticles: Destroying 0 GPU particle simulations for FXSystem 0x000001CF51FF40E0
[2016.01.12-10.17.28:104][804]LogFileHelpers: Editor autosave (incl. sublevels) for '/Game/LevelStartowy' took 0.057
[2016.01.12-10.17.28:136][804]OBJ SavePackage: Generating thumbnails for [1] asset(s) in package [/Game/Blueprints/Button] ([1] browsable assets)...
[2016.01.12-10.17.28:167][804]OBJ SavePackage:     Rendered thumbnail for [Blueprint /Game/Blueprints/Button.Button]
[2016.01.12-10.17.28:167][804]OBJ SavePackage: Finished generating thumbnails for package [/Game/Blueprints/Button]
[2016.01.12-10.17.28:167][804]Cmd: OBJ SAVEPACKAGE PACKAGE="/Game/Blueprints/Button" FILE="F:/UE ProjektyPC/Cialon/Projekt/Cialon/Saved/Autosaves/Game/Blueprints/Button_Auto1.uasset" SILENT=false AUTOSAVING=true
[2016.01.12-10.17.28:600][804]LogSavePackage: Save=156.071655ms
[2016.01.12-10.17.28:600][804]LogSavePackage: Moving 'F:/UE ProjektyPC/Cialon/Projekt/Cialon/Saved/Button_Auto1F72BD3E9454DD50037A21D9AD894BDDC.tmp' to 'F:/UE ProjektyPC/Cialon/Projekt/Cialon/Saved/Autosaves/Game/Blueprints/Button_Auto1.uasset'
[2016.01.12-10.17.28:610][804]LogSavePackage: Total save time: 432.196803ms
[2016.01.12-10.17.28:610][804]LogSavePackage:Display: Finished SavePackage F:/UE ProjektyPC/Cialon/Projekt/Cialon/Saved/Autosaves/Game/Blueprints/Button_Auto1.uasset
[2016.01.12-10.17.28:610][804]LogFileHelpers: Auto-saving content packages took 0.504
[2016.01.12-10.29.06:915][114]BlueprintLog: New page: Compile Chest
[2016.01.12-10.29.07:409][114]Cmd: OBJ SAVEPACKAGE PACKAGE="/Game/Blueprints/Button" FILE="F:/UE ProjektyPC/Cialon/Projekt/Cialon/Content/Blueprints/Button.uasset" SILENT=true
[2016.01.12-10.29.07:484][114]LogSavePackage: Save=61.772125ms
[2016.01.12-10.29.07:485][114]LogSavePackage: Moving 'F:/UE ProjektyPC/Cialon/Projekt/Cialon/Saved/Button93210D944A4ADE5BAA9793A0254C0117.tmp' to 'F:/UE ProjektyPC/Cialon/Projekt/Cialon/Content/Blueprints/Button.uasset'
[2016.01.12-10.29.07:489][114]LogSavePackage: Total save time: 76.205391ms
[2016.01.12-10.29.07:489][114]LogSavePackage:Display: Finished SavePackage F:/UE ProjektyPC/Cialon/Projekt/Cialon/Content/Blueprints/Button.uasset
[2016.01.12-10.29.07:510][114]Cmd: OBJ SAVEPACKAGE PACKAGE="/Game/Blueprints/Chest" FILE="F:/UE ProjektyPC/Cialon/Projekt/Cialon/Content/Blueprints/Chest.uasset" SILENT=true
[2016.01.12-10.29.07:574][114]LogSavePackage: Save=52.237236ms
[2016.01.12-10.29.07:574][114]LogSavePackage: Moving 'F:/UE ProjektyPC/Cialon/Projekt/Cialon/Saved/Chest1F88FEDD4197A23AF804A288FDDDAC1C.tmp' to 'F:/UE ProjektyPC/Cialon/Projekt/Cialon/Content/Blueprints/Chest.uasset'
[2016.01.12-10.29.07:577][114]LogSavePackage: Total save time: 65.496758ms
[2016.01.12-10.29.07:578][114]LogSavePackage:Display: Finished SavePackage F:/UE ProjektyPC/Cialon/Projekt/Cialon/Content/Blueprints/Chest.uasset
[2016.01.12-10.29.07:589][114]BlueprintEditorCompileResults: Info [1610.08] Compile of Chest successful! [in 666 ms]
[2016.01.12-10.29.09:972][203]LogBlueprintUserMessages: Early PlayInEditor Detection: Level '/Game/LevelStartowy.LevelStartowy:PersistentLevel' has LevelScriptBlueprint '/Game/LevelStartowy.LevelStartowy:PersistentLevel.LevelStartowy' with GeneratedClass '/Game/LevelStartowy.LevelStartowy_C' with ClassGeneratedBy '/Game/LevelStartowy.LevelStartowy:PersistentLevel.LevelStartowy'
[2016.01.12-10.29.09:972][203]LogPlayLevel: PlayLevel: No blueprints needed recompiling
[2016.01.12-10.29.09:972][203]PIE: New page: PIE session: LevelStartowy (Jan 12, 2016, 12:29:09 PM)
[2016.01.12-10.29.09:972][203]LogPlayLevel: Creating play world package: /Game/UEDPIE_0_LevelStartowy
[2016.01.12-10.29.10:007][203]LogPlayLevel: PIE: StaticDuplicateObject took: (0.034535s)
[2016.01.12-10.29.10:007][203]LogAIModule: Creating AISystem for world LevelStartowy
[2016.01.12-10.29.10:008][203]LogPlayLevel: PIE: World Init took: (0.000884s)
[2016.01.12-10.29.10:008][203]LogPlayLevel: PIE: Created PIE world by copying editor world from /Game/LevelStartowy.LevelStartowy to /Game/UEDPIE_0_LevelStartowy.LevelStartowy (0.035636s)
[2016.01.12-10.29.10:057][203]LogInit: XAudio2 using 'Głośniki / Słuchawki (IDT High Definition Audio CODEC)' : 2 channels at 48 kHz using 32 bits per sample (channel mask 0x3)
[2016.01.12-10.29.10:169][203]LogInit: FAudioDevice initialized.
[2016.01.12-10.29.10:215][203]LogWorld: Game class is 'ThirdPersonGameMode_C'
[2016.01.12-10.29.10:239][203]LogWorld: Bringing World /Game/UEDPIE_0_LevelStartowy.LevelStartowy up for play (max tick rate 0) at 2016.01.12-11.29.10
[2016.01.12-10.29.10:239][203]LogActor:Warning: GameSession /Game/UEDPIE_0_LevelStartowy.LevelStartowy:PersistentLevel.GameSession_2 has natively added scene component(s), but none of them were set as the actor's RootComponent - picking one arbitrarily
[2016.01.12-10.29.10:239][203]LogActor:Warning: GameNetworkManager /Game/UEDPIE_0_LevelStartowy.LevelStartowy:PersistentLevel.GameNetworkManager_2 has natively added scene component(s), but none of them were set as the actor's RootComponent - picking one arbitrarily
[2016.01.12-10.29.10:240][203]LogWorld: Bringing up level for play took: 0.022413
[2016.01.12-10.29.10:245][203]PIE:Warning: Warning The widget 'GameHUD_C' was already added to the screen.
[2016.01.12-10.29.10:245][203]PIE: Info Play in editor start time for /Game/UEDPIE_0_LevelStartowy 1.103
[2016.01.12-10.29.10:246][203]LogBlueprintUserMessages: Late PlayInEditor Detection: Level '/Game/LevelStartowy.LevelStartowy:PersistentLevel' has LevelScriptBlueprint '/Game/LevelStartowy.LevelStartowy:PersistentLevel.LevelStartowy' with GeneratedClass '/Game/LevelStartowy.LevelStartowy_C' with ClassGeneratedBy '/Game/LevelStartowy.LevelStartowy:PersistentLevel.LevelStartowy'
[2016.01.12-10.29.30:805][814]LogBlueprintUserMessages: Early EndPlayMap Detection: Level '/Game/LevelStartowy.LevelStartowy:PersistentLevel' has LevelScriptBlueprint '/Game/LevelStartowy.LevelStartowy:PersistentLevel.LevelStartowy' with GeneratedClass '/Game/LevelStartowy.LevelStartowy_C' with ClassGeneratedBy '/Game/LevelStartowy.LevelStartowy:PersistentLevel.LevelStartowy'
[2016.01.12-10.29.30:877][814]LogBlueprintUserMessages: Late EndPlayMap Detection: Level '/Game/LevelStartowy.LevelStartowy:PersistentLevel' has LevelScriptBlueprint '/Game/LevelStartowy.LevelStartowy:PersistentLevel.LevelStartowy' with GeneratedClass '/Game/LevelStartowy.LevelStartowy_C' with ClassGeneratedBy '/Game/LevelStartowy.LevelStartowy:PersistentLevel.LevelStartowy'
[2016.01.12-10.29.30:926][814]LogParticles: Destroying 0 GPU particle simulations for FXSystem 0x000001CF36FDD3A0
[2016.01.12-10.30.05:973][846]LogSlate:Warning: Prevented a slow task dialog from being summoned while a context menu was open
[2016.01.12-10.30.09:481][942]LogProperty:Warning: ObjectProperty /Script/Engine.EdGraphPin:LinkedTo.LinkedTo: unresolved reference to 'EdGraphPin'K2Node_MacroInstance_26.EdGraphPin_26780''
[2016.01.12-10.30.18:290][226]BlueprintLog: New page: Compile ThirdPersonCharacter
[2016.01.12-10.30.18:410][226]LogActorComponent: UnregisterComponent: (/Engine/Transient.CharMoveComp) Not registered. Aborting.
[2016.01.12-10.30.18:498][226]Cmd: OBJ SAVEPACKAGE PACKAGE="/Game/ThirdPersonBP/Blueprints/ThirdPersonCharacter" FILE="F:/UE ProjektyPC/Cialon/Projekt/Cialon/Content/ThirdPersonBP/Blueprints/ThirdPersonCharacter.uasset" SILENT=true
[2016.01.12-10.30.18:630][226]LogSavePackage: Save=111.472160ms
[2016.01.12-10.30.18:631][226]LogSavePackage: Moving 'F:/UE ProjektyPC/Cialon/Projekt/Cialon/Saved/ThirdPersonCharacterF09898AA417B4CE3B760FA9FD4EEC09D.tmp' to 'F:/UE ProjektyPC/Cialon/Projekt/Cialon/Content/ThirdPersonBP/Blueprints/ThirdPersonCharacter.uasset'
[2016.01.12-10.30.18:634][226]LogSavePackage: Total save time: 126.345187ms
[2016.01.12-10.30.18:635][226]LogSavePackage:Display: Finished SavePackage F:/UE ProjektyPC/Cialon/Projekt/Cialon/Content/ThirdPersonBP/Blueprints/ThirdPersonCharacter.uasset
[2016.01.12-10.30.18:638][226]BlueprintEditorCompileResults: Info [1681.14] Compile of ThirdPersonCharacter successful! [in 347 ms]
[2016.01.12-10.30.20:399][276]LogBlueprintUserMessages: Early PlayInEditor Detection: Level '/Game/LevelStartowy.LevelStartowy:PersistentLevel' has LevelScriptBlueprint '/Game/LevelStartowy.LevelStartowy:PersistentLevel.LevelStartowy' with GeneratedClass '/Game/LevelStartowy.LevelStartowy_C' with ClassGeneratedBy '/Game/LevelStartowy.LevelStartowy:PersistentLevel.LevelStartowy'
[2016.01.12-10.30.20:399][276]BlueprintLog: New page: Pre-Play auto-recompile
[2016.01.12-10.30.20:403][276]LogActorComponent: UnregisterComponent: (/Engine/Transient.CharMoveComp) Not registered. Aborting.
[2016.01.12-10.30.20:408][276]LogPlayLevel: [PlayLevel] Compiling Chest before play...
[2016.01.12-10.30.20:547][276]Cmd: OBJ SAVEPACKAGE PACKAGE="/Game/Blueprints/Chest" FILE="F:/UE ProjektyPC/Cialon/Projekt/Cialon/Content/Blueprints/Chest.uasset" SILENT=true
[2016.01.12-10.30.20:647][276]LogSavePackage: Save=66.485138ms
[2016.01.12-10.30.20:647][276]LogSavePackage: Moving 'F:/UE ProjektyPC/Cialon/Projekt/Cialon/Saved/ChestC451786C46FA2F0F7D8A3695F46BEB94.tmp' to 'F:/UE ProjektyPC/Cialon/Projekt/Cialon/Content/Blueprints/Chest.uasset'
[2016.01.12-10.30.20:650][276]LogSavePackage: Total save time: 83.846547ms
[2016.01.12-10.30.20:650][276]LogSavePackage:Display: Finished SavePackage F:/UE ProjektyPC/Cialon/Projekt/Cialon/Content/Blueprints/Chest.uasset
[2016.01.12-10.30.20:653][276]LogPlayLevel: PlayLevel: Blueprint regeneration took 253 ms (2 blueprints)
[2016.01.12-10.30.20:653][276]LogPlayLevel: [PlayLevel] Compiling LevelStartowy before play...
[2016.01.12-10.30.20:701][276]LogPlayLevel: PlayLevel: Blueprint regeneration took 302 ms (2 blueprints)
[2016.01.12-10.30.20:730][276]PIE: New page: PIE session: LevelStartowy (Jan 12, 2016, 12:30:20 PM)
[2016.01.12-10.30.20:730][276]LogPlayLevel: Creating play world package: /Game/UEDPIE_0_LevelStartowy
[2016.01.12-10.30.20:764][276]LogPlayLevel: PIE: StaticDuplicateObject took: (0.033252s)
[2016.01.12-10.30.20:764][276]LogAIModule: Creating AISystem for world LevelStartowy
[2016.01.12-10.30.20:765][276]LogPlayLevel: PIE: World Init took: (0.000961s)
[2016.01.12-10.30.20:765][276]LogPlayLevel: PIE: Created PIE world by copying editor world from /Game/LevelStartowy.LevelStartowy to /Game/UEDPIE_0_LevelStartowy.LevelStartowy (0.034439s)
[2016.01.12-10.30.20:793][276]LogInit: XAudio2 using 'Głośniki / Słuchawki (IDT High Definition Audio CODEC)' : 2 channels at 48 kHz using 32 bits per sample (channel mask 0x3)
[2016.01.12-10.30.20:810][276]LogInit: FAudioDevice initialized.
[2016.01.12-10.30.20:843][276]LogWorld: Game class is 'ThirdPersonGameMode_C'
[2016.01.12-10.30.20:859][276]LogWorld: Bringing World /Game/UEDPIE_0_LevelStartowy.LevelStartowy up for play (max tick rate 0) at 2016.01.12-11.30.20
[2016.01.12-10.30.20:859][276]LogActor:Warning: GameSession /Game/UEDPIE_0_LevelStartowy.LevelStartowy:PersistentLevel.GameSession_3 has natively added scene component(s), but none of them were set as the actor's RootComponent - picking one arbitrarily
[2016.01.12-10.30.20:859][276]LogActor:Warning: GameNetworkManager /Game/UEDPIE_0_LevelStartowy.LevelStartowy:PersistentLevel.GameNetworkManager_3 has natively added scene component(s), but none of them were set as the actor's RootComponent - picking one arbitrarily
[2016.01.12-10.30.20:860][276]LogWorld: Bringing up level for play took: 0.015763
[2016.01.12-10.30.20:865][276]PIE:Warning: Warning The widget 'GameHUD_C' was already added to the screen.
[2016.01.12-10.30.20:865][276]PIE: Info Play in editor start time for /Game/UEDPIE_0_LevelStartowy -0.278
[2016.01.12-10.30.20:865][276]LogBlueprintUserMessages: Late PlayInEditor Detection: Level '/Game/LevelStartowy.LevelStartowy:PersistentLevel' has LevelScriptBlueprint '/Game/LevelStartowy.LevelStartowy:PersistentLevel.LevelStartowy' with GeneratedClass '/Game/LevelStartowy.LevelStartowy_C' with ClassGeneratedBy '/Game/LevelStartowy.LevelStartowy:PersistentLevel.LevelStartowy'
[2016.01.12-10.30.26:116][411]LogBlueprintUserMessages: Early EndPlayMap Detection: Level '/Game/LevelStartowy.LevelStartowy:PersistentLevel' has LevelScriptBlueprint '/Game/LevelStartowy.LevelStartowy:PersistentLevel.LevelStartowy' with GeneratedClass '/Game/LevelStartowy.LevelStartowy_C' with ClassGeneratedBy '/Game/LevelStartowy.LevelStartowy:PersistentLevel.LevelStartowy'
[2016.01.12-10.30.26:183][411]LogBlueprintUserMessages: Late EndPlayMap Detection: Level '/Game/LevelStartowy.LevelStartowy:PersistentLevel' has LevelScriptBlueprint '/Game/LevelStartowy.LevelStartowy:PersistentLevel.LevelStartowy' with GeneratedClass '/Game/LevelStartowy.LevelStartowy_C' with ClassGeneratedBy '/Game/LevelStartowy.LevelStartowy:PersistentLevel.LevelStartowy'
[2016.01.12-10.30.26:238][411]LogParticles: Destroying 0 GPU particle simulations for FXSystem 0x000001CF4CC4FA60
[2016.01.12-10.31.30:540][239]Cmd: OBJ SAVEPACKAGE PACKAGE="/Game/LevelStartowy" FILE="F:/UE ProjektyPC/Cialon/Projekt/Cialon/Saved/Autosaves/Game/LevelStartowy_Auto2.umap" SILENT=true AUTOSAVING=true KEEPDIRTY=false
[2016.01.12-10.31.32:198][239]LogSavePackage: Save=1127.824951ms
[2016.01.12-10.31.32:199][239]LogSavePackage: Moving 'F:/UE ProjektyPC/Cialon/Projekt/Cialon/Saved/LevelStartowy_Auto200FEC21849985F617B638BA8E689C23B.tmp' to 'F:/UE ProjektyPC/Cialon/Projekt/Cialon/Saved/Autosaves/Game/LevelStartowy_Auto2.umap'
[2016.01.12-10.31.32:202][239]LogSavePackage: Total save time: 1646.918997ms
[2016.01.12-10.31.32:202][239]LogSavePackage:Display: Finished SavePackage F:/UE ProjektyPC/Cialon/Projekt/Cialon/Saved/Autosaves/Game/LevelStartowy_Auto2.umap
[2016.01.12-10.31.32:211][239]LogFileHelpers: Editor autosave (incl. sublevels) for '/Game/LevelStartowy' took 1.718
[2016.01.12-10.31.32:211][239]LogFileHelpers: Editor autosave (incl. sublevels) for all levels took 1.718
[2016.01.12-10.33.40:440][827]Cmd: OBJ SAVEPACKAGE PACKAGE="/Game/LevelStartowy" FILE="F:/UE ProjektyPC/Cialon/Projekt/Cialon/Content/LevelStartowy.umap" SILENT=true AUTOSAVING=false KEEPDIRTY=false
[2016.01.12-10.33.41:403][827]LogSavePackage: Save=928.912537ms
[2016.01.12-10.33.41:405][827]LogSavePackage: Moving 'F:/UE ProjektyPC/Cialon/Projekt/Cialon/Saved/LevelStartowy78D0F77D48DAE78098F3FCB7622B2195.tmp' to 'F:/UE ProjektyPC/Cialon/Projekt/Cialon/Content/LevelStartowy.umap'
[2016.01.12-10.33.41:444][827]LogSavePackage: Total save time: 976.067923ms
[2016.01.12-10.33.41:444][827]LogSavePackage:Display: Finished SavePackage F:/UE ProjektyPC/Cialon/Projekt/Cialon/Content/LevelStartowy.umap
[2016.01.12-10.33.41:478][827]LogFileHelpers: Saving map 'LevelStartowy' took 1.121
[2016.01.12-10.33.57:473][322]LogActorComponent: UnregisterComponent: (/Engine/Transient.CharMoveComp) Not registered. Aborting.
[2016.01.12-10.33.57:544][322]Cmd: OBJ SAVEPACKAGE PACKAGE="/Game/ThirdPersonBP/Blueprints/ThirdPersonCharacter" FILE="F:/UE ProjektyPC/Cialon/Projekt/Cialon/Content/ThirdPersonBP/Blueprints/ThirdPersonCharacter.uasset" SILENT=true
[2016.01.12-10.33.57:666][322]LogSavePackage: Save=111.488640ms
[2016.01.12-10.33.57:666][322]LogSavePackage: Moving 'F:/UE ProjektyPC/Cialon/Projekt/Cialon/Saved/ThirdPersonCharacter7D5592BF48C4E4C4180AC1834A47FF14.tmp' to 'F:/UE ProjektyPC/Cialon/Projekt/Cialon/Content/ThirdPersonBP/Blueprints/ThirdPersonCharacter.uasset'
[2016.01.12-10.33.57:669][322]LogSavePackage: Total save time: 121.384609ms
[2016.01.12-10.33.57:669][322]LogSavePackage:Display: Finished SavePackage F:/UE ProjektyPC/Cialon/Projekt/Cialon/Content/ThirdPersonBP/Blueprints/ThirdPersonCharacter.uasset
[2016.01.12-10.33.59:419][378]Cmd: OBJ SAVEPACKAGE PACKAGE="/Game/LevelStartowy" FILE="F:/UE ProjektyPC/Cialon/Projekt/Cialon/Content/LevelStartowy.umap" SILENT=true AUTOSAVING=false KEEPDIRTY=false
[2016.01.12-10.33.59:422][378]LogActorComponent: UnregisterComponent: (/Engine/Transient.CharMoveComp) Not registered. Aborting.
[2016.01.12-10.34.00:421][378]LogSavePackage: Save=965.446350ms
[2016.01.12-10.34.00:421][378]LogSavePackage: Moving 'F:/UE ProjektyPC/Cialon/Projekt/Cialon/Saved/LevelStartowyEF61071F4D4CBC98232344946ABAF46E.tmp' to 'F:/UE ProjektyPC/Cialon/Projekt/Cialon/Content/LevelStartowy.umap'
[2016.01.12-10.34.00:425][378]LogSavePackage: Total save time: 976.597883ms
[2016.01.12-10.34.00:425][378]LogSavePackage:Display: Finished SavePackage F:/UE ProjektyPC/Cialon/Projekt/Cialon/Content/LevelStartowy.umap
[2016.01.12-10.34.02:115][431]BlueprintLog: New page: Compile ThirdPersonCharacter
[2016.01.12-10.34.02:272][431]BlueprintEditorCompileResults: Info [1904.77] Compile of ThirdPersonCharacter successful! [in 156 ms]
[2016.01.12-10.34.04:529][519]LogBlueprintUserMessages: Early PlayInEditor Detection: Level '/Game/LevelStartowy.LevelStartowy:PersistentLevel' has LevelScriptBlueprint '/Game/LevelStartowy.LevelStartowy:PersistentLevel.LevelStartowy' with GeneratedClass '/Game/LevelStartowy.LevelStartowy_C' with ClassGeneratedBy '/Game/LevelStartowy.LevelStartowy:PersistentLevel.LevelStartowy'
[2016.01.12-10.34.04:529][519]LogPlayLevel: PlayLevel: No blueprints needed recompiling
[2016.01.12-10.34.04:529][519]PIE: New page: PIE session: LevelStartowy (Jan 12, 2016, 12:34:04 PM)
[2016.01.12-10.34.04:529][519]LogPlayLevel: Creating play world package: /Game/UEDPIE_0_LevelStartowy
[2016.01.12-10.34.04:562][519]LogPlayLevel: PIE: StaticDuplicateObject took: (0.033252s)
[2016.01.12-10.34.04:563][519]LogAIModule: Creating AISystem for world LevelStartowy
[2016.01.12-10.34.04:563][519]LogPlayLevel: PIE: World Init took: (0.001060s)
[2016.01.12-10.34.04:564][519]LogPlayLevel: PIE: Created PIE world by copying editor world from /Game/LevelStartowy.LevelStartowy to /Game/UEDPIE_0_LevelStartowy.LevelStartowy (0.034559s)
[2016.01.12-10.34.04:564][519]LogActorComponent: UnregisterComponent: (/Engine/Transient.CharMoveComp) Not registered. Aborting.
[2016.01.12-10.34.04:596][519]LogInit: XAudio2 using 'Głośniki / Słuchawki (IDT High Definition Audio CODEC)' : 2 channels at 48 kHz using 32 bits per sample (channel mask 0x3)
[2016.01.12-10.34.04:613][519]LogInit: FAudioDevice initialized.
[2016.01.12-10.34.04:648][519]LogWorld: Game class is 'ThirdPersonGameMode_C'
[2016.01.12-10.34.04:680][519]LogWorld: Bringing World /Game/UEDPIE_0_LevelStartowy.LevelStartowy up for play (max tick rate 0) at 2016.01.12-11.34.04
[2016.01.12-10.34.04:680][519]LogActor:Warning: GameSession /Game/UEDPIE_0_LevelStartowy.LevelStartowy:PersistentLevel.GameSession_4 has natively added scene component(s), but none of them were set as the actor's RootComponent - picking one arbitrarily
[2016.01.12-10.34.04:680][519]LogActor:Warning: GameNetworkManager /Game/UEDPIE_0_LevelStartowy.LevelStartowy:PersistentLevel.GameNetworkManager_4 has natively added scene component(s), but none of them were set as the actor's RootComponent - picking one arbitrarily
[2016.01.12-10.34.04:681][519]LogWorld: Bringing up level for play took: 0.030793
[2016.01.12-10.34.04:685][519]PIE:Warning: Warning The widget 'GameHUD_C' was already added to the screen.
[2016.01.12-10.34.04:686][519]PIE: Info Play in editor start time for /Game/UEDPIE_0_LevelStartowy -0.457
[2016.01.12-10.34.04:686][519]LogBlueprintUserMessages: Late PlayInEditor Detection: Level '/Game/LevelStartowy.LevelStartowy:PersistentLevel' has LevelScriptBlueprint '/Game/LevelStartowy.LevelStartowy:PersistentLevel.LevelStartowy' with GeneratedClass '/Game/LevelStartowy.LevelStartowy_C' with ClassGeneratedBy '/Game/LevelStartowy.LevelStartowy:PersistentLevel.LevelStartowy'
[2016.01.12-10.34.09:389][687]LogBlueprintUserMessages: Early EndPlayMap Detection: Level '/Game/LevelStartowy.LevelStartowy:PersistentLevel' has LevelScriptBlueprint '/Game/LevelStartowy.LevelStartowy:PersistentLevel.LevelStartowy' with GeneratedClass '/Game/LevelStartowy.LevelStartowy_C' with ClassGeneratedBy '/Game/LevelStartowy.LevelStartowy:PersistentLevel.LevelStartowy'
[2016.01.12-10.34.09:447][687]LogBlueprintUserMessages: Late EndPlayMap Detection: Level '/Game/LevelStartowy.LevelStartowy:PersistentLevel' has LevelScriptBlueprint '/Game/LevelStartowy.LevelStartowy:PersistentLevel.LevelStartowy' with GeneratedClass '/Game/LevelStartowy.LevelStartowy_C' with ClassGeneratedBy '/Game/LevelStartowy.LevelStartowy:PersistentLevel.LevelStartowy'
[2016.01.12-10.34.09:489][687]LogParticles: Destroying 0 GPU particle simulations for FXSystem 0x000001CF4CF4FF60
[2016.01.12-10.34.17:224][ 43]LogActorComponent: UnregisterComponent: (/Engine/Transient.EditorFloorComp) Not registered. Aborting.
[2016.01.12-10.34.17:717][ 44]Cmd: QUIT_EDITOR
[2016.01.12-10.34.18:525][ 44]LogWindowsTextInputMethodSystem:Display: IME system now deactivated.
[2016.01.12-10.34.18:635][ 44]LogExit: Preparing to exit.
[2016.01.12-10.34.19:761][ 44]LogExit: Editor shut down
[2016.01.12-10.34.19:762][ 44]LogExit: Transaction tracking system shut down
[2016.01.12-10.34.19:811][ 44]LogParticles: Destroying 0 GPU particle simulations for FXSystem 0x000001CF1611B740
[2016.01.12-10.34.19:815][ 44]LogParticles: Destroying 0 GPU particle simulations for FXSystem 0x000001CF1AA34AE0
[2016.01.12-10.34.19:816][ 44]LogParticles: Destroying 0 GPU particle simulations for FXSystem 0x000001CF1C38CE00
[2016.01.12-10.34.19:816][ 44]LogParticles: Destroying 0 GPU particle simulations for FXSystem 0x000001CF1AA354E0
[2016.01.12-10.34.19:818][ 44]LogParticles: Destroying 0 GPU particle simulations for FXSystem 0x000001CF27910860
[2016.01.12-10.34.19:818][ 44]LogParticles: Destroying 0 GPU particle simulations for FXSystem 0x000001CF2901E520
[2016.01.12-10.34.21:055][ 44]LogExit: Object subsystem successfully closed.
[2016.01.12-10.34.21:217][ 44]LogD3D11RHI: Shutdown
[2016.01.12-10.34.21:217][ 44]LogD3D11RHI: CleanupD3DDevice
[2016.01.12-10.34.21:273][ 44]LogD3D11RHI: ~FD3D11DynamicRHI
[2016.01.12-10.34.21:937][ 44]LogModuleManager: Shutting down and abandoning module CookingStats (203)
[2016.01.12-10.34.21:937][ 44]LogModuleManager: Shutting down and abandoning module SynthBenchmark (202)
[2016.01.12-10.34.21:937][ 44]LogModuleManager: Shutting down and abandoning module ExternalImagePicker (201)
[2016.01.12-10.34.21:937][ 44]LogModuleManager: Shutting down and abandoning module SequencerWidgets (200)
[2016.01.12-10.34.21:937][ 44]LogModuleManager: Shutting down and abandoning module BlueprintGraph (199)
[2016.01.12-10.34.21:937][ 44]LogModuleManager: Shutting down and abandoning module CrashTracker (198)
[2016.01.12-10.34.21:937][ 44]LogModuleManager: Shutting down and abandoning module SceneOutliner (197)
[2016.01.12-10.34.21:937][ 44]LogModuleManager: Shutting down and abandoning module SuperSearch (196)
[2016.01.12-10.34.21:937][ 44]LogModuleManager: Shutting down and abandoning module WidgetCarousel (195)
[2016.01.12-10.34.21:941][ 44]LogModuleManager: Shutting down and abandoning module AddContentDialog (194)
[2016.01.12-10.34.21:964][ 44]LogModuleManager: Shutting down and abandoning module EditorWidgets (193)
[2016.01.12-10.34.21:964][ 44]LogModuleManager: Shutting down and abandoning module CollectionManager (192)
[2016.01.12-10.34.21:983][ 44]LogModuleManager: Shutting down and abandoning module StatsViewer (191)
[2016.01.12-10.34.21:995][ 44]LogModuleManager: Shutting down and abandoning module FoliageEdit (190)
[2016.01.12-10.34.21:996][ 44]LogModuleManager: Shutting down and abandoning module LandscapeEditor (189)
[2016.01.12-10.34.22:016][ 44]LogModuleManager: Shutting down and abandoning module ActorPickerMode (188)
[2016.01.12-10.34.22:016][ 44]LogModuleManager: Shutting down and abandoning module GeometryMode (187)
[2016.01.12-10.34.22:017][ 44]LogModuleManager: Shutting down and abandoning module TextureAlignMode (186)
[2016.01.12-10.34.22:017][ 44]LogModuleManager: Shutting down and abandoning module BspMode (185)
[2016.01.12-10.34.22:017][ 44]LogModuleManager: Shutting down and abandoning module PlacementMode (184)
[2016.01.12-10.34.22:017][ 44]LogModuleManager: Shutting down and abandoning module AutomationWorker (183)
[2016.01.12-10.34.22:017][ 44]LogModuleManager: Shutting down and abandoning module CharacterAI (182)
[2016.01.12-10.34.22:017][ 44]LogModuleManager: Shutting down and abandoning module SmartSnapping (181)
[2016.01.12-10.34.22:017][ 44]LogModuleManager: Shutting down and abandoning module ViewportSnapping (180)
[2016.01.12-10.34.22:017][ 44]LogModuleManager: Shutting down and abandoning module LogVisualizer (179)
[2016.01.12-10.34.22:038][ 44]LogModuleManager: Shutting down and abandoning module GameProjectGeneration (178)
[2016.01.12-10.34.22:060][ 44]LogModuleManager: Shutting down and abandoning module IntroTutorials (177)
[2016.01.12-10.34.22:079][ 44]LogModuleManager: Shutting down and abandoning module EditorLiveStreaming (176)
[2016.01.12-10.34.22:079][ 44]LogModuleManager: Shutting down and abandoning module IOSPlatformEditor (175)
[2016.01.12-10.34.22:088][ 44]LogModuleManager: Shutting down and abandoning module HTML5PlatformEditor (174)
[2016.01.12-10.34.22:088][ 44]LogModuleManager: Shutting down and abandoning module AndroidDeviceDetection (173)
[2016.01.12-10.34.22:124][ 44]LogModuleManager: Shutting down and abandoning module AndroidPlatformEditor (172)
[2016.01.12-10.34.22:124][ 44]LogModuleManager: Shutting down and abandoning module IOSRuntimeSettings (171)
[2016.01.12-10.34.22:124][ 44]LogModuleManager: Shutting down and abandoning module AndroidRuntimeSettings (170)
[2016.01.12-10.34.22:124][ 44]LogModuleManager: Shutting down and abandoning module MergeActors (169)
[2016.01.12-10.34.22:135][ 44]LogModuleManager: Shutting down and abandoning module SizeMap (168)
[2016.01.12-10.34.22:135][ 44]LogModuleManager: Shutting down and abandoning module TreeMap (167)
[2016.01.12-10.34.22:144][ 44]LogModuleManager: Shutting down and abandoning module ReferenceViewer (166)
[2016.01.12-10.34.22:144][ 44]LogModuleManager: Shutting down and abandoning module LocalizationService (165)
[2016.01.12-10.34.22:144][ 44]LogModuleManager: Shutting down and abandoning module LocalizationDashboard (164)
[2016.01.12-10.34.22:150][ 44]LogModuleManager: Shutting down and abandoning module HardwareTargeting (163)
[2016.01.12-10.34.22:150][ 44]LogModuleManager: Shutting down and abandoning module DeviceProfileEditor (162)
[2016.01.12-10.34.22:169][ 44]LogModuleManager: Shutting down and abandoning module UndoHistory (161)
[2016.01.12-10.34.22:180][ 44]LogModuleManager: Shutting down and abandoning module GameplayTagsEditor (160)
[2016.01.12-10.34.22:188][ 44]LogModuleManager: Shutting down and abandoning module UserFeedback (159)
[2016.01.12-10.34.22:188][ 44]LogModuleManager: Shutting down and abandoning module XmlParser (158)
[2016.01.12-10.34.22:188][ 44]LogModuleManager: Shutting down and abandoning module Blutility (157)
[2016.01.12-10.34.22:188][ 44]LogModuleManager: Shutting down and abandoning module ProjectTargetPlatformEditor (156)
[2016.01.12-10.34.22:210][ 44]LogModuleManager: Shutting down and abandoning module ProjectSettingsViewer (155)
[2016.01.12-10.34.22:210][ 44]LogModuleManager: Shutting down and abandoning module InputBindingEditor (154)
[2016.01.12-10.34.22:265][ 44]LogModuleManager: Shutting down and abandoning module EditorSettingsViewer (153)
[2016.01.12-10.34.22:265][ 44]LogModuleManager: Shutting down and abandoning module SettingsEditor (152)
[2016.01.12-10.34.22:275][ 44]LogModuleManager: Shutting down and abandoning module ProjectLauncher (151)
[2016.01.12-10.34.22:283][ 44]LogModuleManager: Shutting down and abandoning module SessionFrontend (150)
[2016.01.12-10.34.22:297][ 44]LogModuleManager: Shutting down and abandoning module ProfilerClient (149)
[2016.01.12-10.34.22:314][ 44]LogModuleManager: Shutting down and abandoning module TargetDeviceServices (148)
[2016.01.12-10.34.22:327][ 44]LogModuleManager: Shutting down and abandoning module DeviceManager (147)
[2016.01.12-10.34.22:341][ 44]LogModuleManager: Shutting down and abandoning module AutomationController (146)
[2016.01.12-10.34.22:356][ 44]LogModuleManager: Shutting down and abandoning module AutomationWindow (145)
[2016.01.12-10.34.22:369][ 44]LogModuleManager: Shutting down and abandoning module Layers (144)
[2016.01.12-10.34.22:369][ 44]LogModuleManager: Shutting down and abandoning module ComponentVisualizers (143)
[2016.01.12-10.34.22:369][ 44]LogModuleManager: Shutting down and abandoning module DetailCustomizations (142)
[2016.01.12-10.34.22:382][ 44]LogModuleManager: Shutting down and abandoning module PackagesDialog (141)
[2016.01.12-10.34.22:382][ 44]LogModuleManager: Shutting down and abandoning module Persona (140)
[2016.01.12-10.34.22:414][ 44]LogModuleManager: Shutting down and abandoning module Kismet (139)
[2016.01.12-10.34.22:422][ 44]LogModuleManager: Shutting down and abandoning module GraphEditor (138)
[2016.01.12-10.34.22:422][ 44]LogModuleManager: Shutting down and abandoning module ClassViewer (137)
[2016.01.12-10.34.22:435][ 44]LogModuleManager: Shutting down and abandoning module Toolbox (136)
[2016.01.12-10.34.22:436][ 44]LogModuleManager: Shutting down and abandoning module ModuleUI (135)
[2016.01.12-10.34.22:448][ 44]LogModuleManager: Shutting down and abandoning module MovieSceneTools (134)
[2016.01.12-10.34.22:461][ 44]LogModuleManager: Shutting down and abandoning module OutputLog (133)
[2016.01.12-10.34.22:461][ 44]LogModuleManager: Shutting down and abandoning module GammaUI (132)
[2016.01.12-10.34.22:471][ 44]LogModuleManager: Shutting down and abandoning module Documentation (131)
[2016.01.12-10.34.22:471][ 44]LogModuleManager: Shutting down and abandoning module GameLiveStreaming (130)
[2016.01.12-10.34.22:483][ 44]LogModuleManager: Shutting down and abandoning module StreamingPauseRendering (129)
[2016.01.12-10.34.22:483][ 44]LogModuleManager: Shutting down and abandoning module AnalyticsET (128)
[2016.01.12-10.34.22:483][ 44]LogModuleManager: Shutting down and abandoning module Analytics (127)
[2016.01.12-10.34.22:483][ 44]LogModuleManager: Shutting down and abandoning module AITestSuite (126)
[2016.01.12-10.34.22:497][ 44]LogModuleManager: Shutting down and abandoning module GameplayDebugger (125)
[2016.01.12-10.34.22:507][ 44]LogModuleManager: Shutting down and abandoning module AIModule (124)
[2016.01.12-10.34.22:507][ 44]LogModuleManager: Shutting down and abandoning module ProfilerService (123)
[2016.01.12-10.34.22:539][ 44]LogModuleManager: Shutting down and abandoning module TaskGraph (122)
[2016.01.12-10.34.22:558][ 44]LogModuleManager: Shutting down and abandoning module SlateRemote (121)
[2016.01.12-10.34.22:558][ 44]LogModuleManager: Shutting down and abandoning module SteamVRController (120)
[2016.01.12-10.34.22:558][ 44]LogModuleManager: Shutting down and abandoning module SteamVR (119)
[2016.01.12-10.34.22:558][ 44]LogModuleManager: Shutting down and abandoning module ProceduralMeshComponent (118)
[2016.01.12-10.34.22:558][ 44]LogModuleManager: Shutting down and abandoning module OculusLibrary (117)
[2016.01.12-10.34.22:558][ 44]LogModuleManager: Shutting down and abandoning module OculusInput (116)
[2016.01.12-10.34.22:558][ 44]LogModuleManager: Shutting down and abandoning module LeapMotionController (115)
[2016.01.12-10.34.22:623][ 44]LogModuleManager: Shutting down and abandoning module CustomMeshComponent (114)
[2016.01.12-10.34.22:623][ 44]LogModuleManager: Shutting down and abandoning module CableComponent (113)
[2016.01.12-10.34.22:789][ 44]LogModuleManager: Shutting down and abandoning module ArchVisCharacter (112)
[2016.01.12-10.34.22:789][ 44]LogModuleManager: Shutting down and abandoning module MessagingDebugger (111)
[2016.01.12-10.34.22:812][ 44]LogModuleManager: Shutting down and abandoning module MediaPlayerEditor (110)
[2016.01.12-10.34.22:833][ 44]LogModuleManager: Shutting down and abandoning module HTML5Networking (109)
[2016.01.12-10.34.22:833][ 44]LogModuleManager: Shutting down and abandoning module SpeedTreeImporter (108)
[2016.01.12-10.34.22:833][ 44]LogModuleManager: Shutting down and abandoning module PluginBrowser (107)
[2016.01.12-10.34.22:845][ 44]LogModuleManager: Shutting down and abandoning module EpicSurvey (106)
[2016.01.12-10.34.22:853][ 44]LogModuleManager: Shutting down and abandoning module DesktopPlatform (105)
[2016.01.12-10.34.22:864][ 44]LogModuleManager: Shutting down and abandoning module VisualStudioSourceCodeAccess (104)
[2016.01.12-10.34.22:872][ 44]LogModuleManager: Shutting down and abandoning module UObjectPlugin (103)
[2016.01.12-10.34.22:872][ 44]LogModuleManager: Shutting down and abandoning module SubversionSourceControl (102)
[2016.01.12-10.34.22:878][ 44]LogModuleManager: Shutting down and abandoning module PerforceSourceControl (101)
[2016.01.12-10.34.22:890][ 44]LogModuleManager: Shutting down and abandoning module SourceControl (100)
[2016.01.12-10.34.22:901][ 44]LogModuleManager: Shutting down and abandoning module GitSourceControl (99)
[2016.01.12-10.34.22:926][ 44]LogModuleManager: Shutting down and abandoning module LightPropagationVolumeEditor (98)
[2016.01.12-10.34.22:926][ 44]LogModuleManager: Shutting down and abandoning module PaperTiledImporter (97)
[2016.01.12-10.34.22:942][ 44]LogModuleManager: Shutting down and abandoning module PaperSpriteSheetImporter (96)
[2016.01.12-10.34.22:942][ 44]LogModuleManager: Shutting down and abandoning module MeshPaint (95)
[2016.01.12-10.34.22:942][ 44]LogModuleManager: Shutting down and abandoning module SlateReflector (94)
[2016.01.12-10.34.22:963][ 44]LogModuleManager: Shutting down and abandoning module HotReload (93)
[2016.01.12-10.34.22:971][ 44]LogModuleManager: Shutting down and abandoning module MainFrame (92)
[2016.01.12-10.34.22:971][ 44]LogModuleManager: Shutting down and abandoning module LevelEditor (91)
[2016.01.12-10.34.22:995][ 44]LogModuleManager: Shutting down and abandoning module DirectoryWatcher (90)
[2016.01.12-10.34.23:004][ 44]LogModuleManager: Shutting down and abandoning module AssetRegistry (89)
[2016.01.12-10.34.23:404][ 44]LogModuleManager: Shutting down and abandoning module ContentBrowser (88)
[2016.01.12-10.34.23:405][ 44]LogModuleManager: Shutting down and abandoning module Paper2DEditor (87)
[2016.01.12-10.34.23:426][ 44]LogModuleManager: Shutting down and abandoning module UdpMessaging (86)
[2016.01.12-10.34.23:527][ 44]LogModuleManager: Shutting down and abandoning module LightPropagationVolumeRuntime (85)
[2016.01.12-10.34.23:527][ 44]LogModuleManager: Shutting down and abandoning module Paper2D (84)
[2016.01.12-10.34.23:545][ 44]LogModuleManager: Shutting down and abandoning module WindowsMoviePlayer (83)
[2016.01.12-10.34.23:557][ 44]LogModuleManager: Shutting down and abandoning module Media (82)
[2016.01.12-10.34.23:557][ 44]LogModuleManager: Shutting down and abandoning module WmfMedia (81)
[2016.01.12-10.34.23:568][ 44]LogModuleManager: Shutting down and abandoning module OnlineBlueprintSupport (80)
[2016.01.12-10.34.23:568][ 44]LogModuleManager: Shutting down and abandoning module GameplayTasksEditor (79)
[2016.01.12-10.34.23:568][ 44]LogModuleManager: Shutting down and abandoning module PropertyEditor (78)
[2016.01.12-10.34.23:577][ 44]LogModuleManager: Shutting down and abandoning module BehaviorTreeEditor (77)
[2016.01.12-10.34.23:606][ 44]LogModuleManager: Shutting down and abandoning module FunctionalTesting (76)
[2016.01.12-10.34.23:606][ 44]LogModuleManager: Shutting down and abandoning module CollisionAnalyzer (75)
[2016.01.12-10.34.23:625][ 44]LogModuleManager: Shutting down and abandoning module WorkspaceMenuStructure (74)
[2016.01.12-10.34.23:625][ 44]LogModuleManager: Shutting down and abandoning module MessageLog (73)
[2016.01.12-10.34.23:625][ 44]LogModuleManager: Shutting down and abandoning module Sequencer (72)
[2016.01.12-10.34.23:625][ 44]LogModuleManager: Shutting down and abandoning module AssetTools (71)
[2016.01.12-10.34.23:654][ 44]LogModuleManager: Shutting down and abandoning module UMGEditor (70)
[2016.01.12-10.34.23:654][ 44]LogModuleManager: Shutting down and abandoning module UMG (69)
[2016.01.12-10.34.23:654][ 44]LogModuleManager: Shutting down and abandoning module Slate (68)
[2016.01.12-10.34.23:654][ 44]LogModuleManager: Shutting down and abandoning module EditorStyle (67)
[2016.01.12-10.34.23:657][ 44]LogModuleManager: Shutting down and abandoning module SessionServices (66)
[2016.01.12-10.34.23:657][ 44]LogModuleManager: Shutting down and abandoning module SourceCodeAccess (65)
[2016.01.12-10.34.23:657][ 44]LogModuleManager: Shutting down and abandoning module HeadMountedDisplay (64)
[2016.01.12-10.34.23:657][ 44]LogModuleManager: Shutting down and abandoning module XAudio2 (63)
[2016.01.12-10.34.23:657][ 44]LogModuleManager: Shutting down and abandoning module Networking (61)
[2016.01.12-10.34.23:657][ 44]LogModuleManager: Shutting down and abandoning module Core (60)
[2016.01.12-10.34.23:657][ 44]LogModuleManager: Shutting down and abandoning module KismetCompiler (59)
[2016.01.12-10.34.23:657][ 44]LogModuleManager: Shutting down and abandoning module PhysXFormats (58)
[2016.01.12-10.34.23:657][ 44]LogModuleManager: Shutting down and abandoning module MeshUtilities (57)
[2016.01.12-10.34.23:671][ 44]LogModuleManager: Shutting down and abandoning module DerivedDataCache (56)
[2016.01.12-10.34.23:726][ 44]LogDerivedDataCache: Shutdown
[2016.01.12-10.34.23:726][ 44]LogModuleManager: Shutting down and abandoning module ShaderFormatOpenGL (55)
[2016.01.12-10.34.23:736][ 44]LogModuleManager: Shutting down and abandoning module ShaderFormatD3D (54)
[2016.01.12-10.34.23:741][ 44]LogModuleManager: Shutting down and abandoning module MetalShaderFormat (53)
[2016.01.12-10.34.23:765][ 44]LogModuleManager: Shutting down and abandoning module TextureFormatUncompressed (52)
[2016.01.12-10.34.23:765][ 44]LogModuleManager: Shutting down and abandoning module TextureFormatPVR (51)
[2016.01.12-10.34.23:776][ 44]LogModuleManager: Shutting down and abandoning module TextureFormatIntelISPCTexComp (50)
[2016.01.12-10.34.23:783][ 44]LogModuleManager: Shutting down and abandoning module TextureFormatDXT (49)
[2016.01.12-10.34.23:783][ 44]LogModuleManager: Shutting down and abandoning module ImageWrapper (48)
[2016.01.12-10.34.23:783][ 44]LogModuleManager: Shutting down and abandoning module TextureFormatASTC (47)
[2016.01.12-10.34.23:783][ 44]LogModuleManager: Shutting down and abandoning module TextureFormatAndroid (46)
[2016.01.12-10.34.23:783][ 44]LogModuleManager: Shutting down and abandoning module AudioFormatOpus (45)
[2016.01.12-10.34.23:794][ 44]LogModuleManager: Shutting down and abandoning module AudioFormatOgg (44)
[2016.01.12-10.34.23:801][ 44]LogModuleManager: Shutting down and abandoning module AudioFormatADPCM (43)
[2016.01.12-10.34.23:808][ 44]LogModuleManager: Shutting down and abandoning module LinuxTargetPlatform (42)
[2016.01.12-10.34.23:808][ 44]LogModuleManager: Shutting down and abandoning module LinuxServerTargetPlatform (41)
[2016.01.12-10.34.23:822][ 44]LogModuleManager: Shutting down and abandoning module LinuxNoEditorTargetPlatform (40)
[2016.01.12-10.34.23:836][ 44]LogModuleManager: Shutting down and abandoning module Messaging (39)
[2016.01.12-10.34.23:836][ 44]LogModuleManager: Shutting down and abandoning module IOSTargetPlatform (38)
[2016.01.12-10.34.23:836][ 44]LogModuleManager: Shutting down and abandoning module HTML5TargetPlatform (37)
[2016.01.12-10.34.23:836][ 44]LogModuleManager: Shutting down and abandoning module Android_PVRTCTargetPlatform (36)
[2016.01.12-10.34.23:836][ 44]LogModuleManager: Shutting down and abandoning module Android_MultiTargetPlatform (35)
[2016.01.12-10.34.23:836][ 44]LogModuleManager: Shutting down and abandoning module Android_ETC2TargetPlatform (34)
[2016.01.12-10.34.23:836][ 44]LogModuleManager: Shutting down and abandoning module Android_ETC1TargetPlatform (33)
[2016.01.12-10.34.23:836][ 44]LogModuleManager: Shutting down and abandoning module Android_DXTTargetPlatform (32)
[2016.01.12-10.34.23:836][ 44]LogModuleManager: Shutting down and abandoning module Android_ATCTargetPlatform (31)
[2016.01.12-10.34.23:836][ 44]LogModuleManager: Shutting down and abandoning module Android_ASTCTargetPlatform (30)
[2016.01.12-10.34.23:836][ 44]LogModuleManager: Shutting down and abandoning module AndroidTargetPlatform (29)
[2016.01.12-10.34.23:836][ 44]LogModuleManager: Shutting down and abandoning module WindowsTargetPlatform (28)
[2016.01.12-10.34.23:836][ 44]LogModuleManager: Shutting down and abandoning module WindowsServerTargetPlatform (27)
[2016.01.12-10.34.23:847][ 44]LogModuleManager: Shutting down and abandoning module WindowsNoEditorTargetPlatform (26)
[2016.01.12-10.34.23:856][ 44]LogModuleManager: Shutting down and abandoning module WindowsClientTargetPlatform (25)
[2016.01.12-10.34.23:865][ 44]LogModuleManager: Shutting down and abandoning module AllDesktopTargetPlatform (24)
[2016.01.12-10.34.23:865][ 44]LogModuleManager: Shutting down and abandoning module TargetPlatform (23)
[2016.01.12-10.34.23:865][ 44]LogModuleManager: Shutting down and abandoning module InputCore (22)
[2016.01.12-10.34.23:865][ 44]LogModuleManager: Shutting down and abandoning module Settings (21)
[2016.01.12-10.34.23:875][ 44]LogModuleManager: Shutting down and abandoning module OnlineSubsystem (19)
[2016.01.12-10.34.23:875][ 44]LogModuleManager: Shutting down and abandoning module HTTP (18)
[2016.01.12-10.34.25:878][ 44]LogModuleManager: Shutting down and abandoning module XMPP (17)
[2016.01.12-10.34.25:897][ 44]LogModuleManager: Shutting down and abandoning module OculusRift (16)
[2016.01.12-10.34.25:918][ 44]LogModuleManager: Shutting down and abandoning module ExampleDeviceProfileSelector (15)
[2016.01.12-10.34.25:918][ 44]LogModuleManager: Shutting down and abandoning module TextureCompressor (14)
[2016.01.12-10.34.25:918][ 44]LogModuleManager: Shutting down and abandoning module ShaderCore (13)
[2016.01.12-10.34.25:918][ 44]LogModuleManager: Shutting down and abandoning module Landscape (12)
[2016.01.12-10.34.25:918][ 44]LogModuleManager: Shutting down and abandoning module SlateRHIRenderer (11)
[2016.01.12-10.34.25:930][ 44]LogModuleManager: Shutting down and abandoning module OpenGLDrv (10)
[2016.01.12-10.34.25:938][ 44]LogModuleManager: Shutting down and abandoning module D3D11RHI (9)
[2016.01.12-10.34.25:939][ 44]LogModuleManager: Shutting down and abandoning module AnimGraphRuntime (8)
[2016.01.12-10.34.25:939][ 44]LogModuleManager: Shutting down and abandoning module Renderer (7)
[2016.01.12-10.34.25:939][ 44]LogModuleManager: Shutting down and abandoning module Engine (6)
[2016.01.12-10.34.25:939][ 44]LogModuleManager: Shutting down and abandoning module CoreUObject (5)
[2016.01.12-10.34.25:939][ 44]LogModuleManager: Shutting down and abandoning module NetworkFile (4)
[2016.01.12-10.34.25:960][ 44]LogModuleManager: Shutting down and abandoning module StreamingFile (3)
[2016.01.12-10.34.25:971][ 44]LogModuleManager: Shutting down and abandoning module SandboxFile (2)
[2016.01.12-10.34.25:980][ 44]LogModuleManager: Shutting down and abandoning module PakFile (1)
[2016.01.12-10.34.25:990][ 44]LogExit: Exiting.
[2016.01.12-10.34.26:010][ 44]Log file closed, 01/12/16 11:34:26
