[2016.01.12-15.43.17:730][  0]Log file open, 01/12/16 16:43:17
[2016.01.12-15.43.17:730][  0]LogInit:Display: Running engine for game: Cialon
[2016.01.12-15.43.17:730][  0]LogPlatformFile: Not using cached read wrapper
[2016.01.12-15.43.17:730][  0]LogInit:Display: RandInit(1927718404) SRandInit(1927718405).
[2016.01.12-15.43.17:730][  0]LogTaskGraph: Started task graph with 4 named threads and 7 total threads.
[2016.01.12-15.43.17:730][  0]LogStats: Stats thread started at 0.338294
[2016.01.12-15.43.17:730][  0]LogInit: Version: 4.10.1-2791327+++depot+UE4-Releases+4.10
[2016.01.12-15.43.17:730][  0]LogInit: API Version: 2758231
[2016.01.12-15.43.17:730][  0]LogInit: Compiled (64-bit): Dec  4 2015 19:44:40
[2016.01.12-15.43.17:730][  0]LogInit: Compiled with Visual C++: 19.00.23026.00
[2016.01.12-15.43.17:730][  0]LogInit: Build Configuration: Development
[2016.01.12-15.43.17:730][  0]LogInit: Branch Name: ++depot+UE4-Releases+4.10
[2016.01.12-15.43.17:730][  0]LogInit: Command line:  
[2016.01.12-15.43.17:730][  0]LogInit: Base directory: D:/unreal engine/Epic Games/4.10/Engine/Binaries/Win64/
[2016.01.12-15.43.17:730][  0]LogInit: Rocket: 1
[2016.01.12-15.43.17:759][  0]LogInit: Using libcurl 7.41.0
[2016.01.12-15.43.17:759][  0]LogInit:  - built for x86_64-pc-win32
[2016.01.12-15.43.17:759][  0]LogInit:  - supports SSL with WinSSL
[2016.01.12-15.43.17:759][  0]LogInit:  - other features:
[2016.01.12-15.43.17:759][  0]LogInit:      CURL_VERSION_SSL
[2016.01.12-15.43.17:759][  0]LogInit:      CURL_VERSION_IPV6
[2016.01.12-15.43.17:759][  0]LogInit:      CURL_VERSION_ASYNCHDNS
[2016.01.12-15.43.17:759][  0]LogInit:      CURL_VERSION_LARGEFILE
[2016.01.12-15.43.17:759][  0]LogInit:      CURL_VERSION_IDN
[2016.01.12-15.43.17:759][  0]LogInit:  CurlRequestOptions (configurable via config and command line):
[2016.01.12-15.43.17:759][  0]LogInit:  - bVerifyPeer = true  - Libcurl will verify peer certificate
[2016.01.12-15.43.17:759][  0]LogInit:  - bUseHttpProxy = false  - Libcurl will NOT use HTTP proxy
[2016.01.12-15.43.17:759][  0]LogInit:  - bDontReuseConnections = false  - Libcurl will reuse connections
[2016.01.12-15.43.17:759][  0]LogInit:  - CertBundlePath = nullptr  - Libcurl will use whatever was configured at build time.
[2016.01.12-15.43.17:796][  0]LogInit: Presizing for 0 objects not considered by GC, pre-allocating 0 bytes.
[2016.01.12-15.43.17:801][  0]LogInit: Object subsystem initialized
[2016.01.12-15.43.17:802][  0]LogInit: Selected Device Profile: [Windows]
[2016.01.12-15.43.17:802][  0]LogInit: Applying CVar settings loaded from the selected device profile: [Windows]
[2016.01.12-15.43.17:820][  0]LogInit: Computer: PC-KOMPUTER
[2016.01.12-15.43.17:820][  0]LogInit: User: PC
[2016.01.12-15.43.17:820][  0]LogInit: CPU Page size=4096, Cores=4
[2016.01.12-15.43.17:820][  0]LogInit: High frequency timer resolution =3.123222 MHz
[2016.01.12-15.43.17:820][  0]LogMemory: Memory total: Physical=7.9GB (8GB approx)
[2016.01.12-15.43.17:820][  0]LogMemory: Platform Memory Stats for Windows
[2016.01.12-15.43.17:820][  0]LogMemory: Process Physical Memory: 57.38 MB used, 57.38 MB peak
[2016.01.12-15.43.17:820][  0]LogMemory: Process Virtual Memory: 61.00 MB used, 61.00 MB peak
[2016.01.12-15.43.17:820][  0]LogMemory: Physical Memory: 3265.10 MB used, 8061.93 MB total
[2016.01.12-15.43.17:820][  0]LogMemory: Virtual Memory: 355.13 MB used, 8388608.00 MB total
[2016.01.12-15.43.18:093][  0]LogTextLocalizationManager: No translations for ('pl-PL') exist, falling back to 'en' for localization and internationalization data.
[2016.01.12-15.43.18:936][  0]LogD3D11RHI: Found D3D11 adapter 0: Intel(R) HD Graphics 4600 (Feature Level 11_0)
[2016.01.12-15.43.18:936][  0]LogD3D11RHI: Adapter has 192MB of dedicated video memory, 0MB of dedicated system memory, and 1632MB of shared system memory, 1 output[s]
[2016.01.12-15.43.18:936][  0]LogD3D11RHI: Chosen D3D11 Adapter Id = 0
[2016.01.12-15.43.18:940][  0]LogD3D11RHI: !Direct3DDevice
[2016.01.12-15.43.18:940][  0]LogRHI: Texture pool is 705 MB (70% of 1008 MB)
[2016.01.12-15.43.18:947][  0]LogD3D11RHI: Async texture creation enabled
[2016.01.12-15.43.18:950][  0]LogShaderCompilers: Guid format shader working directory is -12 characters bigger than the processId version (C:/Users/PC/Desktop/UE ProjektyPC/Cialon/Projekt/Cialon/Intermediate/Shaders/WorkingDirectory/7128/).
[2016.01.12-15.43.18:950][  0]LogShaderCompilers: Cleaned the shader compiler working directory 'C:/Users/PC/AppData/Local/Temp/UnrealShaderWorkingDir/C6E0EC0843C1A3CB1F561991E6DE2887/'.
[2016.01.12-15.43.18:950][  0]LogShaderCompilers:Display: Using Local Shader Compiler.
[2016.01.12-15.43.21:180][  0]LogTemp:Display: Loaded TP AllDesktopTargetPlatform
[2016.01.12-15.43.21:188][  0]LogTemp:Display: Loaded TP WindowsClientTargetPlatform
[2016.01.12-15.43.21:207][  0]LogTemp:Display: Loaded TP WindowsNoEditorTargetPlatform
[2016.01.12-15.43.21:230][  0]LogTemp:Display: Loaded TP WindowsServerTargetPlatform
[2016.01.12-15.43.21:266][  0]LogTemp:Display: Loaded TP WindowsTargetPlatform
[2016.01.12-15.43.21:284][  0]LogTemp:Display: Loaded TP AndroidTargetPlatform
[2016.01.12-15.43.21:293][  0]LogTemp:Display: Loaded TP Android_ASTCTargetPlatform
[2016.01.12-15.43.21:309][  0]LogTemp:Display: Loaded TP Android_ATCTargetPlatform
[2016.01.12-15.43.21:326][  0]LogTemp:Display: Loaded TP Android_DXTTargetPlatform
[2016.01.12-15.43.21:336][  0]LogTemp:Display: Loaded TP Android_ETC1TargetPlatform
[2016.01.12-15.43.21:357][  0]LogTemp:Display: Loaded TP Android_ETC2TargetPlatform
[2016.01.12-15.43.21:391][  0]LogTemp:Display: Loaded TP Android_MultiTargetPlatform
[2016.01.12-15.43.21:391][  0]LogTemp:Display: Loaded TP Android_PVRTCTargetPlatform
[2016.01.12-15.43.21:405][  0]LogTemp:Display: Loaded TP HTML5TargetPlatform
[2016.01.12-15.43.21:461][  0]LogTemp:Display: Loaded TP IOSTargetPlatform
[2016.01.12-15.43.21:473][  0]LogTemp:Display: Loaded TP LinuxNoEditorTargetPlatform
[2016.01.12-15.43.21:498][  0]LogTemp:Display: Loaded TP LinuxServerTargetPlatform
[2016.01.12-15.43.21:534][  0]LogTemp:Display: Loaded TP LinuxTargetPlatform
[2016.01.12-15.43.21:534][  0]LogTargetPlatformManager:Display: Building Assets For Windows
[2016.01.12-15.43.22:045][  0]LogDerivedDataCache:Display: Max Cache Size: 512 MB
[2016.01.12-15.43.22:212][  0]LogDerivedDataCache: Loaded boot cache 0.17s 41MB C:/Users/PC/AppData/Local/UnrealEngine/4.10/DerivedDataCache/Boot.ddc.
[2016.01.12-15.43.22:212][  0]LogDerivedDataCache:Display: Loaded Boot cache: C:/Users/PC/AppData/Local/UnrealEngine/4.10/DerivedDataCache/Boot.ddc
[2016.01.12-15.43.22:212][  0]LogDerivedDataCache: FDerivedDataBackendGraph:  Pak pak cache file C:/Users/PC/Desktop/UE ProjektyPC/Cialon/Projekt/Cialon/DerivedDataCache/DDC.ddp not found, will not use a pak cache.
[2016.01.12-15.43.22:212][  0]LogDerivedDataCache: Unable to find inner node Pak for hierarchical cache Hierarchy.
[2016.01.12-15.43.22:212][  0]LogDerivedDataCache: FDerivedDataBackendGraph:  CompressedPak pak cache file C:/Users/PC/Desktop/UE ProjektyPC/Cialon/Projekt/Cialon/DerivedDataCache/Compressed.ddp not found, will not use a pak cache.
[2016.01.12-15.43.22:212][  0]LogDerivedDataCache: Unable to find inner node CompressedPak for hierarchical cache Hierarchy.
[2016.01.12-15.43.22:330][  0]LogDerivedDataCache:Display: Pak cache opened for reading ../../../Engine/DerivedDataCache/Compressed.ddp.
[2016.01.12-15.43.22:341][  0]LogDerivedDataCache: Using Local data cache path C:/Users/PC/AppData/Local/UnrealEngine/Common/DerivedDataCache: Writable
[2016.01.12-15.43.25:693][  0]LogInit: Selected Device Profile: [Windows]
[2016.01.12-15.43.25:693][  0]LogContentStreaming: Texture pool size is 0.000000MB
[2016.01.12-15.43.25:744][  0]LogMeshUtilities: No automatic mesh reduction module available
[2016.01.12-15.43.25:744][  0]LogMeshUtilities: No automatic mesh merging module available
[2016.01.12-15.43.26:197][  0]LogInit: WinSock: version 1.1 (2.2), MaxSocks=32767, MaxUdp=65467
[2016.01.12-15.43.38:182][  0]UdpMessaging: Initializing bridge on interface 0.0.0.0:0 to multicast group 230.0.0.1:6666.
[2016.01.12-15.43.38:493][  0]LogAssetRegistry: FAssetRegistry took 0.0095 seconds to start up
[2016.01.12-15.43.38:789][  0]SourceControl: Info Source control is disabled
[2016.01.12-15.43.38:791][  0]SourceControl: Info Source control is disabled
[2016.01.12-15.43.38:815][  0]SourceControl: Info Source control is disabled
[2016.01.12-15.43.38:844][  0]SourceControl: Info Source control is disabled
[2016.01.12-15.43.39:288][  0]LogObj: 28633 objects as part of root set at end of initial load.
[2016.01.12-15.43.39:288][  0]LogUObjectAllocator: 6099744 out of 0 bytes used by permanent object pool.
[2016.01.12-15.43.39:367][  0]LogEngine: Initializing Engine...
[2016.01.12-15.43.39:370][  0]LogHMD: Can't find Oculus library dev build: is proper Runtime installed? Version: 0.8.0.0
[2016.01.12-15.43.39:388][  0]LogHMD: SteamVR failed to initialize.  Err: 110
[2016.01.12-15.43.39:507][  0]LogAIModule: Creating AISystem for world NewWorld
[2016.01.12-15.43.39:512][  0]LogInit: XAudio2 using 'Głośniki (Realtek High Definition Audio)' : 2 channels at 48 kHz using 32 bits per sample (channel mask 0x3)
[2016.01.12-15.43.39:535][  0]LogInit: FAudioDevice initialized.
[2016.01.12-15.43.39:559][  0]LogDerivedDataCache: Saved boot cache 0.02s 41MB C:/Users/PC/AppData/Local/UnrealEngine/4.10/DerivedDataCache/Boot.ddc.
[2016.01.12-15.43.39:563][  0]LogInit: Texture streaming: Enabled
[2016.01.12-15.43.39:578][  0]LogAnalytics: Creating configured Analytics provider AnalyticsET
[2016.01.12-15.43.39:578][  0]LogAnalytics: [UEEditor.Rocket.Release] APIServer = http://et2.epicgames.com/ET2/. AppVersion = 4.10.1-2791327+++depot+UE4-Releases+4.10
[2016.01.12-15.43.39:578][  0]LogAnalytics: [UEEditor.Rocket.Release] SetUserId 3e902ef34de1d01805c761aa164aa81f|3ee82303610d449197caf22d95a42cfa|6e9e3f8f-8e21-4a82-aaa4-45712a297632
[2016.01.12-15.43.39:578][  0]LogAnalytics: [UEEditor.Rocket.Release] AnalyticsET::StartSession
[2016.01.12-15.43.39:646][  0]LogInit: Transaction tracking system initialized
[2016.01.12-15.43.39:806][  0]BlueprintLog: New page: Editor Load
[2016.01.12-15.43.40:573][  0]LocalizationService: Info Localization service is disabled
[2016.01.12-15.43.41:381][  0]LogConsoleResponse:Display: 
[2016.01.12-15.43.41:861][  0]LogCook:Display: Done creating registry. It took  0.00s.
[2016.01.12-15.43.42:281][  0]LogFileCache: Scanning file cache for directory 'C:/Users/PC/Desktop/UE ProjektyPC/Cialon/Projekt/Cialon/Content/' took 0.01s
[2016.01.12-15.43.42:281][  0]SourceControl: Info Source control is disabled
[2016.01.12-15.43.42:281][  0]Cmd: MAP LOAD FILE="C:/Users/PC/Desktop/UE ProjektyPC/Cialon/Projekt/Cialon/Content/LevelStartowy.umap" TEMPLATE=0 SHOWPROGRESS=1 FEATURELEVEL=3
[2016.01.12-15.43.42:281][  0]LightingResults: New page: Lighting Build
[2016.01.12-15.43.42:284][  0]MapCheck: New page: Map Check
[2016.01.12-15.43.42:284][  0]LightingResults: New page: Lighting Build
[2016.01.12-15.43.42:295][  0]LogParticles: Destroying 0 GPU particle simulations for FXSystem 0x00000000210CAAC0
[2016.01.12-15.43.43:870][  0]LogAIModule: Creating AISystem for world LevelStartowy
[2016.01.12-15.43.43:968][  0]LogEditorServer: Finished looking for orphan Actors (0.000 secs)
[2016.01.12-15.43.43:968][  0]Cmd: MAP CHECKDEP NOCLEARLOG
[2016.01.12-15.43.44:030][  0]MapCheck: Info Map check complete: 0 Error(s), 0 Warning(s), took 62.088ms to complete.
[2016.01.12-15.43.44:030][  0]LogFileHelpers: Loading map 'LevelStartowy' took 1.750
[2016.01.12-15.43.44:331][  0]LogCollectionManager: Loaded 0 collections in 0.002731 seconds
[2016.01.12-15.43.44:368][  0]LogFileCache: Scanning file cache for directory 'C:/Users/PC/Desktop/UE ProjektyPC/Cialon/Projekt/Cialon/Saved/Collections/' took 0.01s
[2016.01.12-15.43.44:368][  0]LogFileCache: Scanning file cache for directory 'C:/Users/PC/Desktop/UE ProjektyPC/Cialon/Projekt/Cialon/Content/Developers/PC/Collections/' took 0.01s
[2016.01.12-15.43.44:368][  0]LogFileCache: Scanning file cache for directory 'C:/Users/PC/Desktop/UE ProjektyPC/Cialon/Projekt/Cialon/Content/Collections/' took 0.01s
[2016.01.12-15.43.44:368][  0]LogCollectionManager: Rebuilt the GUID cache for 0 collections in 0.000001 seconds
[2016.01.12-15.43.44:375][  0]LogContentBrowser: Native class hierarchy populated in 0.0066 seconds. Added 1893 classes and 338 folders.
[2016.01.12-15.43.44:380][  0]LogContentBrowser: Native class hierarchy updated for 'WidgetCarousel' in 0.0004 seconds. Added 0 classes and 0 folders.
[2016.01.12-15.43.45:809][  0]LogContentBrowser: Native class hierarchy updated for 'AddContentDialog' in 0.0005 seconds. Added 0 classes and 0 folders.
[2016.01.12-15.43.45:836][  0]LogContentBrowser: Native class hierarchy updated for 'SceneOutliner' in 0.0005 seconds. Added 1 classes and 2 folders.
[2016.01.12-15.43.45:961][  0]LogCrashTracker: Crashtracker disabled due to settings.
[2016.01.12-15.43.45:963][  0]LogUObjectGlobals:Warning: Failed to find object 'Class None.'
[2016.01.12-15.43.45:984][  0]LogLoad: Full Startup: 29.36 seconds (BP compile: 0.36 seconds)
[2016.01.12-15.43.45:998][  0]LogOcInput: Can't find Oculus library dev build: is proper Runtime installed? Version: 0.8.0.0
[2016.01.12-15.43.45:999][  0]LoadErrors:Error: Error /Game/LevelStartowy : Failed import for Function /Game/Blueprints/Lamp_Button.Lamp_Button_C:Button_Is_On__DelegateSignature
[2016.01.12-15.43.45:999][  0]LoadErrors:Error: Error /Game/LevelStartowy : Failed import for MulticastDelegateProperty /Game/Blueprints/Lamp_Button.Lamp_Button_C:Button_Is_On
[2016.01.12-15.43.46:062][  0]LogContentStreaming: Texture pool size now 400 MB
[2016.01.12-15.43.46:193][  0]LogRenderer: Reallocating scene render targets to support 752x536 (Frame:2).
[2016.01.12-15.43.46:470][  1]Cmd: UpdateLandscapeEditorData -warnings
[2016.01.12-15.43.46:909][  6]LogAssetRegistry: Asset discovery search completed in 8.4250 seconds
[2016.01.12-15.43.46:909][  6]LogCollectionManager: Rebuilt the object cache for 0 collections in 0.000002 seconds (found 0 objects)
[2016.01.12-15.43.46:909][  6]LogCollectionManager: Fixed up redirectors for 0 collections in 0.000025 seconds (updated 0 objects)
[2016.01.12-15.44.27:945][887]Cmd: OBJ SAVEPACKAGE PACKAGE="/Game/LevelStartowy" FILE="C:/Users/PC/Desktop/UE ProjektyPC/Cialon/Projekt/Cialon/Content/LevelStartowy.umap" SILENT=true AUTOSAVING=false KEEPDIRTY=false
[2016.01.12-15.44.27:947][887]LogActorComponent: UnregisterComponent: (/Engine/Transient.CharMoveComp) Not registered. Aborting.
[2016.01.12-15.44.28:886][887]LogSavePackage: Save=853.510864ms
[2016.01.12-15.44.28:886][887]LogSavePackage: Moving 'C:/Users/PC/Desktop/UE ProjektyPC/Cialon/Projekt/Cialon/Saved/LevelStartowy3BF5FCCE4622EF56801AB48ACFD9AB66.tmp' to 'C:/Users/PC/Desktop/UE ProjektyPC/Cialon/Projekt/Cialon/Content/LevelStartowy.umap'
[2016.01.12-15.44.28:890][887]LogSavePackage: Total save time: 901.148878ms
[2016.01.12-15.44.28:890][887]LogSavePackage:Display: Finished SavePackage C:/Users/PC/Desktop/UE ProjektyPC/Cialon/Projekt/Cialon/Content/LevelStartowy.umap
[2016.01.12-15.48.23:458][401]LogLinker:Warning: Asset '../../../Engine/Content/ArtTools/RenderToTexture/Macros/RenderToTextureMacros.uasset' has been saved with empty engine version. The asset will be loaded but may be incompatible.
[2016.01.12-15.48.23:837][401]LogContentBrowser: Native class hierarchy updated for 'BlueprintGraph' in 0.0008 seconds. Added 107 classes and 0 folders.
[2016.01.12-15.49.17:551][823]LogSlate:Warning: Prevented a slow task dialog from being summoned while a context menu was open
[2016.01.12-15.50.15:878][367]BlueprintLog: New page: Compile ItemPickup2
[2016.01.12-15.50.15:977][367]LogActorComponent: UnregisterComponent: (/Engine/Transient.CharMoveComp) Not registered. Aborting.
[2016.01.12-15.50.16:082][367]Cmd: OBJ SAVEPACKAGE PACKAGE="/Game/ThirdPersonBP/Blueprints/ItemPickup2" FILE="C:/Users/PC/Desktop/UE ProjektyPC/Cialon/Projekt/Cialon/Content/ThirdPersonBP/Blueprints/ItemPickup2.uasset" SILENT=true
[2016.01.12-15.50.16:205][367]LogSavePackage: Save=121.167496ms
[2016.01.12-15.50.16:205][367]LogSavePackage: Moving 'C:/Users/PC/Desktop/UE ProjektyPC/Cialon/Projekt/Cialon/Saved/ItemPickup223CEBC6140907EBDBB7294961289C142.tmp' to 'C:/Users/PC/Desktop/UE ProjektyPC/Cialon/Projekt/Cialon/Content/ThirdPersonBP/Blueprints/ItemPickup2.uasset'
[2016.01.12-15.50.16:208][367]LogSavePackage: Total save time: 124.613300ms
[2016.01.12-15.50.16:208][367]LogSavePackage:Display: Finished SavePackage C:/Users/PC/Desktop/UE ProjektyPC/Cialon/Projekt/Cialon/Content/ThirdPersonBP/Blueprints/ItemPickup2.uasset
[2016.01.12-15.50.16:212][367]BlueprintEditorCompileResults: Info [0419.58] Compile of ItemPickup2 successful! [in 334 ms]
[2016.01.12-15.50.56:182][562]BlueprintLog: New page: Compile ItemPickup2
[2016.01.12-15.50.56:268][562]LogActorComponent: UnregisterComponent: (/Engine/Transient.CharMoveComp) Not registered. Aborting.
[2016.01.12-15.50.56:305][562]BlueprintEditorCompileResults: Info [0459.68] Compile of ItemPickup2 successful! [in 122 ms]
[2016.01.12-15.50.56:762][582]Cmd: OBJ SAVEPACKAGE PACKAGE="/Game/ThirdPersonBP/Blueprints/ItemPickup2" FILE="C:/Users/PC/Desktop/UE ProjektyPC/Cialon/Projekt/Cialon/Content/ThirdPersonBP/Blueprints/ItemPickup2.uasset" SILENT=true
[2016.01.12-15.50.56:887][582]LogSavePackage: Save=88.427910ms
[2016.01.12-15.50.56:887][582]LogSavePackage: Moving 'C:/Users/PC/Desktop/UE ProjektyPC/Cialon/Projekt/Cialon/Saved/ItemPickup23A0F983A4FC74615A32CF58D09E9D085.tmp' to 'C:/Users/PC/Desktop/UE ProjektyPC/Cialon/Projekt/Cialon/Content/ThirdPersonBP/Blueprints/ItemPickup2.uasset'
[2016.01.12-15.50.56:890][582]LogSavePackage: Total save time: 126.744751ms
[2016.01.12-15.50.56:891][582]LogSavePackage:Display: Finished SavePackage C:/Users/PC/Desktop/UE ProjektyPC/Cialon/Projekt/Cialon/Content/ThirdPersonBP/Blueprints/ItemPickup2.uasset
[2016.01.12-15.51.06:393][ 70]BlueprintLog: New page: Compile ItemPickup2
[2016.01.12-15.51.06:590][ 70]Cmd: OBJ SAVEPACKAGE PACKAGE="/Game/ThirdPersonBP/Blueprints/ItemPickup2" FILE="C:/Users/PC/Desktop/UE ProjektyPC/Cialon/Projekt/Cialon/Content/ThirdPersonBP/Blueprints/ItemPickup2.uasset" SILENT=true
[2016.01.12-15.51.06:692][ 70]LogSavePackage: Save=84.278671ms
[2016.01.12-15.51.06:692][ 70]LogSavePackage: Moving 'C:/Users/PC/Desktop/UE ProjektyPC/Cialon/Projekt/Cialon/Saved/ItemPickup278F4812746E240D2D67C78A1025DF0DF.tmp' to 'C:/Users/PC/Desktop/UE ProjektyPC/Cialon/Projekt/Cialon/Content/ThirdPersonBP/Blueprints/ItemPickup2.uasset'
[2016.01.12-15.51.06:698][ 70]LogSavePackage: Total save time: 107.231889ms
[2016.01.12-15.51.06:698][ 70]LogSavePackage:Display: Finished SavePackage C:/Users/PC/Desktop/UE ProjektyPC/Cialon/Projekt/Cialon/Content/ThirdPersonBP/Blueprints/ItemPickup2.uasset
[2016.01.12-15.51.06:701][ 70]BlueprintEditorCompileResults: Info [0470.07] Compile of ItemPickup2 successful! [in 308 ms]
[2016.01.12-15.51.07:309][ 98]Cmd: OBJ SAVEPACKAGE PACKAGE="/Game/ThirdPersonBP/Blueprints/ItemPickup2" FILE="C:/Users/PC/Desktop/UE ProjektyPC/Cialon/Projekt/Cialon/Content/ThirdPersonBP/Blueprints/ItemPickup2.uasset" SILENT=true
[2016.01.12-15.51.07:404][ 98]LogSavePackage: Save=77.108833ms
[2016.01.12-15.51.07:404][ 98]LogSavePackage: Moving 'C:/Users/PC/Desktop/UE ProjektyPC/Cialon/Projekt/Cialon/Saved/ItemPickup2D16F668E46B3357ECF7D9ABA817F958B.tmp' to 'C:/Users/PC/Desktop/UE ProjektyPC/Cialon/Projekt/Cialon/Content/ThirdPersonBP/Blueprints/ItemPickup2.uasset'
[2016.01.12-15.51.07:406][ 98]LogSavePackage: Total save time: 96.301515ms
[2016.01.12-15.51.07:406][ 98]LogSavePackage:Display: Finished SavePackage C:/Users/PC/Desktop/UE ProjektyPC/Cialon/Projekt/Cialon/Content/ThirdPersonBP/Blueprints/ItemPickup2.uasset
[2016.01.12-15.52.39:631][883]LogActorComponent: UnregisterComponent: (/Engine/Transient.CharMoveComp) Not registered. Aborting.
[2016.01.12-15.52.39:660][883]LogParticles: Destroying 0 GPU particle simulations for FXSystem 0x00000000136B2660
[2016.01.12-15.52.39:688][883]Cmd: OBJ SAVEPACKAGE PACKAGE="/Game/ThirdPersonBP/Blueprints/SetFire" FILE="C:/Users/PC/Desktop/UE ProjektyPC/Cialon/Projekt/Cialon/Content/ThirdPersonBP/Blueprints/SetFire.uasset" SILENT=true
[2016.01.12-15.52.39:812][883]LogSavePackage: Save=122.241394ms
[2016.01.12-15.52.39:812][883]LogSavePackage: Moving 'C:/Users/PC/Desktop/UE ProjektyPC/Cialon/Projekt/Cialon/Saved/SetFire2D98FF584383E029DA7688BC40CD0DBF.tmp' to 'C:/Users/PC/Desktop/UE ProjektyPC/Cialon/Projekt/Cialon/Content/ThirdPersonBP/Blueprints/SetFire.uasset'
[2016.01.12-15.52.39:816][883]LogSavePackage: Total save time: 126.182511ms
[2016.01.12-15.52.39:816][883]LogSavePackage:Display: Finished SavePackage C:/Users/PC/Desktop/UE ProjektyPC/Cialon/Projekt/Cialon/Content/ThirdPersonBP/Blueprints/SetFire.uasset
[2016.01.12-15.52.39:817][883]LogMetaData: Removing '/Game/ThirdPersonBP/Blueprints/SetFire.SKEL_SetFire_C' ref from Metadata '/Game/ThirdPersonBP/Blueprints/ItemPickup2.PackageMetaData'
[2016.01.12-15.52.39:818][883]LogMetaData: Removing '/Game/ThirdPersonBP/Blueprints/SetFire.SetFire_C' ref from Metadata '/Game/ThirdPersonBP/Blueprints/ItemPickup2.PackageMetaData'
[2016.01.12-15.52.39:864][883]Cmd: OBJ SAVEPACKAGE PACKAGE="/Game/ThirdPersonBP/Blueprints/SetFire" FILE="C:/Users/PC/Desktop/UE ProjektyPC/Cialon/Projekt/Cialon/Content/ThirdPersonBP/Blueprints/SetFire.uasset" SILENT=true
[2016.01.12-15.52.39:967][883]LogSavePackage: Save=81.406319ms
[2016.01.12-15.52.39:967][883]LogSavePackage: Moving 'C:/Users/PC/Desktop/UE ProjektyPC/Cialon/Projekt/Cialon/Saved/SetFire0D4BEE404BB82885062E09A273E8E35B.tmp' to 'C:/Users/PC/Desktop/UE ProjektyPC/Cialon/Projekt/Cialon/Content/ThirdPersonBP/Blueprints/SetFire.uasset'
[2016.01.12-15.52.39:971][883]LogSavePackage: Total save time: 105.899613ms
[2016.01.12-15.52.39:971][883]LogSavePackage:Display: Finished SavePackage C:/Users/PC/Desktop/UE ProjektyPC/Cialon/Projekt/Cialon/Content/ThirdPersonBP/Blueprints/SetFire.uasset
[2016.01.12-15.53.17:364][396]Cmd: OBJ SAVEPACKAGE PACKAGE="/Game/LevelStartowy" FILE="C:/Users/PC/Desktop/UE ProjektyPC/Cialon/Projekt/Cialon/Content/LevelStartowy.umap" SILENT=true AUTOSAVING=false KEEPDIRTY=false
[2016.01.12-15.53.17:366][396]LogActorComponent: UnregisterComponent: (/Engine/Transient.CharMoveComp) Not registered. Aborting.
[2016.01.12-15.53.18:146][396]LogSavePackage: Save=713.380920ms
[2016.01.12-15.53.18:146][396]LogSavePackage: Moving 'C:/Users/PC/Desktop/UE ProjektyPC/Cialon/Projekt/Cialon/Saved/LevelStartowy5E3FF6BB4427B77C799655A4B8875BF9.tmp' to 'C:/Users/PC/Desktop/UE ProjektyPC/Cialon/Projekt/Cialon/Content/LevelStartowy.umap'
[2016.01.12-15.53.18:151][396]LogSavePackage: Total save time: 747.537639ms
[2016.01.12-15.53.18:151][396]LogSavePackage:Display: Finished SavePackage C:/Users/PC/Desktop/UE ProjektyPC/Cialon/Projekt/Cialon/Content/LevelStartowy.umap
[2016.01.12-15.53.20:125][505]MapCheck: New page: Map Check
[2016.01.12-15.53.20:190][505]Cmd: MAP REBUILD ALLVISIBLE
[2016.01.12-15.53.20:190][505]LogEditorServer: Rebuildmap Clear paths rebuilt
[2016.01.12-15.53.20:271][505]MapCheck:Warning: Warning WorldSettings_1 Hierarchical LOD System is disabled or no HLOD level settings available, unable to build LOD actors. 
[2016.01.12-15.53.20:271][505]LogStats:          STAT_HLOD_BuildClusters - 33.581 ms
[2016.01.12-15.53.20:272][505]LightingResults: New page: Lighting Build - Jan 12, 2016, 5:53:20 PM
[2016.01.12-15.53.23:333][505]LightingResults:Warning: Performance Warning No importance volume found and the scene is so large that the automatically synthesized volume will not yield good results.  Please add a tightly bounding lightmass importance volume to optimize your scene's quality and lighting build times.
[2016.01.12-15.53.23:334][505]LogStaticLightingSystem: Running Lightmass w/ ImmediateImport mode ENABLED
[2016.01.12-15.53.23:334][505]LogStaticLightingSystem: Running Lightmass w/ ImmediateProcess mode ENABLED
[2016.01.12-15.53.23:334][505]LogStaticLightingSystem: Running Lightmass w/ Sorting mode ENABLED
[2016.01.12-15.53.23:334][505]LogStaticLightingSystem: Running Lightmass w/ Mapping paddings ENABLED
[2016.01.12-15.53.23:334][505]LogStaticLightingSystem: Running Lightmass w/ Mapping debug paddings DISABLED
[2016.01.12-15.53.23:571][505]LogEditorBuildUtils: Build time 0:00:03
[2016.01.12-15.53.23:596][506]Cmd: UpdateLandscapeEditorData
[2016.01.12-15.53.54:704][ 66]LogBlueprintUserMessages: Early PlayInEditor Detection: Level '/Game/LevelStartowy.LevelStartowy:PersistentLevel' has LevelScriptBlueprint '/Game/LevelStartowy.LevelStartowy:PersistentLevel.LevelStartowy' with GeneratedClass '/Game/LevelStartowy.LevelStartowy_C' with ClassGeneratedBy '/Game/LevelStartowy.LevelStartowy:PersistentLevel.LevelStartowy'
[2016.01.12-15.53.54:704][ 66]LogPlayLevel: PlayLevel: No blueprints needed recompiling
[2016.01.12-15.53.54:704][ 66]PIE: New page: PIE session: LevelStartowy (Jan 12, 2016, 5:53:54 PM)
[2016.01.12-15.53.54:704][ 66]LogPlayLevel: Creating play world package: /Game/UEDPIE_0_LevelStartowy
[2016.01.12-15.53.54:751][ 66]LogPlayLevel: PIE: StaticDuplicateObject took: (0.046938s)
[2016.01.12-15.53.54:752][ 66]LogAIModule: Creating AISystem for world LevelStartowy
[2016.01.12-15.53.54:752][ 66]LogPlayLevel: PIE: World Init took: (0.000791s)
[2016.01.12-15.53.54:752][ 66]LogPlayLevel: PIE: Created PIE world by copying editor world from /Game/LevelStartowy.LevelStartowy to /Game/UEDPIE_0_LevelStartowy.LevelStartowy (0.047966s)
[2016.01.12-15.53.54:752][ 66]LogActorComponent: UnregisterComponent: (/Engine/Transient.CharMoveComp) Not registered. Aborting.
[2016.01.12-15.53.54:808][ 66]LogInit: XAudio2 using 'Głośniki (Realtek High Definition Audio)' : 2 channels at 48 kHz using 32 bits per sample (channel mask 0x3)
[2016.01.12-15.53.54:821][ 66]LogInit: FAudioDevice initialized.
[2016.01.12-15.53.54:874][ 66]Job is a success!
[2016.01.12-15.53.54:874][ 66]LogWorld: Game class is 'ThirdPersonGameMode_C'
[2016.01.12-15.53.54:899][ 66]LogWorld: Bringing World /Game/UEDPIE_0_LevelStartowy.LevelStartowy up for play (max tick rate 0) at 2016.01.12-16.53.54
[2016.01.12-15.53.54:899][ 66]LogActor:Warning: GameSession /Game/UEDPIE_0_LevelStartowy.LevelStartowy:PersistentLevel.GameSession_0 has natively added scene component(s), but none of them were set as the actor's RootComponent - picking one arbitrarily
[2016.01.12-15.53.54:899][ 66]LogActor:Warning: GameNetworkManager /Game/UEDPIE_0_LevelStartowy.LevelStartowy:PersistentLevel.GameNetworkManager_0 has natively added scene component(s), but none of them were set as the actor's RootComponent - picking one arbitrarily
[2016.01.12-15.53.54:900][ 66]LogWorld: Bringing up level for play took: 0.024559
[2016.01.12-15.53.54:905][ 66]PIE:Warning: Warning The widget 'GameHUD_C' was already added to the screen.
[2016.01.12-15.53.54:906][ 66]PIE: Info Play in editor start time for /Game/UEDPIE_0_LevelStartowy -0.052
[2016.01.12-15.53.54:906][ 66]LogBlueprintUserMessages: Late PlayInEditor Detection: Level '/Game/LevelStartowy.LevelStartowy:PersistentLevel' has LevelScriptBlueprint '/Game/LevelStartowy.LevelStartowy:PersistentLevel.LevelStartowy' with GeneratedClass '/Game/LevelStartowy.LevelStartowy_C' with ClassGeneratedBy '/Game/LevelStartowy.LevelStartowy:PersistentLevel.LevelStartowy'
[2016.01.12-15.53.57:288][161]LogScript:Warning: Attempted to get an item from array Inventory out of bounds [1/0]!
[2016.01.12-15.53.57:288][161]LogScript:Warning: Attempted to get an item from array Inventory out of bounds [2/0]!
[2016.01.12-15.53.57:288][161]LogScript:Warning: Attempted to get an item from array Inventory out of bounds [3/0]!
[2016.01.12-15.53.57:288][161]LogScript:Warning: Attempted to get an item from array Inventory out of bounds [4/0]!
[2016.01.12-15.53.57:288][161]LogScript:Warning: Attempted to get an item from array Inventory out of bounds [5/0]!
[2016.01.12-15.53.57:288][161]LogScript:Warning: Attempted to get an item from array Inventory out of bounds [6/0]!
[2016.01.12-15.53.57:288][161]LogScript:Warning: Attempted to get an item from array Inventory out of bounds [7/0]!
[2016.01.12-15.53.57:288][161]LogScript:Warning: Attempted to get an item from array Inventory out of bounds [8/0]!
[2016.01.12-15.53.58:543][216]LogScript:Warning: Attempted to get an item from array Inventory out of bounds [2/1]!
[2016.01.12-15.53.58:543][216]LogScript:Warning: Attempted to get an item from array Inventory out of bounds [3/1]!
[2016.01.12-15.53.58:543][216]LogScript:Warning: Attempted to get an item from array Inventory out of bounds [4/1]!
[2016.01.12-15.53.58:543][216]LogScript:Warning: Attempted to get an item from array Inventory out of bounds [5/1]!
[2016.01.12-15.53.58:543][216]LogScript:Warning: Attempted to get an item from array Inventory out of bounds [6/1]!
[2016.01.12-15.53.58:543][216]LogScript:Warning: Attempted to get an item from array Inventory out of bounds [7/1]!
[2016.01.12-15.53.58:543][216]LogScript:Warning: Attempted to get an item from array Inventory out of bounds [8/1]!
[2016.01.12-15.54.00:775][315]LogScript:Warning: Attempted to get an item from array Inventory out of bounds [3/2]!
[2016.01.12-15.54.00:775][315]LogScript:Warning: Attempted to get an item from array Inventory out of bounds [4/2]!
[2016.01.12-15.54.00:775][315]LogScript:Warning: Attempted to get an item from array Inventory out of bounds [5/2]!
[2016.01.12-15.54.00:775][315]LogScript:Warning: Attempted to get an item from array Inventory out of bounds [6/2]!
[2016.01.12-15.54.00:775][315]LogScript:Warning: Attempted to get an item from array Inventory out of bounds [7/2]!
[2016.01.12-15.54.00:775][315]LogScript:Warning: Attempted to get an item from array Inventory out of bounds [8/2]!
[2016.01.12-15.54.06:071][543]LogScript:Warning: Attempted to get an item from array Inventory out of bounds [2/1]!
[2016.01.12-15.54.06:071][543]LogScript:Warning: Attempted to get an item from array Inventory out of bounds [3/1]!
[2016.01.12-15.54.06:071][543]LogScript:Warning: Attempted to get an item from array Inventory out of bounds [4/1]!
[2016.01.12-15.54.06:071][543]LogScript:Warning: Attempted to get an item from array Inventory out of bounds [5/1]!
[2016.01.12-15.54.06:071][543]LogScript:Warning: Attempted to get an item from array Inventory out of bounds [6/1]!
[2016.01.12-15.54.06:071][543]LogScript:Warning: Attempted to get an item from array Inventory out of bounds [7/1]!
[2016.01.12-15.54.06:071][543]LogScript:Warning: Attempted to get an item from array Inventory out of bounds [8/1]!
[2016.01.12-15.54.10:688][724]LogScript:Warning: Attempted to get an item from array Inventory out of bounds [1/0]!
[2016.01.12-15.54.10:688][724]LogScript:Warning: Attempted to get an item from array Inventory out of bounds [2/0]!
[2016.01.12-15.54.10:688][724]LogScript:Warning: Attempted to get an item from array Inventory out of bounds [3/0]!
[2016.01.12-15.54.10:688][724]LogScript:Warning: Attempted to get an item from array Inventory out of bounds [4/0]!
[2016.01.12-15.54.10:688][724]LogScript:Warning: Attempted to get an item from array Inventory out of bounds [5/0]!
[2016.01.12-15.54.10:689][724]LogScript:Warning: Attempted to get an item from array Inventory out of bounds [6/0]!
[2016.01.12-15.54.10:689][724]LogScript:Warning: Attempted to get an item from array Inventory out of bounds [7/0]!
[2016.01.12-15.54.10:689][724]LogScript:Warning: Attempted to get an item from array Inventory out of bounds [8/0]!
[2016.01.12-15.54.27:629][405]LogScript:Warning: Attempted to get an item from array Inventory out of bounds [0/0]!
[2016.01.12-15.54.27:629][405]LogScript:Warning: Attempted to get an item from array Inventory out of bounds [1/0]!
[2016.01.12-15.54.27:629][405]LogScript:Warning: Attempted to get an item from array Inventory out of bounds [2/0]!
[2016.01.12-15.54.27:629][405]LogScript:Warning: Attempted to get an item from array Inventory out of bounds [3/0]!
[2016.01.12-15.54.27:629][405]LogScript:Warning: Attempted to get an item from array Inventory out of bounds [4/0]!
[2016.01.12-15.54.27:630][405]LogScript:Warning: Attempted to get an item from array Inventory out of bounds [5/0]!
[2016.01.12-15.54.27:630][405]LogScript:Warning: Attempted to get an item from array Inventory out of bounds [6/0]!
[2016.01.12-15.54.27:630][405]LogScript:Warning: Attempted to get an item from array Inventory out of bounds [7/0]!
[2016.01.12-15.54.27:630][405]LogScript:Warning: Attempted to get an item from array Inventory out of bounds [8/0]!
[2016.01.12-15.54.30:451][519]LogBlueprintUserMessages: Early EndPlayMap Detection: Level '/Game/LevelStartowy.LevelStartowy:PersistentLevel' has LevelScriptBlueprint '/Game/LevelStartowy.LevelStartowy:PersistentLevel.LevelStartowy' with GeneratedClass '/Game/LevelStartowy.LevelStartowy_C' with ClassGeneratedBy '/Game/LevelStartowy.LevelStartowy:PersistentLevel.LevelStartowy'
[2016.01.12-15.54.30:504][519]LogBlueprintUserMessages: Late EndPlayMap Detection: Level '/Game/LevelStartowy.LevelStartowy:PersistentLevel' has LevelScriptBlueprint '/Game/LevelStartowy.LevelStartowy:PersistentLevel.LevelStartowy' with GeneratedClass '/Game/LevelStartowy.LevelStartowy_C' with ClassGeneratedBy '/Game/LevelStartowy.LevelStartowy:PersistentLevel.LevelStartowy'
[2016.01.12-15.54.30:538][519]LogParticles: Destroying 0 GPU particle simulations for FXSystem 0x0000000012649300
[2016.01.12-15.54.37:872][830]LogTexture:Display: Building textures: SkyOcclusion1_1 (AutoDXT)
[2016.01.12-15.54.37:942][830]LogTexture:Display: Building textures: LQ_Lightmap_0_72 (DXT1)
[2016.01.12-15.54.37:946][830]LogTexture:Display: Building textures: HQ_Lightmap0_72 (AutoDXT)
[2016.01.12-15.54.37:946][830]LogTexture:Display: Building textures: SkyOcclusion1_72 (AutoDXT)
[2016.01.12-15.54.37:948][830]LogTexture:Display: Building textures: LQ_Lightmap_0_71 (DXT1)
[2016.01.12-15.54.37:955][830]LogTexture:Display: Building textures: HQ_Lightmap0_71 (AutoDXT)
[2016.01.12-15.54.37:957][830]LogTexture:Display: Building textures: SkyOcclusion1_71 (AutoDXT)
[2016.01.12-15.54.37:957][830]LogTexture:Display: Building textures: LQ_Lightmap_0_70 (DXT1)
[2016.01.12-15.54.37:965][830]LogTexture:Display: Building textures: HQ_Lightmap0_70 (AutoDXT)
[2016.01.12-15.54.37:967][830]LogTexture:Display: Building textures: SkyOcclusion1_70 (AutoDXT)
[2016.01.12-15.54.37:968][830]LogTexture:Display: Building textures: LQ_Lightmap_0_69 (DXT1)
[2016.01.12-15.54.37:976][830]LogTexture:Display: Building textures: HQ_Lightmap0_69 (AutoDXT)
[2016.01.12-15.54.37:977][830]LogTexture:Display: Building textures: SkyOcclusion1_69 (AutoDXT)
[2016.01.12-15.54.37:977][830]LogTexture:Display: Building textures: LQ_Lightmap_0_68 (DXT1)
[2016.01.12-15.54.37:986][830]LogTexture:Display: Building textures: HQ_Lightmap0_68 (AutoDXT)
[2016.01.12-15.54.37:988][830]LogTexture:Display: Building textures: SkyOcclusion1_68 (AutoDXT)
[2016.01.12-15.54.37:988][830]LogTexture:Display: Building textures: LQ_Lightmap_0_67 (DXT1)
[2016.01.12-15.54.37:997][830]LogTexture:Display: Building textures: HQ_Lightmap0_67 (AutoDXT)
[2016.01.12-15.54.37:998][830]LogTexture:Display: Building textures: SkyOcclusion1_67 (AutoDXT)
[2016.01.12-15.54.37:998][830]LogTexture:Display: Building textures: LQ_Lightmap_0_66 (DXT1)
[2016.01.12-15.54.38:006][830]LogTexture:Display: Building textures: HQ_Lightmap0_66 (AutoDXT)
[2016.01.12-15.54.38:009][830]LogTexture:Display: Building textures: SkyOcclusion1_66 (AutoDXT)
[2016.01.12-15.54.38:010][830]LogTexture:Display: Building textures: LQ_Lightmap_0_65 (DXT1)
[2016.01.12-15.54.38:018][830]LogTexture:Display: Building textures: HQ_Lightmap0_65 (AutoDXT)
[2016.01.12-15.54.38:019][830]LogTexture:Display: Building textures: SkyOcclusion1_65 (AutoDXT)
[2016.01.12-15.54.38:019][830]LogTexture:Display: Building textures: LQ_Lightmap_0_64 (DXT1)
[2016.01.12-15.54.38:027][830]LogTexture:Display: Building textures: HQ_Lightmap0_64 (AutoDXT)
[2016.01.12-15.54.38:028][830]LogTexture:Display: Building textures: SkyOcclusion1_64 (AutoDXT)
[2016.01.12-15.54.38:029][830]LogTexture:Display: Building textures: LQ_Lightmap_0_63 (DXT1)
[2016.01.12-15.54.38:038][830]LogTexture:Display: Building textures: HQ_Lightmap0_63 (AutoDXT)
[2016.01.12-15.54.38:039][830]LogTexture:Display: Building textures: SkyOcclusion1_63 (AutoDXT)
[2016.01.12-15.54.38:039][830]LogTexture:Display: Building textures: LQ_Lightmap_0_62 (DXT1)
[2016.01.12-15.54.38:048][830]LogTexture:Display: Building textures: HQ_Lightmap0_62 (AutoDXT)
[2016.01.12-15.54.38:049][830]LogTexture:Display: Building textures: SkyOcclusion1_62 (AutoDXT)
[2016.01.12-15.54.38:050][830]LogTexture:Display: Building textures: LQ_Lightmap_0_61 (DXT1)
[2016.01.12-15.54.38:059][830]LogTexture:Display: Building textures: HQ_Lightmap0_61 (AutoDXT)
[2016.01.12-15.54.38:060][830]LogTexture:Display: Building textures: SkyOcclusion1_61 (AutoDXT)
[2016.01.12-15.54.38:061][830]LogTexture:Display: Building textures: LQ_Lightmap_0_60 (DXT1)
[2016.01.12-15.54.38:069][830]LogTexture:Display: Building textures: HQ_Lightmap0_60 (AutoDXT)
[2016.01.12-15.54.38:070][830]LogTexture:Display: Building textures: SkyOcclusion1_60 (AutoDXT)
[2016.01.12-15.54.38:071][830]LogTexture:Display: Building textures: LQ_Lightmap_0_59 (DXT1)
[2016.01.12-15.54.38:087][830]LogTexture:Display: Building textures: HQ_Lightmap0_59 (AutoDXT)
[2016.01.12-15.54.38:095][830]LogTexture:Display: Building textures: SkyOcclusion1_59 (AutoDXT)
[2016.01.12-15.54.38:102][830]LogTexture:Display: Building textures: LQ_Lightmap_0_58 (DXT1)
[2016.01.12-15.54.38:114][830]LogTexture:Display: Building textures: HQ_Lightmap0_58 (AutoDXT)
[2016.01.12-15.54.38:124][830]LogTexture:Display: Building textures: SkyOcclusion1_58 (AutoDXT)
[2016.01.12-15.54.38:130][830]LogTexture:Display: Building textures: LQ_Lightmap_0_57 (DXT1)
[2016.01.12-15.54.38:136][830]LogTexture:Display: Building textures: HQ_Lightmap0_57 (AutoDXT)
[2016.01.12-15.54.38:137][830]LogTexture:Display: Building textures: SkyOcclusion1_57 (AutoDXT)
[2016.01.12-15.54.38:138][830]LogTexture:Display: Building textures: LQ_Lightmap_0_56 (DXT1)
[2016.01.12-15.54.38:153][830]LogTexture:Display: Building textures: HQ_Lightmap0_56 (AutoDXT)
[2016.01.12-15.54.38:165][830]LogTexture:Display: Building textures: SkyOcclusion1_56 (AutoDXT)
[2016.01.12-15.54.38:171][830]LogTexture:Display: Building textures: LQ_Lightmap_0_55 (DXT1)
[2016.01.12-15.54.38:182][830]LogTexture:Display: Building textures: HQ_Lightmap0_55 (AutoDXT)
[2016.01.12-15.54.38:189][830]LogTexture:Display: Building textures: SkyOcclusion1_55 (AutoDXT)
[2016.01.12-15.54.38:195][830]LogTexture:Display: Building textures: LQ_Lightmap_0_54 (DXT1)
[2016.01.12-15.54.38:201][830]LogTexture:Display: Building textures: HQ_Lightmap0_54 (AutoDXT)
[2016.01.12-15.54.38:202][830]LogTexture:Display: Building textures: SkyOcclusion1_54 (AutoDXT)
[2016.01.12-15.54.38:203][830]LogTexture:Display: Building textures: LQ_Lightmap_0_53 (DXT1)
[2016.01.12-15.54.38:212][830]LogTexture:Display: Building textures: HQ_Lightmap0_53 (AutoDXT)
[2016.01.12-15.54.38:214][830]LogTexture:Display: Building textures: SkyOcclusion1_53 (AutoDXT)
[2016.01.12-15.54.38:214][830]LogTexture:Display: Building textures: LQ_Lightmap_0_52 (DXT1)
[2016.01.12-15.54.38:222][830]LogTexture:Display: Building textures: HQ_Lightmap0_52 (AutoDXT)
[2016.01.12-15.54.38:223][830]LogTexture:Display: Building textures: SkyOcclusion1_52 (AutoDXT)
[2016.01.12-15.54.38:223][830]LogTexture:Display: Building textures: LQ_Lightmap_0_51 (DXT1)
[2016.01.12-15.54.38:231][830]LogTexture:Display: Building textures: HQ_Lightmap0_51 (AutoDXT)
[2016.01.12-15.54.38:233][830]LogTexture:Display: Building textures: SkyOcclusion1_51 (AutoDXT)
[2016.01.12-15.54.38:233][830]LogTexture:Display: Building textures: LQ_Lightmap_0_50 (DXT1)
[2016.01.12-15.54.38:248][830]LogTexture:Display: Building textures: HQ_Lightmap0_50 (AutoDXT)
[2016.01.12-15.54.38:258][830]LogTexture:Display: Building textures: SkyOcclusion1_50 (AutoDXT)
[2016.01.12-15.54.38:264][830]LogTexture:Display: Building textures: LQ_Lightmap_0_49 (DXT1)
[2016.01.12-15.54.38:269][830]LogTexture:Display: Building textures: HQ_Lightmap0_49 (AutoDXT)
[2016.01.12-15.54.38:281][830]LogTexture:Display: Building textures: SkyOcclusion1_49 (AutoDXT)
[2016.01.12-15.54.38:288][830]LogTexture:Display: Building textures: LQ_Lightmap_0_48 (DXT1)
[2016.01.12-15.54.38:293][830]LogTexture:Display: Building textures: HQ_Lightmap0_48 (AutoDXT)
[2016.01.12-15.54.38:305][830]LogTexture:Display: Building textures: SkyOcclusion1_48 (AutoDXT)
[2016.01.12-15.54.38:313][830]LogTexture:Display: Building textures: LQ_Lightmap_0_47 (DXT1)
[2016.01.12-15.54.38:324][830]LogTexture:Display: Building textures: HQ_Lightmap0_47 (AutoDXT)
[2016.01.12-15.54.38:332][830]LogTexture:Display: Building textures: SkyOcclusion1_47 (AutoDXT)
[2016.01.12-15.54.38:339][830]LogTexture:Display: Building textures: LQ_Lightmap_0_46 (DXT1)
[2016.01.12-15.54.38:345][830]LogTexture:Display: Building textures: HQ_Lightmap0_46 (AutoDXT)
[2016.01.12-15.54.38:346][830]LogTexture:Display: Building textures: SkyOcclusion1_46 (AutoDXT)
[2016.01.12-15.54.38:347][830]LogTexture:Display: Building textures: LQ_Lightmap_0_45 (DXT1)
[2016.01.12-15.54.38:355][830]LogTexture:Display: Building textures: HQ_Lightmap0_45 (AutoDXT)
[2016.01.12-15.54.38:356][830]LogTexture:Display: Building textures: SkyOcclusion1_45 (AutoDXT)
[2016.01.12-15.54.38:356][830]LogTexture:Display: Building textures: LQ_Lightmap_0_44 (DXT1)
[2016.01.12-15.54.38:364][830]LogTexture:Display: Building textures: HQ_Lightmap0_44 (AutoDXT)
[2016.01.12-15.54.38:365][830]LogTexture:Display: Building textures: SkyOcclusion1_44 (AutoDXT)
[2016.01.12-15.54.38:366][830]LogTexture:Display: Building textures: LQ_Lightmap_0_43 (DXT1)
[2016.01.12-15.54.38:374][830]LogTexture:Display: Building textures: HQ_Lightmap0_43 (AutoDXT)
[2016.01.12-15.54.38:375][830]LogTexture:Display: Building textures: SkyOcclusion1_43 (AutoDXT)
[2016.01.12-15.54.38:376][830]LogTexture:Display: Building textures: LQ_Lightmap_0_42 (DXT1)
[2016.01.12-15.54.38:383][830]LogTexture:Display: Building textures: HQ_Lightmap0_42 (AutoDXT)
[2016.01.12-15.54.38:384][830]LogTexture:Display: Building textures: SkyOcclusion1_42 (AutoDXT)
[2016.01.12-15.54.38:385][830]LogTexture:Display: Building textures: LQ_Lightmap_0_41 (DXT1)
[2016.01.12-15.54.38:399][830]LogTexture:Display: Building textures: HQ_Lightmap0_41 (AutoDXT)
[2016.01.12-15.54.38:410][830]LogTexture:Display: Building textures: SkyOcclusion1_41 (AutoDXT)
[2016.01.12-15.54.38:424][830]LogTexture:Display: Building textures: LQ_Lightmap_0_40 (DXT1)
[2016.01.12-15.54.38:432][830]LogTexture:Display: Building textures: HQ_Lightmap0_40 (AutoDXT)
[2016.01.12-15.54.38:445][830]LogTexture:Display: Building textures: SkyOcclusion1_40 (AutoDXT)
[2016.01.12-15.54.38:453][830]LogTexture:Display: Building textures: LQ_Lightmap_0_39 (DXT1)
[2016.01.12-15.54.38:460][830]LogTexture:Display: Building textures: HQ_Lightmap0_39 (AutoDXT)
[2016.01.12-15.54.38:472][830]LogTexture:Display: Building textures: SkyOcclusion1_39 (AutoDXT)
[2016.01.12-15.54.38:479][830]LogTexture:Display: Building textures: LQ_Lightmap_0_38 (DXT1)
[2016.01.12-15.54.38:486][830]LogTexture:Display: Building textures: HQ_Lightmap0_38 (AutoDXT)
[2016.01.12-15.54.38:491][830]LogTexture:Display: Building textures: SkyOcclusion1_38 (AutoDXT)
[2016.01.12-15.54.38:495][830]LogTexture:Display: Building textures: LQ_Lightmap_0_37 (DXT1)
[2016.01.12-15.54.38:501][830]LogTexture:Display: Building textures: HQ_Lightmap0_37 (AutoDXT)
[2016.01.12-15.54.38:503][830]LogTexture:Display: Building textures: SkyOcclusion1_37 (AutoDXT)
[2016.01.12-15.54.38:503][830]LogTexture:Display: Building textures: LQ_Lightmap_0_36 (DXT1)
[2016.01.12-15.54.38:511][830]LogTexture:Display: Building textures: HQ_Lightmap0_36 (AutoDXT)
[2016.01.12-15.54.38:512][830]LogTexture:Display: Building textures: SkyOcclusion1_36 (AutoDXT)
[2016.01.12-15.54.38:513][830]LogTexture:Display: Building textures: LQ_Lightmap_0_35 (DXT1)
[2016.01.12-15.54.38:521][830]LogTexture:Display: Building textures: HQ_Lightmap0_35 (AutoDXT)
[2016.01.12-15.54.38:522][830]LogTexture:Display: Building textures: SkyOcclusion1_35 (AutoDXT)
[2016.01.12-15.54.38:523][830]LogTexture:Display: Building textures: LQ_Lightmap_0_34 (DXT1)
[2016.01.12-15.54.38:530][830]LogTexture:Display: Building textures: HQ_Lightmap0_34 (AutoDXT)
[2016.01.12-15.54.38:531][830]LogTexture:Display: Building textures: SkyOcclusion1_34 (AutoDXT)
[2016.01.12-15.54.38:532][830]LogTexture:Display: Building textures: LQ_Lightmap_0_33 (DXT1)
[2016.01.12-15.54.38:540][830]LogTexture:Display: Building textures: HQ_Lightmap0_33 (AutoDXT)
[2016.01.12-15.54.38:541][830]LogTexture:Display: Building textures: SkyOcclusion1_33 (AutoDXT)
[2016.01.12-15.54.38:542][830]LogTexture:Display: Building textures: LQ_Lightmap_0_32 (DXT1)
[2016.01.12-15.54.38:549][830]LogTexture:Display: Building textures: HQ_Lightmap0_32 (AutoDXT)
[2016.01.12-15.54.38:551][830]LogTexture:Display: Building textures: SkyOcclusion1_32 (AutoDXT)
[2016.01.12-15.54.38:551][830]LogTexture:Display: Building textures: LQ_Lightmap_0_31 (DXT1)
[2016.01.12-15.54.38:559][830]LogTexture:Display: Building textures: HQ_Lightmap0_31 (AutoDXT)
[2016.01.12-15.54.38:561][830]LogTexture:Display: Building textures: SkyOcclusion1_31 (AutoDXT)
[2016.01.12-15.54.38:561][830]LogTexture:Display: Building textures: LQ_Lightmap_0_30 (DXT1)
[2016.01.12-15.54.38:569][830]LogTexture:Display: Building textures: HQ_Lightmap0_30 (AutoDXT)
[2016.01.12-15.54.38:571][830]LogTexture:Display: Building textures: SkyOcclusion1_30 (AutoDXT)
[2016.01.12-15.54.38:571][830]LogTexture:Display: Building textures: LQ_Lightmap_0_29 (DXT1)
[2016.01.12-15.54.38:579][830]LogTexture:Display: Building textures: HQ_Lightmap0_29 (AutoDXT)
[2016.01.12-15.54.38:580][830]LogTexture:Display: Building textures: SkyOcclusion1_29 (AutoDXT)
[2016.01.12-15.54.38:581][830]LogTexture:Display: Building textures: LQ_Lightmap_0_28 (DXT1)
[2016.01.12-15.54.38:588][830]LogTexture:Display: Building textures: HQ_Lightmap0_28 (AutoDXT)
[2016.01.12-15.54.38:590][830]LogTexture:Display: Building textures: SkyOcclusion1_28 (AutoDXT)
[2016.01.12-15.54.38:590][830]LogTexture:Display: Building textures: LQ_Lightmap_0_27 (DXT1)
[2016.01.12-15.54.38:598][830]LogTexture:Display: Building textures: HQ_Lightmap0_27 (AutoDXT)
[2016.01.12-15.54.38:599][830]LogTexture:Display: Building textures: SkyOcclusion1_27 (AutoDXT)
[2016.01.12-15.54.38:599][830]LogTexture:Display: Building textures: LQ_Lightmap_0_26 (DXT1)
[2016.01.12-15.54.38:607][830]LogTexture:Display: Building textures: HQ_Lightmap0_26 (AutoDXT)
[2016.01.12-15.54.38:609][830]LogTexture:Display: Building textures: SkyOcclusion1_26 (AutoDXT)
[2016.01.12-15.54.38:609][830]LogTexture:Display: Building textures: LQ_Lightmap_0_25 (DXT1)
[2016.01.12-15.54.38:619][830]LogTexture:Display: Building textures: HQ_Lightmap0_25 (AutoDXT)
[2016.01.12-15.54.38:620][830]LogTexture:Display: Building textures: SkyOcclusion1_25 (AutoDXT)
[2016.01.12-15.54.38:620][830]LogTexture:Display: Building textures: LQ_Lightmap_0_24 (DXT1)
[2016.01.12-15.54.38:628][830]LogTexture:Display: Building textures: HQ_Lightmap0_24 (AutoDXT)
[2016.01.12-15.54.38:629][830]LogTexture:Display: Building textures: SkyOcclusion1_24 (AutoDXT)
[2016.01.12-15.54.38:630][830]LogTexture:Display: Building textures: LQ_Lightmap_0_23 (DXT1)
[2016.01.12-15.54.38:638][830]LogTexture:Display: Building textures: HQ_Lightmap0_23 (AutoDXT)
[2016.01.12-15.54.38:639][830]LogTexture:Display: Building textures: SkyOcclusion1_23 (AutoDXT)
[2016.01.12-15.54.38:640][830]LogTexture:Display: Building textures: LQ_Lightmap_0_22 (DXT1)
[2016.01.12-15.54.38:648][830]LogTexture:Display: Building textures: HQ_Lightmap0_22 (AutoDXT)
[2016.01.12-15.54.38:649][830]LogTexture:Display: Building textures: SkyOcclusion1_22 (AutoDXT)
[2016.01.12-15.54.38:649][830]LogTexture:Display: Building textures: LQ_Lightmap_0_21 (DXT1)
[2016.01.12-15.54.38:657][830]LogTexture:Display: Building textures: HQ_Lightmap0_21 (AutoDXT)
[2016.01.12-15.54.38:658][830]LogTexture:Display: Building textures: SkyOcclusion1_21 (AutoDXT)
[2016.01.12-15.54.38:659][830]LogTexture:Display: Building textures: LQ_Lightmap_0_20 (DXT1)
[2016.01.12-15.54.38:667][830]LogTexture:Display: Building textures: HQ_Lightmap0_20 (AutoDXT)
[2016.01.12-15.54.38:668][830]LogTexture:Display: Building textures: SkyOcclusion1_20 (AutoDXT)
[2016.01.12-15.54.38:669][830]LogTexture:Display: Building textures: LQ_Lightmap_0_19 (DXT1)
[2016.01.12-15.54.38:677][830]LogTexture:Display: Building textures: HQ_Lightmap0_19 (AutoDXT)
[2016.01.12-15.54.38:678][830]LogTexture:Display: Building textures: SkyOcclusion1_19 (AutoDXT)
[2016.01.12-15.54.38:679][830]LogTexture:Display: Building textures: LQ_Lightmap_0_18 (DXT1)
[2016.01.12-15.54.38:687][830]LogTexture:Display: Building textures: HQ_Lightmap0_18 (AutoDXT)
[2016.01.12-15.54.38:688][830]LogTexture:Display: Building textures: SkyOcclusion1_18 (AutoDXT)
[2016.01.12-15.54.38:688][830]LogTexture:Display: Building textures: LQ_Lightmap_0_17 (DXT1)
[2016.01.12-15.54.38:697][830]LogTexture:Display: Building textures: HQ_Lightmap0_17 (AutoDXT)
[2016.01.12-15.54.38:698][830]LogTexture:Display: Building textures: SkyOcclusion1_17 (AutoDXT)
[2016.01.12-15.54.38:698][830]LogTexture:Display: Building textures: LQ_Lightmap_0_16 (DXT1)
[2016.01.12-15.54.38:706][830]LogTexture:Display: Building textures: HQ_Lightmap0_16 (AutoDXT)
[2016.01.12-15.54.38:707][830]LogTexture:Display: Building textures: SkyOcclusion1_16 (AutoDXT)
[2016.01.12-15.54.38:708][830]LogTexture:Display: Building textures: LQ_Lightmap_0_15 (DXT1)
[2016.01.12-15.54.38:715][830]LogTexture:Display: Building textures: HQ_Lightmap0_15 (AutoDXT)
[2016.01.12-15.54.38:717][830]LogTexture:Display: Building textures: SkyOcclusion1_15 (AutoDXT)
[2016.01.12-15.54.38:717][830]LogTexture:Display: Building textures: LQ_Lightmap_0_14 (DXT1)
[2016.01.12-15.54.38:723][830]LogTexture:Display: Building textures: HQ_Lightmap0_14 (AutoDXT)
[2016.01.12-15.54.38:724][830]LogTexture:Display: Building textures: SkyOcclusion1_14 (AutoDXT)
[2016.01.12-15.54.38:727][830]LogTexture:Display: Building textures: LQ_Lightmap_0_13 (DXT1)
[2016.01.12-15.54.38:733][830]LogTexture:Display: Building textures: HQ_Lightmap0_13 (AutoDXT)
[2016.01.12-15.54.38:735][830]LogTexture:Display: Building textures: SkyOcclusion1_13 (AutoDXT)
[2016.01.12-15.54.38:736][830]LogTexture:Display: Building textures: LQ_Lightmap_0_12 (DXT1)
[2016.01.12-15.54.38:743][830]LogTexture:Display: Building textures: HQ_Lightmap0_12 (AutoDXT)
[2016.01.12-15.54.38:748][830]LogTexture:Display: Building textures: SkyOcclusion1_12 (AutoDXT)
[2016.01.12-15.54.38:751][830]LogTexture:Display: Building textures: LQ_Lightmap_0_11 (DXT1)
[2016.01.12-15.54.38:762][830]LogTexture:Display: Building textures: HQ_Lightmap0_11 (AutoDXT)
[2016.01.12-15.54.38:773][830]LogTexture:Display: Building textures: SkyOcclusion1_11 (AutoDXT)
[2016.01.12-15.54.38:778][830]LogTexture:Display: Building textures: LQ_Lightmap_0_10 (DXT1)
[2016.01.12-15.54.38:789][830]LogTexture:Display: Building textures: HQ_Lightmap0_10 (AutoDXT)
[2016.01.12-15.54.38:796][830]LogTexture:Display: Building textures: SkyOcclusion1_10 (AutoDXT)
[2016.01.12-15.54.38:802][830]LogTexture:Display: Building textures: LQ_Lightmap_0_9 (DXT1)
[2016.01.12-15.54.38:808][830]LogTexture:Display: Building textures: HQ_Lightmap0_9 (AutoDXT)
[2016.01.12-15.54.38:809][830]LogTexture:Display: Building textures: SkyOcclusion1_9 (AutoDXT)
[2016.01.12-15.54.38:810][830]LogTexture:Display: Building textures: LQ_Lightmap_0_8 (DXT1)
[2016.01.12-15.54.38:819][830]LogTexture:Display: Building textures: HQ_Lightmap0_8 (AutoDXT)
[2016.01.12-15.54.38:820][830]LogTexture:Display: Building textures: SkyOcclusion1_8 (AutoDXT)
[2016.01.12-15.54.38:821][830]LogTexture:Display: Building textures: LQ_Lightmap_0_7 (DXT1)
[2016.01.12-15.54.38:830][830]LogTexture:Display: Building textures: HQ_Lightmap0_7 (AutoDXT)
[2016.01.12-15.54.38:852][830]LogTexture:Display: Building textures: SkyOcclusion1_7 (AutoDXT)
[2016.01.12-15.54.38:866][830]LogTexture:Display: Building textures: LQ_Lightmap_0_6 (DXT1)
[2016.01.12-15.54.38:877][830]LogTexture:Display: Building textures: HQ_Lightmap0_6 (AutoDXT)
[2016.01.12-15.54.38:899][830]LogTexture:Display: Building textures: SkyOcclusion1_6 (AutoDXT)
[2016.01.12-15.54.38:913][830]LogTexture:Display: Building textures: LQ_Lightmap_0_5 (DXT1)
[2016.01.12-15.54.38:923][830]LogTexture:Display: Building textures: HQ_Lightmap0_5 (AutoDXT)
[2016.01.12-15.54.38:946][830]LogTexture:Display: Building textures: SkyOcclusion1_5 (AutoDXT)
[2016.01.12-15.54.38:961][830]LogTexture:Display: Building textures: LQ_Lightmap_0_4 (DXT1)
[2016.01.12-15.54.39:011][830]LogTexture:Display: Building textures: HQ_Lightmap0_4 (AutoDXT)
[2016.01.12-15.54.39:108][830]LogTexture:Display: Building textures: SkyOcclusion1_4 (AutoDXT)
[2016.01.12-15.54.39:137][830]LogTexture:Display: Building textures: LQ_Lightmap_0_3 (DXT1)
[2016.01.12-15.54.39:159][830]LogTexture:Display: Building textures: HQ_Lightmap0_3 (AutoDXT)
[2016.01.12-15.54.39:206][830]LogTexture:Display: Building textures: SkyOcclusion1_3 (AutoDXT)
[2016.01.12-15.54.39:224][830]LogTexture:Display: Building textures: LQ_Lightmap_1_2 (DXT1)
[2016.01.12-15.54.39:302][830]LogTexture:Display: Building textures: HQ_Lightmap1_2 (AutoDXT)
[2016.01.12-15.54.39:460][830]LogTexture:Display: Building textures: SkyOcclusion1_2 (AutoDXT)
[2016.01.12-15.54.39:520][830]LogTexture:Display: Building textures: LQ_Lightmap_0_1 (DXT1)
[2016.01.12-15.54.39:611][830]LogTexture:Display: Building textures: HQ_Lightmap0_1 (AutoDXT)
[2016.01.12-15.54.39:902][830]LogTexture:Display: Building textures: ShadowMapTexture2D_0 (BGRA8)
[2016.01.12-15.54.40:063][830]LogTexture:Display: Building textures: ShadowMapTexture2D_1 (BGRA8)
[2016.01.12-15.54.40:131][830]LogTexture:Display: Building textures: ShadowMapTexture2D_2 (BGRA8)
[2016.01.12-15.54.40:166][830]LogTexture:Display: Building textures: ShadowMapTexture2D_3 (BGRA8)
[2016.01.12-15.54.40:181][830]LogTexture:Display: Building textures: ShadowMapTexture2D_4 (BGRA8)
[2016.01.12-15.54.40:189][830]LogTexture:Display: Building textures: ShadowMapTexture2D_5 (BGRA8)
[2016.01.12-15.54.40:198][830]LogTexture:Display: Building textures: ShadowMapTexture2D_6 (G8)
[2016.01.12-15.54.40:201][830]LogTexture:Display: Building textures: ShadowMapTexture2D_7 (G8)
[2016.01.12-15.54.40:204][830]LogTexture:Display: Building textures: ShadowMapTexture2D_8 (G8)
[2016.01.12-15.54.40:206][830]LogTexture:Display: Building textures: ShadowMapTexture2D_9 (G8)
[2016.01.12-15.54.40:208][830]LogTexture:Display: Building textures: ShadowMapTexture2D_10 (G8)
[2016.01.12-15.54.40:211][830]LogTexture:Display: Building textures: ShadowMapTexture2D_11 (G8)
[2016.01.12-15.54.40:213][830]LogTexture:Display: Building textures: ShadowMapTexture2D_12 (G8)
[2016.01.12-15.54.40:215][830]LogTexture:Display: Building textures: ShadowMapTexture2D_13 (G8)
[2016.01.12-15.54.40:218][830]LogTexture:Display: Building textures: ShadowMapTexture2D_14 (G8)
[2016.01.12-15.54.40:220][830]LogTexture:Display: Building textures: ShadowMapTexture2D_15 (G8)
[2016.01.12-15.54.40:222][830]LogTexture:Display: Building textures: ShadowMapTexture2D_16 (G8)
[2016.01.12-15.54.40:225][830]LogTexture:Display: Building textures: ShadowMapTexture2D_17 (G8)
[2016.01.12-15.54.40:227][830]LogTexture:Display: Building textures: ShadowMapTexture2D_18 (G8)
[2016.01.12-15.54.40:229][830]LogTexture:Display: Building textures: ShadowMapTexture2D_19 (G8)
[2016.01.12-15.54.40:232][830]LogTexture:Display: Building textures: ShadowMapTexture2D_20 (G8)
[2016.01.12-15.54.40:235][830]LogTexture:Display: Building textures: ShadowMapTexture2D_21 (G8)
[2016.01.12-15.54.40:237][830]LogTexture:Display: Building textures: ShadowMapTexture2D_22 (G8)
[2016.01.12-15.54.40:239][830]LogTexture:Display: Building textures: ShadowMapTexture2D_23 (G8)
[2016.01.12-15.54.40:241][830]LogTexture:Display: Building textures: ShadowMapTexture2D_24 (G8)
[2016.01.12-15.54.40:243][830]LogTexture:Display: Building textures: ShadowMapTexture2D_25 (G8)
[2016.01.12-15.54.40:246][830]LogTexture:Display: Building textures: ShadowMapTexture2D_26 (G8)
[2016.01.12-15.54.40:248][830]LogTexture:Display: Building textures: ShadowMapTexture2D_27 (G8)
[2016.01.12-15.54.40:250][830]LogTexture:Display: Building textures: ShadowMapTexture2D_28 (G8)
[2016.01.12-15.54.40:253][830]LogTexture:Display: Building textures: ShadowMapTexture2D_29 (G8)
[2016.01.12-15.54.40:255][830]LogTexture:Display: Building textures: ShadowMapTexture2D_30 (G8)
[2016.01.12-15.54.40:258][830]LogTexture:Display: Building textures: ShadowMapTexture2D_31 (G8)
[2016.01.12-15.54.40:260][830]LogTexture:Display: Building textures: ShadowMapTexture2D_32 (G8)
[2016.01.12-15.54.40:263][830]LogTexture:Display: Building textures: ShadowMapTexture2D_33 (G8)
[2016.01.12-15.54.40:265][830]LogTexture:Display: Building textures: ShadowMapTexture2D_34 (G8)
[2016.01.12-15.54.40:267][830]LogTexture:Display: Building textures: ShadowMapTexture2D_35 (G8)
[2016.01.12-15.54.40:269][830]LogTexture:Display: Building textures: ShadowMapTexture2D_36 (G8)
[2016.01.12-15.54.40:272][830]LogTexture:Display: Building textures: ShadowMapTexture2D_37 (G8)
[2016.01.12-15.54.40:274][830]LogTexture:Display: Building textures: ShadowMapTexture2D_38 (G8)
[2016.01.12-15.54.40:276][830]LogTexture:Display: Building textures: ShadowMapTexture2D_39 (G8)
[2016.01.12-15.54.40:279][830]LogTexture:Display: Building textures: ShadowMapTexture2D_40 (G8)
[2016.01.12-15.54.40:281][830]LogTexture:Display: Building textures: ShadowMapTexture2D_41 (G8)
[2016.01.12-15.54.40:284][830]LogTexture:Display: Building textures: ShadowMapTexture2D_42 (G8)
[2016.01.12-15.54.40:286][830]LogTexture:Display: Building textures: ShadowMapTexture2D_43 (G8)
[2016.01.12-15.54.40:288][830]LogTexture:Display: Building textures: ShadowMapTexture2D_44 (G8)
[2016.01.12-15.54.40:291][830]LogTexture:Display: Building textures: ShadowMapTexture2D_45 (G8)
[2016.01.12-15.54.40:293][830]LogTexture:Display: Building textures: ShadowMapTexture2D_46 (G8)
[2016.01.12-15.54.40:295][830]LogTexture:Display: Building textures: ShadowMapTexture2D_47 (G8)
[2016.01.12-15.54.40:299][830]LogTexture:Display: Building textures: ShadowMapTexture2D_48 (G8)
[2016.01.12-15.54.40:301][830]LogTexture:Display: Building textures: ShadowMapTexture2D_49 (G8)
[2016.01.12-15.54.40:303][830]LogTexture:Display: Building textures: ShadowMapTexture2D_50 (G8)
[2016.01.12-15.54.40:305][830]LogTexture:Display: Building textures: ShadowMapTexture2D_51 (G8)
[2016.01.12-15.54.40:307][830]LogTexture:Display: Building textures: ShadowMapTexture2D_52 (G8)
[2016.01.12-15.54.40:310][830]LogTexture:Display: Building textures: ShadowMapTexture2D_53 (G8)
[2016.01.12-15.54.40:312][830]LogTexture:Display: Building textures: ShadowMapTexture2D_54 (G8)
[2016.01.12-15.54.40:315][830]LogTexture:Display: Building textures: ShadowMapTexture2D_55 (G8)
[2016.01.12-15.54.40:317][830]LogTexture:Display: Building textures: ShadowMapTexture2D_56 (G8)
[2016.01.12-15.54.40:320][830]LogTexture:Display: Building textures: ShadowMapTexture2D_57 (G8)
[2016.01.12-15.54.40:322][830]LogTexture:Display: Building textures: ShadowMapTexture2D_58 (G8)
[2016.01.12-15.54.40:324][830]LogTexture:Display: Building textures: ShadowMapTexture2D_59 (G8)
[2016.01.12-15.54.40:327][830]LogTexture:Display: Building textures: ShadowMapTexture2D_60 (G8)
[2016.01.12-15.54.40:329][830]LogTexture:Display: Building textures: ShadowMapTexture2D_61 (G8)
[2016.01.12-15.54.40:331][830]LogTexture:Display: Building textures: ShadowMapTexture2D_62 (G8)
[2016.01.12-15.54.40:334][830]LogTexture:Display: Building textures: ShadowMapTexture2D_63 (G8)
[2016.01.12-15.54.40:336][830]LogTexture:Display: Building textures: ShadowMapTexture2D_64 (G8)
[2016.01.12-15.54.40:338][830]LogTexture:Display: Building textures: ShadowMapTexture2D_65 (G8)
[2016.01.12-15.54.40:341][830]LogTexture:Display: Building textures: ShadowMapTexture2D_66 (G8)
[2016.01.12-15.54.40:343][830]LogTexture:Display: Building textures: ShadowMapTexture2D_67 (G8)
[2016.01.12-15.54.40:345][830]LogTexture:Display: Building textures: ShadowMapTexture2D_68 (G8)
[2016.01.12-15.54.40:347][830]LogTexture:Display: Building textures: ShadowMapTexture2D_69 (G8)
[2016.01.12-15.54.40:349][830]LogTexture:Display: Building textures: ShadowMapTexture2D_70 (G8)
[2016.01.12-15.54.40:350][830]LogTexture:Display: Building textures: ShadowMapTexture2D_71 (G8)
[2016.01.12-15.54.40:374][830]Lightmass on PC-KOMPUTER: 1:16 min total, 578 ms importing, 1.88 sec setup, 2.11 sec photons, 1:11 min processing, 0 ms extra exporting [101/101 mappings]. Threads: 4:45 min total, 1:15 min processing.
[2016.01.12-15.54.40:383][830]LogActorComponent: UnregisterComponent: (/Engine/Transient.CharMoveComp) Not registered. Aborting.
[2016.01.12-15.54.40:424][830]LogStaticLightingSystem: Illumination: 37.9 sec (2.81 sec encoding lightmaps)
[2016.01.12-15.54.40:424][830]LogStaticLightingSystem: Lightmap texture memory:  4.9 MB (4.9 MB streaming, 0.0 MB non-streaming), 144 textures
[2016.01.12-15.54.40:424][830]LogStaticLightingSystem: Shadowmap texture memory: 7.7 MB (7.7 MB streaming, 0.0 MB non-streaming), 72 textures
[2016.01.12-15.54.41:346][831]Cmd: UpdateLandscapeEditorData
[2016.01.12-15.54.41:346][831]Cmd: MAP CHECK NOTIFYRESULTS
[2016.01.12-15.54.41:346][831]MapCheck: New page: LevelStartowy - Jan 12, 2016, 5:54:41 PM
[2016.01.12-15.54.41:463][831]MapCheck:Warning: Warning Auto_Door_Blueprint_C_0 Static mesh actor has NULL StaticMesh property 
[2016.01.12-15.54.41:463][831]MapCheck:Warning: Warning Auto_Door_Blueprint_C_0 Static mesh actor has NULL StaticMesh property 
[2016.01.12-15.54.41:573][831]MapCheck: Info Map check complete: 0 Error(s), 2 Warning(s), took 226.62ms to complete.
[2016.01.12-15.55.00:506][666]Cmd: DELETE
[2016.01.12-15.55.00:506][666]Cmd: ACTOR DELETE
[2016.01.12-15.55.00:523][666]LogEditorActor: Deleted Actor: Auto_Door_Blueprint_C
[2016.01.12-15.55.00:525][666]LogActorComponent: UnregisterComponent: (/Engine/Transient.CharMoveComp) Not registered. Aborting.
[2016.01.12-15.55.00:569][666]LogEditorActor: Deleted 1 Actors (0.062 secs)
[2016.01.12-15.55.02:296][778]Cmd: TRANSACTION UNDO
[2016.01.12-15.55.02:297][778]LogEditorTransaction: Undo Delete Actors
[2016.01.12-15.55.10:611][203]LogActorComponent: UnregisterComponent: (/Engine/Transient.CharMoveComp) Not registered. Aborting.
[2016.01.12-15.55.10:780][203]Cmd: OBJ SAVEPACKAGE PACKAGE="/Game/LevelStartowy" FILE="C:/Users/PC/Desktop/UE ProjektyPC/Cialon/Projekt/Cialon/Content/LevelStartowy.umap" SILENT=true AUTOSAVING=false KEEPDIRTY=false
[2016.01.12-15.55.11:530][203]LogSavePackage: Save=682.603394ms
[2016.01.12-15.55.11:530][203]LogSavePackage: Moving 'C:/Users/PC/Desktop/UE ProjektyPC/Cialon/Projekt/Cialon/Saved/LevelStartowyBC1288ED41C5B31329130595FB87A862.tmp' to 'C:/Users/PC/Desktop/UE ProjektyPC/Cialon/Projekt/Cialon/Content/LevelStartowy.umap'
[2016.01.12-15.55.11:546][203]LogSavePackage: Total save time: 730.101161ms
[2016.01.12-15.55.11:546][203]LogSavePackage:Display: Finished SavePackage C:/Users/PC/Desktop/UE ProjektyPC/Cialon/Projekt/Cialon/Content/LevelStartowy.umap
[2016.01.12-15.55.11:568][203]LogFileHelpers: Saving map 'LevelStartowy' took 0.897
[2016.01.12-15.55.13:025][259]LogEditorViewport: Clicking on Actor (LMB): Auto_Door_Blueprint_C (Auto_Door_Blueprint)
[2016.01.12-15.55.23:200][627]LogBlueprintUserMessages: Early PlayInEditor Detection: Level '/Game/LevelStartowy.LevelStartowy:PersistentLevel' has LevelScriptBlueprint '/Game/LevelStartowy.LevelStartowy:PersistentLevel.LevelStartowy' with GeneratedClass '/Game/LevelStartowy.LevelStartowy_C' with ClassGeneratedBy '/Game/LevelStartowy.LevelStartowy:PersistentLevel.LevelStartowy'
[2016.01.12-15.55.23:200][627]LogPlayLevel: PlayLevel: No blueprints needed recompiling
[2016.01.12-15.55.23:200][627]PIE: New page: PIE session: LevelStartowy (Jan 12, 2016, 5:55:23 PM)
[2016.01.12-15.55.23:200][627]LogPlayLevel: Creating play world package: /Game/UEDPIE_0_LevelStartowy
[2016.01.12-15.55.23:241][627]LogPlayLevel: PIE: StaticDuplicateObject took: (0.040863s)
[2016.01.12-15.55.23:242][627]LogAIModule: Creating AISystem for world LevelStartowy
[2016.01.12-15.55.23:243][627]LogPlayLevel: PIE: World Init took: (0.001317s)
[2016.01.12-15.55.23:243][627]LogPlayLevel: PIE: Created PIE world by copying editor world from /Game/LevelStartowy.LevelStartowy to /Game/UEDPIE_0_LevelStartowy.LevelStartowy (0.042394s)
[2016.01.12-15.55.23:243][627]LogActorComponent: UnregisterComponent: (/Engine/Transient.CharMoveComp) Not registered. Aborting.
[2016.01.12-15.55.23:267][627]LogParticles: Destroying 0 GPU particle simulations for FXSystem 0x000000004413FF60
[2016.01.12-15.55.23:274][627]LogInit: XAudio2 using 'Głośniki (Realtek High Definition Audio)' : 2 channels at 48 kHz using 32 bits per sample (channel mask 0x3)
[2016.01.12-15.55.23:281][627]LogInit: FAudioDevice initialized.
[2016.01.12-15.55.23:313][627]LogWorld: Game class is 'ThirdPersonGameMode_C'
[2016.01.12-15.55.23:338][627]LogWorld: Bringing World /Game/UEDPIE_0_LevelStartowy.LevelStartowy up for play (max tick rate 0) at 2016.01.12-16.55.23
[2016.01.12-15.55.23:338][627]LogActor:Warning: GameSession /Game/UEDPIE_0_LevelStartowy.LevelStartowy:PersistentLevel.GameSession_1 has natively added scene component(s), but none of them were set as the actor's RootComponent - picking one arbitrarily
[2016.01.12-15.55.23:338][627]LogActor:Warning: GameNetworkManager /Game/UEDPIE_0_LevelStartowy.LevelStartowy:PersistentLevel.GameNetworkManager_1 has natively added scene component(s), but none of them were set as the actor's RootComponent - picking one arbitrarily
[2016.01.12-15.55.23:339][627]LogWorld: Bringing up level for play took: 0.024829
[2016.01.12-15.55.23:343][627]PIE:Warning: Warning The widget 'GameHUD_C' was already added to the screen.
[2016.01.12-15.55.23:344][627]PIE: Info Play in editor start time for /Game/UEDPIE_0_LevelStartowy 0.386
[2016.01.12-15.55.23:344][627]LogBlueprintUserMessages: Late PlayInEditor Detection: Level '/Game/LevelStartowy.LevelStartowy:PersistentLevel' has LevelScriptBlueprint '/Game/LevelStartowy.LevelStartowy:PersistentLevel.LevelStartowy' with GeneratedClass '/Game/LevelStartowy.LevelStartowy_C' with ClassGeneratedBy '/Game/LevelStartowy.LevelStartowy:PersistentLevel.LevelStartowy'
[2016.01.12-15.55.27:377][792]LogBlueprintUserMessages: [Button_C_1] Hello
[2016.01.12-15.55.28:356][834]LogBlueprintUserMessages: [Button_C_1] Hello
[2016.01.12-15.55.29:577][886]LogBlueprintUserMessages: [Button_C_1] Hello
[2016.01.12-15.55.30:543][927]LogBlueprintUserMessages: [Button_C_1] Hello
[2016.01.12-15.55.31:610][972]LogBlueprintUserMessages: [Button_C_1] Hello
[2016.01.12-15.55.32:540][ 11]LogBlueprintUserMessages: [Button_C_1] Hello
[2016.01.12-15.55.47:466][654]LogScript:Warning: Attempted to get an item from array Inventory out of bounds [1/0]!
[2016.01.12-15.55.47:466][654]LogScript:Warning: Attempted to get an item from array Inventory out of bounds [2/0]!
[2016.01.12-15.55.47:466][654]LogScript:Warning: Attempted to get an item from array Inventory out of bounds [3/0]!
[2016.01.12-15.55.47:466][654]LogScript:Warning: Attempted to get an item from array Inventory out of bounds [4/0]!
[2016.01.12-15.55.47:466][654]LogScript:Warning: Attempted to get an item from array Inventory out of bounds [5/0]!
[2016.01.12-15.55.47:466][654]LogScript:Warning: Attempted to get an item from array Inventory out of bounds [6/0]!
[2016.01.12-15.55.47:466][654]LogScript:Warning: Attempted to get an item from array Inventory out of bounds [7/0]!
[2016.01.12-15.55.47:466][654]LogScript:Warning: Attempted to get an item from array Inventory out of bounds [8/0]!
[2016.01.12-15.55.51:421][826]LogScript:Warning: Attempted to get an item from array Inventory out of bounds [0/0]!
[2016.01.12-15.55.51:421][826]LogScript:Warning: Attempted to get an item from array Inventory out of bounds [1/0]!
[2016.01.12-15.55.51:421][826]LogScript:Warning: Attempted to get an item from array Inventory out of bounds [2/0]!
[2016.01.12-15.55.51:421][826]LogScript:Warning: Attempted to get an item from array Inventory out of bounds [3/0]!
[2016.01.12-15.55.51:421][826]LogScript:Warning: Attempted to get an item from array Inventory out of bounds [4/0]!
[2016.01.12-15.55.51:421][826]LogScript:Warning: Attempted to get an item from array Inventory out of bounds [5/0]!
[2016.01.12-15.55.51:421][826]LogScript:Warning: Attempted to get an item from array Inventory out of bounds [6/0]!
[2016.01.12-15.55.51:421][826]LogScript:Warning: Attempted to get an item from array Inventory out of bounds [7/0]!
[2016.01.12-15.55.51:421][826]LogScript:Warning: Attempted to get an item from array Inventory out of bounds [8/0]!
[2016.01.12-15.55.52:711][879]LogBlueprintUserMessages: Early EndPlayMap Detection: Level '/Game/LevelStartowy.LevelStartowy:PersistentLevel' has LevelScriptBlueprint '/Game/LevelStartowy.LevelStartowy:PersistentLevel.LevelStartowy' with GeneratedClass '/Game/LevelStartowy.LevelStartowy_C' with ClassGeneratedBy '/Game/LevelStartowy.LevelStartowy:PersistentLevel.LevelStartowy'
[2016.01.12-15.55.52:775][879]LogBlueprintUserMessages: Late EndPlayMap Detection: Level '/Game/LevelStartowy.LevelStartowy:PersistentLevel' has LevelScriptBlueprint '/Game/LevelStartowy.LevelStartowy:PersistentLevel.LevelStartowy' with GeneratedClass '/Game/LevelStartowy.LevelStartowy_C' with ClassGeneratedBy '/Game/LevelStartowy.LevelStartowy:PersistentLevel.LevelStartowy'
[2016.01.12-15.55.52:804][879]LogParticles: Destroying 0 GPU particle simulations for FXSystem 0x000000003945F740
[2016.01.12-15.55.55:472][980]Cmd: OBJ SAVEPACKAGE PACKAGE="/Game/LevelStartowy" FILE="C:/Users/PC/Desktop/UE ProjektyPC/Cialon/Projekt/Cialon/Content/LevelStartowy.umap" SILENT=true AUTOSAVING=false KEEPDIRTY=false
[2016.01.12-15.55.56:194][980]LogSavePackage: Save=675.708313ms
[2016.01.12-15.55.56:194][980]LogSavePackage: Moving 'C:/Users/PC/Desktop/UE ProjektyPC/Cialon/Projekt/Cialon/Saved/LevelStartowy1B9B098C40FE69AF7B513DAC056B6D06.tmp' to 'C:/Users/PC/Desktop/UE ProjektyPC/Cialon/Projekt/Cialon/Content/LevelStartowy.umap'
[2016.01.12-15.55.56:197][980]LogSavePackage: Total save time: 694.571503ms
[2016.01.12-15.55.56:197][980]LogSavePackage:Display: Finished SavePackage C:/Users/PC/Desktop/UE ProjektyPC/Cialon/Projekt/Cialon/Content/LevelStartowy.umap
[2016.01.12-15.55.57:460][ 27]Cmd: QUIT_EDITOR
[2016.01.12-15.55.57:706][ 27]LogExit: Preparing to exit.
[2016.01.12-15.55.58:470][ 27]LogExit: Editor shut down
[2016.01.12-15.55.58:471][ 27]LogExit: Transaction tracking system shut down
[2016.01.12-15.55.58:478][ 27]LogParticles: Destroying 0 GPU particle simulations for FXSystem 0x0000000023FD2980
[2016.01.12-15.55.58:480][ 27]LogParticles: Destroying 0 GPU particle simulations for FXSystem 0x000000001C5E8680
[2016.01.12-15.55.58:480][ 27]LogParticles: Destroying 0 GPU particle simulations for FXSystem 0x0000000024282B60
[2016.01.12-15.55.58:480][ 27]LogParticles: Destroying 0 GPU particle simulations for FXSystem 0x000000002DFEB100
[2016.01.12-15.55.58:485][ 27]LogParticles: Destroying 0 GPU particle simulations for FXSystem 0x0000000033673EC0
[2016.01.12-15.55.59:249][ 27]LogExit: Object subsystem successfully closed.
[2016.01.12-15.55.59:284][ 27]LogD3D11RHI: Shutdown
[2016.01.12-15.55.59:284][ 27]LogD3D11RHI: CleanupD3DDevice
[2016.01.12-15.55.59:594][ 27]LogD3D11RHI: ~FD3D11DynamicRHI
[2016.01.12-15.56.00:067][ 27]LogModuleManager: Shutting down and abandoning module BlueprintGraph (200)
[2016.01.12-15.56.00:067][ 27]LogModuleManager: Shutting down and abandoning module CookingStats (199)
[2016.01.12-15.56.00:067][ 27]LogModuleManager: Shutting down and abandoning module CrashTracker (198)
[2016.01.12-15.56.00:067][ 27]LogModuleManager: Shutting down and abandoning module SceneOutliner (197)
[2016.01.12-15.56.00:067][ 27]LogModuleManager: Shutting down and abandoning module SuperSearch (196)
[2016.01.12-15.56.00:067][ 27]LogModuleManager: Shutting down and abandoning module WidgetCarousel (195)
[2016.01.12-15.56.00:074][ 27]LogModuleManager: Shutting down and abandoning module AddContentDialog (194)
[2016.01.12-15.56.00:084][ 27]LogModuleManager: Shutting down and abandoning module EditorWidgets (193)
[2016.01.12-15.56.00:084][ 27]LogModuleManager: Shutting down and abandoning module CollectionManager (192)
[2016.01.12-15.56.00:093][ 27]LogModuleManager: Shutting down and abandoning module StatsViewer (191)
[2016.01.12-15.56.00:099][ 27]LogModuleManager: Shutting down and abandoning module FoliageEdit (190)
[2016.01.12-15.56.00:106][ 27]LogModuleManager: Shutting down and abandoning module LandscapeEditor (189)
[2016.01.12-15.56.00:121][ 27]LogModuleManager: Shutting down and abandoning module ActorPickerMode (188)
[2016.01.12-15.56.00:121][ 27]LogModuleManager: Shutting down and abandoning module GeometryMode (187)
[2016.01.12-15.56.00:121][ 27]LogModuleManager: Shutting down and abandoning module TextureAlignMode (186)
[2016.01.12-15.56.00:121][ 27]LogModuleManager: Shutting down and abandoning module BspMode (185)
[2016.01.12-15.56.00:121][ 27]LogModuleManager: Shutting down and abandoning module PlacementMode (184)
[2016.01.12-15.56.00:121][ 27]LogModuleManager: Shutting down and abandoning module AutomationWorker (183)
[2016.01.12-15.56.00:121][ 27]LogModuleManager: Shutting down and abandoning module CharacterAI (182)
[2016.01.12-15.56.00:121][ 27]LogModuleManager: Shutting down and abandoning module SmartSnapping (181)
[2016.01.12-15.56.00:121][ 27]LogModuleManager: Shutting down and abandoning module ViewportSnapping (180)
[2016.01.12-15.56.00:121][ 27]LogModuleManager: Shutting down and abandoning module LogVisualizer (179)
[2016.01.12-15.56.00:137][ 27]LogModuleManager: Shutting down and abandoning module GameProjectGeneration (178)
[2016.01.12-15.56.00:154][ 27]LogModuleManager: Shutting down and abandoning module IntroTutorials (177)
[2016.01.12-15.56.00:163][ 27]LogModuleManager: Shutting down and abandoning module EditorLiveStreaming (176)
[2016.01.12-15.56.00:163][ 27]LogModuleManager: Shutting down and abandoning module IOSPlatformEditor (175)
[2016.01.12-15.56.00:169][ 27]LogModuleManager: Shutting down and abandoning module HTML5PlatformEditor (174)
[2016.01.12-15.56.00:170][ 27]LogModuleManager: Shutting down and abandoning module AndroidDeviceDetection (173)
[2016.01.12-15.56.00:909][ 27]LogModuleManager: Shutting down and abandoning module AndroidPlatformEditor (172)
[2016.01.12-15.56.00:909][ 27]LogModuleManager: Shutting down and abandoning module IOSRuntimeSettings (171)
[2016.01.12-15.56.00:909][ 27]LogModuleManager: Shutting down and abandoning module AndroidRuntimeSettings (170)
[2016.01.12-15.56.00:909][ 27]LogModuleManager: Shutting down and abandoning module MergeActors (169)
[2016.01.12-15.56.00:914][ 27]LogModuleManager: Shutting down and abandoning module SizeMap (168)
[2016.01.12-15.56.00:914][ 27]LogModuleManager: Shutting down and abandoning module TreeMap (167)
[2016.01.12-15.56.00:920][ 27]LogModuleManager: Shutting down and abandoning module ReferenceViewer (166)
[2016.01.12-15.56.00:927][ 27]LogModuleManager: Shutting down and abandoning module LocalizationService (165)
[2016.01.12-15.56.00:931][ 27]LogModuleManager: Shutting down and abandoning module LocalizationDashboard (164)
[2016.01.12-15.56.00:936][ 27]LogModuleManager: Shutting down and abandoning module HardwareTargeting (163)
[2016.01.12-15.56.00:948][ 27]LogModuleManager: Shutting down and abandoning module DeviceProfileEditor (162)
[2016.01.12-15.56.00:959][ 27]LogModuleManager: Shutting down and abandoning module UndoHistory (161)
[2016.01.12-15.56.00:965][ 27]LogModuleManager: Shutting down and abandoning module GameplayTagsEditor (160)
[2016.01.12-15.56.00:971][ 27]LogModuleManager: Shutting down and abandoning module UserFeedback (159)
[2016.01.12-15.56.00:971][ 27]LogModuleManager: Shutting down and abandoning module XmlParser (158)
[2016.01.12-15.56.00:971][ 27]LogModuleManager: Shutting down and abandoning module Blutility (157)
[2016.01.12-15.56.00:971][ 27]LogModuleManager: Shutting down and abandoning module ProjectTargetPlatformEditor (156)
[2016.01.12-15.56.00:978][ 27]LogModuleManager: Shutting down and abandoning module ProjectSettingsViewer (155)
[2016.01.12-15.56.00:978][ 27]LogModuleManager: Shutting down and abandoning module InputBindingEditor (154)
[2016.01.12-15.56.01:002][ 27]LogModuleManager: Shutting down and abandoning module EditorSettingsViewer (153)
[2016.01.12-15.56.01:002][ 27]LogModuleManager: Shutting down and abandoning module SettingsEditor (152)
[2016.01.12-15.56.01:013][ 27]LogModuleManager: Shutting down and abandoning module ProjectLauncher (151)
[2016.01.12-15.56.01:026][ 27]LogModuleManager: Shutting down and abandoning module SessionFrontend (150)
[2016.01.12-15.56.01:040][ 27]LogModuleManager: Shutting down and abandoning module ProfilerClient (149)
[2016.01.12-15.56.01:048][ 27]LogModuleManager: Shutting down and abandoning module TargetDeviceServices (148)
[2016.01.12-15.56.01:048][ 27]LogModuleManager: Shutting down and abandoning module DeviceManager (147)
[2016.01.12-15.56.01:068][ 27]LogModuleManager: Shutting down and abandoning module AutomationController (146)
[2016.01.12-15.56.01:076][ 27]LogModuleManager: Shutting down and abandoning module AutomationWindow (145)
[2016.01.12-15.56.01:088][ 27]LogModuleManager: Shutting down and abandoning module Layers (144)
[2016.01.12-15.56.01:106][ 27]LogModuleManager: Shutting down and abandoning module ComponentVisualizers (143)
[2016.01.12-15.56.01:106][ 27]LogModuleManager: Shutting down and abandoning module DetailCustomizations (142)
[2016.01.12-15.56.01:106][ 27]LogModuleManager: Shutting down and abandoning module PackagesDialog (141)
[2016.01.12-15.56.01:106][ 27]LogModuleManager: Shutting down and abandoning module Persona (140)
[2016.01.12-15.56.01:144][ 27]LogModuleManager: Shutting down and abandoning module Kismet (139)
[2016.01.12-15.56.01:145][ 27]LogModuleManager: Shutting down and abandoning module GraphEditor (138)
[2016.01.12-15.56.01:145][ 27]LogModuleManager: Shutting down and abandoning module ClassViewer (137)
[2016.01.12-15.56.01:146][ 27]LogModuleManager: Shutting down and abandoning module Toolbox (136)
[2016.01.12-15.56.01:146][ 27]LogModuleManager: Shutting down and abandoning module ModuleUI (135)
[2016.01.12-15.56.01:153][ 27]LogModuleManager: Shutting down and abandoning module MovieSceneTools (134)
[2016.01.12-15.56.01:153][ 27]LogModuleManager: Shutting down and abandoning module OutputLog (133)
[2016.01.12-15.56.01:153][ 27]LogModuleManager: Shutting down and abandoning module GammaUI (132)
[2016.01.12-15.56.01:163][ 27]LogModuleManager: Shutting down and abandoning module Documentation (131)
[2016.01.12-15.56.01:163][ 27]LogModuleManager: Shutting down and abandoning module GameLiveStreaming (130)
[2016.01.12-15.56.01:166][ 27]LogModuleManager: Shutting down and abandoning module StreamingPauseRendering (129)
[2016.01.12-15.56.01:166][ 27]LogModuleManager: Shutting down and abandoning module AnalyticsET (128)
[2016.01.12-15.56.01:166][ 27]LogModuleManager: Shutting down and abandoning module Analytics (127)
[2016.01.12-15.56.01:166][ 27]LogModuleManager: Shutting down and abandoning module AITestSuite (126)
[2016.01.12-15.56.01:178][ 27]LogModuleManager: Shutting down and abandoning module GameplayDebugger (125)
[2016.01.12-15.56.01:186][ 27]LogModuleManager: Shutting down and abandoning module AIModule (124)
[2016.01.12-15.56.01:186][ 27]LogModuleManager: Shutting down and abandoning module ProfilerService (123)
[2016.01.12-15.56.01:240][ 27]LogModuleManager: Shutting down and abandoning module TaskGraph (122)
[2016.01.12-15.56.01:252][ 27]LogModuleManager: Shutting down and abandoning module SlateRemote (121)
[2016.01.12-15.56.01:252][ 27]LogModuleManager: Shutting down and abandoning module SteamVRController (120)
[2016.01.12-15.56.01:252][ 27]LogModuleManager: Shutting down and abandoning module SteamVR (119)
[2016.01.12-15.56.01:252][ 27]LogModuleManager: Shutting down and abandoning module ProceduralMeshComponent (118)
[2016.01.12-15.56.01:252][ 27]LogModuleManager: Shutting down and abandoning module OculusLibrary (117)
[2016.01.12-15.56.01:252][ 27]LogModuleManager: Shutting down and abandoning module OculusInput (116)
[2016.01.12-15.56.01:252][ 27]LogModuleManager: Shutting down and abandoning module LeapMotionController (115)
[2016.01.12-15.56.01:277][ 27]LogModuleManager: Shutting down and abandoning module CustomMeshComponent (114)
[2016.01.12-15.56.01:277][ 27]LogModuleManager: Shutting down and abandoning module CableComponent (113)
[2016.01.12-15.56.01:288][ 27]LogModuleManager: Shutting down and abandoning module ArchVisCharacter (112)
[2016.01.12-15.56.01:288][ 27]LogModuleManager: Shutting down and abandoning module MessagingDebugger (111)
[2016.01.12-15.56.01:304][ 27]LogModuleManager: Shutting down and abandoning module MediaPlayerEditor (110)
[2016.01.12-15.56.01:312][ 27]LogModuleManager: Shutting down and abandoning module HTML5Networking (109)
[2016.01.12-15.56.01:312][ 27]LogModuleManager: Shutting down and abandoning module SpeedTreeImporter (108)
[2016.01.12-15.56.01:312][ 27]LogModuleManager: Shutting down and abandoning module PluginBrowser (107)
[2016.01.12-15.56.01:323][ 27]LogModuleManager: Shutting down and abandoning module EpicSurvey (106)
[2016.01.12-15.56.01:331][ 27]LogModuleManager: Shutting down and abandoning module DesktopPlatform (105)
[2016.01.12-15.56.01:337][ 27]LogModuleManager: Shutting down and abandoning module VisualStudioSourceCodeAccess (104)
[2016.01.12-15.56.01:337][ 27]LogModuleManager: Shutting down and abandoning module UObjectPlugin (103)
[2016.01.12-15.56.01:337][ 27]LogModuleManager: Shutting down and abandoning module SubversionSourceControl (102)
[2016.01.12-15.56.01:348][ 27]LogModuleManager: Shutting down and abandoning module PerforceSourceControl (101)
[2016.01.12-15.56.01:359][ 27]LogModuleManager: Shutting down and abandoning module SourceControl (100)
[2016.01.12-15.56.01:370][ 27]LogModuleManager: Shutting down and abandoning module GitSourceControl (99)
[2016.01.12-15.56.01:380][ 27]LogModuleManager: Shutting down and abandoning module LightPropagationVolumeEditor (98)
[2016.01.12-15.56.01:380][ 27]LogModuleManager: Shutting down and abandoning module PaperTiledImporter (97)
[2016.01.12-15.56.01:384][ 27]LogModuleManager: Shutting down and abandoning module PaperSpriteSheetImporter (96)
[2016.01.12-15.56.01:384][ 27]LogModuleManager: Shutting down and abandoning module MeshPaint (95)
[2016.01.12-15.56.01:384][ 27]LogModuleManager: Shutting down and abandoning module SlateReflector (94)
[2016.01.12-15.56.01:408][ 27]LogModuleManager: Shutting down and abandoning module HotReload (93)
[2016.01.12-15.56.01:413][ 27]LogModuleManager: Shutting down and abandoning module MainFrame (92)
[2016.01.12-15.56.01:413][ 27]LogModuleManager: Shutting down and abandoning module LevelEditor (91)
[2016.01.12-15.56.01:421][ 27]LogModuleManager: Shutting down and abandoning module DirectoryWatcher (90)
[2016.01.12-15.56.01:421][ 27]LogModuleManager: Shutting down and abandoning module AssetRegistry (89)
[2016.01.12-15.56.01:545][ 27]LogModuleManager: Shutting down and abandoning module ContentBrowser (88)
[2016.01.12-15.56.01:546][ 27]LogModuleManager: Shutting down and abandoning module Paper2DEditor (87)
[2016.01.12-15.56.01:563][ 27]LogModuleManager: Shutting down and abandoning module UdpMessaging (86)
[2016.01.12-15.56.01:663][ 27]LogModuleManager: Shutting down and abandoning module LightPropagationVolumeRuntime (85)
[2016.01.12-15.56.01:663][ 27]LogModuleManager: Shutting down and abandoning module Paper2D (84)
[2016.01.12-15.56.01:667][ 27]LogModuleManager: Shutting down and abandoning module WindowsMoviePlayer (83)
[2016.01.12-15.56.01:670][ 27]LogModuleManager: Shutting down and abandoning module Media (82)
[2016.01.12-15.56.01:670][ 27]LogModuleManager: Shutting down and abandoning module WmfMedia (81)
[2016.01.12-15.56.01:675][ 27]LogModuleManager: Shutting down and abandoning module OnlineBlueprintSupport (80)
[2016.01.12-15.56.01:675][ 27]LogModuleManager: Shutting down and abandoning module GameplayTasksEditor (79)
[2016.01.12-15.56.01:675][ 27]LogModuleManager: Shutting down and abandoning module PropertyEditor (78)
[2016.01.12-15.56.01:675][ 27]LogModuleManager: Shutting down and abandoning module BehaviorTreeEditor (77)
[2016.01.12-15.56.01:702][ 27]LogModuleManager: Shutting down and abandoning module FunctionalTesting (76)
[2016.01.12-15.56.01:702][ 27]LogModuleManager: Shutting down and abandoning module CollisionAnalyzer (75)
[2016.01.12-15.56.01:710][ 27]LogModuleManager: Shutting down and abandoning module WorkspaceMenuStructure (74)
[2016.01.12-15.56.01:710][ 27]LogModuleManager: Shutting down and abandoning module MessageLog (73)
[2016.01.12-15.56.01:710][ 27]LogModuleManager: Shutting down and abandoning module Sequencer (72)
[2016.01.12-15.56.01:710][ 27]LogModuleManager: Shutting down and abandoning module AssetTools (71)
[2016.01.12-15.56.01:716][ 27]LogModuleManager: Shutting down and abandoning module UMGEditor (70)
[2016.01.12-15.56.01:716][ 27]LogModuleManager: Shutting down and abandoning module UMG (69)
[2016.01.12-15.56.01:716][ 27]LogModuleManager: Shutting down and abandoning module Slate (68)
[2016.01.12-15.56.01:716][ 27]LogModuleManager: Shutting down and abandoning module EditorStyle (67)
[2016.01.12-15.56.01:718][ 27]LogModuleManager: Shutting down and abandoning module SessionServices (66)
[2016.01.12-15.56.01:718][ 27]LogModuleManager: Shutting down and abandoning module SourceCodeAccess (65)
[2016.01.12-15.56.01:718][ 27]LogModuleManager: Shutting down and abandoning module HeadMountedDisplay (64)
[2016.01.12-15.56.01:718][ 27]LogModuleManager: Shutting down and abandoning module XAudio2 (63)
[2016.01.12-15.56.01:718][ 27]LogModuleManager: Shutting down and abandoning module Networking (61)
[2016.01.12-15.56.01:718][ 27]LogModuleManager: Shutting down and abandoning module Core (60)
[2016.01.12-15.56.01:718][ 27]LogModuleManager: Shutting down and abandoning module KismetCompiler (59)
[2016.01.12-15.56.01:718][ 27]LogModuleManager: Shutting down and abandoning module PhysXFormats (58)
[2016.01.12-15.56.01:718][ 27]LogModuleManager: Shutting down and abandoning module MeshUtilities (57)
[2016.01.12-15.56.01:729][ 27]LogModuleManager: Shutting down and abandoning module DerivedDataCache (56)
[2016.01.12-15.56.01:832][ 27]LogDerivedDataCache: Shutdown
[2016.01.12-15.56.01:833][ 27]LogModuleManager: Shutting down and abandoning module ShaderFormatOpenGL (55)
[2016.01.12-15.56.01:839][ 27]LogModuleManager: Shutting down and abandoning module ShaderFormatD3D (54)
[2016.01.12-15.56.01:839][ 27]LogModuleManager: Shutting down and abandoning module MetalShaderFormat (53)
[2016.01.12-15.56.01:851][ 27]LogModuleManager: Shutting down and abandoning module TextureFormatUncompressed (52)
[2016.01.12-15.56.01:851][ 27]LogModuleManager: Shutting down and abandoning module TextureFormatPVR (51)
[2016.01.12-15.56.01:851][ 27]LogModuleManager: Shutting down and abandoning module TextureFormatIntelISPCTexComp (50)
[2016.01.12-15.56.01:851][ 27]LogModuleManager: Shutting down and abandoning module TextureFormatDXT (49)
[2016.01.12-15.56.01:851][ 27]LogModuleManager: Shutting down and abandoning module ImageWrapper (48)
[2016.01.12-15.56.01:851][ 27]LogModuleManager: Shutting down and abandoning module TextureFormatASTC (47)
[2016.01.12-15.56.01:851][ 27]LogModuleManager: Shutting down and abandoning module TextureFormatAndroid (46)
[2016.01.12-15.56.01:851][ 27]LogModuleManager: Shutting down and abandoning module AudioFormatOpus (45)
[2016.01.12-15.56.01:858][ 27]LogModuleManager: Shutting down and abandoning module AudioFormatOgg (44)
[2016.01.12-15.56.01:858][ 27]LogModuleManager: Shutting down and abandoning module AudioFormatADPCM (43)
[2016.01.12-15.56.01:858][ 27]LogModuleManager: Shutting down and abandoning module LinuxTargetPlatform (42)
[2016.01.12-15.56.01:858][ 27]LogModuleManager: Shutting down and abandoning module LinuxServerTargetPlatform (41)
[2016.01.12-15.56.01:858][ 27]LogModuleManager: Shutting down and abandoning module LinuxNoEditorTargetPlatform (40)
[2016.01.12-15.56.01:858][ 27]LogModuleManager: Shutting down and abandoning module Messaging (39)
[2016.01.12-15.56.01:858][ 27]LogModuleManager: Shutting down and abandoning module IOSTargetPlatform (38)
[2016.01.12-15.56.01:858][ 27]LogModuleManager: Shutting down and abandoning module HTML5TargetPlatform (37)
[2016.01.12-15.56.01:858][ 27]LogModuleManager: Shutting down and abandoning module Android_PVRTCTargetPlatform (36)
[2016.01.12-15.56.01:858][ 27]LogModuleManager: Shutting down and abandoning module Android_MultiTargetPlatform (35)
[2016.01.12-15.56.01:858][ 27]LogModuleManager: Shutting down and abandoning module Android_ETC2TargetPlatform (34)
[2016.01.12-15.56.01:858][ 27]LogModuleManager: Shutting down and abandoning module Android_ETC1TargetPlatform (33)
[2016.01.12-15.56.01:858][ 27]LogModuleManager: Shutting down and abandoning module Android_DXTTargetPlatform (32)
[2016.01.12-15.56.01:858][ 27]LogModuleManager: Shutting down and abandoning module Android_ATCTargetPlatform (31)
[2016.01.12-15.56.01:858][ 27]LogModuleManager: Shutting down and abandoning module Android_ASTCTargetPlatform (30)
[2016.01.12-15.56.01:858][ 27]LogModuleManager: Shutting down and abandoning module AndroidTargetPlatform (29)
[2016.01.12-15.56.01:858][ 27]LogModuleManager: Shutting down and abandoning module WindowsTargetPlatform (28)
[2016.01.12-15.56.01:858][ 27]LogModuleManager: Shutting down and abandoning module WindowsServerTargetPlatform (27)
[2016.01.12-15.56.01:858][ 27]LogModuleManager: Shutting down and abandoning module WindowsNoEditorTargetPlatform (26)
[2016.01.12-15.56.01:858][ 27]LogModuleManager: Shutting down and abandoning module WindowsClientTargetPlatform (25)
[2016.01.12-15.56.01:858][ 27]LogModuleManager: Shutting down and abandoning module AllDesktopTargetPlatform (24)
[2016.01.12-15.56.01:858][ 27]LogModuleManager: Shutting down and abandoning module TargetPlatform (23)
[2016.01.12-15.56.01:858][ 27]LogModuleManager: Shutting down and abandoning module InputCore (22)
[2016.01.12-15.56.01:858][ 27]LogModuleManager: Shutting down and abandoning module Settings (21)
[2016.01.12-15.56.01:858][ 27]LogModuleManager: Shutting down and abandoning module OnlineSubsystem (19)
[2016.01.12-15.56.01:858][ 27]LogModuleManager: Shutting down and abandoning module HTTP (18)
[2016.01.12-15.56.03:858][ 27]LogModuleManager: Shutting down and abandoning module XMPP (17)
[2016.01.12-15.56.03:868][ 27]LogModuleManager: Shutting down and abandoning module OculusRift (16)
[2016.01.12-15.56.03:878][ 27]LogModuleManager: Shutting down and abandoning module ExampleDeviceProfileSelector (15)
[2016.01.12-15.56.03:878][ 27]LogModuleManager: Shutting down and abandoning module TextureCompressor (14)
[2016.01.12-15.56.03:878][ 27]LogModuleManager: Shutting down and abandoning module ShaderCore (13)
[2016.01.12-15.56.03:878][ 27]LogModuleManager: Shutting down and abandoning module Landscape (12)
[2016.01.12-15.56.03:878][ 27]LogModuleManager: Shutting down and abandoning module SlateRHIRenderer (11)
[2016.01.12-15.56.03:887][ 27]LogModuleManager: Shutting down and abandoning module OpenGLDrv (10)
[2016.01.12-15.56.03:897][ 27]LogModuleManager: Shutting down and abandoning module D3D11RHI (9)
[2016.01.12-15.56.03:897][ 27]LogModuleManager: Shutting down and abandoning module AnimGraphRuntime (8)
[2016.01.12-15.56.03:897][ 27]LogModuleManager: Shutting down and abandoning module Renderer (7)
[2016.01.12-15.56.03:898][ 27]LogModuleManager: Shutting down and abandoning module Engine (6)
[2016.01.12-15.56.03:898][ 27]LogModuleManager: Shutting down and abandoning module CoreUObject (5)
[2016.01.12-15.56.03:898][ 27]LogModuleManager: Shutting down and abandoning module NetworkFile (4)
[2016.01.12-15.56.03:902][ 27]LogModuleManager: Shutting down and abandoning module StreamingFile (3)
[2016.01.12-15.56.03:902][ 27]LogModuleManager: Shutting down and abandoning module SandboxFile (2)
[2016.01.12-15.56.03:902][ 27]LogModuleManager: Shutting down and abandoning module PakFile (1)
[2016.01.12-15.56.03:913][ 27]LogExit: Exiting.
[2016.01.12-15.56.03:920][ 27]Log file closed, 01/12/16 16:56:03
