[2016.02.24-11.32.38:742][  0]Log file open, 02/24/16 12:32:38
[2016.02.24-11.32.38:742][  0]LogInit:Display: Running engine for game: CIalon
[2016.02.24-11.32.38:742][  0]LogPlatformFile: Not using cached read wrapper
[2016.02.24-11.32.38:742][  0]LogInit:Display: RandInit(2090764614) SRandInit(2090764615).
[2016.02.24-11.32.38:742][  0]LogTaskGraph: Started task graph with 4 named threads and 7 total threads.
[2016.02.24-11.32.38:742][  0]LogStats: Stats thread started at 2.588126
[2016.02.24-11.32.38:742][  0]LogInit: Version: 4.10.1-2791327+++depot+UE4-Releases+4.10
[2016.02.24-11.32.38:742][  0]LogInit: API Version: 2758231
[2016.02.24-11.32.38:742][  0]LogInit: Compiled (64-bit): Dec  4 2015 19:44:40
[2016.02.24-11.32.38:742][  0]LogInit: Compiled with Visual C++: 19.00.23026.00
[2016.02.24-11.32.38:742][  0]LogInit: Build Configuration: Development
[2016.02.24-11.32.38:742][  0]LogInit: Branch Name: ++depot+UE4-Releases+4.10
[2016.02.24-11.32.38:742][  0]LogInit: Command line:  
[2016.02.24-11.32.38:742][  0]LogInit: Base directory: D:/unreal engine/Epic Games/4.10/Engine/Binaries/Win64/
[2016.02.24-11.32.38:742][  0]LogInit: Rocket: 1
[2016.02.24-11.32.38:793][  0]LogInit: Using libcurl 7.41.0
[2016.02.24-11.32.38:793][  0]LogInit:  - built for x86_64-pc-win32
[2016.02.24-11.32.38:793][  0]LogInit:  - supports SSL with WinSSL
[2016.02.24-11.32.38:793][  0]LogInit:  - other features:
[2016.02.24-11.32.38:793][  0]LogInit:      CURL_VERSION_SSL
[2016.02.24-11.32.38:793][  0]LogInit:      CURL_VERSION_IPV6
[2016.02.24-11.32.38:793][  0]LogInit:      CURL_VERSION_ASYNCHDNS
[2016.02.24-11.32.38:793][  0]LogInit:      CURL_VERSION_LARGEFILE
[2016.02.24-11.32.38:793][  0]LogInit:      CURL_VERSION_IDN
[2016.02.24-11.32.38:794][  0]LogInit:  CurlRequestOptions (configurable via config and command line):
[2016.02.24-11.32.38:794][  0]LogInit:  - bVerifyPeer = true  - Libcurl will verify peer certificate
[2016.02.24-11.32.38:794][  0]LogInit:  - bUseHttpProxy = false  - Libcurl will NOT use HTTP proxy
[2016.02.24-11.32.38:794][  0]LogInit:  - bDontReuseConnections = false  - Libcurl will reuse connections
[2016.02.24-11.32.38:794][  0]LogInit:  - CertBundlePath = nullptr  - Libcurl will use whatever was configured at build time.
[2016.02.24-11.32.38:888][  0]LogInit: Presizing for 0 objects not considered by GC, pre-allocating 0 bytes.
[2016.02.24-11.32.39:015][  0]LogInit: Object subsystem initialized
[2016.02.24-11.32.39:133][  0]LogInit: Selected Device Profile: [Windows]
[2016.02.24-11.32.39:133][  0]LogInit: Applying CVar settings loaded from the selected device profile: [Windows]
[2016.02.24-11.32.39:229][  0]LogInit: Computer: PC-KOMPUTER
[2016.02.24-11.32.39:229][  0]LogInit: User: PC
[2016.02.24-11.32.39:229][  0]LogInit: CPU Page size=4096, Cores=4
[2016.02.24-11.32.39:229][  0]LogInit: High frequency timer resolution =3.123222 MHz
[2016.02.24-11.32.39:229][  0]LogMemory: Memory total: Physical=7.9GB (8GB approx)
[2016.02.24-11.32.39:229][  0]LogMemory: Platform Memory Stats for Windows
[2016.02.24-11.32.39:229][  0]LogMemory: Process Physical Memory: 58.12 MB used, 58.12 MB peak
[2016.02.24-11.32.39:229][  0]LogMemory: Process Virtual Memory: 59.37 MB used, 59.37 MB peak
[2016.02.24-11.32.39:229][  0]LogMemory: Physical Memory: 5301.19 MB used, 8061.27 MB total
[2016.02.24-11.32.39:229][  0]LogMemory: Virtual Memory: 353.61 MB used, 8388608.00 MB total
[2016.02.24-11.32.39:875][  0]LogTextLocalizationManager: No translations for ('pl-PL') exist, falling back to 'en' for localization and internationalization data.
[2016.02.24-11.32.40:753][  0]LogD3D11RHI: Found D3D11 adapter 0: Intel(R) HD Graphics 4600 (Feature Level 11_0)
[2016.02.24-11.32.40:753][  0]LogD3D11RHI: Adapter has 192MB of dedicated video memory, 0MB of dedicated system memory, and 1632MB of shared system memory, 1 output[s]
[2016.02.24-11.32.40:753][  0]LogD3D11RHI: Chosen D3D11 Adapter Id = 0
[2016.02.24-11.32.40:758][  0]LogD3D11RHI: !Direct3DDevice
[2016.02.24-11.32.40:759][  0]LogRHI: Texture pool is 705 MB (70% of 1008 MB)
[2016.02.24-11.32.40:766][  0]LogD3D11RHI: Async texture creation enabled
[2016.02.24-11.32.40:998][  0]LogShaderCompilers: Guid format shader working directory is -12 characters bigger than the processId version (C:/Users/PC/Desktop/UE ProjektyPC/Cialon/Projekt/CIalon/Intermediate/Shaders/WorkingDirectory/8988/).
[2016.02.24-11.32.40:998][  0]LogShaderCompilers: Cleaned the shader compiler working directory 'C:/Users/PC/AppData/Local/Temp/UnrealShaderWorkingDir/36EEDAC946D74B531A29568D0EA3B34D/'.
[2016.02.24-11.32.41:005][  0]LogShaderCompilers:Display: Using Local Shader Compiler.
[2016.02.24-11.32.43:193][  0]LogTemp:Display: Loaded TP AllDesktopTargetPlatform
[2016.02.24-11.32.43:208][  0]LogTemp:Display: Loaded TP WindowsClientTargetPlatform
[2016.02.24-11.32.43:222][  0]LogTemp:Display: Loaded TP WindowsNoEditorTargetPlatform
[2016.02.24-11.32.43:229][  0]LogTemp:Display: Loaded TP WindowsServerTargetPlatform
[2016.02.24-11.32.43:235][  0]LogTemp:Display: Loaded TP WindowsTargetPlatform
[2016.02.24-11.32.43:252][  0]LogTemp:Display: Loaded TP AndroidTargetPlatform
[2016.02.24-11.32.43:267][  0]LogTemp:Display: Loaded TP Android_ASTCTargetPlatform
[2016.02.24-11.32.43:288][  0]LogTemp:Display: Loaded TP Android_ATCTargetPlatform
[2016.02.24-11.32.43:300][  0]LogTemp:Display: Loaded TP Android_DXTTargetPlatform
[2016.02.24-11.32.43:304][  0]LogTemp:Display: Loaded TP Android_ETC1TargetPlatform
[2016.02.24-11.32.43:314][  0]LogTemp:Display: Loaded TP Android_ETC2TargetPlatform
[2016.02.24-11.32.43:324][  0]LogTemp:Display: Loaded TP Android_MultiTargetPlatform
[2016.02.24-11.32.43:324][  0]LogTemp:Display: Loaded TP Android_PVRTCTargetPlatform
[2016.02.24-11.32.43:329][  0]LogTemp:Display: Loaded TP HTML5TargetPlatform
[2016.02.24-11.32.43:396][  0]LogTemp:Display: Loaded TP IOSTargetPlatform
[2016.02.24-11.32.43:411][  0]LogTemp:Display: Loaded TP LinuxNoEditorTargetPlatform
[2016.02.24-11.32.43:421][  0]LogTemp:Display: Loaded TP LinuxServerTargetPlatform
[2016.02.24-11.32.43:458][  0]LogTemp:Display: Loaded TP LinuxTargetPlatform
[2016.02.24-11.32.43:458][  0]LogTargetPlatformManager:Display: Building Assets For Windows
[2016.02.24-11.32.43:897][  0]LogDerivedDataCache:Display: Max Cache Size: 512 MB
[2016.02.24-11.32.44:029][  0]LogDerivedDataCache: Loaded boot cache 0.13s 41MB C:/Users/PC/AppData/Local/UnrealEngine/4.10/DerivedDataCache/Boot.ddc.
[2016.02.24-11.32.44:029][  0]LogDerivedDataCache:Display: Loaded Boot cache: C:/Users/PC/AppData/Local/UnrealEngine/4.10/DerivedDataCache/Boot.ddc
[2016.02.24-11.32.44:029][  0]LogDerivedDataCache: FDerivedDataBackendGraph:  Pak pak cache file C:/Users/PC/Desktop/UE ProjektyPC/Cialon/Projekt/CIalon/DerivedDataCache/DDC.ddp not found, will not use a pak cache.
[2016.02.24-11.32.44:029][  0]LogDerivedDataCache: Unable to find inner node Pak for hierarchical cache Hierarchy.
[2016.02.24-11.32.44:029][  0]LogDerivedDataCache: FDerivedDataBackendGraph:  CompressedPak pak cache file C:/Users/PC/Desktop/UE ProjektyPC/Cialon/Projekt/CIalon/DerivedDataCache/Compressed.ddp not found, will not use a pak cache.
[2016.02.24-11.32.44:029][  0]LogDerivedDataCache: Unable to find inner node CompressedPak for hierarchical cache Hierarchy.
[2016.02.24-11.32.44:135][  0]LogDerivedDataCache:Display: Pak cache opened for reading ../../../Engine/DerivedDataCache/Compressed.ddp.
[2016.02.24-11.32.44:146][  0]LogDerivedDataCache: Using Local data cache path C:/Users/PC/AppData/Local/UnrealEngine/Common/DerivedDataCache: Writable
[2016.02.24-11.32.48:319][  0]LogInit: Selected Device Profile: [Windows]
[2016.02.24-11.32.48:338][  0]LogContentStreaming: Texture pool size is 0.000000MB
[2016.02.24-11.32.48:957][  0]LogMeshUtilities: No automatic mesh reduction module available
[2016.02.24-11.32.48:957][  0]LogMeshUtilities: No automatic mesh merging module available
[2016.02.24-11.32.51:479][  0]LogInit: WinSock: version 1.1 (2.2), MaxSocks=32767, MaxUdp=65467
[2016.02.24-11.33.01:208][  0]UdpMessaging: Initializing bridge on interface 0.0.0.0:0 to multicast group 230.0.0.1:6666.
[2016.02.24-11.33.01:858][  0]LogAssetRegistry: FAssetRegistry took 0.0142 seconds to start up
[2016.02.24-11.33.03:552][  0]SourceControl: Info Source control is disabled
[2016.02.24-11.33.03:571][  0]SourceControl: Info Source control is disabled
[2016.02.24-11.33.03:676][  0]SourceControl: Info Source control is disabled
[2016.02.24-11.33.03:733][  0]SourceControl: Info Source control is disabled
[2016.02.24-11.33.04:761][  0]LogObj: 28633 objects as part of root set at end of initial load.
[2016.02.24-11.33.04:761][  0]LogUObjectAllocator: 6099752 out of 0 bytes used by permanent object pool.
[2016.02.24-11.33.05:312][  0]LogEngine: Initializing Engine...
[2016.02.24-11.33.05:337][  0]LogHMD: Can't find Oculus library dev build: is proper Runtime installed? Version: 0.8.0.0
[2016.02.24-11.33.05:392][  0]LogHMD: SteamVR failed to initialize.  Err: 110
[2016.02.24-11.33.05:846][  0]LogAIModule: Creating AISystem for world NewWorld
[2016.02.24-11.33.05:977][  0]LogInit: XAudio2 using 'Głośniki (Realtek High Definition Audio)' : 2 channels at 48 kHz using 32 bits per sample (channel mask 0x3)
[2016.02.24-11.33.06:010][  0]LogInit: FAudioDevice initialized.
[2016.02.24-11.33.06:036][  0]LogDerivedDataCache: Saved boot cache 0.03s 41MB C:/Users/PC/AppData/Local/UnrealEngine/4.10/DerivedDataCache/Boot.ddc.
[2016.02.24-11.33.06:044][  0]LogInit: Texture streaming: Enabled
[2016.02.24-11.33.06:077][  0]LogAnalytics: Creating configured Analytics provider AnalyticsET
[2016.02.24-11.33.06:078][  0]LogAnalytics: [UEEditor.Rocket.Release] APIServer = http://et2.epicgames.com/ET2/. AppVersion = 4.10.1-2791327+++depot+UE4-Releases+4.10
[2016.02.24-11.33.06:078][  0]LogAnalytics: [UEEditor.Rocket.Release] SetUserId 3e902ef34de1d01805c761aa164aa81f|3ee82303610d449197caf22d95a42cfa|6e9e3f8f-8e21-4a82-aaa4-45712a297632
[2016.02.24-11.33.06:085][  0]LogAnalytics: [UEEditor.Rocket.Release] AnalyticsET::StartSession
[2016.02.24-11.33.06:274][  0]LogInit: Transaction tracking system initialized
[2016.02.24-11.33.06:728][  0]BlueprintLog: New page: Editor Load
[2016.02.24-11.33.08:111][  0]LocalizationService: Info Localization service is disabled
[2016.02.24-11.33.09:011][  0]LogConsoleResponse:Display: 
[2016.02.24-11.33.11:031][  0]LogFileCache: Scanning file cache for directory 'C:/Users/PC/Desktop/UE ProjektyPC/Cialon/Projekt/CIalon/Content/' took 0.02s
[2016.02.24-11.33.11:031][  0]LogCook:Display: Done creating registry. It took  0.00s.
[2016.02.24-11.33.12:127][  0]SourceControl: Info Source control is disabled
[2016.02.24-11.33.12:176][  0]Cmd: MAP LOAD FILE="C:/Users/PC/Desktop/UE ProjektyPC/Cialon/Projekt/CIalon/Content/TopDownBP/Maps/TopDownExampleMap.umap" TEMPLATE=0 SHOWPROGRESS=1 FEATURELEVEL=3
[2016.02.24-11.33.12:213][  0]LightingResults: New page: Lighting Build
[2016.02.24-11.33.12:412][  0]MapCheck: New page: Map Check
[2016.02.24-11.33.12:412][  0]LightingResults: New page: Lighting Build
[2016.02.24-11.33.12:805][  0]LogParticles: Destroying 0 GPU particle simulations for FXSystem 0x00000000203F2AC0
[2016.02.24-11.33.15:889][  0]LogAIModule: Creating AISystem for world TopDownExampleMap
[2016.02.24-11.33.16:387][  0]LogEditorServer: Finished looking for orphan Actors (0.000 secs)
[2016.02.24-11.33.16:497][  0]Cmd: MAP CHECKDEP NOCLEARLOG
[2016.02.24-11.33.16:589][  0]MapCheck: Info Map check complete: 0 Error(s), 0 Warning(s), took 91.92ms to complete.
[2016.02.24-11.33.16:589][  0]LogFileHelpers: Loading map 'TopDownExampleMap' took 4.431
[2016.02.24-11.33.18:488][  0]LogCrashTracker: Crashtracker disabled due to settings.
[2016.02.24-11.33.18:666][  0]LogUObjectGlobals:Warning: Failed to find object 'Class None.'
[2016.02.24-11.33.18:726][  0]LogLoad: Full Startup: 44.31 seconds (BP compile: 0.79 seconds)
[2016.02.24-11.33.19:081][  0]LogOcInput: Can't find Oculus library dev build: is proper Runtime installed? Version: 0.8.0.0
[2016.02.24-11.33.19:405][  0]LogContentStreaming: Texture pool size now 200 MB
[2016.02.24-11.33.19:751][  0]LogRenderer: Reallocating scene render targets to support 960x864 (Frame:2).
[2016.02.24-11.33.21:787][  5]LogAssetRegistry: Asset discovery search completed in 19.9408 seconds
[2016.02.24-11.33.21:819][  5]LogCollectionManager: Loaded 0 collections in 0.002557 seconds
[2016.02.24-11.33.21:852][  5]LogFileCache: Scanning file cache for directory 'C:/Users/PC/Desktop/UE ProjektyPC/Cialon/Projekt/CIalon/Saved/Collections/' took 0.01s
[2016.02.24-11.33.21:852][  5]LogFileCache: Scanning file cache for directory 'C:/Users/PC/Desktop/UE ProjektyPC/Cialon/Projekt/CIalon/Content/Developers/PC/Collections/' took 0.01s
[2016.02.24-11.33.21:852][  5]LogFileCache: Scanning file cache for directory 'C:/Users/PC/Desktop/UE ProjektyPC/Cialon/Projekt/CIalon/Content/Collections/' took 0.01s
[2016.02.24-11.33.21:852][  5]LogCollectionManager: Rebuilt the object cache for 0 collections in 0.000018 seconds (found 0 objects)
[2016.02.24-11.33.21:852][  5]LogCollectionManager: Fixed up redirectors for 0 collections in 0.000098 seconds (updated 0 objects)
[2016.02.24-11.33.26:467][ 20]LogSynthBenchmark:Display: FSynthBenchmark (V0.95):  requested WorkScale=1.00
[2016.02.24-11.33.26:467][ 20]LogSynthBenchmark:Display: ===============
[2016.02.24-11.33.26:467][ 20]LogSynthBenchmark:Display: Main Processor:
[2016.02.24-11.33.26:514][ 20]LogSynthBenchmark:Display:          ... 0.022805 s/Run 'RayIntersect'
[2016.02.24-11.33.26:514][ 20]LogSynthBenchmark:Display:          ... 0.023878 s/Run 'Fractal'
[2016.02.24-11.33.26:514][ 20]LogSynthBenchmark:Display: 
[2016.02.24-11.33.26:514][ 20]LogSynthBenchmark:Display:   CompiledTarget_x_Bits: 64
[2016.02.24-11.33.26:514][ 20]LogSynthBenchmark:Display:   UE_BUILD_SHIPPING: 0
[2016.02.24-11.33.26:514][ 20]LogSynthBenchmark:Display:   UE_BUILD_TEST: 0
[2016.02.24-11.33.26:514][ 20]LogSynthBenchmark:Display:   UE_BUILD_DEBUG: 0
[2016.02.24-11.33.26:514][ 20]LogSynthBenchmark:Display:   TotalPhysicalGBRam: 8
[2016.02.24-11.33.26:514][ 20]LogSynthBenchmark:Display:   NumberOfCores (physical): 4
[2016.02.24-11.33.26:514][ 20]LogSynthBenchmark:Display:   NumberOfCores (logical): 4
[2016.02.24-11.33.26:514][ 20]LogSynthBenchmark:Display:   CPU Perf Index 0: 112.3
[2016.02.24-11.33.26:514][ 20]LogSynthBenchmark:Display:   CPU Perf Index 1: 119.8
[2016.02.24-11.33.26:514][ 20]LogSynthBenchmark:Display:  
[2016.02.24-11.33.26:514][ 20]LogSynthBenchmark:Display: Graphics:
[2016.02.24-11.33.26:514][ 20]LogSynthBenchmark:Display:   Adapter Name: 'Intel(R) HD Graphics 4600'
[2016.02.24-11.33.26:514][ 20]LogSynthBenchmark:Display:   (On Optimus the name might be wrong, memory should be ok)
[2016.02.24-11.33.26:514][ 20]LogSynthBenchmark:Display:   Vendor Id: 0x8086
[2016.02.24-11.33.26:514][ 20]LogSynthBenchmark:Display:   GPU Memory: 192/0/1632 MB
[2016.02.24-11.33.26:514][ 20]LogSynthBenchmark:Display:   CPUIndex: 112.3
[2016.02.24-11.33.26:514][ 20]LogSynthBenchmark:Display:   GPUIndex: -nan(ind)
[2016.02.24-11.33.26:514][ 20]LogSynthBenchmark:Display: 
[2016.02.24-11.33.26:514][ 20]LogSynthBenchmark:Display:          ... Total Time: 0.047197 sec
[2016.02.24-11.55.36:684][604]LogActorComponent: UnregisterComponent: (/Engine/Transient.CharMoveComp) Not registered. Aborting.
[2016.02.24-11.55.36:698][604]LogActorComponent: UnregisterComponent: (/Engine/Transient.CharacterMovementComponent_0) Not registered. Aborting.
[2016.02.24-11.55.37:874][604]LogSavePackage: Save=931.291809ms
[2016.02.24-11.55.37:874][604]LogSavePackage: Moving 'C:/Users/PC/Desktop/UE ProjektyPC/Cialon/Projekt/CIalon/Saved/TopDownExampleMap4AE0E428479F3E3B630E62A445A09116.tmp' to 'C:/Users/PC/Desktop/UE ProjektyPC/Cialon/Projekt/CIalon/Content/TopDownBP/Maps/TopDownExampleMap.umap'
[2016.02.24-11.55.37:878][604]LogSavePackage: Total save time: 1025.259811ms
[2016.02.24-11.55.37:878][604]LogSavePackage:Display: Finished SavePackage C:/Users/PC/Desktop/UE ProjektyPC/Cialon/Projekt/CIalon/Content/TopDownBP/Maps/TopDownExampleMap.umap
[2016.02.24-11.55.41:235][783]Cmd: QUIT_EDITOR
[2016.02.24-11.55.41:572][783]LogExit: Preparing to exit.
[2016.02.24-11.55.42:742][783]LogExit: Editor shut down
[2016.02.24-11.55.42:742][783]LogExit: Transaction tracking system shut down
[2016.02.24-11.55.42:769][783]LogParticles: Destroying 0 GPU particle simulations for FXSystem 0x000000001133A8E0
[2016.02.24-11.55.42:771][783]LogParticles: Destroying 0 GPU particle simulations for FXSystem 0x000000001B806520
[2016.02.24-11.55.42:771][783]LogParticles: Destroying 0 GPU particle simulations for FXSystem 0x000000001B626A20
[2016.02.24-11.55.43:806][783]LogParticles: Destroying 0 GPU particle simulations for FXSystem 0x0000000029D54680
[2016.02.24-11.55.43:806][783]LogExit: Object subsystem successfully closed.
[2016.02.24-11.55.43:925][783]LogD3D11RHI: Shutdown
[2016.02.24-11.55.43:925][783]LogD3D11RHI: CleanupD3DDevice
[2016.02.24-11.55.44:044][783]LogD3D11RHI: ~FD3D11DynamicRHI
[2016.02.24-11.55.44:597][783]LogModuleManager: Shutting down and abandoning module CookingStats (198)
[2016.02.24-11.55.44:597][783]LogModuleManager: Shutting down and abandoning module ExternalImagePicker (197)
[2016.02.24-11.55.44:597][783]LogModuleManager: Shutting down and abandoning module SynthBenchmark (196)
[2016.02.24-11.55.44:597][783]LogModuleManager: Shutting down and abandoning module CollectionManager (195)
[2016.02.24-11.55.44:608][783]LogModuleManager: Shutting down and abandoning module CrashTracker (194)
[2016.02.24-11.55.44:608][783]LogModuleManager: Shutting down and abandoning module SuperSearch (193)
[2016.02.24-11.55.44:608][783]LogModuleManager: Shutting down and abandoning module SceneOutliner (192)
[2016.02.24-11.55.44:608][783]LogModuleManager: Shutting down and abandoning module StatsViewer (191)
[2016.02.24-11.55.44:613][783]LogModuleManager: Shutting down and abandoning module FoliageEdit (190)
[2016.02.24-11.55.44:621][783]LogModuleManager: Shutting down and abandoning module LandscapeEditor (189)
[2016.02.24-11.55.44:635][783]LogModuleManager: Shutting down and abandoning module ActorPickerMode (188)
[2016.02.24-11.55.44:635][783]LogModuleManager: Shutting down and abandoning module GeometryMode (187)
[2016.02.24-11.55.44:635][783]LogModuleManager: Shutting down and abandoning module TextureAlignMode (186)
[2016.02.24-11.55.44:636][783]LogModuleManager: Shutting down and abandoning module BspMode (185)
[2016.02.24-11.55.44:636][783]LogModuleManager: Shutting down and abandoning module PlacementMode (184)
[2016.02.24-11.55.44:636][783]LogModuleManager: Shutting down and abandoning module AutomationWorker (183)
[2016.02.24-11.55.44:636][783]LogModuleManager: Shutting down and abandoning module CharacterAI (182)
[2016.02.24-11.55.44:636][783]LogModuleManager: Shutting down and abandoning module SmartSnapping (181)
[2016.02.24-11.55.44:636][783]LogModuleManager: Shutting down and abandoning module ViewportSnapping (180)
[2016.02.24-11.55.44:636][783]LogModuleManager: Shutting down and abandoning module LogVisualizer (179)
[2016.02.24-11.55.44:652][783]LogModuleManager: Shutting down and abandoning module GameProjectGeneration (178)
[2016.02.24-11.55.44:668][783]LogModuleManager: Shutting down and abandoning module IntroTutorials (177)
[2016.02.24-11.55.44:687][783]LogModuleManager: Shutting down and abandoning module EditorLiveStreaming (176)
[2016.02.24-11.55.44:687][783]LogModuleManager: Shutting down and abandoning module IOSPlatformEditor (175)
[2016.02.24-11.55.44:692][783]LogModuleManager: Shutting down and abandoning module HTML5PlatformEditor (174)
[2016.02.24-11.55.44:692][783]LogModuleManager: Shutting down and abandoning module AndroidDeviceDetection (173)
[2016.02.24-11.55.45:607][783]LogModuleManager: Shutting down and abandoning module AndroidPlatformEditor (172)
[2016.02.24-11.55.45:607][783]LogModuleManager: Shutting down and abandoning module IOSRuntimeSettings (171)
[2016.02.24-11.55.45:607][783]LogModuleManager: Shutting down and abandoning module AndroidRuntimeSettings (170)
[2016.02.24-11.55.45:607][783]LogModuleManager: Shutting down and abandoning module MergeActors (169)
[2016.02.24-11.55.45:612][783]LogModuleManager: Shutting down and abandoning module SizeMap (168)
[2016.02.24-11.55.45:612][783]LogModuleManager: Shutting down and abandoning module TreeMap (167)
[2016.02.24-11.55.45:619][783]LogModuleManager: Shutting down and abandoning module ReferenceViewer (166)
[2016.02.24-11.55.45:625][783]LogModuleManager: Shutting down and abandoning module LocalizationService (165)
[2016.02.24-11.55.45:629][783]LogModuleManager: Shutting down and abandoning module LocalizationDashboard (164)
[2016.02.24-11.55.45:634][783]LogModuleManager: Shutting down and abandoning module HardwareTargeting (163)
[2016.02.24-11.55.45:645][783]LogModuleManager: Shutting down and abandoning module DeviceProfileEditor (162)
[2016.02.24-11.55.45:657][783]LogModuleManager: Shutting down and abandoning module UndoHistory (161)
[2016.02.24-11.55.45:662][783]LogModuleManager: Shutting down and abandoning module GameplayTagsEditor (160)
[2016.02.24-11.55.45:668][783]LogModuleManager: Shutting down and abandoning module UserFeedback (159)
[2016.02.24-11.55.45:668][783]LogModuleManager: Shutting down and abandoning module XmlParser (158)
[2016.02.24-11.55.45:674][783]LogModuleManager: Shutting down and abandoning module Blutility (157)
[2016.02.24-11.55.45:674][783]LogModuleManager: Shutting down and abandoning module ProjectTargetPlatformEditor (156)
[2016.02.24-11.55.45:684][783]LogModuleManager: Shutting down and abandoning module ProjectSettingsViewer (155)
[2016.02.24-11.55.45:684][783]LogModuleManager: Shutting down and abandoning module InputBindingEditor (154)
[2016.02.24-11.55.45:700][783]LogModuleManager: Shutting down and abandoning module EditorSettingsViewer (153)
[2016.02.24-11.55.45:700][783]LogModuleManager: Shutting down and abandoning module SettingsEditor (152)
[2016.02.24-11.55.45:710][783]LogModuleManager: Shutting down and abandoning module ProjectLauncher (151)
[2016.02.24-11.55.45:724][783]LogModuleManager: Shutting down and abandoning module SessionFrontend (150)
[2016.02.24-11.55.45:738][783]LogModuleManager: Shutting down and abandoning module ProfilerClient (149)
[2016.02.24-11.55.45:746][783]LogModuleManager: Shutting down and abandoning module TargetDeviceServices (148)
[2016.02.24-11.55.45:756][783]LogModuleManager: Shutting down and abandoning module DeviceManager (147)
[2016.02.24-11.55.45:765][783]LogModuleManager: Shutting down and abandoning module AutomationController (146)
[2016.02.24-11.55.45:777][783]LogModuleManager: Shutting down and abandoning module AutomationWindow (145)
[2016.02.24-11.55.45:786][783]LogModuleManager: Shutting down and abandoning module Layers (144)
[2016.02.24-11.55.45:804][783]LogModuleManager: Shutting down and abandoning module ComponentVisualizers (143)
[2016.02.24-11.55.45:804][783]LogModuleManager: Shutting down and abandoning module DetailCustomizations (142)
[2016.02.24-11.55.45:808][783]LogModuleManager: Shutting down and abandoning module PackagesDialog (141)
[2016.02.24-11.55.45:808][783]LogModuleManager: Shutting down and abandoning module Persona (140)
[2016.02.24-11.55.45:842][783]LogModuleManager: Shutting down and abandoning module Kismet (139)
[2016.02.24-11.55.45:855][783]LogModuleManager: Shutting down and abandoning module GraphEditor (138)
[2016.02.24-11.55.45:882][783]LogModuleManager: Shutting down and abandoning module ClassViewer (137)
[2016.02.24-11.55.45:890][783]LogModuleManager: Shutting down and abandoning module Toolbox (136)
[2016.02.24-11.55.45:890][783]LogModuleManager: Shutting down and abandoning module ModuleUI (135)
[2016.02.24-11.55.45:900][783]LogModuleManager: Shutting down and abandoning module MovieSceneTools (134)
[2016.02.24-11.55.45:911][783]LogModuleManager: Shutting down and abandoning module OutputLog (133)
[2016.02.24-11.55.45:911][783]LogModuleManager: Shutting down and abandoning module GammaUI (132)
[2016.02.24-11.55.45:919][783]LogModuleManager: Shutting down and abandoning module Documentation (131)
[2016.02.24-11.55.45:919][783]LogModuleManager: Shutting down and abandoning module GameLiveStreaming (130)
[2016.02.24-11.55.45:923][783]LogModuleManager: Shutting down and abandoning module StreamingPauseRendering (129)
[2016.02.24-11.55.45:923][783]LogModuleManager: Shutting down and abandoning module AnalyticsET (128)
[2016.02.24-11.55.45:923][783]LogModuleManager: Shutting down and abandoning module Analytics (127)
[2016.02.24-11.55.45:923][783]LogModuleManager: Shutting down and abandoning module AITestSuite (126)
[2016.02.24-11.55.45:934][783]LogModuleManager: Shutting down and abandoning module GameplayDebugger (125)
[2016.02.24-11.55.45:942][783]LogModuleManager: Shutting down and abandoning module AIModule (124)
[2016.02.24-11.55.45:951][783]LogModuleManager: Shutting down and abandoning module ProfilerService (123)
[2016.02.24-11.55.46:146][783]LogModuleManager: Shutting down and abandoning module TaskGraph (122)
[2016.02.24-11.55.46:158][783]LogModuleManager: Shutting down and abandoning module SlateRemote (121)
[2016.02.24-11.55.46:158][783]LogModuleManager: Shutting down and abandoning module SteamVRController (120)
[2016.02.24-11.55.46:158][783]LogModuleManager: Shutting down and abandoning module SteamVR (119)
[2016.02.24-11.55.46:158][783]LogModuleManager: Shutting down and abandoning module ProceduralMeshComponent (118)
[2016.02.24-11.55.46:159][783]LogModuleManager: Shutting down and abandoning module OculusLibrary (117)
[2016.02.24-11.55.46:159][783]LogModuleManager: Shutting down and abandoning module OculusInput (116)
[2016.02.24-11.55.46:159][783]LogModuleManager: Shutting down and abandoning module LeapMotionController (115)
[2016.02.24-11.55.46:183][783]LogModuleManager: Shutting down and abandoning module CustomMeshComponent (114)
[2016.02.24-11.55.46:183][783]LogModuleManager: Shutting down and abandoning module CableComponent (113)
[2016.02.24-11.55.46:194][783]LogModuleManager: Shutting down and abandoning module ArchVisCharacter (112)
[2016.02.24-11.55.46:194][783]LogModuleManager: Shutting down and abandoning module MessagingDebugger (111)
[2016.02.24-11.55.46:210][783]LogModuleManager: Shutting down and abandoning module MediaPlayerEditor (110)
[2016.02.24-11.55.46:218][783]LogModuleManager: Shutting down and abandoning module HTML5Networking (109)
[2016.02.24-11.55.46:218][783]LogModuleManager: Shutting down and abandoning module SpeedTreeImporter (108)
[2016.02.24-11.55.46:218][783]LogModuleManager: Shutting down and abandoning module PluginBrowser (107)
[2016.02.24-11.55.46:229][783]LogModuleManager: Shutting down and abandoning module EpicSurvey (106)
[2016.02.24-11.55.46:237][783]LogModuleManager: Shutting down and abandoning module DesktopPlatform (105)
[2016.02.24-11.55.46:243][783]LogModuleManager: Shutting down and abandoning module VisualStudioSourceCodeAccess (104)
[2016.02.24-11.55.46:252][783]LogModuleManager: Shutting down and abandoning module UObjectPlugin (103)
[2016.02.24-11.55.46:252][783]LogModuleManager: Shutting down and abandoning module SubversionSourceControl (102)
[2016.02.24-11.55.46:255][783]LogModuleManager: Shutting down and abandoning module PerforceSourceControl (101)
[2016.02.24-11.55.46:265][783]LogModuleManager: Shutting down and abandoning module SourceControl (100)
[2016.02.24-11.55.46:273][783]LogModuleManager: Shutting down and abandoning module GitSourceControl (99)
[2016.02.24-11.55.46:286][783]LogModuleManager: Shutting down and abandoning module LightPropagationVolumeEditor (98)
[2016.02.24-11.55.46:287][783]LogModuleManager: Shutting down and abandoning module PaperTiledImporter (97)
[2016.02.24-11.55.46:290][783]LogModuleManager: Shutting down and abandoning module PaperSpriteSheetImporter (96)
[2016.02.24-11.55.46:290][783]LogModuleManager: Shutting down and abandoning module MeshPaint (95)
[2016.02.24-11.55.46:290][783]LogModuleManager: Shutting down and abandoning module SlateReflector (94)
[2016.02.24-11.55.46:314][783]LogModuleManager: Shutting down and abandoning module HotReload (93)
[2016.02.24-11.55.46:319][783]LogModuleManager: Shutting down and abandoning module MainFrame (92)
[2016.02.24-11.55.46:319][783]LogModuleManager: Shutting down and abandoning module LevelEditor (91)
[2016.02.24-11.55.46:328][783]LogModuleManager: Shutting down and abandoning module DirectoryWatcher (90)
[2016.02.24-11.55.46:329][783]LogModuleManager: Shutting down and abandoning module AssetRegistry (89)
[2016.02.24-11.55.46:395][783]LogModuleManager: Shutting down and abandoning module ContentBrowser (88)
[2016.02.24-11.55.46:414][783]LogModuleManager: Shutting down and abandoning module Paper2DEditor (87)
[2016.02.24-11.55.46:428][783]LogModuleManager: Shutting down and abandoning module UdpMessaging (86)
[2016.02.24-11.55.46:528][783]LogModuleManager: Shutting down and abandoning module LightPropagationVolumeRuntime (85)
[2016.02.24-11.55.46:528][783]LogModuleManager: Shutting down and abandoning module Paper2D (84)
[2016.02.24-11.55.46:530][783]LogModuleManager: Shutting down and abandoning module WindowsMoviePlayer (83)
[2016.02.24-11.55.46:541][783]LogModuleManager: Shutting down and abandoning module Media (82)
[2016.02.24-11.55.46:541][783]LogModuleManager: Shutting down and abandoning module WmfMedia (81)
[2016.02.24-11.55.46:548][783]LogModuleManager: Shutting down and abandoning module OnlineBlueprintSupport (80)
[2016.02.24-11.55.46:548][783]LogModuleManager: Shutting down and abandoning module GameplayTasksEditor (79)
[2016.02.24-11.55.46:548][783]LogModuleManager: Shutting down and abandoning module PropertyEditor (78)
[2016.02.24-11.55.46:548][783]LogModuleManager: Shutting down and abandoning module BehaviorTreeEditor (77)
[2016.02.24-11.55.46:574][783]LogModuleManager: Shutting down and abandoning module FunctionalTesting (76)
[2016.02.24-11.55.46:575][783]LogModuleManager: Shutting down and abandoning module CollisionAnalyzer (75)
[2016.02.24-11.55.46:583][783]LogModuleManager: Shutting down and abandoning module WorkspaceMenuStructure (74)
[2016.02.24-11.55.46:583][783]LogModuleManager: Shutting down and abandoning module MessageLog (73)
[2016.02.24-11.55.46:584][783]LogModuleManager: Shutting down and abandoning module Sequencer (72)
[2016.02.24-11.55.46:606][783]LogModuleManager: Shutting down and abandoning module AssetTools (71)
[2016.02.24-11.55.46:623][783]LogModuleManager: Shutting down and abandoning module UMGEditor (70)
[2016.02.24-11.55.46:657][783]LogModuleManager: Shutting down and abandoning module UMG (69)
[2016.02.24-11.55.46:666][783]LogModuleManager: Shutting down and abandoning module Slate (68)
[2016.02.24-11.55.46:666][783]LogModuleManager: Shutting down and abandoning module EditorStyle (67)
[2016.02.24-11.55.46:668][783]LogModuleManager: Shutting down and abandoning module SessionServices (66)
[2016.02.24-11.55.46:668][783]LogModuleManager: Shutting down and abandoning module SourceCodeAccess (65)
[2016.02.24-11.55.46:668][783]LogModuleManager: Shutting down and abandoning module HeadMountedDisplay (64)
[2016.02.24-11.55.46:668][783]LogModuleManager: Shutting down and abandoning module XAudio2 (63)
[2016.02.24-11.55.46:668][783]LogModuleManager: Shutting down and abandoning module Networking (61)
[2016.02.24-11.55.46:668][783]LogModuleManager: Shutting down and abandoning module Core (60)
[2016.02.24-11.55.46:668][783]LogModuleManager: Shutting down and abandoning module KismetCompiler (59)
[2016.02.24-11.55.46:668][783]LogModuleManager: Shutting down and abandoning module PhysXFormats (58)
[2016.02.24-11.55.46:676][783]LogModuleManager: Shutting down and abandoning module MeshUtilities (57)
[2016.02.24-11.55.46:688][783]LogModuleManager: Shutting down and abandoning module DerivedDataCache (56)
[2016.02.24-11.55.46:738][783]LogDerivedDataCache: Shutdown
[2016.02.24-11.55.46:739][783]LogModuleManager: Shutting down and abandoning module ShaderFormatOpenGL (55)
[2016.02.24-11.55.46:745][783]LogModuleManager: Shutting down and abandoning module ShaderFormatD3D (54)
[2016.02.24-11.55.46:751][783]LogModuleManager: Shutting down and abandoning module MetalShaderFormat (53)
[2016.02.24-11.55.46:757][783]LogModuleManager: Shutting down and abandoning module TextureFormatUncompressed (52)
[2016.02.24-11.55.46:757][783]LogModuleManager: Shutting down and abandoning module TextureFormatPVR (51)
[2016.02.24-11.55.46:764][783]LogModuleManager: Shutting down and abandoning module TextureFormatIntelISPCTexComp (50)
[2016.02.24-11.55.46:772][783]LogModuleManager: Shutting down and abandoning module TextureFormatDXT (49)
[2016.02.24-11.55.46:773][783]LogModuleManager: Shutting down and abandoning module ImageWrapper (48)
[2016.02.24-11.55.46:773][783]LogModuleManager: Shutting down and abandoning module TextureFormatASTC (47)
[2016.02.24-11.55.46:773][783]LogModuleManager: Shutting down and abandoning module TextureFormatAndroid (46)
[2016.02.24-11.55.46:773][783]LogModuleManager: Shutting down and abandoning module AudioFormatOpus (45)
[2016.02.24-11.55.46:781][783]LogModuleManager: Shutting down and abandoning module AudioFormatOgg (44)
[2016.02.24-11.55.46:785][783]LogModuleManager: Shutting down and abandoning module AudioFormatADPCM (43)
[2016.02.24-11.55.46:790][783]LogModuleManager: Shutting down and abandoning module LinuxTargetPlatform (42)
[2016.02.24-11.55.46:790][783]LogModuleManager: Shutting down and abandoning module LinuxServerTargetPlatform (41)
[2016.02.24-11.55.46:798][783]LogModuleManager: Shutting down and abandoning module LinuxNoEditorTargetPlatform (40)
[2016.02.24-11.55.46:807][783]LogModuleManager: Shutting down and abandoning module Messaging (39)
[2016.02.24-11.55.46:807][783]LogModuleManager: Shutting down and abandoning module IOSTargetPlatform (38)
[2016.02.24-11.55.46:807][783]LogModuleManager: Shutting down and abandoning module HTML5TargetPlatform (37)
[2016.02.24-11.55.46:807][783]LogModuleManager: Shutting down and abandoning module Android_PVRTCTargetPlatform (36)
[2016.02.24-11.55.46:807][783]LogModuleManager: Shutting down and abandoning module Android_MultiTargetPlatform (35)
[2016.02.24-11.55.46:807][783]LogModuleManager: Shutting down and abandoning module Android_ETC2TargetPlatform (34)
[2016.02.24-11.55.46:807][783]LogModuleManager: Shutting down and abandoning module Android_ETC1TargetPlatform (33)
[2016.02.24-11.55.46:807][783]LogModuleManager: Shutting down and abandoning module Android_DXTTargetPlatform (32)
[2016.02.24-11.55.46:807][783]LogModuleManager: Shutting down and abandoning module Android_ATCTargetPlatform (31)
[2016.02.24-11.55.46:807][783]LogModuleManager: Shutting down and abandoning module Android_ASTCTargetPlatform (30)
[2016.02.24-11.55.46:807][783]LogModuleManager: Shutting down and abandoning module AndroidTargetPlatform (29)
[2016.02.24-11.55.46:807][783]LogModuleManager: Shutting down and abandoning module WindowsTargetPlatform (28)
[2016.02.24-11.55.46:807][783]LogModuleManager: Shutting down and abandoning module WindowsServerTargetPlatform (27)
[2016.02.24-11.55.46:817][783]LogModuleManager: Shutting down and abandoning module WindowsNoEditorTargetPlatform (26)
[2016.02.24-11.55.46:818][783]LogModuleManager: Shutting down and abandoning module WindowsClientTargetPlatform (25)
[2016.02.24-11.55.46:820][783]LogModuleManager: Shutting down and abandoning module AllDesktopTargetPlatform (24)
[2016.02.24-11.55.46:820][783]LogModuleManager: Shutting down and abandoning module TargetPlatform (23)
[2016.02.24-11.55.46:820][783]LogModuleManager: Shutting down and abandoning module InputCore (22)
[2016.02.24-11.55.46:820][783]LogModuleManager: Shutting down and abandoning module Settings (21)
[2016.02.24-11.55.46:820][783]LogModuleManager: Shutting down and abandoning module OnlineSubsystem (19)
[2016.02.24-11.55.46:820][783]LogModuleManager: Shutting down and abandoning module HTTP (18)
[2016.02.24-11.55.48:821][783]LogModuleManager: Shutting down and abandoning module XMPP (17)
[2016.02.24-11.55.48:832][783]LogModuleManager: Shutting down and abandoning module OculusRift (16)
[2016.02.24-11.55.48:842][783]LogModuleManager: Shutting down and abandoning module ExampleDeviceProfileSelector (15)
[2016.02.24-11.55.48:843][783]LogModuleManager: Shutting down and abandoning module TextureCompressor (14)
[2016.02.24-11.55.48:851][783]LogModuleManager: Shutting down and abandoning module ShaderCore (13)
[2016.02.24-11.55.48:851][783]LogModuleManager: Shutting down and abandoning module Landscape (12)
[2016.02.24-11.55.48:851][783]LogModuleManager: Shutting down and abandoning module SlateRHIRenderer (11)
[2016.02.24-11.55.48:859][783]LogModuleManager: Shutting down and abandoning module OpenGLDrv (10)
[2016.02.24-11.55.48:879][783]LogModuleManager: Shutting down and abandoning module D3D11RHI (9)
[2016.02.24-11.55.48:879][783]LogModuleManager: Shutting down and abandoning module AnimGraphRuntime (8)
[2016.02.24-11.55.48:893][783]LogModuleManager: Shutting down and abandoning module Renderer (7)
[2016.02.24-11.55.48:893][783]LogModuleManager: Shutting down and abandoning module Engine (6)
[2016.02.24-11.55.48:893][783]LogModuleManager: Shutting down and abandoning module CoreUObject (5)
[2016.02.24-11.55.48:893][783]LogModuleManager: Shutting down and abandoning module NetworkFile (4)
[2016.02.24-11.55.48:900][783]LogModuleManager: Shutting down and abandoning module StreamingFile (3)
[2016.02.24-11.55.48:906][783]LogModuleManager: Shutting down and abandoning module SandboxFile (2)
[2016.02.24-11.55.48:913][783]LogModuleManager: Shutting down and abandoning module PakFile (1)
[2016.02.24-11.55.48:930][783]LogExit: Exiting.
[2016.02.24-11.55.48:943][783]Log file closed, 02/24/16 12:55:48
